[2025-04-17 09:50:26,168] WARNING django.server "GET /favicon.ico HTTP/1.1" 404 13781
[2025-04-17 09:59:51,406] WARNING django.server "GET /static/main/webfonts/fa-solid-900.woff2 HTTP/1.1" 404 1857
[2025-04-17 09:59:51,434] WARNING django.server "GET /static/main/webfonts/fa-solid-900.ttf HTTP/1.1" 404 1851
[2025-04-17 10:03:12,528] WARNING django.server "GET /static/main/webfonts/fa-solid-900.woff2 HTTP/1.1" 404 1857
[2025-04-17 10:03:13,283] WARNING django.server "GET /static/main/webfonts/fa-solid-900.ttf HTTP/1.1" 404 1851
[2025-04-17 10:03:13,405] WARNING django.server "GET /favicon.ico HTTP/1.1" 404 13781
[2025-04-17 10:03:37,003] WARNING django.server "GET /static/main/webfonts/fa-solid-900.woff2 HTTP/1.1" 404 1857
[2025-04-17 10:03:37,102] WARNING django.server "GET /static/main/webfonts/fa-solid-900.ttf HTTP/1.1" 404 1851
[2025-04-17 10:04:39,794] WARNING django.server "GET /static/main/webfonts/fa-solid-900.woff2 HTTP/1.1" 404 1857
[2025-04-17 10:04:39,947] WARNING django.server "GET /static/main/webfonts/fa-solid-900.ttf HTTP/1.1" 404 1851
[2025-04-17 10:05:30,136] WARNING django.server "GET /static/main/webfonts/fa-solid-900.woff2 HTTP/1.1" 404 1857
[2025-04-17 10:05:30,289] WARNING django.server "GET /static/main/webfonts/fa-solid-900.ttf HTTP/1.1" 404 1851
[2025-04-17 10:05:35,963] WARNING django.server "GET /static/main/webfonts/fa-solid-900.woff2 HTTP/1.1" 404 1857
[2025-04-17 10:05:36,097] WARNING django.server "GET /static/main/webfonts/fa-solid-900.ttf HTTP/1.1" 404 1851
[2025-04-17 10:05:38,967] WARNING django.server "GET /static/main/webfonts/fa-solid-900.woff2 HTTP/1.1" 404 1857
[2025-04-17 10:05:39,066] WARNING django.server "GET /static/main/webfonts/fa-solid-900.ttf HTTP/1.1" 404 1851
[2025-04-17 10:05:47,092] WARNING django.server "GET /static/main/webfonts/fa-solid-900.woff2 HTTP/1.1" 404 1857
[2025-04-17 10:05:47,166] WARNING django.server "GET /static/main/webfonts/fa-solid-900.ttf HTTP/1.1" 404 1851
[2025-04-17 10:05:58,908] WARNING django.server "GET /static/main/webfonts/fa-solid-900.woff2 HTTP/1.1" 404 1857
[2025-04-17 10:05:59,040] WARNING django.server "GET /static/main/webfonts/fa-solid-900.ttf HTTP/1.1" 404 1851
[2025-04-17 10:06:42,192] WARNING django.server "GET /static/main/webfonts/fa-solid-900.woff2 HTTP/1.1" 404 1857
[2025-04-17 10:06:42,282] WARNING django.server "GET /static/main/webfonts/fa-solid-900.ttf HTTP/1.1" 404 1851
[2025-04-17 10:15:27,758] WARNING django.server "GET /static/main/webfonts/fa-solid-900.woff2 HTTP/1.1" 404 1857
[2025-04-17 10:15:27,809] WARNING django.server "GET /static/main/webfonts/fa-solid-900.ttf HTTP/1.1" 404 1851
[2025-04-17 10:15:29,508] WARNING django.server "GET /static/main/webfonts/fa-solid-900.woff2 HTTP/1.1" 404 1857
[2025-04-17 10:15:29,543] WARNING django.server "GET /static/main/webfonts/fa-solid-900.ttf HTTP/1.1" 404 1851
[2025-04-17 10:16:29,325] WARNING django.server "GET /static/main/webfonts/fa-solid-900.woff2 HTTP/1.1" 404 1857
[2025-04-17 10:16:29,392] WARNING django.server "GET /static/main/webfonts/fa-solid-900.ttf HTTP/1.1" 404 1851
[2025-04-17 10:16:35,097] WARNING django.server "GET /static/main/webfonts/fa-solid-900.woff2 HTTP/1.1" 404 1857
[2025-04-17 10:16:35,166] WARNING django.server "GET /static/main/webfonts/fa-solid-900.ttf HTTP/1.1" 404 1851
[2025-04-17 10:24:53,913] WARNING django.server "GET /favicon.ico HTTP/1.1" 404 13781
[2025-04-17 10:25:13,050] WARNING django.server "GET /static/main/webfonts/fa-solid-900.woff2 HTTP/1.1" 404 1857
[2025-04-17 10:25:13,125] WARNING django.server "GET /static/main/webfonts/fa-solid-900.ttf HTTP/1.1" 404 1851
[2025-04-17 10:25:14,679] WARNING django.server "GET /static/main/webfonts/fa-solid-900.woff2 HTTP/1.1" 404 1857
[2025-04-17 10:25:14,790] WARNING django.server "GET /static/main/webfonts/fa-solid-900.ttf HTTP/1.1" 404 1851
[2025-04-17 10:25:17,615] WARNING django.server "GET /static/main/webfonts/fa-solid-900.woff2 HTTP/1.1" 404 1857
[2025-04-17 10:25:17,699] WARNING django.server "GET /static/main/webfonts/fa-solid-900.ttf HTTP/1.1" 404 1851
[2025-04-17 10:25:43,643] WARNING django.server "GET /static/main/webfonts/fa-solid-900.woff2 HTTP/1.1" 404 1857
[2025-04-17 10:25:43,721] WARNING django.server "GET /static/main/webfonts/fa-solid-900.ttf HTTP/1.1" 404 1851
[2025-04-17 10:25:57,859] WARNING django.server "GET /static/main/webfonts/fa-solid-900.woff2 HTTP/1.1" 404 1857
[2025-04-17 10:25:57,967] WARNING django.server "GET /static/main/webfonts/fa-solid-900.ttf HTTP/1.1" 404 1851
[2025-04-17 10:26:00,718] WARNING django.server "GET /static/main/webfonts/fa-solid-900.woff2 HTTP/1.1" 404 1857
[2025-04-17 10:26:00,803] WARNING django.server "GET /static/main/webfonts/fa-solid-900.ttf HTTP/1.1" 404 1851
[2025-04-17 10:29:11,785] WARNING django.server "GET /static/main/webfonts/fa-solid-900.woff2 HTTP/1.1" 404 1857
[2025-04-17 10:29:11,862] WARNING django.server "GET /static/main/webfonts/fa-solid-900.ttf HTTP/1.1" 404 1851
[2025-04-17 10:31:13,776] WARNING django.server "GET /static/main/webfonts/fa-solid-900.woff2 HTTP/1.1" 404 1857
[2025-04-17 10:31:13,896] WARNING django.server "GET /static/main/webfonts/fa-solid-900.ttf HTTP/1.1" 404 1851
[2025-04-17 10:32:27,984] WARNING django.server "GET /static/main/webfonts/fa-solid-900.woff2 HTTP/1.1" 404 1857
[2025-04-17 10:32:28,106] WARNING django.server "GET /static/main/webfonts/fa-solid-900.ttf HTTP/1.1" 404 1851
[2025-04-17 10:32:33,405] WARNING django.server "GET /static/main/webfonts/fa-solid-900.woff2 HTTP/1.1" 404 1857
[2025-04-17 10:32:33,498] WARNING django.server "GET /static/main/webfonts/fa-solid-900.ttf HTTP/1.1" 404 1851
[2025-04-17 10:32:36,125] WARNING django.server "GET /static/main/webfonts/fa-solid-900.woff2 HTTP/1.1" 404 1857
[2025-04-17 10:32:36,221] WARNING django.server "GET /static/main/webfonts/fa-solid-900.ttf HTTP/1.1" 404 1851
[2025-04-17 10:39:59,681] WARNING django.server "GET /static/main/webfonts/fa-solid-900.woff2 HTTP/1.1" 404 1857
[2025-04-17 10:39:59,769] WARNING django.server "GET /static/main/webfonts/fa-solid-900.ttf HTTP/1.1" 404 1851
[2025-04-17 10:40:32,028] WARNING django.server "GET /static/main/webfonts/fa-solid-900.woff2 HTTP/1.1" 404 1857
[2025-04-17 10:40:32,153] WARNING django.server "GET /static/main/webfonts/fa-solid-900.ttf HTTP/1.1" 404 1851
[2025-04-17 10:40:38,688] WARNING django.server "GET /static/main/webfonts/fa-solid-900.woff2 HTTP/1.1" 404 1857
[2025-04-17 10:40:38,809] WARNING django.server "GET /static/main/webfonts/fa-solid-900.ttf HTTP/1.1" 404 1851
[2025-04-17 10:41:38,658] WARNING django.server "GET /static/main/webfonts/fa-solid-900.woff2 HTTP/1.1" 404 1857
[2025-04-17 10:41:38,735] WARNING django.server "GET /static/main/webfonts/fa-solid-900.ttf HTTP/1.1" 404 1851
[2025-04-17 11:01:59,267] WARNING django.server "GET /static/main/webfonts/fa-solid-900.woff2 HTTP/1.1" 404 1857
[2025-04-17 11:01:59,327] WARNING django.server "GET /static/main/webfonts/fa-solid-900.ttf HTTP/1.1" 404 1851
[2025-04-17 11:02:01,621] WARNING django.server "GET /static/main/webfonts/fa-solid-900.woff2 HTTP/1.1" 404 1857
[2025-04-17 11:02:01,703] WARNING django.server "GET /static/main/webfonts/fa-solid-900.ttf HTTP/1.1" 404 1851
[2025-04-17 11:14:17,072] WARNING django.server "GET /favicon.ico HTTP/1.1" 404 13781
[2025-04-17 11:17:24,869] WARNING django.server "GET /static/main/webfonts/fa-solid-900.woff2 HTTP/1.1" 404 1857
[2025-04-17 11:17:25,023] WARNING django.server "GET /static/main/webfonts/fa-solid-900.ttf HTTP/1.1" 404 1851
[2025-04-17 11:20:04,804] WARNING django.server "GET /static/main/webfonts/fa-solid-900.woff2 HTTP/1.1" 404 1857
[2025-04-17 11:20:04,889] WARNING django.server "GET /static/main/webfonts/fa-solid-900.ttf HTTP/1.1" 404 1851
[2025-04-17 11:20:21,493] WARNING django.server "GET /static/main/webfonts/fa-solid-900.woff2 HTTP/1.1" 404 1857
[2025-04-17 11:20:21,606] WARNING django.server "GET /static/main/webfonts/fa-solid-900.ttf HTTP/1.1" 404 1851
[2025-04-17 11:20:26,268] WARNING django.server "GET /static/main/webfonts/fa-solid-900.woff2 HTTP/1.1" 404 1857
[2025-04-17 11:20:26,380] WARNING django.server "GET /static/main/webfonts/fa-solid-900.ttf HTTP/1.1" 404 1851
[2025-04-17 11:20:32,931] WARNING django.server "GET /static/main/webfonts/fa-solid-900.woff2 HTTP/1.1" 404 1857
[2025-04-17 11:20:33,066] WARNING django.server "GET /static/main/webfonts/fa-solid-900.ttf HTTP/1.1" 404 1851
[2025-04-17 11:20:37,009] WARNING django.server "GET /static/main/webfonts/fa-solid-900.woff2 HTTP/1.1" 404 1857
[2025-04-17 11:20:37,139] WARNING django.server "GET /static/main/webfonts/fa-solid-900.ttf HTTP/1.1" 404 1851
[2025-04-17 11:20:39,046] WARNING django.server "GET /static/main/webfonts/fa-solid-900.woff2 HTTP/1.1" 404 1857
[2025-04-17 11:20:39,107] WARNING django.server "GET /static/main/webfonts/fa-solid-900.ttf HTTP/1.1" 404 1851
[2025-04-17 11:20:49,028] WARNING django.server "GET /static/main/webfonts/fa-solid-900.woff2 HTTP/1.1" 404 1857
[2025-04-17 11:20:49,073] WARNING django.server "GET /static/main/webfonts/fa-solid-900.ttf HTTP/1.1" 404 1851
[2025-04-17 11:24:39,135] WARNING django.server "GET /static/main/webfonts/fa-solid-900.woff2 HTTP/1.1" 404 1857
[2025-04-17 11:24:39,182] WARNING django.server "GET /static/main/webfonts/fa-solid-900.ttf HTTP/1.1" 404 1851
[2025-04-17 11:25:14,499] WARNING django.server "GET /static/main/webfonts/fa-solid-900.woff2 HTTP/1.1" 404 1857
[2025-04-17 11:25:14,554] WARNING django.server "GET /static/main/webfonts/fa-solid-900.ttf HTTP/1.1" 404 1851
[2025-04-17 11:25:25,477] WARNING django.server "GET /static/main/webfonts/fa-solid-900.woff2 HTTP/1.1" 404 1857
[2025-04-17 11:25:25,585] WARNING django.server "GET /static/main/webfonts/fa-solid-900.ttf HTTP/1.1" 404 1851
[2025-04-17 11:31:23,875] WARNING django.server "GET /static/main/webfonts/fa-solid-900.woff2 HTTP/1.1" 404 1857
[2025-04-17 11:31:23,963] WARNING django.server "GET /static/main/webfonts/fa-solid-900.ttf HTTP/1.1" 404 1851
[2025-04-17 11:32:33,434] WARNING django.server "GET /static/main/webfonts/fa-solid-900.woff2 HTTP/1.1" 404 1857
[2025-04-17 11:32:33,670] WARNING django.server "GET /static/main/webfonts/fa-solid-900.ttf HTTP/1.1" 404 1851
[2025-04-17 11:32:35,332] WARNING django.server "GET /static/main/webfonts/fa-solid-900.woff2 HTTP/1.1" 404 1857
[2025-04-17 11:32:35,493] WARNING django.server "GET /static/main/webfonts/fa-solid-900.ttf HTTP/1.1" 404 1851
[2025-04-17 11:32:38,268] WARNING django.server "GET /static/main/webfonts/fa-solid-900.woff2 HTTP/1.1" 404 1857
[2025-04-17 11:32:38,614] WARNING django.server "GET /static/main/webfonts/fa-solid-900.ttf HTTP/1.1" 404 1851
[2025-04-17 11:33:10,276] WARNING django.server "GET /static/main/webfonts/fa-solid-900.woff2 HTTP/1.1" 404 1857
[2025-04-17 11:33:10,414] WARNING django.server "GET /static/main/webfonts/fa-solid-900.ttf HTTP/1.1" 404 1851
[2025-04-17 11:34:07,340] WARNING django.server "GET /static/main/webfonts/fa-solid-900.woff2 HTTP/1.1" 404 1857
[2025-04-17 11:34:07,443] WARNING django.server "GET /static/main/webfonts/fa-solid-900.ttf HTTP/1.1" 404 1851
[2025-04-17 11:34:17,407] WARNING django.server "GET /static/main/webfonts/fa-solid-900.woff2 HTTP/1.1" 404 1857
[2025-04-17 11:34:17,545] WARNING django.server "GET /static/main/webfonts/fa-solid-900.ttf HTTP/1.1" 404 1851
[2025-04-17 11:34:22,837] WARNING django.server "GET /static/main/webfonts/fa-solid-900.woff2 HTTP/1.1" 404 1857
[2025-04-17 11:34:22,926] WARNING django.server "GET /static/main/webfonts/fa-solid-900.ttf HTTP/1.1" 404 1851
[2025-04-17 11:35:36,700] WARNING django.server "GET /static/main/webfonts/fa-solid-900.woff2 HTTP/1.1" 404 1857
[2025-04-17 11:35:36,843] WARNING django.server "GET /static/main/webfonts/fa-solid-900.ttf HTTP/1.1" 404 1851
[2025-04-17 11:36:31,531] WARNING django.server "GET /static/main/webfonts/fa-solid-900.woff2 HTTP/1.1" 404 1857
[2025-04-17 11:36:31,672] WARNING django.server "GET /static/main/webfonts/fa-solid-900.ttf HTTP/1.1" 404 1851
[2025-04-17 11:36:33,431] WARNING django.server "GET /static/main/webfonts/fa-solid-900.woff2 HTTP/1.1" 404 1857
[2025-04-17 11:36:33,488] WARNING django.server "GET /static/main/webfonts/fa-solid-900.ttf HTTP/1.1" 404 1851
[2025-04-17 11:36:36,377] WARNING django.server "GET /static/main/webfonts/fa-solid-900.woff2 HTTP/1.1" 404 1857
[2025-04-17 11:36:36,487] WARNING django.server "GET /static/main/webfonts/fa-solid-900.ttf HTTP/1.1" 404 1851
[2025-04-17 11:36:42,502] WARNING django.server "GET /static/main/webfonts/fa-solid-900.woff2 HTTP/1.1" 404 1857
[2025-04-17 11:36:42,564] WARNING django.server "GET /static/main/webfonts/fa-solid-900.ttf HTTP/1.1" 404 1851
[2025-04-17 11:36:45,505] WARNING django.server "GET /static/main/webfonts/fa-solid-900.woff2 HTTP/1.1" 404 1857
[2025-04-17 11:36:45,663] WARNING django.server "GET /static/main/webfonts/fa-solid-900.ttf HTTP/1.1" 404 1851
[2025-04-17 11:36:52,556] WARNING django.server "GET /static/main/webfonts/fa-solid-900.woff2 HTTP/1.1" 404 1857
[2025-04-17 11:36:52,685] WARNING django.server "GET /static/main/webfonts/fa-solid-900.ttf HTTP/1.1" 404 1851
[2025-04-17 12:05:27,473] WARNING django.server "GET /static/main/webfonts/fa-solid-900.woff2 HTTP/1.1" 404 1857
[2025-04-17 12:05:27,599] WARNING django.server "GET /static/main/webfonts/fa-solid-900.ttf HTTP/1.1" 404 1851
[2025-04-17 12:06:30,693] WARNING django.server "GET /static/main/webfonts/fa-solid-900.woff2 HTTP/1.1" 404 1857
[2025-04-17 12:06:30,818] WARNING django.server "GET /static/main/webfonts/fa-solid-900.ttf HTTP/1.1" 404 1851
[2025-04-17 12:06:32,336] WARNING django.server "GET /static/main/webfonts/fa-solid-900.woff2 HTTP/1.1" 404 1857
[2025-04-17 12:06:32,446] WARNING django.server "GET /static/main/webfonts/fa-solid-900.ttf HTTP/1.1" 404 1851
[2025-04-17 12:06:36,658] WARNING django.server "GET /static/main/webfonts/fa-solid-900.woff2 HTTP/1.1" 404 1857
[2025-04-17 12:06:36,770] WARNING django.server "GET /static/main/webfonts/fa-solid-900.ttf HTTP/1.1" 404 1851
[2025-04-17 12:06:49,894] WARNING django.server "GET /static/main/webfonts/fa-solid-900.woff2 HTTP/1.1" 404 1857
[2025-04-17 12:06:50,519] WARNING django.server "GET /static/main/webfonts/fa-solid-900.ttf HTTP/1.1" 404 1851
[2025-04-17 12:07:06,039] WARNING django.server "GET /static/main/webfonts/fa-solid-900.woff2 HTTP/1.1" 404 1857
[2025-04-17 12:07:06,148] WARNING django.server "GET /static/main/webfonts/fa-solid-900.ttf HTTP/1.1" 404 1851
[2025-04-17 12:07:20,864] WARNING django.server "GET /static/main/webfonts/fa-solid-900.woff2 HTTP/1.1" 404 1857
[2025-04-17 12:07:20,971] WARNING django.server "GET /static/main/webfonts/fa-solid-900.ttf HTTP/1.1" 404 1851
[2025-04-17 12:07:31,131] WARNING django.server "GET /static/main/webfonts/fa-solid-900.woff2 HTTP/1.1" 404 1857
[2025-04-17 12:07:31,279] WARNING django.server "GET /static/main/webfonts/fa-solid-900.ttf HTTP/1.1" 404 1851
[2025-04-17 12:07:35,530] WARNING django.server "GET /static/main/webfonts/fa-solid-900.woff2 HTTP/1.1" 404 1857
[2025-04-17 12:07:35,621] WARNING django.server "GET /static/main/webfonts/fa-solid-900.ttf HTTP/1.1" 404 1851
[2025-04-17 12:27:45,992] WARNING custom_logger Invalid login form submitted.
[2025-04-17 12:27:56,298] WARNING custom_logger Invalid login form submitted.
[2025-04-17 12:28:09,927] WARNING django.server "GET /static/main/webfonts/fa-solid-900.woff2 HTTP/1.1" 404 1857
[2025-04-17 12:28:10,003] WARNING django.server "GET /static/main/webfonts/fa-solid-900.ttf HTTP/1.1" 404 1851
[2025-04-17 12:28:20,990] WARNING django.server "GET /static/main/webfonts/fa-solid-900.woff2 HTTP/1.1" 404 1857
[2025-04-17 12:28:21,059] WARNING django.server "GET /static/main/webfonts/fa-solid-900.ttf HTTP/1.1" 404 1851
[2025-04-17 12:29:45,456] WARNING django.server "GET /static/main/webfonts/fa-solid-900.woff2 HTTP/1.1" 404 1857
[2025-04-17 12:29:45,508] WARNING django.server "GET /static/main/webfonts/fa-solid-900.ttf HTTP/1.1" 404 1851
[2025-04-17 12:29:52,079] WARNING django.server "GET /static/main/webfonts/fa-solid-900.woff2 HTTP/1.1" 404 1857
[2025-04-17 12:29:52,166] WARNING django.server "GET /static/main/webfonts/fa-solid-900.ttf HTTP/1.1" 404 1851
[2025-04-17 12:30:36,008] WARNING django.server "GET /static/main/webfonts/fa-solid-900.woff2 HTTP/1.1" 404 1857
[2025-04-17 12:30:36,047] WARNING django.server "GET /static/main/webfonts/fa-solid-900.ttf HTTP/1.1" 404 1851
[2025-04-17 13:23:27,613] WARNING django.server "GET /static/main/webfonts/fa-solid-900.woff2 HTTP/1.1" 404 1857
[2025-04-17 13:23:27,642] WARNING django.server "GET /static/main/webfonts/fa-solid-900.ttf HTTP/1.1" 404 1851
[2025-04-17 14:06:47,819] WARNING django.server "GET /static/main/webfonts/fa-solid-900.woff2 HTTP/1.1" 404 1857
[2025-04-17 14:06:47,898] WARNING django.server "GET /static/main/webfonts/fa-solid-900.ttf HTTP/1.1" 404 1851
[2025-04-17 14:18:58,659] WARNING django.server "GET /static/main/webfonts/fa-solid-900.woff2 HTTP/1.1" 404 1857
[2025-04-17 14:18:58,804] WARNING django.server "GET /static/main/webfonts/fa-solid-900.ttf HTTP/1.1" 404 1851
[2025-04-17 14:19:13,491] WARNING django.server "GET /static/main/webfonts/fa-solid-900.woff2 HTTP/1.1" 404 1857
[2025-04-17 14:19:13,670] WARNING django.server "GET /static/main/webfonts/fa-solid-900.ttf HTTP/1.1" 404 1851
[2025-04-17 14:21:38,936] WARNING django.server "GET /static/main/webfonts/fa-solid-900.woff2 HTTP/1.1" 404 1857
[2025-04-17 14:21:39,128] WARNING django.server "GET /static/main/webfonts/fa-solid-900.ttf HTTP/1.1" 404 1851
[2025-04-17 14:21:41,497] WARNING django.server "GET /static/main/webfonts/fa-solid-900.woff2 HTTP/1.1" 404 1857
[2025-04-17 14:21:41,653] WARNING django.server "GET /static/main/webfonts/fa-solid-900.ttf HTTP/1.1" 404 1851
[2025-04-17 14:22:16,636] WARNING django.server "GET /static/main/webfonts/fa-solid-900.woff2 HTTP/1.1" 404 1857
[2025-04-17 14:22:16,804] WARNING django.server "GET /static/main/webfonts/fa-solid-900.ttf HTTP/1.1" 404 1851
[2025-04-17 14:22:51,230] WARNING django.server "GET /static/main/webfonts/fa-solid-900.woff2 HTTP/1.1" 404 1857
[2025-04-17 14:22:51,396] WARNING django.server "GET /static/main/webfonts/fa-solid-900.ttf HTTP/1.1" 404 1851
[2025-04-17 14:22:57,880] WARNING django.server "GET /static/main/webfonts/fa-solid-900.woff2 HTTP/1.1" 404 1857
[2025-04-17 14:22:58,013] WARNING django.server "GET /static/main/webfonts/fa-solid-900.ttf HTTP/1.1" 404 1851
[2025-04-17 14:23:31,978] WARNING django.server "GET /static/main/webfonts/fa-solid-900.woff2 HTTP/1.1" 404 1857
[2025-04-17 14:23:32,068] WARNING django.server "GET /static/main/webfonts/fa-solid-900.ttf HTTP/1.1" 404 1851
[2025-04-17 14:28:10,061] WARNING django.server "GET /static/main/webfonts/fa-solid-900.woff2 HTTP/1.1" 404 1857
[2025-04-17 14:28:10,282] WARNING django.server "GET /static/main/webfonts/fa-solid-900.ttf HTTP/1.1" 404 1851
[2025-04-17 14:31:06,898] WARNING django.server "GET /static/main/webfonts/fa-solid-900.woff2 HTTP/1.1" 404 1857
[2025-04-17 14:31:06,916] WARNING django.server "GET /static/main/webfonts/fa-solid-900.ttf HTTP/1.1" 404 1851
[2025-04-17 14:31:08,797] WARNING django.server "GET /static/main/webfonts/fa-solid-900.woff2 HTTP/1.1" 404 1857
[2025-04-17 14:31:08,887] WARNING django.server "GET /static/main/webfonts/fa-solid-900.ttf HTTP/1.1" 404 1851
[2025-04-17 14:31:13,957] WARNING django.server "GET /static/main/webfonts/fa-solid-900.woff2 HTTP/1.1" 404 1857
[2025-04-17 14:31:14,051] WARNING django.server "GET /static/main/webfonts/fa-solid-900.ttf HTTP/1.1" 404 1851
[2025-04-17 14:31:14,150] WARNING django.server "GET /static/main/webfonts/fa-solid-900.woff2 HTTP/1.1" 404 1857
[2025-04-17 14:31:14,171] WARNING django.server "GET /static/main/webfonts/fa-solid-900.ttf HTTP/1.1" 404 1851
[2025-04-17 14:31:20,518] WARNING django.server "GET /static/main/webfonts/fa-solid-900.woff2 HTTP/1.1" 404 1857
[2025-04-17 14:31:20,642] WARNING django.server "GET /static/main/webfonts/fa-solid-900.ttf HTTP/1.1" 404 1851
[2025-04-17 14:32:00,717] WARNING django.server "GET /static/main/webfonts/fa-solid-900.woff2 HTTP/1.1" 404 1857
[2025-04-17 14:32:00,902] WARNING django.server "GET /static/main/webfonts/fa-solid-900.ttf HTTP/1.1" 404 1851
[2025-04-17 14:36:19,611] WARNING django.server "GET /static/main/webfonts/fa-solid-900.woff2 HTTP/1.1" 404 1857
[2025-04-17 14:36:19,699] WARNING django.server "GET /static/main/webfonts/fa-solid-900.ttf HTTP/1.1" 404 1851
[2025-04-17 14:36:34,145] WARNING django.server "GET /static/main/webfonts/fa-solid-900.woff2 HTTP/1.1" 404 1857
[2025-04-17 14:36:34,239] WARNING django.server "GET /static/main/webfonts/fa-solid-900.ttf HTTP/1.1" 404 1851
[2025-04-17 14:37:00,163] WARNING django.server "GET /static/main/webfonts/fa-solid-900.woff2 HTTP/1.1" 404 1857
[2025-04-17 14:37:00,262] WARNING django.server "GET /static/main/webfonts/fa-solid-900.ttf HTTP/1.1" 404 1851
[2025-04-17 14:38:16,438] WARNING django.server "GET /static/main/webfonts/fa-solid-900.woff2 HTTP/1.1" 404 1857
[2025-04-17 14:38:16,535] WARNING django.server "GET /static/main/webfonts/fa-solid-900.ttf HTTP/1.1" 404 1851
[2025-04-17 14:38:35,655] WARNING django.server "GET /static/main/webfonts/fa-solid-900.woff2 HTTP/1.1" 404 1857
[2025-04-17 14:38:35,802] WARNING django.server "GET /static/main/webfonts/fa-solid-900.ttf HTTP/1.1" 404 1851
[2025-04-17 14:50:56,091] WARNING django.server "GET /static/main/webfonts/fa-solid-900.woff2 HTTP/1.1" 404 1857
[2025-04-17 14:50:56,187] WARNING django.server "GET /static/main/webfonts/fa-solid-900.ttf HTTP/1.1" 404 1851
[2025-04-17 14:52:13,601] WARNING django.server "GET /static/main/webfonts/fa-solid-900.woff2 HTTP/1.1" 404 1857
[2025-04-17 14:52:13,694] WARNING django.server "GET /static/main/webfonts/fa-solid-900.ttf HTTP/1.1" 404 1851
[2025-04-17 15:00:17,799] WARNING django.server "GET /static/main/webfonts/fa-solid-900.woff2 HTTP/1.1" 404 1857
[2025-04-17 15:00:17,895] WARNING django.server "GET /static/main/webfonts/fa-solid-900.ttf HTTP/1.1" 404 1851
[2025-04-17 15:00:50,930] WARNING django.server "GET /static/main/webfonts/fa-solid-900.woff2 HTTP/1.1" 404 1857
[2025-04-17 15:00:51,003] WARNING django.server "GET /static/main/webfonts/fa-solid-900.ttf HTTP/1.1" 404 1851
[2025-04-17 15:00:57,247] WARNING django.server "GET /static/main/webfonts/fa-solid-900.woff2 HTTP/1.1" 404 1857
[2025-04-17 15:00:57,314] WARNING django.server "GET /static/main/webfonts/fa-solid-900.ttf HTTP/1.1" 404 1851
[2025-04-17 15:11:33,608] WARNING django.server "GET /static/main/webfonts/fa-solid-900.woff2 HTTP/1.1" 404 1857
[2025-04-17 15:11:33,859] WARNING django.server "GET /static/main/webfonts/fa-solid-900.ttf HTTP/1.1" 404 1851
[2025-04-17 15:17:00,109] WARNING django.server "GET /static/main/webfonts/fa-solid-900.woff2 HTTP/1.1" 404 1857
[2025-04-17 15:17:00,211] WARNING django.server "GET /static/main/webfonts/fa-solid-900.ttf HTTP/1.1" 404 1851
[2025-04-17 15:31:48,270] WARNING django.server "GET /static/main/webfonts/fa-solid-900.woff2 HTTP/1.1" 404 1857
[2025-04-17 15:31:48,370] WARNING django.server "GET /static/main/webfonts/fa-solid-900.ttf HTTP/1.1" 404 1851
[2025-04-17 16:51:40,832] WARNING django.server "GET /static/main/webfonts/fa-solid-900.woff2 HTTP/1.1" 404 1857
[2025-04-17 16:51:40,992] WARNING django.server "GET /static/main/webfonts/fa-solid-900.ttf HTTP/1.1" 404 1851
[2025-04-17 16:52:01,898] WARNING django.server "GET /static/main/webfonts/fa-solid-900.woff2 HTTP/1.1" 404 1857
[2025-04-17 16:52:01,980] WARNING django.server "GET /static/main/webfonts/fa-solid-900.ttf HTTP/1.1" 404 1851
[2025-04-17 16:52:04,737] WARNING django.server "GET /static/main/webfonts/fa-solid-900.woff2 HTTP/1.1" 404 1857
[2025-04-17 16:52:04,814] WARNING django.server "GET /static/main/webfonts/fa-solid-900.ttf HTTP/1.1" 404 1851
[2025-04-17 17:06:43,907] WARNING django.server "GET /static/main/webfonts/fa-solid-900.woff2 HTTP/1.1" 404 1857
[2025-04-17 17:06:43,993] WARNING django.server "GET /static/main/webfonts/fa-solid-900.ttf HTTP/1.1" 404 1851
[2025-04-17 17:06:47,179] WARNING django.server "GET /static/main/webfonts/fa-solid-900.woff2 HTTP/1.1" 404 1857
[2025-04-17 17:06:47,312] WARNING django.server "GET /static/main/webfonts/fa-solid-900.ttf HTTP/1.1" 404 1851
[2025-04-17 17:06:54,458] WARNING django.server "GET /static/main/webfonts/fa-solid-900.woff2 HTTP/1.1" 404 1857
[2025-04-17 17:06:54,532] WARNING django.server "GET /static/main/webfonts/fa-solid-900.ttf HTTP/1.1" 404 1851
[2025-04-17 17:07:05,187] WARNING django.server "GET /static/main/webfonts/fa-solid-900.woff2 HTTP/1.1" 404 1857
[2025-04-17 17:07:05,329] WARNING django.server "GET /static/main/webfonts/fa-solid-900.ttf HTTP/1.1" 404 1851
[2025-04-17 17:07:37,637] WARNING django.server "GET /static/main/webfonts/fa-solid-900.woff2 HTTP/1.1" 404 1857
[2025-04-17 17:07:37,659] WARNING django.server "GET /static/main/webfonts/fa-solid-900.ttf HTTP/1.1" 404 1851
[2025-04-17 17:11:43,440] WARNING django.server "GET /static/main/webfonts/fa-solid-900.woff2 HTTP/1.1" 404 1857
[2025-04-17 17:11:43,602] WARNING django.server "GET /static/main/webfonts/fa-solid-900.ttf HTTP/1.1" 404 1851
[2025-04-17 17:12:06,098] WARNING django.server "GET /static/main/webfonts/fa-solid-900.woff2 HTTP/1.1" 404 1857
[2025-04-17 17:12:06,284] WARNING django.server "GET /static/main/webfonts/fa-solid-900.ttf HTTP/1.1" 404 1851
[2025-04-17 17:12:08,874] WARNING django.server "GET /static/main/webfonts/fa-solid-900.woff2 HTTP/1.1" 404 1857
[2025-04-17 17:12:08,984] WARNING django.server "GET /static/main/webfonts/fa-solid-900.ttf HTTP/1.1" 404 1851
[2025-04-17 17:31:49,393] WARNING django.server "GET /static/main/webfonts/fa-solid-900.woff2 HTTP/1.1" 404 1857
[2025-04-17 17:31:49,467] WARNING django.server "GET /static/main/webfonts/fa-solid-900.ttf HTTP/1.1" 404 1851
[2025-04-17 17:31:52,373] WARNING django.server "GET /static/main/webfonts/fa-solid-900.woff2 HTTP/1.1" 404 1857
[2025-04-17 17:31:52,447] WARNING django.server "GET /static/main/webfonts/fa-solid-900.ttf HTTP/1.1" 404 1851
[2025-04-17 17:31:54,671] WARNING django.server "GET /static/main/webfonts/fa-solid-900.woff2 HTTP/1.1" 404 1857
[2025-04-17 17:31:54,697] WARNING django.server "GET /static/main/webfonts/fa-solid-900.ttf HTTP/1.1" 404 1851
[2025-04-17 17:33:17,543] WARNING django.server "GET /static/main/webfonts/fa-solid-900.woff2 HTTP/1.1" 404 1857
[2025-04-17 17:33:17,610] WARNING django.server "GET /static/main/webfonts/fa-solid-900.ttf HTTP/1.1" 404 1851
[2025-04-17 17:33:21,369] WARNING django.server "GET /static/main/webfonts/fa-solid-900.woff2 HTTP/1.1" 404 1857
[2025-04-17 17:33:21,421] WARNING django.server "GET /static/main/webfonts/fa-solid-900.ttf HTTP/1.1" 404 1851
[2025-04-17 17:58:11,182] WARNING django.server "GET /static/main/webfonts/fa-solid-900.woff2 HTTP/1.1" 404 1857
[2025-04-17 17:58:11,323] WARNING django.server "GET /static/main/webfonts/fa-solid-900.ttf HTTP/1.1" 404 1851
[2025-04-17 17:58:13,379] WARNING django.server "GET /static/main/webfonts/fa-solid-900.woff2 HTTP/1.1" 404 1857
[2025-04-17 17:58:13,451] WARNING django.server "GET /static/main/webfonts/fa-solid-900.ttf HTTP/1.1" 404 1851
[2025-04-17 21:52:41,906] WARNING django.server "GET /static/main/webfonts/fa-solid-900.woff2 HTTP/1.1" 404 1857
[2025-04-17 21:52:42,060] WARNING django.server "GET /static/main/webfonts/fa-solid-900.ttf HTTP/1.1" 404 1851
[2025-04-17 21:52:42,463] WARNING django.server "GET /static/main/webfonts/fa-solid-900.woff2 HTTP/1.1" 404 1857
[2025-04-17 21:52:42,551] WARNING django.server "GET /static/main/webfonts/fa-solid-900.ttf HTTP/1.1" 404 1851
[2025-04-17 22:00:15,865] WARNING django.server "GET /static/main/webfonts/fa-solid-900.woff2 HTTP/1.1" 404 1857
[2025-04-17 22:00:15,973] WARNING django.server "GET /static/main/webfonts/fa-solid-900.ttf HTTP/1.1" 404 1851
[2025-04-17 22:31:41,393] WARNING django.server "GET /favicon.ico HTTP/1.1" 404 14193
[2025-04-17 22:31:50,061] WARNING django.server "GET /static/main/webfonts/fa-solid-900.woff2 HTTP/1.1" 404 1857
[2025-04-17 22:31:50,243] WARNING django.server "GET /static/main/webfonts/fa-solid-900.ttf HTTP/1.1" 404 1851
[2025-04-17 22:58:35,446] WARNING django.server "GET /static/main/webfonts/fa-solid-900.woff2 HTTP/1.1" 404 179
[2025-04-17 22:58:36,420] WARNING django.server "GET /static/main/webfonts/fa-solid-900.ttf HTTP/1.1" 404 179
[2025-04-17 22:58:36,742] WARNING django.server "GET /favicon.ico HTTP/1.1" 404 179
[2025-04-17 22:58:43,966] WARNING django.server "GET /abc HTTP/1.1" 404 179
[2025-04-17 22:58:53,104] WARNING django.server "GET /static/main/webfonts/fa-solid-900.woff2 HTTP/1.1" 404 179
[2025-04-17 22:58:53,292] WARNING django.server "GET /static/main/webfonts/fa-solid-900.ttf HTTP/1.1" 404 179
[2025-04-17 22:59:07,604] WARNING django.server "GET /abc HTTP/1.1" 404 179
[2025-04-17 22:59:19,083] WARNING django.server "GET /favicon.ico HTTP/1.1" 404 179
[2025-04-17 22:59:27,404] WARNING django.server "GET /static/main/webfonts/fa-solid-900.woff2 HTTP/1.1" 404 179
[2025-04-17 22:59:27,576] WARNING django.server "GET /static/main/webfonts/fa-solid-900.ttf HTTP/1.1" 404 179
[2025-04-17 22:59:32,865] WARNING django.server "GET /static/main/webfonts/fa-solid-900.woff2 HTTP/1.1" 404 179
[2025-04-17 22:59:33,591] WARNING django.server "GET /static/main/webfonts/fa-solid-900.ttf HTTP/1.1" 404 179
[2025-04-17 22:59:35,488] WARNING django.server "GET /static/main/webfonts/fa-solid-900.woff2 HTTP/1.1" 404 179
[2025-04-17 22:59:35,704] WARNING django.server "GET /static/main/webfonts/fa-solid-900.ttf HTTP/1.1" 404 179
[2025-04-17 22:59:41,054] WARNING django.server "GET /static/main/webfonts/fa-solid-900.woff2 HTTP/1.1" 404 179
[2025-04-17 22:59:41,292] WARNING django.server "GET /static/main/webfonts/fa-solid-900.ttf HTTP/1.1" 404 179
[2025-04-18 03:46:40,029] WARNING django.server "GET /__reload__/events/ HTTP/1.1" 404 179
[2025-04-18 03:46:40,142] WARNING django.server "GET /__reload__/events/ HTTP/1.1" 404 179
[2025-04-18 03:46:40,615] WARNING django.server "GET /__reload__/events/ HTTP/1.1" 404 179
[2025-04-18 03:46:40,789] WARNING django.server "GET /__reload__/events/ HTTP/1.1" 404 179
[2025-04-18 03:46:40,901] WARNING django.server "GET /__reload__/events/ HTTP/1.1" 404 179
[2025-04-18 03:46:41,022] WARNING django.server "GET /__reload__/events/ HTTP/1.1" 404 179
[2025-04-18 03:46:41,135] WARNING django.server "GET /__reload__/events/ HTTP/1.1" 404 179
[2025-04-18 03:46:41,251] WARNING django.server "GET /__reload__/events/ HTTP/1.1" 404 179
[2025-04-18 03:46:41,400] WARNING django.server "GET /__reload__/events/ HTTP/1.1" 404 179
[2025-04-18 03:46:41,513] WARNING django.server "GET /__reload__/events/ HTTP/1.1" 404 179
[2025-04-18 03:46:41,625] WARNING django.server "GET /__reload__/events/ HTTP/1.1" 404 179
[2025-04-18 03:46:41,737] WARNING django.server "GET /__reload__/events/ HTTP/1.1" 404 179
[2025-04-18 03:46:41,850] WARNING django.server "GET /__reload__/events/ HTTP/1.1" 404 179
[2025-04-18 03:46:41,962] WARNING django.server "GET /__reload__/events/ HTTP/1.1" 404 179
[2025-04-18 03:46:42,076] WARNING django.server "GET /__reload__/events/ HTTP/1.1" 404 179
[2025-04-18 03:46:42,190] WARNING django.server "GET /__reload__/events/ HTTP/1.1" 404 179
[2025-04-18 03:46:42,309] WARNING django.server "GET /__reload__/events/ HTTP/1.1" 404 179
[2025-04-18 03:46:42,421] WARNING django.server "GET /__reload__/events/ HTTP/1.1" 404 179
[2025-04-18 03:46:42,534] WARNING django.server "GET /__reload__/events/ HTTP/1.1" 404 179
[2025-04-18 03:46:43,008] WARNING django.server "GET /__reload__/events/ HTTP/1.1" 404 179
[2025-04-18 03:46:43,323] WARNING django.server "GET /__reload__/events/ HTTP/1.1" 404 179
[2025-04-18 03:46:43,642] WARNING django.server "GET /__reload__/events/ HTTP/1.1" 404 179
[2025-04-18 03:46:43,958] WARNING django.server "GET /__reload__/events/ HTTP/1.1" 404 179
[2025-04-18 03:46:44,268] WARNING django.server "GET /__reload__/events/ HTTP/1.1" 404 179
[2025-04-18 03:46:44,582] WARNING django.server "GET /__reload__/events/ HTTP/1.1" 404 179
[2025-04-18 03:46:44,900] WARNING django.server "GET /__reload__/events/ HTTP/1.1" 404 179
[2025-04-18 03:46:45,214] WARNING django.server "GET /__reload__/events/ HTTP/1.1" 404 179
[2025-04-18 03:46:45,535] WARNING django.server "GET /__reload__/events/ HTTP/1.1" 404 179
[2025-04-18 03:46:45,848] WARNING django.server "GET /__reload__/events/ HTTP/1.1" 404 179
[2025-04-18 03:46:46,160] WARNING django.server "GET /__reload__/events/ HTTP/1.1" 404 179
[2025-04-18 03:46:46,476] WARNING django.server "GET /__reload__/events/ HTTP/1.1" 404 179
[2025-04-18 03:46:46,799] WARNING django.server "GET /__reload__/events/ HTTP/1.1" 404 179
[2025-04-18 03:46:47,118] WARNING django.server "GET /__reload__/events/ HTTP/1.1" 404 179
[2025-04-18 03:46:47,435] WARNING django.server "GET /__reload__/events/ HTTP/1.1" 404 179
[2025-04-18 03:46:47,759] WARNING django.server "GET /__reload__/events/ HTTP/1.1" 404 179
[2025-04-18 03:46:48,089] WARNING django.server "GET /__reload__/events/ HTTP/1.1" 404 179
[2025-04-18 03:46:48,406] WARNING django.server "GET /__reload__/events/ HTTP/1.1" 404 179
[2025-04-18 03:46:48,721] WARNING django.server "GET /__reload__/events/ HTTP/1.1" 404 179
[2025-04-18 03:46:49,044] WARNING django.server "GET /__reload__/events/ HTTP/1.1" 404 179
[2025-04-18 03:46:50,060] WARNING django.server "GET /__reload__/events/ HTTP/1.1" 404 179
[2025-04-18 03:46:51,076] WARNING django.server "GET /__reload__/events/ HTTP/1.1" 404 179
[2025-04-18 03:46:52,092] WARNING django.server "GET /__reload__/events/ HTTP/1.1" 404 179
[2025-04-18 03:46:53,118] WARNING django.server "GET /__reload__/events/ HTTP/1.1" 404 179
[2025-04-18 03:46:54,134] WARNING django.server "GET /__reload__/events/ HTTP/1.1" 404 179
[2025-04-18 03:56:42,553] WARNING django.server "GET /__reload__/events/ HTTP/1.1" 404 179
[2025-04-18 03:56:43,737] WARNING django.server "GET /__reload__/events/ HTTP/1.1" 404 179
[2025-04-18 03:56:44,752] WARNING django.server "GET /__reload__/events/ HTTP/1.1" 404 179
[2025-04-18 03:56:45,773] WARNING django.server "GET /__reload__/events/ HTTP/1.1" 404 179
[2025-04-18 03:56:46,789] WARNING django.server "GET /__reload__/events/ HTTP/1.1" 404 179
[2025-04-18 03:56:47,805] WARNING django.server "GET /__reload__/events/ HTTP/1.1" 404 179
[2025-04-18 03:56:48,820] WARNING django.server "GET /__reload__/events/ HTTP/1.1" 404 179
[2025-04-18 03:56:49,835] WARNING django.server "GET /__reload__/events/ HTTP/1.1" 404 179
[2025-04-18 04:51:51,596] WARNING django.server "GET /__reload__/events/ HTTP/1.1" 404 179
[2025-04-18 04:51:52,614] WARNING django.server "GET /__reload__/events/ HTTP/1.1" 404 179
[2025-04-18 04:51:53,628] WARNING django.server "GET /__reload__/events/ HTTP/1.1" 404 179
[2025-04-18 04:51:54,643] WARNING django.server "GET /__reload__/events/ HTTP/1.1" 404 179
[2025-04-18 04:51:55,664] WARNING django.server "GET /__reload__/events/ HTTP/1.1" 404 179
[2025-04-18 04:51:56,680] WARNING django.server "GET /__reload__/events/ HTTP/1.1" 404 179
[2025-04-18 04:51:57,696] WARNING django.server "GET /__reload__/events/ HTTP/1.1" 404 179
[2025-04-18 05:21:59,235] WARNING django.server "GET /__reload__/events/ HTTP/1.1" 404 179
[2025-04-18 05:22:02,249] WARNING django.server "GET /__reload__/events/ HTTP/1.1" 404 179
[2025-04-18 05:22:05,270] WARNING django.server "GET /__reload__/events/ HTTP/1.1" 404 179
[2025-04-18 05:24:54,396] WARNING django.server "GET /__reload__/events/ HTTP/1.1" 404 179
[2025-04-18 05:24:57,415] WARNING django.server "GET /__reload__/events/ HTTP/1.1" 404 179
[2025-04-18 05:25:00,437] WARNING django.server "GET /__reload__/events/ HTTP/1.1" 404 179
[2025-04-18 05:52:22,659] WARNING django.server "GET /__reload__/events/ HTTP/1.1" 404 179
[2025-04-18 05:52:25,678] WARNING django.server "GET /__reload__/events/ HTTP/1.1" 404 179
[2025-04-18 05:52:28,691] WARNING django.server "GET /__reload__/events/ HTTP/1.1" 404 179
[2025-04-18 06:23:12,681] WARNING django.server "GET /__reload__/events/ HTTP/1.1" 404 179
[2025-04-18 06:23:15,706] WARNING django.server "GET /__reload__/events/ HTTP/1.1" 404 179
[2025-04-18 06:23:18,721] WARNING django.server "GET /__reload__/events/ HTTP/1.1" 404 179
[2025-04-18 06:34:18,127] WARNING django.server "GET /__reload__/events/ HTTP/1.1" 404 179
[2025-04-18 06:34:21,255] WARNING django.server "GET /__reload__/events/ HTTP/1.1" 404 179
[2025-04-18 06:34:24,275] WARNING django.server "GET /__reload__/events/ HTTP/1.1" 404 179
[2025-04-18 06:34:27,295] WARNING django.server "GET /__reload__/events/ HTTP/1.1" 404 179
[2025-04-18 07:14:12,542] WARNING django.server "GET /__reload__/events/ HTTP/1.1" 404 179
[2025-04-18 07:14:15,568] WARNING django.server "GET /__reload__/events/ HTTP/1.1" 404 179
[2025-04-18 07:14:18,585] WARNING django.server "GET /__reload__/events/ HTTP/1.1" 404 179
[2025-04-18 07:14:21,604] WARNING django.server "GET /__reload__/events/ HTTP/1.1" 404 179
[2025-04-18 07:14:24,625] WARNING django.server "GET /__reload__/events/ HTTP/1.1" 404 179
[2025-04-18 07:25:53,468] WARNING django.server "GET /__reload__/events/ HTTP/1.1" 404 179
[2025-04-18 07:25:56,678] WARNING django.server "GET /__reload__/events/ HTTP/1.1" 404 179
[2025-04-18 07:25:59,697] WARNING django.server "GET /__reload__/events/ HTTP/1.1" 404 179
[2025-04-18 07:26:02,710] WARNING django.server "GET /__reload__/events/ HTTP/1.1" 404 179
[2025-04-18 08:26:53,673] WARNING django.server "GET /__reload__/events/ HTTP/1.1" 404 179
[2025-04-18 08:26:56,693] WARNING django.server "GET /__reload__/events/ HTTP/1.1" 404 179
[2025-04-18 08:26:59,711] WARNING django.server "GET /__reload__/events/ HTTP/1.1" 404 179
[2025-04-18 08:52:21,647] WARNING django.server "GET /__reload__/events/ HTTP/1.1" 404 179
[2025-04-18 08:52:24,662] WARNING django.server "GET /__reload__/events/ HTTP/1.1" 404 179
[2025-04-18 08:52:27,682] WARNING django.server "GET /__reload__/events/ HTTP/1.1" 404 179
[2025-04-18 09:14:26,621] WARNING django.server "GET /favicon.ico HTTP/1.1" 404 179
[2025-04-18 09:14:42,852] WARNING django.server "GET /static/main/webfonts/fa-solid-900.woff2 HTTP/1.1" 404 179
[2025-04-18 09:14:43,100] WARNING django.server "GET /static/main/webfonts/fa-solid-900.ttf HTTP/1.1" 404 179
[2025-04-18 09:14:49,625] WARNING django.server "GET /static/main/webfonts/fa-solid-900.woff2 HTTP/1.1" 404 179
[2025-04-18 09:14:50,606] WARNING django.server "GET /static/main/webfonts/fa-solid-900.ttf HTTP/1.1" 404 179
[2025-04-18 09:14:59,719] WARNING django.server "GET /static/main/webfonts/fa-solid-900.woff2 HTTP/1.1" 404 179
[2025-04-18 09:14:59,848] WARNING django.server "GET /static/main/webfonts/fa-solid-900.ttf HTTP/1.1" 404 179
[2025-04-18 09:16:14,799] WARNING django.server "GET /static/main/webfonts/fa-solid-900.woff2 HTTP/1.1" 404 179
[2025-04-18 09:16:14,969] WARNING django.server "GET /static/main/webfonts/fa-solid-900.ttf HTTP/1.1" 404 179
[2025-04-18 09:16:19,024] WARNING django.server "GET /static/main/webfonts/fa-solid-900.woff2 HTTP/1.1" 404 179
[2025-04-18 09:16:19,527] WARNING django.server "GET /static/main/webfonts/fa-solid-900.ttf HTTP/1.1" 404 179
[2025-04-18 09:21:30,083] WARNING django.server "GET /__reload__/events/ HTTP/1.1" 404 179
[2025-04-18 09:21:33,097] WARNING django.server "GET /__reload__/events/ HTTP/1.1" 404 179
[2025-04-18 09:21:36,117] WARNING django.server "GET /__reload__/events/ HTTP/1.1" 404 179
[2025-04-18 09:27:54,215] WARNING django.server "GET /__reload__/events/ HTTP/1.1" 404 179
[2025-04-18 09:27:57,235] WARNING django.server "GET /__reload__/events/ HTTP/1.1" 404 179
[2025-04-18 09:28:00,255] WARNING django.server "GET /__reload__/events/ HTTP/1.1" 404 179
[2025-04-18 10:13:12,835] WARNING django.server "GET /static/main/webfonts/fa-solid-900.woff2 HTTP/1.1" 404 179
[2025-04-18 10:13:12,915] WARNING django.server "GET /static/main/webfonts/fa-solid-900.ttf HTTP/1.1" 404 179
[2025-04-18 10:13:13,029] WARNING django.server "GET /favicon.ico HTTP/1.1" 404 179
[2025-04-18 10:13:20,845] WARNING django.server "GET /static/main/webfonts/fa-solid-900.woff2 HTTP/1.1" 404 179
[2025-04-18 10:13:20,911] WARNING django.server "GET /static/main/webfonts/fa-solid-900.ttf HTTP/1.1" 404 179
[2025-04-18 10:13:22,637] WARNING django.server "GET /static/main/webfonts/fa-solid-900.woff2 HTTP/1.1" 404 179
[2025-04-18 10:13:22,713] WARNING django.server "GET /static/main/webfonts/fa-solid-900.ttf HTTP/1.1" 404 179
[2025-04-18 10:13:53,197] WARNING django.server "GET /static/main/webfonts/fa-solid-900.woff2 HTTP/1.1" 404 179
[2025-04-18 10:13:53,291] WARNING django.server "GET /static/main/webfonts/fa-solid-900.ttf HTTP/1.1" 404 179
[2025-04-18 10:13:55,994] WARNING django.server "GET /static/main/webfonts/fa-solid-900.woff2 HTTP/1.1" 404 179
[2025-04-18 10:13:56,081] WARNING django.server "GET /static/main/webfonts/fa-solid-900.ttf HTTP/1.1" 404 179
[2025-04-18 10:13:59,505] WARNING django.server "GET /view_downtime/abc HTTP/1.1" 404 179
[2025-04-18 10:14:15,044] WARNING django.server "GET /static/main/webfonts/fa-solid-900.woff2 HTTP/1.1" 404 179
[2025-04-18 10:14:15,104] WARNING django.server "GET /static/main/webfonts/fa-solid-900.ttf HTTP/1.1" 404 179
[2025-04-18 10:14:16,477] WARNING django.server "GET /static/main/webfonts/fa-solid-900.woff2 HTTP/1.1" 404 179
[2025-04-18 10:14:16,541] WARNING django.server "GET /static/main/webfonts/fa-solid-900.ttf HTTP/1.1" 404 179
[2025-04-18 10:14:20,418] WARNING django.server "GET /static/main/webfonts/fa-solid-900.woff2 HTTP/1.1" 404 179
[2025-04-18 10:14:20,531] WARNING django.server "GET /static/main/webfonts/fa-solid-900.ttf HTTP/1.1" 404 179
[2025-04-18 10:14:22,148] WARNING django.server "GET /static/main/webfonts/fa-solid-900.woff2 HTTP/1.1" 404 179
[2025-04-18 10:14:22,228] WARNING django.server "GET /static/main/webfonts/fa-solid-900.ttf HTTP/1.1" 404 179
[2025-04-18 10:14:25,655] WARNING django.server "GET /static/main/webfonts/fa-solid-900.woff2 HTTP/1.1" 404 179
[2025-04-18 10:14:25,720] WARNING django.server "GET /static/main/webfonts/fa-solid-900.ttf HTTP/1.1" 404 179
[2025-04-18 10:14:27,782] WARNING django.server "GET /static/main/webfonts/fa-solid-900.woff2 HTTP/1.1" 404 179
[2025-04-18 10:14:27,852] WARNING django.server "GET /static/main/webfonts/fa-solid-900.ttf HTTP/1.1" 404 179
[2025-04-18 10:14:32,534] WARNING django.server "GET /static/main/webfonts/fa-solid-900.woff2 HTTP/1.1" 404 179
[2025-04-18 10:14:32,627] WARNING django.server "GET /static/main/webfonts/fa-solid-900.ttf HTTP/1.1" 404 179
[2025-04-18 10:21:06,923] WARNING django.server "GET /static/main/webfonts/fa-solid-900.woff2 HTTP/1.1" 404 179
[2025-04-18 10:21:07,016] WARNING django.server "GET /static/main/webfonts/fa-solid-900.ttf HTTP/1.1" 404 179
[2025-04-18 10:21:42,733] WARNING django.server "GET /static/main/webfonts/fa-solid-900.woff2 HTTP/1.1" 404 179
[2025-04-18 10:21:42,850] WARNING django.server "GET /static/main/webfonts/fa-solid-900.ttf HTTP/1.1" 404 179
