INFO: Watching for file changes with StatReloader
INFO: User 'bhagavan.b' tried to access login page but is already authenticated.
INFO: "GET / HTTP/1.1" 302 0
INFO: User 'bhagavan.b' accessed index page.
INFO: "GET /indexpage/ HTTP/1.1" 200 10370
INFO: "GET /static/main/css/fontawesome.css HTTP/1.1" 304 0
INFO: "GET /static/main/css/main.css HTTP/1.1" 304 0
INFO: "GET /static/main/css/navbar.css HTTP/1.1" 304 0
INFO: "GET /static/main/images/EHSModule.png HTTP/1.1" 304 0
INFO: "GET /static/main/images/OC.png HTTP/1.1" 304 0
INFO: "GET /static/main/js/navbar.js HTTP/1.1" 304 0
INFO: "GET /static/main/js/fontawesome.js HTTP/1.1" 304 0
WARNING: "GET /static/main/webfonts/fa-solid-900.woff2 HTTP/1.1" 404 179
WARNING: "GET /static/main/webfonts/fa-solid-900.ttf HTTP/1.1" 404 179
INFO: "GET /add_leading_record/ HTTP/1.1" 200 29677
INFO: "GET /static/leading/css/leading.css HTTP/1.1" 200 0
INFO: "GET /static/leading/js/leading.js HTTP/1.1" 200 994
WARNING: "GET /static/main/webfonts/fa-solid-900.woff2 HTTP/1.1" 404 179
WARNING: "GET /static/main/webfonts/fa-solid-900.ttf HTTP/1.1" 404 179
INFO: L:\oneSource_Live\oneSource\EHS\forms.py changed, reloading.
INFO: Watching for file changes with StatReloader
INFO: User 'bhagavan.b' viewed leading records page: 1 (records this page: 10)
INFO: "GET /view_leading/ HTTP/1.1" 200 32150
INFO: "GET /static/main/css/fontawesome.css HTTP/1.1" 304 0
INFO: "GET /static/main/css/main.css HTTP/1.1" 304 0
INFO: "GET /static/main/css/navbar.css HTTP/1.1" 304 0
INFO: "GET /static/main/images/OC.png HTTP/1.1" 304 0
INFO: "GET /static/main/js/fontawesome.js HTTP/1.1" 304 0
INFO: "GET /static/main/js/navbar.js HTTP/1.1" 304 0
WARNING: "GET /static/main/webfonts/fa-solid-900.woff2 HTTP/1.1" 404 179
WARNING: "GET /static/main/webfonts/fa-solid-900.ttf HTTP/1.1" 404 179
INFO: User 'bhagavan.b' accessed edit page for Leading record (ID: 22719)
INFO: "GET /leading/22719/edit/ HTTP/1.1" 200 25488
INFO: "GET /static/leading/css/leading.css HTTP/1.1" 304 0
INFO: "GET /static/leading/js/leading.js HTTP/1.1" 304 0
WARNING: "GET /static/main/webfonts/fa-solid-900.woff2 HTTP/1.1" 404 179
WARNING: "GET /static/main/webfonts/fa-solid-900.ttf HTTP/1.1" 404 179
INFO: User 'bhagavan.b' tried to access login page but is already authenticated.
INFO: "GET / HTTP/1.1" 302 0
INFO: User 'bhagavan.b' accessed index page.
INFO: "GET /indexpage/ HTTP/1.1" 200 10370
INFO: "GET /static/main/images/EHSModule.png HTTP/1.1" 304 0
WARNING: "GET /static/main/webfonts/fa-solid-900.woff2 HTTP/1.1" 404 179
WARNING: "GET /static/main/webfonts/fa-solid-900.ttf HTTP/1.1" 404 179
INFO: "GET /add_leading_record/ HTTP/1.1" 200 29677
WARNING: "GET /static/main/webfonts/fa-solid-900.woff2 HTTP/1.1" 404 179
WARNING: "GET /static/main/webfonts/fa-solid-900.ttf HTTP/1.1" 404 179
INFO: User 'bhagavan.b' viewed leading records page: 1 (records this page: 10)
INFO: "GET /view_leading/ HTTP/1.1" 200 32150
INFO: "GET /static/main/css/navbar.css HTTP/1.1" 304 0
INFO: "GET /static/main/js/fontawesome.js HTTP/1.1" 304 0
INFO: "GET /static/main/css/main.css HTTP/1.1" 304 0
INFO: "GET /static/main/css/fontawesome.css HTTP/1.1" 304 0
INFO: "GET /static/main/images/OC.png HTTP/1.1" 304 0
INFO: "GET /static/main/js/navbar.js HTTP/1.1" 304 0
WARNING: "GET /static/main/webfonts/fa-solid-900.woff2 HTTP/1.1" 404 179
WARNING: "GET /static/main/webfonts/fa-solid-900.ttf HTTP/1.1" 404 179
INFO: User 'bhagavan.b' accessed edit page for Leading record (ID: 22719)
INFO: "GET /leading/22719/edit/ HTTP/1.1" 200 25488
INFO: "GET /static/leading/css/leading.css HTTP/1.1" 304 0
INFO: "GET /static/leading/js/leading.js HTTP/1.1" 304 0
WARNING: "GET /static/main/webfonts/fa-solid-900.woff2 HTTP/1.1" 404 179
WARNING: "GET /static/main/webfonts/fa-solid-900.ttf HTTP/1.1" 404 179
INFO: User 'bhagavan.b' viewed leading records page: 1 (records this page: 10)
INFO: "GET /view_leading/ HTTP/1.1" 200 32150
WARNING: "GET /static/main/webfonts/fa-solid-900.woff2 HTTP/1.1" 404 179
WARNING: "GET /static/main/webfonts/fa-solid-900.ttf HTTP/1.1" 404 179
INFO: "GET /add_leading_record/ HTTP/1.1" 200 29677
WARNING: "GET /static/main/webfonts/fa-solid-900.woff2 HTTP/1.1" 404 179
WARNING: "GET /static/main/webfonts/fa-solid-900.ttf HTTP/1.1" 404 179
INFO: L:\oneSource_Live\oneSource\EHS\views.py changed, reloading.
INFO: Watching for file changes with StatReloader
INFO: User 'ocadmin' tried to access login page but is already authenticated.
INFO: "GET / HTTP/1.1" 302 0
INFO: User 'ocadmin' accessed index page.
INFO: "GET /indexpage/ HTTP/1.1" 200 23380
INFO: "GET /static/main/css/fontawesome.css HTTP/1.1" 304 0
INFO: "GET /static/main/css/main.css HTTP/1.1" 304 0
INFO: "GET /static/main/css/navbar.css HTTP/1.1" 304 0
INFO: "GET /static/main/images/OC.png HTTP/1.1" 304 0
INFO: "GET /static/main/images/HRModule.png HTTP/1.1" 304 0
INFO: "GET /static/main/images/EHSModule.png HTTP/1.1" 304 0
INFO: "GET /static/main/images/ProductionModule.png HTTP/1.1" 304 0
INFO: "GET /static/main/js/fontawesome.js HTTP/1.1" 304 0
INFO: "GET /static/main/images/WarehouseModule.png HTTP/1.1" 304 0
INFO: "GET /static/main/js/navbar.js HTTP/1.1" 304 0
INFO: "GET /static/main/images/UtilityModule.png HTTP/1.1" 304 0
INFO: "GET /static/main/images/ETP%20Logo.png HTTP/1.1" 304 0
WARNING: "GET /static/main/webfonts/fa-solid-900.woff2 HTTP/1.1" 404 179
WARNING: "GET /static/main/webfonts/fa-solid-900.ttf HTTP/1.1" 404 179
INFO: "GET /utility/records/ HTTP/1.1" 200 18147
WARNING: "GET /static/main/webfonts/fa-solid-900.woff2 HTTP/1.1" 404 179
WARNING: "GET /static/main/webfonts/fa-solid-900.ttf HTTP/1.1" 404 179
INFO: User 'ocadmin' accessed index page.
INFO: "GET /indexpage/ HTTP/1.1" 200 23380
WARNING: "GET /static/main/webfonts/fa-solid-900.woff2 HTTP/1.1" 404 179
WARNING: "GET /static/main/webfonts/fa-solid-900.ttf HTTP/1.1" 404 179
INFO: L:\oneSource_Live\oneSource\EHS\urls.py changed, reloading.
INFO: Watching for file changes with StatReloader
INFO: Leading record (ID: 22720) created by 'bhagavan.b' (5)
INFO: "POST /add_leading_record/ HTTP/1.1" 302 0
INFO: "GET /add_leading_record/ HTTP/1.1" 200 30132
INFO: "GET /static/main/css/fontawesome.css HTTP/1.1" 304 0
INFO: "GET /static/main/images/OC.png HTTP/1.1" 304 0
INFO: "GET /static/main/css/main.css HTTP/1.1" 304 0
INFO: "GET /static/leading/css/leading.css HTTP/1.1" 304 0
INFO: "GET /static/main/css/navbar.css HTTP/1.1" 304 0
INFO: "GET /static/leading/js/leading.js HTTP/1.1" 304 0
INFO: "GET /static/main/js/navbar.js HTTP/1.1" 304 0
INFO: "GET /static/main/js/fontawesome.js HTTP/1.1" 304 0
WARNING: "GET /static/main/webfonts/fa-solid-900.woff2 HTTP/1.1" 404 179
WARNING: "GET /static/main/webfonts/fa-solid-900.ttf HTTP/1.1" 404 179
INFO: Leading record (ID: 22721) created by 'bhagavan.b' (5)
INFO: "POST /add_leading_record/ HTTP/1.1" 302 0
INFO: "GET /add_leading_record/ HTTP/1.1" 200 30132
INFO: "GET /static/main/css/navbar.css HTTP/1.1" 304 0
INFO: "GET /static/main/css/fontawesome.css HTTP/1.1" 304 0
INFO: "GET /static/main/css/main.css HTTP/1.1" 304 0
INFO: "GET /static/main/images/OC.png HTTP/1.1" 304 0
INFO: "GET /static/leading/css/leading.css HTTP/1.1" 304 0
INFO: "GET /static/main/js/navbar.js HTTP/1.1" 304 0
INFO: "GET /static/main/js/fontawesome.js HTTP/1.1" 304 0
INFO: "GET /static/leading/js/leading.js HTTP/1.1" 304 0
WARNING: "GET /static/main/webfonts/fa-solid-900.woff2 HTTP/1.1" 404 179
WARNING: "GET /static/main/webfonts/fa-solid-900.ttf HTTP/1.1" 404 179
INFO: "GET /lagging-records/ HTTP/1.1" 200 19956
INFO: "GET /static/main/css/main.css HTTP/1.1" 304 0
INFO: "GET /static/main/css/fontawesome.css HTTP/1.1" 304 0
INFO: "GET /static/main/css/navbar.css HTTP/1.1" 304 0
INFO: "GET /static/main/js/fontawesome.js HTTP/1.1" 304 0
INFO: "GET /static/main/images/OC.png HTTP/1.1" 304 0
INFO: "GET /static/main/js/navbar.js HTTP/1.1" 304 0
WARNING: "GET /static/main/webfonts/fa-solid-900.woff2 HTTP/1.1" 404 179
WARNING: "GET /static/main/webfonts/fa-solid-900.ttf HTTP/1.1" 404 179
INFO: "GET /add_lagging_indicator/ HTTP/1.1" 200 53537
INFO: "GET /static/lagging/js/lagging.js HTTP/1.1" 200 9514
WARNING: "GET /static/main/webfonts/fa-solid-900.woff2 HTTP/1.1" 404 179
WARNING: "GET /static/main/webfonts/fa-solid-900.ttf HTTP/1.1" 404 179
INFO: L:\oneSource_Live\oneSource\EHS\forms.py changed, reloading.
INFO: Watching for file changes with StatReloader
INFO: "GET /add_lagging_indicator/ HTTP/1.1" 200 53517
INFO: "GET /static/main/css/fontawesome.css HTTP/1.1" 304 0
INFO: "GET /static/main/css/main.css HTTP/1.1" 304 0
INFO: "GET /static/main/css/navbar.css HTTP/1.1" 304 0
INFO: "GET /static/main/images/OC.png HTTP/1.1" 304 0
INFO: "GET /static/lagging/js/lagging.js HTTP/1.1" 304 0
INFO: "GET /static/main/js/navbar.js HTTP/1.1" 304 0
INFO: "GET /static/main/js/fontawesome.js HTTP/1.1" 304 0
WARNING: "GET /static/main/webfonts/fa-solid-900.woff2 HTTP/1.1" 404 179
WARNING: "GET /static/main/webfonts/fa-solid-900.ttf HTTP/1.1" 404 179
WARNING: User 'bhagavan.b' submitted invalid leading record data: <ul class="errorlist"><li>department<ul class="errorlist"><li>This field is required.</li></ul></li></ul>
INFO: "POST /add_leading_record/ HTTP/1.1" 200 30492
INFO: "GET /static/main/css/fontawesome.css HTTP/1.1" 304 0
INFO: "GET /static/main/css/main.css HTTP/1.1" 304 0
INFO: "GET /static/main/css/navbar.css HTTP/1.1" 304 0
INFO: "GET /static/leading/css/leading.css HTTP/1.1" 304 0
INFO: "GET /static/main/images/OC.png HTTP/1.1" 304 0
INFO: "GET /static/leading/js/leading.js HTTP/1.1" 304 0
INFO: "GET /static/main/js/fontawesome.js HTTP/1.1" 304 0
INFO: "GET /static/main/js/navbar.js HTTP/1.1" 304 0
WARNING: "GET /static/main/webfonts/fa-solid-900.woff2 HTTP/1.1" 404 179
WARNING: "GET /static/main/webfonts/fa-solid-900.ttf HTTP/1.1" 404 179
INFO: Leading record (ID: 22722) created by 'bhagavan.b' (5)
INFO: "POST /add_leading_record/ HTTP/1.1" 302 0
INFO: "GET /add_leading_record/ HTTP/1.1" 200 30132
WARNING: "GET /static/main/webfonts/fa-solid-900.woff2 HTTP/1.1" 404 179
WARNING: "GET /static/main/webfonts/fa-solid-900.ttf HTTP/1.1" 404 179
INFO: User 'ocadmin' tried to access login page but is already authenticated.
INFO: "GET / HTTP/1.1" 302 0
INFO: User 'ocadmin' accessed index page.
INFO: "GET /indexpage/ HTTP/1.1" 200 23380
INFO: "GET /static/main/css/fontawesome.css HTTP/1.1" 304 0
INFO: "GET /static/main/css/navbar.css HTTP/1.1" 304 0
INFO: "GET /static/main/css/main.css HTTP/1.1" 304 0
INFO: "GET /static/main/images/OC.png HTTP/1.1" 304 0
INFO: "GET /static/main/images/HRModule.png HTTP/1.1" 304 0
INFO: "GET /static/main/images/ProductionModule.png HTTP/1.1" 304 0
INFO: "GET /static/main/images/EHSModule.png HTTP/1.1" 304 0
INFO: "GET /static/main/images/WarehouseModule.png HTTP/1.1" 304 0
INFO: "GET /static/main/js/fontawesome.js HTTP/1.1" 304 0
INFO: "GET /static/main/js/navbar.js HTTP/1.1" 304 0
INFO: "GET /static/main/images/ETP%20Logo.png HTTP/1.1" 304 0
INFO: "GET /static/main/images/UtilityModule.png HTTP/1.1" 304 0
WARNING: "GET /static/main/webfonts/fa-solid-900.woff2 HTTP/1.1" 404 179
WARNING: "GET /static/main/webfonts/fa-solid-900.ttf HTTP/1.1" 404 179
INFO: Leading record (ID: 22723) created by 'bhagavan.b' (5)
INFO: "POST /add_leading_record/ HTTP/1.1" 302 0
INFO: "GET /add_leading_record/ HTTP/1.1" 200 30132
INFO: "GET /static/leading/css/leading.css HTTP/1.1" 304 0
INFO: "GET /static/main/images/OC.png HTTP/1.1" 304 0
INFO: "GET /static/main/css/navbar.css HTTP/1.1" 304 0
INFO: "GET /static/main/css/main.css HTTP/1.1" 304 0
INFO: "GET /static/main/css/fontawesome.css HTTP/1.1" 304 0
INFO: "GET /static/leading/js/leading.js HTTP/1.1" 304 0
INFO: "GET /static/main/js/fontawesome.js HTTP/1.1" 304 0
INFO: "GET /static/main/js/navbar.js HTTP/1.1" 304 0
WARNING: "GET /static/main/webfonts/fa-solid-900.woff2 HTTP/1.1" 404 179
WARNING: "GET /static/main/webfonts/fa-solid-900.ttf HTTP/1.1" 404 179
INFO: Leading record (ID: 22724) created by 'bhagavan.b' (5)
INFO: "POST /add_leading_record/ HTTP/1.1" 302 0
INFO: "GET /add_leading_record/ HTTP/1.1" 200 30132
INFO: "GET /static/main/css/fontawesome.css HTTP/1.1" 304 0
INFO: "GET /static/main/css/main.css HTTP/1.1" 304 0
INFO: "GET /static/main/images/OC.png HTTP/1.1" 304 0
INFO: "GET /static/main/css/navbar.css HTTP/1.1" 304 0
INFO: "GET /static/leading/css/leading.css HTTP/1.1" 304 0
INFO: "GET /static/leading/js/leading.js HTTP/1.1" 304 0
INFO: "GET /static/main/js/navbar.js HTTP/1.1" 304 0
INFO: "GET /static/main/js/fontawesome.js HTTP/1.1" 304 0
WARNING: "GET /static/main/webfonts/fa-solid-900.woff2 HTTP/1.1" 404 179
WARNING: "GET /static/main/webfonts/fa-solid-900.ttf HTTP/1.1" 404 179
INFO: User 'bhagavan.b' viewed leading records page: 1 (records this page: 10)
INFO: "GET /view_leading/ HTTP/1.1" 200 32151
WARNING: "GET /static/main/webfonts/fa-solid-900.woff2 HTTP/1.1" 404 179
WARNING: "GET /static/main/webfonts/fa-solid-900.ttf HTTP/1.1" 404 179
INFO: "GET /add_leading_record/ HTTP/1.1" 200 29677
WARNING: "GET /static/main/webfonts/fa-solid-900.woff2 HTTP/1.1" 404 179
WARNING: "GET /static/main/webfonts/fa-solid-900.ttf HTTP/1.1" 404 179
INFO: Leading record (ID: 22725) created by 'bhagavan.b' (5)
INFO: "POST /add_leading_record/ HTTP/1.1" 302 0
INFO: "GET /add_leading_record/ HTTP/1.1" 200 30132
INFO: "GET /static/leading/css/leading.css HTTP/1.1" 304 0
INFO: "GET /static/main/css/main.css HTTP/1.1" 304 0
INFO: "GET /static/main/images/OC.png HTTP/1.1" 304 0
INFO: "GET /static/main/css/fontawesome.css HTTP/1.1" 304 0
INFO: "GET /static/main/css/navbar.css HTTP/1.1" 304 0
INFO: "GET /static/leading/js/leading.js HTTP/1.1" 304 0
INFO: "GET /static/main/js/fontawesome.js HTTP/1.1" 304 0
INFO: "GET /static/main/js/navbar.js HTTP/1.1" 304 0
WARNING: "GET /static/main/webfonts/fa-solid-900.woff2 HTTP/1.1" 404 179
WARNING: "GET /static/main/webfonts/fa-solid-900.ttf HTTP/1.1" 404 179
INFO: L:\oneSource_Live\oneSource\EHS\forms.py changed, reloading.
INFO: Watching for file changes with StatReloader
WARNING: User 'bhagavan.b' submitted invalid leading record data: <ul class="errorlist"><li>status<ul class="errorlist"><li>This field is required.</li></ul></li></ul>
INFO: "POST /add_leading_record/ HTTP/1.1" 200 30257
INFO: "GET /static/main/css/fontawesome.css HTTP/1.1" 304 0
INFO: "GET /static/main/css/main.css HTTP/1.1" 304 0
INFO: "GET /static/leading/css/leading.css HTTP/1.1" 304 0
INFO: "GET /static/main/images/OC.png HTTP/1.1" 304 0
INFO: "GET /static/main/css/navbar.css HTTP/1.1" 304 0
INFO: "GET /static/leading/js/leading.js HTTP/1.1" 304 0
INFO: "GET /static/main/js/navbar.js HTTP/1.1" 304 0
INFO: "GET /static/main/js/fontawesome.js HTTP/1.1" 304 0
WARNING: "GET /static/main/webfonts/fa-solid-900.woff2 HTTP/1.1" 404 179
WARNING: "GET /static/main/webfonts/fa-solid-900.ttf HTTP/1.1" 404 179
INFO: Leading record (ID: 22726) created by 'bhagavan.b' (5)
INFO: "POST /add_leading_record/ HTTP/1.1" 302 0
INFO: "GET /add_leading_record/ HTTP/1.1" 200 30132
WARNING: "GET /static/main/webfonts/fa-solid-900.woff2 HTTP/1.1" 404 179
WARNING: "GET /static/main/webfonts/fa-solid-900.ttf HTTP/1.1" 404 179
INFO: "GET /add_lagging_indicator/ HTTP/1.1" 200 53565
INFO: "GET /static/main/css/fontawesome.css HTTP/1.1" 304 0
INFO: "GET /static/main/css/main.css HTTP/1.1" 304 0
INFO: "GET /static/main/css/navbar.css HTTP/1.1" 304 0
INFO: "GET /static/main/images/OC.png HTTP/1.1" 304 0
INFO: "GET /static/lagging/js/lagging.js HTTP/1.1" 304 0
INFO: "GET /static/main/js/fontawesome.js HTTP/1.1" 304 0
INFO: "GET /static/main/js/navbar.js HTTP/1.1" 304 0
WARNING: "GET /static/main/webfonts/fa-solid-900.woff2 HTTP/1.1" 404 179
WARNING: "GET /static/main/webfonts/fa-solid-900.ttf HTTP/1.1" 404 179
WARNING: User 'bhagavan.b' submitted invalid leading record data: <ul class="errorlist"><li>leading_abnormality<ul class="errorlist"><li>This field is required.</li></ul></li></ul>
INFO: "POST /add_leading_record/ HTTP/1.1" 200 30303
WARNING: "GET /static/main/webfonts/fa-solid-900.woff2 HTTP/1.1" 404 179
WARNING: "GET /static/main/webfonts/fa-solid-900.ttf HTTP/1.1" 404 179
INFO: Leading record (ID: 22727) created by 'bhagavan.b' (5)
INFO: "POST /add_leading_record/ HTTP/1.1" 302 0
INFO: "GET /add_leading_record/ HTTP/1.1" 200 30132
INFO: "GET /static/main/css/main.css HTTP/1.1" 304 0
INFO: "GET /static/main/css/navbar.css HTTP/1.1" 304 0
INFO: "GET /static/leading/css/leading.css HTTP/1.1" 304 0
INFO: "GET /static/main/images/OC.png HTTP/1.1" 304 0
INFO: "GET /static/main/css/fontawesome.css HTTP/1.1" 304 0
INFO: "GET /static/leading/js/leading.js HTTP/1.1" 304 0
INFO: "GET /static/main/js/navbar.js HTTP/1.1" 304 0
INFO: "GET /static/main/js/fontawesome.js HTTP/1.1" 304 0
WARNING: "GET /static/main/webfonts/fa-solid-900.woff2 HTTP/1.1" 404 179
WARNING: "GET /static/main/webfonts/fa-solid-900.ttf HTTP/1.1" 404 179
INFO: User 'bhagavan.b' viewed leading records page: 1 (records this page: 10)
INFO: "GET /view_leading/ HTTP/1.1" 200 32143
INFO: "GET /static/main/css/fontawesome.css HTTP/1.1" 304 0
INFO: "GET /static/main/css/main.css HTTP/1.1" 304 0
INFO: "GET /static/main/css/navbar.css HTTP/1.1" 304 0
INFO: "GET /static/main/images/OC.png HTTP/1.1" 304 0
INFO: "GET /static/main/js/fontawesome.js HTTP/1.1" 304 0
INFO: "GET /static/main/js/navbar.js HTTP/1.1" 304 0
WARNING: "GET /static/main/webfonts/fa-solid-900.woff2 HTTP/1.1" 404 179
WARNING: "GET /static/main/webfonts/fa-solid-900.ttf HTTP/1.1" 404 179
INFO: User 'bhagavan.b' accessed edit page for Leading record (ID: 22727)
INFO: "GET /leading/22727/edit/ HTTP/1.1" 200 25280
INFO: "GET /static/leading/css/leading.css HTTP/1.1" 304 0
WARNING: "GET /static/main/webfonts/fa-solid-900.woff2 HTTP/1.1" 404 179
INFO: "GET /static/leading/js/leading.js HTTP/1.1" 304 0
WARNING: "GET /static/main/webfonts/fa-solid-900.ttf HTTP/1.1" 404 179
INFO: User 'bhagavan.b' viewed leading records page: 1 (records this page: 10)
INFO: "GET /view_leading/ HTTP/1.1" 200 32143
WARNING: "GET /static/main/webfonts/fa-solid-900.woff2 HTTP/1.1" 404 179
WARNING: "GET /static/main/webfonts/fa-solid-900.ttf HTTP/1.1" 404 179
INFO: "GET /add_leading_record/ HTTP/1.1" 200 29677
WARNING: "GET /static/main/webfonts/fa-solid-900.woff2 HTTP/1.1" 404 179
WARNING: "GET /static/main/webfonts/fa-solid-900.ttf HTTP/1.1" 404 179
INFO: Leading record (ID: 22728) created by 'bhagavan.b' (5)
INFO: "POST /add_leading_record/ HTTP/1.1" 302 0
INFO: "GET /add_leading_record/ HTTP/1.1" 200 30132
INFO: "GET /static/main/css/fontawesome.css HTTP/1.1" 304 0
INFO: "GET /static/main/css/main.css HTTP/1.1" 304 0
INFO: "GET /static/main/css/navbar.css HTTP/1.1" 304 0
INFO: "GET /static/leading/css/leading.css HTTP/1.1" 304 0
INFO: "GET /static/main/images/OC.png HTTP/1.1" 304 0
INFO: "GET /static/leading/js/leading.js HTTP/1.1" 304 0
INFO: "GET /static/main/js/fontawesome.js HTTP/1.1" 304 0
INFO: "GET /static/main/js/navbar.js HTTP/1.1" 304 0
WARNING: "GET /static/main/webfonts/fa-solid-900.woff2 HTTP/1.1" 404 179
WARNING: "GET /static/main/webfonts/fa-solid-900.ttf HTTP/1.1" 404 179
INFO: User 'bhagavan.b' viewed leading records page: 1 (records this page: 10)
INFO: "GET /view_leading/ HTTP/1.1" 200 32137
WARNING: "GET /static/main/webfonts/fa-solid-900.woff2 HTTP/1.1" 404 179
WARNING: "GET /static/main/webfonts/fa-solid-900.ttf HTTP/1.1" 404 179
INFO: User 'bhagavan.b' accessed edit page for Leading record (ID: 22728)
INFO: "GET /leading/22728/edit/ HTTP/1.1" 200 25271
WARNING: "GET /static/main/webfonts/fa-solid-900.woff2 HTTP/1.1" 404 179
WARNING: "GET /static/main/webfonts/fa-solid-900.ttf HTTP/1.1" 404 179
INFO: Leading record (ID: 22728) edited by 'bhagavan.b' (5). Old data: {'id': 22728, 'observation_date': datetime.date(2025, 5, 29), 'department': 'EHS', 'physical_location': <Physical_Location: Block-C>, 'leading_abnormality': 'Unsafe Condition', 'initiated_by': 'Nitesh Mahadik', 'severity': 2, 'likelihood': 2, 'risk_factor': '4 - Medium', 'observation_description': 'C-block second floor Hose reel identification missing & Hose Reel PP nozzle damage', 'corrective_action': '', 'psl_member_name': 'Mr.Bhagavan Bhange', 'responsible_person': 'Mr.Bhagavan Bhange', 'root_cause': '', 'preventive_action': '', 'target_date': datetime.date(2025, 6, 5), 'status': 'Open', 'remark': ''}. Updated data: {'id': 22728, 'observation_date': datetime.date(2025, 5, 29), 'department': 'EHS', 'physical_location': <Physical_Location: Block-C>, 'leading_abnormality': 'Unsafe Condition', 'initiated_by': 'Nitesh Mahadik', 'severity': 2, 'likelihood': 2, 'risk_factor': '4 - Medium', 'observation_description': 'C-block second floor Hose reel identification missing & Hose Reel PP nozzle damage', 'corrective_action': '', 'psl_member_name': 'Mr.Bhagavan Bhange', 'responsible_person': 'Mr.Bhagavan Bhange', 'root_cause': '', 'preventive_action': '', 'target_date': datetime.date(2025, 6, 5), 'status': 'Open', 'remark': ''}
INFO: "POST /leading/22728/edit/ HTTP/1.1" 302 0
INFO: User 'bhagavan.b' viewed leading records page: 1 (records this page: 10)
INFO: "GET /view_leading/ HTTP/1.1" 200 32716
INFO: "GET /static/main/css/main.css HTTP/1.1" 304 0
INFO: "GET /static/main/css/fontawesome.css HTTP/1.1" 304 0
INFO: "GET /static/main/css/navbar.css HTTP/1.1" 304 0
INFO: "GET /static/main/images/OC.png HTTP/1.1" 304 0
INFO: "GET /static/main/js/fontawesome.js HTTP/1.1" 304 0
INFO: "GET /static/main/js/navbar.js HTTP/1.1" 304 0
WARNING: "GET /static/main/webfonts/fa-solid-900.woff2 HTTP/1.1" 404 179
WARNING: "GET /static/main/webfonts/fa-solid-900.ttf HTTP/1.1" 404 179
INFO: "GET /add_leading_record/ HTTP/1.1" 200 29677
INFO: "GET /static/leading/css/leading.css HTTP/1.1" 304 0
INFO: "GET /static/leading/js/leading.js HTTP/1.1" 304 0
WARNING: "GET /static/main/webfonts/fa-solid-900.woff2 HTTP/1.1" 404 179
WARNING: "GET /static/main/webfonts/fa-solid-900.ttf HTTP/1.1" 404 179
INFO: Leading record (ID: 22729) created by 'bhagavan.b' (5)
INFO: "POST /add_leading_record/ HTTP/1.1" 302 0
INFO: "GET /add_leading_record/ HTTP/1.1" 200 30132
INFO: "GET /static/main/css/main.css HTTP/1.1" 304 0
INFO: "GET /static/main/images/OC.png HTTP/1.1" 304 0
INFO: "GET /static/main/css/navbar.css HTTP/1.1" 304 0
INFO: "GET /static/main/css/fontawesome.css HTTP/1.1" 304 0
INFO: "GET /static/main/js/fontawesome.js HTTP/1.1" 304 0
INFO: "GET /static/main/js/navbar.js HTTP/1.1" 304 0
WARNING: "GET /static/main/webfonts/fa-solid-900.woff2 HTTP/1.1" 404 179
WARNING: "GET /static/main/webfonts/fa-solid-900.ttf HTTP/1.1" 404 179
ERROR: "POST /add_lagging_indicator/ HTTP/1.1" 500 145
INFO: Leading record (ID: 22730) created by 'bhagavan.b' (5)
INFO: "POST /add_leading_record/ HTTP/1.1" 302 0
INFO: "GET /add_leading_record/ HTTP/1.1" 200 30132
INFO: "GET /static/main/css/navbar.css HTTP/1.1" 304 0
INFO: "GET /static/main/css/fontawesome.css HTTP/1.1" 304 0
INFO: "GET /static/leading/css/leading.css HTTP/1.1" 304 0
INFO: "GET /static/main/css/main.css HTTP/1.1" 304 0
INFO: "GET /static/main/images/OC.png HTTP/1.1" 304 0
INFO: "GET /static/leading/js/leading.js HTTP/1.1" 304 0
INFO: "GET /static/main/js/fontawesome.js HTTP/1.1" 304 0
INFO: "GET /static/main/js/navbar.js HTTP/1.1" 304 0
WARNING: "GET /static/main/webfonts/fa-solid-900.woff2 HTTP/1.1" 404 179
WARNING: "GET /static/main/webfonts/fa-solid-900.ttf HTTP/1.1" 404 179
INFO: "GET /lagging-records/ HTTP/1.1" 200 19956
INFO: "GET /static/main/css/fontawesome.css HTTP/1.1" 304 0
INFO: "GET /static/main/css/main.css HTTP/1.1" 304 0
INFO: "GET /static/main/images/OC.png HTTP/1.1" 304 0
INFO: "GET /static/main/css/navbar.css HTTP/1.1" 304 0
INFO: "GET /static/main/js/fontawesome.js HTTP/1.1" 304 0
INFO: "GET /static/main/js/navbar.js HTTP/1.1" 304 0
WARNING: "GET /static/main/webfonts/fa-solid-900.woff2 HTTP/1.1" 404 179
WARNING: "GET /static/main/webfonts/fa-solid-900.ttf HTTP/1.1" 404 179
INFO: Leading record (ID: 22731) created by 'bhagavan.b' (5)
INFO: "POST /add_leading_record/ HTTP/1.1" 302 0
INFO: "GET /add_leading_record/ HTTP/1.1" 200 30132
INFO: "GET /static/main/css/fontawesome.css HTTP/1.1" 304 0
INFO: "GET /static/main/css/main.css HTTP/1.1" 304 0
INFO: "GET /static/main/css/navbar.css HTTP/1.1" 304 0
INFO: "GET /static/main/images/OC.png HTTP/1.1" 304 0
INFO: "GET /static/leading/css/leading.css HTTP/1.1" 304 0
INFO: "GET /static/leading/js/leading.js HTTP/1.1" 304 0
INFO: "GET /static/main/js/fontawesome.js HTTP/1.1" 304 0
INFO: "GET /static/main/js/navbar.js HTTP/1.1" 304 0
WARNING: "GET /static/main/webfonts/fa-solid-900.woff2 HTTP/1.1" 404 179
WARNING: "GET /static/main/webfonts/fa-solid-900.ttf HTTP/1.1" 404 179
INFO: L:\oneSource_Live\oneSource\EHS\views.py changed, reloading.
INFO: Watching for file changes with StatReloader
INFO: "GET /lagging-records/ HTTP/1.1" 200 19956
INFO: "GET /static/main/css/fontawesome.css HTTP/1.1" 304 0
INFO: "GET /static/main/css/main.css HTTP/1.1" 304 0
INFO: "GET /static/main/css/navbar.css HTTP/1.1" 304 0
INFO: "GET /static/main/images/OC.png HTTP/1.1" 304 0
INFO: "GET /static/main/js/fontawesome.js HTTP/1.1" 304 0
INFO: "GET /static/main/js/navbar.js HTTP/1.1" 304 0
WARNING: "GET /static/main/webfonts/fa-solid-900.woff2 HTTP/1.1" 404 179
WARNING: "GET /static/main/webfonts/fa-solid-900.ttf HTTP/1.1" 404 179
INFO: "GET /add_lagging_indicator/ HTTP/1.1" 200 53565
INFO: "GET /static/lagging/js/lagging.js HTTP/1.1" 200 9514
WARNING: "GET /static/main/webfonts/fa-solid-900.woff2 HTTP/1.1" 404 179
WARNING: "GET /static/main/webfonts/fa-solid-900.ttf HTTP/1.1" 404 179
INFO: Leading record (ID: 22732) created by 'bhagavan.b' (5)
INFO: "POST /add_leading_record/ HTTP/1.1" 302 0
INFO: "GET /add_leading_record/ HTTP/1.1" 200 30132
INFO: "GET /static/main/css/fontawesome.css HTTP/1.1" 304 0
INFO: "GET /static/main/css/main.css HTTP/1.1" 304 0
INFO: "GET /static/main/css/navbar.css HTTP/1.1" 304 0
INFO: "GET /static/main/images/OC.png HTTP/1.1" 304 0
INFO: "GET /static/leading/css/leading.css HTTP/1.1" 304 0
INFO: "GET /static/main/js/navbar.js HTTP/1.1" 304 0
INFO: "GET /static/leading/js/leading.js HTTP/1.1" 304 0
INFO: "GET /static/main/js/fontawesome.js HTTP/1.1" 304 0
WARNING: "GET /static/main/webfonts/fa-solid-900.woff2 HTTP/1.1" 404 179
WARNING: "GET /static/main/webfonts/fa-solid-900.ttf HTTP/1.1" 404 179
INFO: Leading record (ID: 22733) created by 'bhagavan.b' (5)
INFO: "POST /add_leading_record/ HTTP/1.1" 302 0
INFO: "GET /add_leading_record/ HTTP/1.1" 200 30132
INFO: "GET /static/main/css/fontawesome.css HTTP/1.1" 304 0
INFO: "GET /static/main/css/main.css HTTP/1.1" 304 0
INFO: "GET /static/main/images/OC.png HTTP/1.1" 304 0
INFO: "GET /static/leading/css/leading.css HTTP/1.1" 304 0
INFO: "GET /static/main/css/navbar.css HTTP/1.1" 304 0
INFO: "GET /static/leading/js/leading.js HTTP/1.1" 304 0
INFO: "GET /static/main/js/fontawesome.js HTTP/1.1" 304 0
INFO: "GET /static/main/js/navbar.js HTTP/1.1" 304 0
WARNING: "GET /static/main/webfonts/fa-solid-900.woff2 HTTP/1.1" 404 179
WARNING: "GET /static/main/webfonts/fa-solid-900.ttf HTTP/1.1" 404 179
INFO: Leading record (ID: 22734) created by 'bhagavan.b' (5)
INFO: "POST /add_leading_record/ HTTP/1.1" 302 0
INFO: "GET /add_leading_record/ HTTP/1.1" 200 30132
INFO: "GET /static/main/css/fontawesome.css HTTP/1.1" 304 0
INFO: "GET /static/main/css/main.css HTTP/1.1" 304 0
INFO: "GET /static/main/css/navbar.css HTTP/1.1" 304 0
INFO: "GET /static/main/images/OC.png HTTP/1.1" 304 0
INFO: "GET /static/leading/css/leading.css HTTP/1.1" 304 0
INFO: "GET /static/leading/js/leading.js HTTP/1.1" 304 0
INFO: "GET /static/main/js/fontawesome.js HTTP/1.1" 304 0
INFO: "GET /static/main/js/navbar.js HTTP/1.1" 304 0
WARNING: "GET /static/main/webfonts/fa-solid-900.woff2 HTTP/1.1" 404 179
WARNING: "GET /static/main/webfonts/fa-solid-900.ttf HTTP/1.1" 404 179
INFO: "POST /add_lagging_indicator/ HTTP/1.1" 302 0
INFO: "GET /add_lagging_indicator/ HTTP/1.1" 200 53995
INFO: "GET /static/main/css/fontawesome.css HTTP/1.1" 304 0
INFO: "GET /static/main/css/navbar.css HTTP/1.1" 304 0
INFO: "GET /static/main/css/main.css HTTP/1.1" 304 0
INFO: "GET /static/main/images/OC.png HTTP/1.1" 304 0
INFO: "GET /static/lagging/js/lagging.js HTTP/1.1" 304 0
INFO: "GET /static/main/js/fontawesome.js HTTP/1.1" 304 0
INFO: "GET /static/main/js/navbar.js HTTP/1.1" 304 0
WARNING: "GET /static/main/webfonts/fa-solid-900.woff2 HTTP/1.1" 404 179
WARNING: "GET /static/main/webfonts/fa-solid-900.ttf HTTP/1.1" 404 179
INFO: "GET /lagging-records/ HTTP/1.1" 200 22184
WARNING: "GET /static/main/webfonts/fa-solid-900.woff2 HTTP/1.1" 404 179
WARNING: "GET /static/main/webfonts/fa-solid-900.ttf HTTP/1.1" 404 179
INFO: "GET /lagging-records/1/ HTTP/1.1" 200 20914
INFO: "GET /lagging-records/1/ HTTP/1.1" 200 20914
WARNING: "GET /static/main/webfonts/fa-solid-900.woff2 HTTP/1.1" 404 179
WARNING: "GET /static/main/webfonts/fa-solid-900.ttf HTTP/1.1" 404 179
INFO: "GET /lagging-records/ HTTP/1.1" 200 22184
WARNING: "GET /static/main/webfonts/fa-solid-900.woff2 HTTP/1.1" 404 179
WARNING: "GET /static/main/webfonts/fa-solid-900.ttf HTTP/1.1" 404 179
INFO: Leading record (ID: 22735) created by 'bhagavan.b' (5)
INFO: "POST /add_leading_record/ HTTP/1.1" 302 0
INFO: "GET /add_leading_record/ HTTP/1.1" 200 30132
INFO: "GET /static/main/css/fontawesome.css HTTP/1.1" 304 0
INFO: "GET /static/main/css/main.css HTTP/1.1" 304 0
INFO: "GET /static/main/images/OC.png HTTP/1.1" 304 0
INFO: "GET /static/main/css/navbar.css HTTP/1.1" 304 0
INFO: "GET /static/leading/css/leading.css HTTP/1.1" 304 0
INFO: "GET /static/leading/js/leading.js HTTP/1.1" 304 0
INFO: "GET /static/main/js/navbar.js HTTP/1.1" 304 0
INFO: "GET /static/main/js/fontawesome.js HTTP/1.1" 304 0
WARNING: "GET /static/main/webfonts/fa-solid-900.woff2 HTTP/1.1" 404 179
WARNING: "GET /static/main/webfonts/fa-solid-900.ttf HTTP/1.1" 404 179
INFO: L:\oneSource_Live\oneSource\EHS\views.py changed, reloading.
INFO: Watching for file changes with StatReloader
INFO: "GET /add_lagging_indicator/ HTTP/1.1" 200 53565
INFO: "GET /static/main/css/fontawesome.css HTTP/1.1" 304 0
INFO: "GET /static/main/css/main.css HTTP/1.1" 304 0
INFO: "GET /static/main/css/navbar.css HTTP/1.1" 304 0
INFO: "GET /static/main/images/OC.png HTTP/1.1" 304 0
INFO: "GET /static/lagging/js/lagging.js HTTP/1.1" 304 0
INFO: "GET /static/main/js/fontawesome.js HTTP/1.1" 304 0
INFO: "GET /static/main/js/navbar.js HTTP/1.1" 304 0
WARNING: "GET /static/main/webfonts/fa-solid-900.woff2 HTTP/1.1" 404 179
WARNING: "GET /static/main/webfonts/fa-solid-900.ttf HTTP/1.1" 404 179
INFO: Leading record (ID: 22736) created by 'bhagavan.b' (5)
INFO: "POST /add_leading_record/ HTTP/1.1" 302 0
INFO: "GET /add_leading_record/ HTTP/1.1" 200 30132
INFO: "GET /static/main/css/fontawesome.css HTTP/1.1" 304 0
INFO: "GET /static/main/css/main.css HTTP/1.1" 304 0
INFO: "GET /static/main/css/navbar.css HTTP/1.1" 304 0
INFO: "GET /static/leading/css/leading.css HTTP/1.1" 304 0
INFO: "GET /static/main/images/OC.png HTTP/1.1" 304 0
INFO: "GET /static/leading/js/leading.js HTTP/1.1" 304 0
INFO: "GET /static/main/js/fontawesome.js HTTP/1.1" 304 0
INFO: "GET /static/main/js/navbar.js HTTP/1.1" 304 0
WARNING: "GET /static/main/webfonts/fa-solid-900.woff2 HTTP/1.1" 404 179
WARNING: "GET /static/main/webfonts/fa-solid-900.ttf HTTP/1.1" 404 179
INFO: "POST /add_lagging_indicator/ HTTP/1.1" 302 0
INFO: "GET /lagging-records/ HTTP/1.1" 200 25024
INFO: "GET /static/main/css/fontawesome.css HTTP/1.1" 304 0
INFO: "GET /static/main/css/main.css HTTP/1.1" 304 0
INFO: "GET /static/main/css/navbar.css HTTP/1.1" 304 0
INFO: "GET /static/main/js/fontawesome.js HTTP/1.1" 304 0
INFO: "GET /static/main/images/OC.png HTTP/1.1" 304 0
INFO: "GET /static/main/js/navbar.js HTTP/1.1" 304 0
WARNING: "GET /static/main/webfonts/fa-solid-900.woff2 HTTP/1.1" 404 179
WARNING: "GET /static/main/webfonts/fa-solid-900.ttf HTTP/1.1" 404 179
INFO: "GET /add_lagging_indicator/ HTTP/1.1" 200 53565
INFO: "GET /static/lagging/js/lagging.js HTTP/1.1" 304 0
WARNING: "GET /static/main/webfonts/fa-solid-900.woff2 HTTP/1.1" 404 179
WARNING: "GET /static/main/webfonts/fa-solid-900.ttf HTTP/1.1" 404 179
INFO: "GET /lagging-records/ HTTP/1.1" 200 24465
WARNING: "GET /static/main/webfonts/fa-solid-900.woff2 HTTP/1.1" 404 179
WARNING: "GET /static/main/webfonts/fa-solid-900.ttf HTTP/1.1" 404 179
INFO: "GET /lagging-records/1/ HTTP/1.1" 200 20914
INFO: "GET /lagging-records/1/ HTTP/1.1" 200 20914
WARNING: "GET /static/main/webfonts/fa-solid-900.woff2 HTTP/1.1" 404 179
WARNING: "GET /static/main/webfonts/fa-solid-900.ttf HTTP/1.1" 404 179
INFO: "GET /lagging-records/ HTTP/1.1" 200 24465
WARNING: "GET /static/main/webfonts/fa-solid-900.woff2 HTTP/1.1" 404 179
WARNING: "GET /static/main/webfonts/fa-solid-900.ttf HTTP/1.1" 404 179
INFO: "GET /lagging-records/2/ HTTP/1.1" 200 22251
WARNING: "GET /static/main/webfonts/fa-solid-900.woff2 HTTP/1.1" 404 179
WARNING: "GET /static/main/webfonts/fa-solid-900.ttf HTTP/1.1" 404 179
INFO: "GET /lagging-records/2/ HTTP/1.1" 200 22251
INFO: Leading record (ID: 22737) created by 'bhagavan.b' (5)
INFO: "POST /add_leading_record/ HTTP/1.1" 302 0
INFO: "GET /add_leading_record/ HTTP/1.1" 200 30132
INFO: "GET /static/main/css/fontawesome.css HTTP/1.1" 304 0
INFO: "GET /static/main/css/main.css HTTP/1.1" 304 0
INFO: "GET /static/main/css/navbar.css HTTP/1.1" 304 0
INFO: "GET /static/main/images/OC.png HTTP/1.1" 304 0
INFO: "GET /static/leading/css/leading.css HTTP/1.1" 304 0
INFO: "GET /static/main/js/fontawesome.js HTTP/1.1" 304 0
INFO: "GET /static/leading/js/leading.js HTTP/1.1" 304 0
INFO: "GET /static/main/js/navbar.js HTTP/1.1" 304 0
WARNING: "GET /static/main/webfonts/fa-solid-900.woff2 HTTP/1.1" 404 179
WARNING: "GET /static/main/webfonts/fa-solid-900.ttf HTTP/1.1" 404 179
INFO: "GET /lagging-records/ HTTP/1.1" 200 24465
INFO: "GET /static/main/css/fontawesome.css HTTP/1.1" 304 0
INFO: "GET /static/main/images/OC.png HTTP/1.1" 304 0
INFO: "GET /static/main/css/main.css HTTP/1.1" 304 0
INFO: "GET /static/main/css/navbar.css HTTP/1.1" 304 0
INFO: "GET /static/main/js/fontawesome.js HTTP/1.1" 304 0
INFO: "GET /static/main/js/navbar.js HTTP/1.1" 304 0
WARNING: "GET /static/main/webfonts/fa-solid-900.woff2 HTTP/1.1" 404 179
WARNING: "GET /static/main/webfonts/fa-solid-900.ttf HTTP/1.1" 404 179
INFO: "GET /add_lagging_indicator/ HTTP/1.1" 200 53565
WARNING: "GET /static/main/webfonts/fa-solid-900.woff2 HTTP/1.1" 404 179
WARNING: "GET /static/main/webfonts/fa-solid-900.ttf HTTP/1.1" 404 179
INFO: Leading record (ID: 22738) created by 'bhagavan.b' (5)
INFO: "POST /add_leading_record/ HTTP/1.1" 302 0
INFO: "GET /add_leading_record/ HTTP/1.1" 200 30132
INFO: "GET /static/main/css/fontawesome.css HTTP/1.1" 304 0
INFO: "GET /static/main/css/navbar.css HTTP/1.1" 304 0
INFO: "GET /static/main/css/main.css HTTP/1.1" 304 0
INFO: "GET /static/main/images/OC.png HTTP/1.1" 304 0
INFO: "GET /static/leading/css/leading.css HTTP/1.1" 304 0
INFO: "GET /static/leading/js/leading.js HTTP/1.1" 304 0
INFO: "GET /static/main/js/fontawesome.js HTTP/1.1" 304 0
INFO: "GET /static/main/js/navbar.js HTTP/1.1" 304 0
WARNING: "GET /static/main/webfonts/fa-solid-900.woff2 HTTP/1.1" 404 179
WARNING: "GET /static/main/webfonts/fa-solid-900.ttf HTTP/1.1" 404 179
INFO: Leading record (ID: 22739) created by 'bhagavan.b' (5)
INFO: "POST /add_leading_record/ HTTP/1.1" 302 0
INFO: "GET /add_leading_record/ HTTP/1.1" 200 30132
INFO: "GET /static/main/css/main.css HTTP/1.1" 304 0
INFO: "GET /static/main/images/OC.png HTTP/1.1" 304 0
INFO: "GET /static/main/css/fontawesome.css HTTP/1.1" 304 0
INFO: "GET /static/main/css/navbar.css HTTP/1.1" 304 0
INFO: "GET /static/leading/css/leading.css HTTP/1.1" 304 0
INFO: "GET /static/leading/js/leading.js HTTP/1.1" 304 0
INFO: "GET /static/main/js/fontawesome.js HTTP/1.1" 304 0
INFO: "GET /static/main/js/navbar.js HTTP/1.1" 304 0
WARNING: "GET /static/main/webfonts/fa-solid-900.woff2 HTTP/1.1" 404 179
WARNING: "GET /static/main/webfonts/fa-solid-900.ttf HTTP/1.1" 404 179
INFO: User 'bhagavan.b' viewed leading records page: 1 (records this page: 10)
INFO: "GET /view_leading/ HTTP/1.1" 200 32171
INFO: "GET /static/main/images/OC.png HTTP/1.1" 304 0
INFO: "GET /static/main/css/navbar.css HTTP/1.1" 304 0
INFO: "GET /static/main/css/fontawesome.css HTTP/1.1" 304 0
INFO: "GET /static/main/css/main.css HTTP/1.1" 304 0
INFO: "GET /static/main/js/fontawesome.js HTTP/1.1" 304 0
INFO: "GET /static/main/js/navbar.js HTTP/1.1" 304 0
WARNING: "GET /static/main/webfonts/fa-solid-900.woff2 HTTP/1.1" 404 179
WARNING: "GET /static/main/webfonts/fa-solid-900.ttf HTTP/1.1" 404 179
INFO: User 'bhagavan.b' accessed edit page for Leading record (ID: 22739)
INFO: "GET /leading/22739/edit/ HTTP/1.1" 200 25388
INFO: "GET /static/leading/css/leading.css HTTP/1.1" 304 0
INFO: "GET /static/leading/js/leading.js HTTP/1.1" 304 0
WARNING: "GET /static/main/webfonts/fa-solid-900.woff2 HTTP/1.1" 404 179
WARNING: "GET /static/main/webfonts/fa-solid-900.ttf HTTP/1.1" 404 179
INFO: User 'bhagavan.b' viewed leading records page: 1 (records this page: 10)
INFO: "GET /view_leading/ HTTP/1.1" 200 32171
WARNING: "GET /static/main/webfonts/fa-solid-900.woff2 HTTP/1.1" 404 179
WARNING: "GET /static/main/webfonts/fa-solid-900.ttf HTTP/1.1" 404 179
INFO: "GET /add_leading_record/ HTTP/1.1" 200 29677
WARNING: "GET /static/main/webfonts/fa-solid-900.woff2 HTTP/1.1" 404 179
WARNING: "GET /static/main/webfonts/fa-solid-900.ttf HTTP/1.1" 404 179
INFO: Leading record (ID: 22740) created by 'bhagavan.b' (5)
INFO: "POST /add_leading_record/ HTTP/1.1" 302 0
INFO: "GET /add_leading_record/ HTTP/1.1" 200 30132
INFO: "GET /static/main/css/fontawesome.css HTTP/1.1" 304 0
INFO: "GET /static/main/images/OC.png HTTP/1.1" 304 0
INFO: "GET /static/main/css/navbar.css HTTP/1.1" 304 0
INFO: "GET /static/main/css/main.css HTTP/1.1" 304 0
INFO: "GET /static/leading/css/leading.css HTTP/1.1" 304 0
INFO: "GET /static/leading/js/leading.js HTTP/1.1" 304 0
INFO: "GET /static/main/js/fontawesome.js HTTP/1.1" 304 0
INFO: "GET /static/main/js/navbar.js HTTP/1.1" 304 0
WARNING: "GET /static/main/webfonts/fa-solid-900.woff2 HTTP/1.1" 404 179
WARNING: "GET /static/main/webfonts/fa-solid-900.ttf HTTP/1.1" 404 179
INFO: "POST /add_lagging_indicator/ HTTP/1.1" 302 0
INFO: "GET /lagging-records/ HTTP/1.1" 200 27188
INFO: "GET /static/main/css/fontawesome.css HTTP/1.1" 304 0
INFO: "GET /static/main/css/main.css HTTP/1.1" 304 0
INFO: "GET /static/main/css/navbar.css HTTP/1.1" 304 0
INFO: "GET /static/main/images/OC.png HTTP/1.1" 304 0
INFO: "GET /static/main/js/fontawesome.js HTTP/1.1" 304 0
INFO: "GET /static/main/js/navbar.js HTTP/1.1" 304 0
WARNING: "GET /static/main/webfonts/fa-solid-900.woff2 HTTP/1.1" 404 179
WARNING: "GET /static/main/webfonts/fa-solid-900.ttf HTTP/1.1" 404 179
INFO: "GET /lagging-records/3/ HTTP/1.1" 200 20996
INFO: "GET /lagging-records/3/ HTTP/1.1" 200 20996
WARNING: "GET /static/main/webfonts/fa-solid-900.woff2 HTTP/1.1" 404 179
WARNING: "GET /static/main/webfonts/fa-solid-900.ttf HTTP/1.1" 404 179
INFO: "GET /lagging-records/ HTTP/1.1" 200 26629
WARNING: "GET /static/main/webfonts/fa-solid-900.woff2 HTTP/1.1" 404 179
WARNING: "GET /static/main/webfonts/fa-solid-900.ttf HTTP/1.1" 404 179
INFO: "GET /add_lagging_indicator/ HTTP/1.1" 200 53565
INFO: "GET /static/lagging/js/lagging.js HTTP/1.1" 304 0
WARNING: "GET /static/main/webfonts/fa-solid-900.woff2 HTTP/1.1" 404 179
WARNING: "GET /static/main/webfonts/fa-solid-900.ttf HTTP/1.1" 404 179
INFO: Leading record (ID: 22741) created by 'bhagavan.b' (5)
INFO: "POST /add_leading_record/ HTTP/1.1" 302 0
INFO: "GET /add_leading_record/ HTTP/1.1" 200 30132
INFO: "GET /static/main/css/fontawesome.css HTTP/1.1" 304 0
INFO: "GET /static/main/images/OC.png HTTP/1.1" 304 0
INFO: "GET /static/main/css/navbar.css HTTP/1.1" 304 0
INFO: "GET /static/main/css/main.css HTTP/1.1" 304 0
INFO: "GET /static/leading/css/leading.css HTTP/1.1" 304 0
INFO: "GET /static/leading/js/leading.js HTTP/1.1" 304 0
INFO: "GET /static/main/js/navbar.js HTTP/1.1" 304 0
INFO: "GET /static/main/js/fontawesome.js HTTP/1.1" 304 0
WARNING: "GET /static/main/webfonts/fa-solid-900.woff2 HTTP/1.1" 404 179
WARNING: "GET /static/main/webfonts/fa-solid-900.ttf HTTP/1.1" 404 179
INFO: Leading record (ID: 22742) created by 'bhagavan.b' (5)
INFO: "POST /add_leading_record/ HTTP/1.1" 302 0
INFO: "GET /add_leading_record/ HTTP/1.1" 200 30132
INFO: "GET /static/leading/css/leading.css HTTP/1.1" 304 0
INFO: "GET /static/main/css/navbar.css HTTP/1.1" 304 0
INFO: "GET /static/main/images/OC.png HTTP/1.1" 304 0
INFO: "GET /static/main/css/main.css HTTP/1.1" 304 0
INFO: "GET /static/main/css/fontawesome.css HTTP/1.1" 304 0
INFO: "GET /static/leading/js/leading.js HTTP/1.1" 304 0
INFO: "GET /static/main/js/fontawesome.js HTTP/1.1" 304 0
INFO: "GET /static/main/js/navbar.js HTTP/1.1" 304 0
WARNING: "GET /static/main/webfonts/fa-solid-900.woff2 HTTP/1.1" 404 179
WARNING: "GET /static/main/webfonts/fa-solid-900.ttf HTTP/1.1" 404 179
INFO: "POST /add_lagging_indicator/ HTTP/1.1" 302 0
INFO: "GET /lagging-records/ HTTP/1.1" 200 29569
INFO: "GET /static/main/images/OC.png HTTP/1.1" 304 0
INFO: "GET /static/main/css/main.css HTTP/1.1" 304 0
INFO: "GET /static/main/css/navbar.css HTTP/1.1" 304 0
INFO: "GET /static/main/css/fontawesome.css HTTP/1.1" 304 0
INFO: "GET /static/main/js/fontawesome.js HTTP/1.1" 304 0
INFO: "GET /static/main/js/navbar.js HTTP/1.1" 304 0
WARNING: "GET /static/main/webfonts/fa-solid-900.woff2 HTTP/1.1" 404 179
WARNING: "GET /static/main/webfonts/fa-solid-900.ttf HTTP/1.1" 404 179
INFO: "GET /lagging-records/4/ HTTP/1.1" 200 19314
INFO: "GET /lagging-records/4/ HTTP/1.1" 200 19314
WARNING: "GET /static/main/webfonts/fa-solid-900.woff2 HTTP/1.1" 404 179
WARNING: "GET /static/main/webfonts/fa-solid-900.ttf HTTP/1.1" 404 179
INFO: User 'bhagavan.b' viewed leading records page: 1 (records this page: 10)
INFO: "GET /view_leading/ HTTP/1.1" 200 32166
INFO: "GET /static/main/css/main.css HTTP/1.1" 304 0
INFO: "GET /static/main/css/fontawesome.css HTTP/1.1" 304 0
INFO: "GET /static/main/js/fontawesome.js HTTP/1.1" 304 0
INFO: "GET /static/main/css/navbar.css HTTP/1.1" 304 0
INFO: "GET /static/main/images/OC.png HTTP/1.1" 304 0
INFO: "GET /static/main/js/navbar.js HTTP/1.1" 304 0
WARNING: "GET /static/main/webfonts/fa-solid-900.woff2 HTTP/1.1" 404 179
WARNING: "GET /static/main/webfonts/fa-solid-900.ttf HTTP/1.1" 404 179
INFO: User 'bhagavan.b' accessed edit page for Leading record (ID: 22742)
INFO: "GET /leading/22742/edit/ HTTP/1.1" 200 25380
INFO: "GET /static/leading/css/leading.css HTTP/1.1" 304 0
INFO: "GET /static/leading/js/leading.js HTTP/1.1" 304 0
WARNING: "GET /static/main/webfonts/fa-solid-900.woff2 HTTP/1.1" 404 179
WARNING: "GET /static/main/webfonts/fa-solid-900.ttf HTTP/1.1" 404 179
INFO: "GET /lagging-records/ HTTP/1.1" 200 29010
WARNING: "GET /static/main/webfonts/fa-solid-900.woff2 HTTP/1.1" 404 179
WARNING: "GET /static/main/webfonts/fa-solid-900.ttf HTTP/1.1" 404 179
INFO: User 'ocadmin' logged out.
INFO: "GET /userlogout/ HTTP/1.1" 302 0
INFO: "GET / HTTP/1.1" 200 5659
INFO: "GET /static/main/images/OC_white_logo.png HTTP/1.1" 304 0
INFO: Leading record (ID: 22742) edited by 'bhagavan.b' (5). Old data: {'id': 22742, 'observation_date': datetime.date(2025, 5, 30), 'department': 'PRODUCTION', 'physical_location': <Physical_Location: Block-E>, 'leading_abnormality': 'Unsafe Condition', 'initiated_by': 'Vikas Kale', 'severity': 2, 'likelihood': 3, 'risk_factor': '6 - Medium', 'observation_description': 'Due to heavy rain, mud is accumulating near the passage of block-E, creating a slippery surface & increase the risk of slip & fall. Immediate cleaning & preventive measure are recommended', 'corrective_action': '', 'psl_member_name': 'Mr.Vikas Kale', 'responsible_person': 'Mr.Aanad Kanaka', 'root_cause': '', 'preventive_action': '', 'target_date': datetime.date(2025, 6, 2), 'status': 'Open', 'remark': ''}. Updated data: {'id': 22742, 'observation_date': datetime.date(2025, 5, 30), 'department': 'PRODUCTION', 'physical_location': <Physical_Location: Block-E>, 'leading_abnormality': 'Unsafe Condition', 'initiated_by': 'Vikas Kale', 'severity': 2, 'likelihood': 3, 'risk_factor': '6 - Medium', 'observation_description': 'Due to heavy rain, mud is accumulating near the passage of block-E, creating a slippery surface & increase the risk of slip & fall. Immediate cleaning & preventive measure are recommended', 'corrective_action': '', 'psl_member_name': 'Mr.Vikas Kale', 'responsible_person': 'Mr.Aanad Kanaka', 'root_cause': '', 'preventive_action': '', 'target_date': datetime.date(2025, 6, 2), 'status': 'Open', 'remark': ''}
INFO: "POST /leading/22742/edit/ HTTP/1.1" 302 0
INFO: User 'bhagavan.b' viewed leading records page: 1 (records this page: 10)
INFO: "GET /view_leading/ HTTP/1.1" 200 32745
WARNING: "GET /static/main/webfonts/fa-solid-900.woff2 HTTP/1.1" 404 179
WARNING: "GET /static/main/webfonts/fa-solid-900.ttf HTTP/1.1" 404 179
INFO: User 'bhagavan.b' viewed leading records page: 2 (records this page: 10)
INFO: "GET /view_leading/?page=2&date_filter=&department_filter= HTTP/1.1" 200 32337
WARNING: "GET /static/main/webfonts/fa-solid-900.woff2 HTTP/1.1" 404 179
WARNING: "GET /static/main/webfonts/fa-solid-900.ttf HTTP/1.1" 404 179
INFO: User 'bhagavan.b' viewed leading records page: 3 (records this page: 10)
INFO: "GET /view_leading/?page=3&date_filter=&department_filter= HTTP/1.1" 200 32350
WARNING: "GET /static/main/webfonts/fa-solid-900.woff2 HTTP/1.1" 404 179
WARNING: "GET /static/main/webfonts/fa-solid-900.ttf HTTP/1.1" 404 179
INFO: User 'ocadmin' logged in successfully.
INFO: "POST / HTTP/1.1" 302 0
INFO: User 'ocadmin' accessed index page.
INFO: "GET /indexpage/ HTTP/1.1" 200 23916
INFO: "GET /static/main/images/ProductionModule.png HTTP/1.1" 304 0
INFO: "GET /static/main/images/WarehouseModule.png HTTP/1.1" 304 0
INFO: "GET /static/main/images/EHSModule.png HTTP/1.1" 304 0
INFO: "GET /static/main/images/ETP%20Logo.png HTTP/1.1" 304 0
INFO: "GET /static/main/images/UtilityModule.png HTTP/1.1" 304 0
INFO: "GET /static/main/images/HRModule.png HTTP/1.1" 304 0
WARNING: "GET /static/main/webfonts/fa-solid-900.woff2 HTTP/1.1" 404 179
WARNING: "GET /static/main/webfonts/fa-solid-900.ttf HTTP/1.1" 404 179
INFO: User 'bhagavan.b' viewed leading records page: 4 (records this page: 10)
INFO: "GET /view_leading/?page=4&date_filter=&department_filter= HTTP/1.1" 200 32347
WARNING: "GET /static/main/webfonts/fa-solid-900.woff2 HTTP/1.1" 404 179
WARNING: "GET /static/main/webfonts/fa-solid-900.ttf HTTP/1.1" 404 179
INFO: "GET /add_lagging_indicator HTTP/1.1" 301 0
INFO: "GET /add_lagging_indicator/ HTTP/1.1" 200 53565
INFO: "GET /static/main/css/fontawesome.css HTTP/1.1" 304 0
INFO: "GET /static/main/css/main.css HTTP/1.1" 304 0
INFO: "GET /static/main/images/OC.png HTTP/1.1" 304 0
INFO: "GET /static/lagging/js/lagging.js HTTP/1.1" 304 0
INFO: "GET /static/main/css/navbar.css HTTP/1.1" 304 0
INFO: "GET /static/main/js/navbar.js HTTP/1.1" 304 0
INFO: "GET /static/main/js/fontawesome.js HTTP/1.1" 304 0
WARNING: "GET /static/main/webfonts/fa-solid-900.woff2 HTTP/1.1" 404 179
WARNING: "GET /static/main/webfonts/fa-solid-900.ttf HTTP/1.1" 404 179
INFO: "POST /add_lagging_indicator/ HTTP/1.1" 302 0
INFO: "GET /lagging-records/ HTTP/1.1" 200 31838
INFO: "GET /static/main/css/fontawesome.css HTTP/1.1" 304 0
INFO: "GET /static/main/css/main.css HTTP/1.1" 304 0
INFO: "GET /static/main/css/navbar.css HTTP/1.1" 304 0
INFO: "GET /static/main/images/OC.png HTTP/1.1" 304 0
INFO: "GET /static/main/js/fontawesome.js HTTP/1.1" 304 0
INFO: "GET /static/main/js/navbar.js HTTP/1.1" 304 0
WARNING: "GET /static/main/webfonts/fa-solid-900.woff2 HTTP/1.1" 404 179
WARNING: "GET /static/main/webfonts/fa-solid-900.ttf HTTP/1.1" 404 179
INFO: "GET /add_lagging_indicator/ HTTP/1.1" 200 53565
INFO: "GET /static/lagging/js/lagging.js HTTP/1.1" 304 0
WARNING: "GET /static/main/webfonts/fa-solid-900.woff2 HTTP/1.1" 404 179
WARNING: "GET /static/main/webfonts/fa-solid-900.ttf HTTP/1.1" 404 179
INFO: "POST /add_lagging_indicator/ HTTP/1.1" 302 0
INFO: "GET /lagging-records/ HTTP/1.1" 200 34105
INFO: "GET /static/main/css/navbar.css HTTP/1.1" 304 0
INFO: "GET /static/main/css/main.css HTTP/1.1" 304 0
INFO: "GET /static/main/css/fontawesome.css HTTP/1.1" 304 0
INFO: "GET /static/main/images/OC.png HTTP/1.1" 304 0
INFO: "GET /static/main/js/fontawesome.js HTTP/1.1" 304 0
INFO: "GET /static/main/js/navbar.js HTTP/1.1" 304 0
WARNING: "GET /static/main/webfonts/fa-solid-900.woff2 HTTP/1.1" 404 179
WARNING: "GET /static/main/webfonts/fa-solid-900.ttf HTTP/1.1" 404 179
INFO: "GET /add_lagging_indicator/ HTTP/1.1" 200 53565
INFO: "GET /static/lagging/js/lagging.js HTTP/1.1" 304 0
WARNING: "GET /static/main/webfonts/fa-solid-900.woff2 HTTP/1.1" 404 179
WARNING: "GET /static/main/webfonts/fa-solid-900.ttf HTTP/1.1" 404 179
INFO: "POST /add_lagging_indicator/ HTTP/1.1" 302 0
INFO: "GET /lagging-records/ HTTP/1.1" 200 36269
INFO: "GET /static/main/css/fontawesome.css HTTP/1.1" 304 0
INFO: "GET /static/main/css/main.css HTTP/1.1" 304 0
INFO: "GET /static/main/css/navbar.css HTTP/1.1" 304 0
INFO: "GET /static/main/images/OC.png HTTP/1.1" 304 0
INFO: "GET /static/main/js/fontawesome.js HTTP/1.1" 304 0
INFO: "GET /static/main/js/navbar.js HTTP/1.1" 304 0
WARNING: "GET /static/main/webfonts/fa-solid-900.woff2 HTTP/1.1" 404 179
WARNING: "GET /static/main/webfonts/fa-solid-900.ttf HTTP/1.1" 404 179
INFO: "GET /lagging-records/7/ HTTP/1.1" 200 18823
INFO: "GET /lagging-records/7/ HTTP/1.1" 200 18823
WARNING: "GET /static/main/webfonts/fa-solid-900.woff2 HTTP/1.1" 404 179
WARNING: "GET /static/main/webfonts/fa-solid-900.ttf HTTP/1.1" 404 179
INFO: "GET /lagging-records/ HTTP/1.1" 200 35710
WARNING: "GET /static/main/webfonts/fa-solid-900.woff2 HTTP/1.1" 404 179
WARNING: "GET /static/main/webfonts/fa-solid-900.ttf HTTP/1.1" 404 179
INFO: "GET /add_lagging_indicator/ HTTP/1.1" 200 53565
INFO: "GET /static/lagging/js/lagging.js HTTP/1.1" 304 0
WARNING: "GET /static/main/webfonts/fa-solid-900.woff2 HTTP/1.1" 404 179
WARNING: "GET /static/main/webfonts/fa-solid-900.ttf HTTP/1.1" 404 179
INFO: "POST /add_lagging_indicator/ HTTP/1.1" 302 0
INFO: "GET /lagging-records/ HTTP/1.1" 200 38421
INFO: "GET /static/main/css/main.css HTTP/1.1" 304 0
INFO: "GET /static/main/css/fontawesome.css HTTP/1.1" 304 0
INFO: "GET /static/main/js/fontawesome.js HTTP/1.1" 304 0
INFO: "GET /static/main/css/navbar.css HTTP/1.1" 304 0
INFO: "GET /static/main/images/OC.png HTTP/1.1" 304 0
INFO: "GET /static/main/js/navbar.js HTTP/1.1" 304 0
WARNING: "GET /static/main/webfonts/fa-solid-900.woff2 HTTP/1.1" 404 179
WARNING: "GET /static/main/webfonts/fa-solid-900.ttf HTTP/1.1" 404 179
INFO: "GET /lagging-records/8/ HTTP/1.1" 200 22899
INFO: "GET /lagging-records/8/ HTTP/1.1" 200 22899
WARNING: "GET /static/main/webfonts/fa-solid-900.woff2 HTTP/1.1" 404 179
WARNING: "GET /static/main/webfonts/fa-solid-900.ttf HTTP/1.1" 404 179
INFO: "GET /lagging-records/ HTTP/1.1" 200 37862
WARNING: "GET /static/main/webfonts/fa-solid-900.woff2 HTTP/1.1" 404 179
WARNING: "GET /static/main/webfonts/fa-solid-900.ttf HTTP/1.1" 404 179
INFO: "GET /add_lagging_indicator/ HTTP/1.1" 200 53565
INFO: "GET /static/lagging/js/lagging.js HTTP/1.1" 304 0
WARNING: "GET /static/main/webfonts/fa-solid-900.woff2 HTTP/1.1" 404 179
WARNING: "GET /static/main/webfonts/fa-solid-900.ttf HTTP/1.1" 404 179
INFO: "POST /add_lagging_indicator/ HTTP/1.1" 302 0
INFO: "GET /lagging-records/ HTTP/1.1" 200 40569
INFO: "GET /static/main/css/navbar.css HTTP/1.1" 304 0
INFO: "GET /static/main/css/fontawesome.css HTTP/1.1" 304 0
INFO: "GET /static/main/js/fontawesome.js HTTP/1.1" 304 0
INFO: "GET /static/main/images/OC.png HTTP/1.1" 304 0
INFO: "GET /static/main/css/main.css HTTP/1.1" 304 0
INFO: "GET /static/main/js/navbar.js HTTP/1.1" 304 0
WARNING: "GET /static/main/webfonts/fa-solid-900.woff2 HTTP/1.1" 404 179
WARNING: "GET /static/main/webfonts/fa-solid-900.ttf HTTP/1.1" 404 179
INFO: "GET /lagging-records/9/ HTTP/1.1" 200 18914
WARNING: "GET /static/main/webfonts/fa-solid-900.woff2 HTTP/1.1" 404 179
INFO: "GET /lagging-records/9/ HTTP/1.1" 200 18914
WARNING: "GET /static/main/webfonts/fa-solid-900.ttf HTTP/1.1" 404 179
INFO: "GET /lagging-records/ HTTP/1.1" 200 40010
WARNING: "GET /static/main/webfonts/fa-solid-900.woff2 HTTP/1.1" 404 179
WARNING: "GET /static/main/webfonts/fa-solid-900.ttf HTTP/1.1" 404 179
INFO: "GET /lagging-records/5/ HTTP/1.1" 200 21702
WARNING: "GET /static/main/webfonts/fa-solid-900.woff2 HTTP/1.1" 404 179
WARNING: "GET /static/main/webfonts/fa-solid-900.ttf HTTP/1.1" 404 179
INFO: "GET /lagging-records/5/ HTTP/1.1" 200 21702
INFO: "GET /lagging/edit/5/ HTTP/1.1" 200 71726
INFO: "GET /static/main/css/fontawesome.css HTTP/1.1" 304 0
INFO: "GET /static/main/images/OC.png HTTP/1.1" 304 0
INFO: "GET /static/main/css/main.css HTTP/1.1" 304 0
INFO: "GET /static/main/css/navbar.css HTTP/1.1" 304 0
INFO: "GET /static/main/js/fontawesome.js HTTP/1.1" 304 0
INFO: "GET /static/main/js/navbar.js HTTP/1.1" 304 0
WARNING: "GET /static/main/webfonts/fa-solid-900.woff2 HTTP/1.1" 404 179
WARNING: "GET /static/main/webfonts/fa-solid-900.ttf HTTP/1.1" 404 179
INFO: "GET /lagging-records/ HTTP/1.1" 200 40010
INFO: "GET /static/main/css/fontawesome.css HTTP/1.1" 304 0
INFO: "GET /static/main/css/main.css HTTP/1.1" 304 0
INFO: "GET /static/main/css/navbar.css HTTP/1.1" 304 0
INFO: "GET /static/main/images/OC.png HTTP/1.1" 304 0
INFO: "GET /static/main/js/fontawesome.js HTTP/1.1" 304 0
INFO: "GET /static/main/js/navbar.js HTTP/1.1" 304 0
WARNING: "GET /static/main/webfonts/fa-solid-900.woff2 HTTP/1.1" 404 179
WARNING: "GET /static/main/webfonts/fa-solid-900.ttf HTTP/1.1" 404 179
INFO: "GET /lagging-records/ HTTP/1.1" 200 40010
WARNING: "GET /static/main/webfonts/fa-solid-900.woff2 HTTP/1.1" 404 179
WARNING: "GET /static/main/webfonts/fa-solid-900.ttf HTTP/1.1" 404 179
INFO: "GET /lagging-records/9/ HTTP/1.1" 200 19473
INFO: "GET /lagging-records/9/ HTTP/1.1" 200 19473
WARNING: "GET /static/main/webfonts/fa-solid-900.woff2 HTTP/1.1" 404 179
WARNING: "GET /static/main/webfonts/fa-solid-900.ttf HTTP/1.1" 404 179
INFO: "GET /lagging-records/ HTTP/1.1" 200 40010
WARNING: "GET /static/main/webfonts/fa-solid-900.woff2 HTTP/1.1" 404 179
WARNING: "GET /static/main/webfonts/fa-solid-900.ttf HTTP/1.1" 404 179
INFO: "GET /add_lagging_indicator/ HTTP/1.1" 200 53565
INFO: "GET /static/main/css/fontawesome.css HTTP/1.1" 304 0
INFO: "GET /static/main/css/main.css HTTP/1.1" 304 0
INFO: "GET /static/lagging/js/lagging.js HTTP/1.1" 304 0
INFO: "GET /static/main/images/OC.png HTTP/1.1" 304 0
INFO: "GET /static/main/css/navbar.css HTTP/1.1" 304 0
INFO: "GET /static/main/js/navbar.js HTTP/1.1" 304 0
INFO: "GET /static/main/js/fontawesome.js HTTP/1.1" 304 0
WARNING: "GET /static/main/webfonts/fa-solid-900.woff2 HTTP/1.1" 404 179
WARNING: "GET /static/main/webfonts/fa-solid-900.ttf HTTP/1.1" 404 179
INFO: "POST /add_lagging_indicator/ HTTP/1.1" 302 0
INFO: "GET /lagging-records/ HTTP/1.1" 200 42724
INFO: "GET /static/main/css/fontawesome.css HTTP/1.1" 304 0
INFO: "GET /static/main/css/main.css HTTP/1.1" 304 0
INFO: "GET /static/main/images/OC.png HTTP/1.1" 304 0
INFO: "GET /static/main/js/fontawesome.js HTTP/1.1" 304 0
INFO: "GET /static/main/css/navbar.css HTTP/1.1" 304 0
INFO: "GET /static/main/js/navbar.js HTTP/1.1" 304 0
WARNING: "GET /static/main/webfonts/fa-solid-900.woff2 HTTP/1.1" 404 179
WARNING: "GET /static/main/webfonts/fa-solid-900.ttf HTTP/1.1" 404 179
INFO: "GET /add_lagging_indicator/ HTTP/1.1" 200 53565
INFO: "GET /static/lagging/js/lagging.js HTTP/1.1" 304 0
WARNING: "GET /static/main/webfonts/fa-solid-900.woff2 HTTP/1.1" 404 179
WARNING: "GET /static/main/webfonts/fa-solid-900.ttf HTTP/1.1" 404 179
INFO: "POST /add_lagging_indicator/ HTTP/1.1" 302 0
INFO: "GET /lagging-records/ HTTP/1.1" 200 42831
INFO: "GET /static/main/css/fontawesome.css HTTP/1.1" 304 0
INFO: "GET /static/main/js/fontawesome.js HTTP/1.1" 304 0
INFO: "GET /static/main/images/OC.png HTTP/1.1" 304 0
INFO: "GET /static/main/css/main.css HTTP/1.1" 304 0
INFO: "GET /static/main/css/navbar.css HTTP/1.1" 304 0
INFO: "GET /static/main/js/navbar.js HTTP/1.1" 304 0
WARNING: "GET /static/main/webfonts/fa-solid-900.woff2 HTTP/1.1" 404 179
WARNING: "GET /static/main/webfonts/fa-solid-900.ttf HTTP/1.1" 404 179
INFO: "GET /lagging-records/11/ HTTP/1.1" 200 18983
INFO: "GET /lagging-records/11/ HTTP/1.1" 200 18983
WARNING: "GET /static/main/webfonts/fa-solid-900.woff2 HTTP/1.1" 404 179
WARNING: "GET /static/main/webfonts/fa-solid-900.ttf HTTP/1.1" 404 179
INFO: "GET /lagging-records/ HTTP/1.1" 200 42272
WARNING: "GET /static/main/webfonts/fa-solid-900.woff2 HTTP/1.1" 404 179
WARNING: "GET /static/main/webfonts/fa-solid-900.ttf HTTP/1.1" 404 179
INFO: "GET /add_lagging_indicator/ HTTP/1.1" 200 53565
INFO: "GET /static/lagging/js/lagging.js HTTP/1.1" 304 0
WARNING: "GET /static/main/webfonts/fa-solid-900.woff2 HTTP/1.1" 404 179
WARNING: "GET /static/main/webfonts/fa-solid-900.ttf HTTP/1.1" 404 179
INFO: "POST /add_lagging_indicator/ HTTP/1.1" 302 0
INFO: "GET /lagging-records/ HTTP/1.1" 200 42825
INFO: "GET /static/main/css/main.css HTTP/1.1" 304 0
INFO: "GET /static/main/css/navbar.css HTTP/1.1" 304 0
INFO: "GET /static/main/css/fontawesome.css HTTP/1.1" 304 0
INFO: "GET /static/main/images/OC.png HTTP/1.1" 304 0
INFO: "GET /static/main/js/fontawesome.js HTTP/1.1" 304 0
INFO: "GET /static/main/js/navbar.js HTTP/1.1" 304 0
WARNING: "GET /static/main/webfonts/fa-solid-900.woff2 HTTP/1.1" 404 179
WARNING: "GET /static/main/webfonts/fa-solid-900.ttf HTTP/1.1" 404 179
INFO: "GET /add_lagging_indicator/ HTTP/1.1" 200 53565
INFO: "GET /static/lagging/js/lagging.js HTTP/1.1" 304 0
WARNING: "GET /static/main/webfonts/fa-solid-900.woff2 HTTP/1.1" 404 179
WARNING: "GET /static/main/webfonts/fa-solid-900.ttf HTTP/1.1" 404 179
INFO: "POST /add_lagging_indicator/ HTTP/1.1" 302 0
INFO: "GET /lagging-records/ HTTP/1.1" 200 43049
INFO: "GET /static/main/css/fontawesome.css HTTP/1.1" 304 0
INFO: "GET /static/main/css/main.css HTTP/1.1" 304 0
INFO: "GET /static/main/js/fontawesome.js HTTP/1.1" 304 0
INFO: "GET /static/main/images/OC.png HTTP/1.1" 304 0
INFO: "GET /static/main/css/navbar.css HTTP/1.1" 304 0
INFO: "GET /static/main/js/navbar.js HTTP/1.1" 304 0
WARNING: "GET /static/main/webfonts/fa-solid-900.woff2 HTTP/1.1" 404 179
WARNING: "GET /static/main/webfonts/fa-solid-900.ttf HTTP/1.1" 404 179
INFO: "GET /add_lagging_indicator/ HTTP/1.1" 200 53565
INFO: "GET /static/lagging/js/lagging.js HTTP/1.1" 304 0
WARNING: "GET /static/main/webfonts/fa-solid-900.woff2 HTTP/1.1" 404 179
WARNING: "GET /static/main/webfonts/fa-solid-900.ttf HTTP/1.1" 404 179
INFO: "POST /add_lagging_indicator/ HTTP/1.1" 302 0
INFO: "GET /lagging-records/ HTTP/1.1" 200 43050
INFO: "GET /static/main/css/fontawesome.css HTTP/1.1" 304 0
INFO: "GET /static/main/css/main.css HTTP/1.1" 304 0
INFO: "GET /static/main/css/navbar.css HTTP/1.1" 304 0
INFO: "GET /static/main/images/OC.png HTTP/1.1" 304 0
INFO: "GET /static/main/js/fontawesome.js HTTP/1.1" 304 0
INFO: "GET /static/main/js/navbar.js HTTP/1.1" 304 0
WARNING: "GET /static/main/webfonts/fa-solid-900.woff2 HTTP/1.1" 404 179
WARNING: "GET /static/main/webfonts/fa-solid-900.ttf HTTP/1.1" 404 179
INFO: "GET /add_lagging_indicator/ HTTP/1.1" 200 53565
INFO: "GET /static/lagging/js/lagging.js HTTP/1.1" 304 0
WARNING: "GET /static/main/webfonts/fa-solid-900.woff2 HTTP/1.1" 404 179
WARNING: "GET /static/main/webfonts/fa-solid-900.ttf HTTP/1.1" 404 179
INFO: "POST /add_lagging_indicator/ HTTP/1.1" 302 0
INFO: "GET /lagging-records/ HTTP/1.1" 200 43056
INFO: "GET /static/main/css/main.css HTTP/1.1" 304 0
INFO: "GET /static/main/css/fontawesome.css HTTP/1.1" 304 0
INFO: "GET /static/main/images/OC.png HTTP/1.1" 304 0
INFO: "GET /static/main/css/navbar.css HTTP/1.1" 304 0
INFO: "GET /static/main/js/fontawesome.js HTTP/1.1" 304 0
INFO: "GET /static/main/js/navbar.js HTTP/1.1" 304 0
WARNING: "GET /static/main/webfonts/fa-solid-900.woff2 HTTP/1.1" 404 179
WARNING: "GET /static/main/webfonts/fa-solid-900.ttf HTTP/1.1" 404 179
INFO: "GET /add_lagging_indicator/ HTTP/1.1" 200 53565
INFO: "GET /static/lagging/js/lagging.js HTTP/1.1" 304 0
WARNING: "GET /static/main/webfonts/fa-solid-900.woff2 HTTP/1.1" 404 179
WARNING: "GET /static/main/webfonts/fa-solid-900.ttf HTTP/1.1" 404 179
INFO: "POST /add_lagging_indicator/ HTTP/1.1" 302 0
INFO: "GET /lagging-records/ HTTP/1.1" 200 43058
INFO: "GET /static/main/css/fontawesome.css HTTP/1.1" 304 0
INFO: "GET /static/main/css/main.css HTTP/1.1" 304 0
INFO: "GET /static/main/css/navbar.css HTTP/1.1" 304 0
INFO: "GET /static/main/images/OC.png HTTP/1.1" 304 0
INFO: "GET /static/main/js/fontawesome.js HTTP/1.1" 304 0
INFO: "GET /static/main/js/navbar.js HTTP/1.1" 304 0
WARNING: "GET /static/main/webfonts/fa-solid-900.woff2 HTTP/1.1" 404 179
WARNING: "GET /static/main/webfonts/fa-solid-900.ttf HTTP/1.1" 404 179
INFO: "GET /lagging-records/15/ HTTP/1.1" 200 21985
INFO: "GET /lagging-records/15/ HTTP/1.1" 200 21985
WARNING: "GET /static/main/webfonts/fa-solid-900.woff2 HTTP/1.1" 404 179
WARNING: "GET /static/main/webfonts/fa-solid-900.ttf HTTP/1.1" 404 179
INFO: "GET / HTTP/1.1" 200 5216
INFO: "GET /static/main/images/OC_white_logo.png HTTP/1.1" 304 0
WARNING: "GET /favicon.ico HTTP/1.1" 404 179
INFO: "GET /lagging-records/ HTTP/1.1" 200 42499
INFO: "GET /static/main/css/fontawesome.css HTTP/1.1" 304 0
INFO: "GET /static/main/css/main.css HTTP/1.1" 304 0
INFO: "GET /static/main/css/navbar.css HTTP/1.1" 304 0
INFO: "GET /static/main/images/OC.png HTTP/1.1" 304 0
INFO: "GET /static/main/js/fontawesome.js HTTP/1.1" 304 0
INFO: "GET /static/main/js/navbar.js HTTP/1.1" 304 0
WARNING: "GET /static/main/webfonts/fa-solid-900.woff2 HTTP/1.1" 404 179
WARNING: "GET /static/main/webfonts/fa-solid-900.ttf HTTP/1.1" 404 179
INFO: "GET /lagging-records/?from_incident_date=&to_incident_date=&hse_lag_filter=All&risk_factor_filter=Medium&complience_status_filter=All HTTP/1.1" 200 21052
WARNING: "GET /static/main/webfonts/fa-solid-900.woff2 HTTP/1.1" 404 179
WARNING: "GET /static/main/webfonts/fa-solid-900.ttf HTTP/1.1" 404 179
INFO: "GET /lagging-records/?from_incident_date=&to_incident_date=&hse_lag_filter=All&risk_factor_filter=Low&complience_status_filter=All HTTP/1.1" 200 21052
WARNING: "GET /static/main/webfonts/fa-solid-900.woff2 HTTP/1.1" 404 179
WARNING: "GET /static/main/webfonts/fa-solid-900.ttf HTTP/1.1" 404 179
INFO: "GET /lagging-records/?from_incident_date=&to_incident_date=&hse_lag_filter=MiPSI&risk_factor_filter=Low&complience_status_filter=All HTTP/1.1" 200 21052
WARNING: "GET /static/main/webfonts/fa-solid-900.woff2 HTTP/1.1" 404 179
WARNING: "GET /static/main/webfonts/fa-solid-900.ttf HTTP/1.1" 404 179
INFO: "GET /lagging-records/ HTTP/1.1" 200 42499
WARNING: "GET /static/main/webfonts/fa-solid-900.woff2 HTTP/1.1" 404 179
WARNING: "GET /static/main/webfonts/fa-solid-900.ttf HTTP/1.1" 404 179
INFO: "GET /lagging-records/?from_incident_date=&to_incident_date=&hse_lag_filter=MiPSI&risk_factor_filter=All&complience_status_filter=All HTTP/1.1" 200 29527
WARNING: "GET /static/main/webfonts/fa-solid-900.woff2 HTTP/1.1" 404 179
WARNING: "GET /static/main/webfonts/fa-solid-900.ttf HTTP/1.1" 404 179
INFO: "GET /lagging-records/ HTTP/1.1" 200 42499
WARNING: "GET /static/main/webfonts/fa-solid-900.woff2 HTTP/1.1" 404 179
WARNING: "GET /static/main/webfonts/fa-solid-900.ttf HTTP/1.1" 404 179
INFO: "GET /lagging-records/?from_incident_date=&to_incident_date=&hse_lag_filter=All&risk_factor_filter=Low&complience_status_filter=All HTTP/1.1" 200 21052
WARNING: "GET /static/main/webfonts/fa-solid-900.woff2 HTTP/1.1" 404 179
WARNING: "GET /static/main/webfonts/fa-solid-900.ttf HTTP/1.1" 404 179
INFO: "GET /lagging-records/ HTTP/1.1" 200 42499
WARNING: "GET /static/main/webfonts/fa-solid-900.woff2 HTTP/1.1" 404 179
WARNING: "GET /static/main/webfonts/fa-solid-900.ttf HTTP/1.1" 404 179
INFO: "GET /lagging-records/?from_incident_date=&to_incident_date=&hse_lag_filter=All&risk_factor_filter=Medium&complience_status_filter=All HTTP/1.1" 200 21052
WARNING: "GET /static/main/webfonts/fa-solid-900.woff2 HTTP/1.1" 404 179
WARNING: "GET /static/main/webfonts/fa-solid-900.ttf HTTP/1.1" 404 179
INFO: "GET /lagging-records/ HTTP/1.1" 200 42499
WARNING: "GET /static/main/webfonts/fa-solid-900.woff2 HTTP/1.1" 404 179
WARNING: "GET /static/main/webfonts/fa-solid-900.ttf HTTP/1.1" 404 179
INFO: "GET /attendance/pivot-report/ HTTP/1.1" 200 26943
INFO: "GET /static/main/css/fontawesome.css HTTP/1.1" 304 0
INFO: "GET /static/main/css/main.css HTTP/1.1" 304 0
INFO: "GET /static/main/css/navbar.css HTTP/1.1" 304 0
INFO: "GET /static/main/images/OC.png HTTP/1.1" 304 0
INFO: "GET /static/main/js/fontawesome.js HTTP/1.1" 304 0
INFO: "GET /static/main/js/navbar.js HTTP/1.1" 304 0
WARNING: "GET /static/main/webfonts/fa-solid-900.woff2 HTTP/1.1" 404 179
WARNING: "GET /static/main/webfonts/fa-solid-900.ttf HTTP/1.1" 404 179
INFO: "GET /attendance/pivot-report/?from_date=2025-05-01&to_date=2025-06-30&company=All&branch=Solapur&department=All&shift_code=All HTTP/1.1" 200 77174
WARNING: "GET /static/main/webfonts/fa-solid-900.woff2 HTTP/1.1" 404 179
WARNING: "GET /static/main/webfonts/fa-solid-900.ttf HTTP/1.1" 404 179
INFO: "GET /attendance/pivot-report/ HTTP/1.1" 200 26943
WARNING: "GET /static/main/webfonts/fa-solid-900.woff2 HTTP/1.1" 404 179
WARNING: "GET /static/main/webfonts/fa-solid-900.ttf HTTP/1.1" 404 179
INFO: User 'ocadmin' accessed index page.
INFO: "GET /indexpage/ HTTP/1.1" 200 23380
INFO: "GET /static/main/images/HRModule.png HTTP/1.1" 304 0
INFO: "GET /static/main/images/ProductionModule.png HTTP/1.1" 304 0
INFO: "GET /static/main/images/ETP%20Logo.png HTTP/1.1" 304 0
INFO: "GET /static/main/images/UtilityModule.png HTTP/1.1" 304 0
INFO: "GET /static/main/images/WarehouseModule.png HTTP/1.1" 304 0
INFO: "GET /static/main/images/EHSModule.png HTTP/1.1" 304 0
WARNING: "GET /static/main/webfonts/fa-solid-900.woff2 HTTP/1.1" 404 179
WARNING: "GET /static/main/webfonts/fa-solid-900.ttf HTTP/1.1" 404 179
INFO: "GET /canteen-dashboard/ HTTP/1.1" 200 7831
INFO: "GET /static/main/js/fontawesome.js HTTP/1.1" 304 0
INFO: "GET /static/main/css/fontawesome.css HTTP/1.1" 304 0
WARNING: "GET /static/main/webfonts/fa-solid-900.woff2 HTTP/1.1" 404 179
WARNING: "GET /static/main/webfonts/fa-solid-900.ttf HTTP/1.1" 404 179
INFO: "GET /fetch-attendance/ HTTP/1.1" 200 96738
INFO: "GET /api/dashboard-data/ HTTP/1.1" 200 67
INFO: "GET /fetch-attendance/ HTTP/1.1" 200 96738
INFO: "GET /api/dashboard-data/ HTTP/1.1" 200 67
INFO: "GET /canteen-dashboard/?from_date=2025-06-01&to_date=2025-06-01 HTTP/1.1" 200 95357
WARNING: "GET /static/main/webfonts/fa-solid-900.woff2 HTTP/1.1" 404 179
WARNING: "GET /static/main/webfonts/fa-solid-900.ttf HTTP/1.1" 404 179
INFO: "GET /fetch-attendance/ HTTP/1.1" 200 96738
INFO: "GET /fetch-attendance/ HTTP/1.1" 200 96738
INFO: "GET /fetch-attendance/ HTTP/1.1" 200 96738
INFO: "GET /fetch-attendance/ HTTP/1.1" 200 135
INFO: "GET /api/dashboard-data/ HTTP/1.1" 200 67
INFO: "GET /canteen-attendance-summary/ HTTP/1.1" 200 558268
INFO: "GET /static/main/css/main.css HTTP/1.1" 304 0
INFO: "GET /static/main/css/navbar.css HTTP/1.1" 304 0
INFO: "GET /static/main/js/navbar.js HTTP/1.1" 304 0
INFO: "GET /static/main/images/OC.png HTTP/1.1" 304 0
WARNING: "GET /static/main/webfonts/fa-solid-900.woff2 HTTP/1.1" 404 179
WARNING: "GET /static/main/webfonts/fa-solid-900.ttf HTTP/1.1" 404 179
INFO: "GET /fetch-attendance/ HTTP/1.1" 200 96738
INFO: "GET /fetch-attendance/ HTTP/1.1" 200 96738
INFO: - Broken pipe from ('192.168.1.253', 34974)
INFO: "GET /fetch-attendance/ HTTP/1.1" 200 96738
INFO: "GET /fetch-attendance/ HTTP/1.1" 200 96738
INFO: "GET /view_downtime/ HTTP/1.1" 200 52184
INFO: "GET /static/main/css/fontawesome.css HTTP/1.1" 304 0
INFO: "GET /static/main/js/fontawesome.js HTTP/1.1" 304 0
WARNING: "GET /static/main/webfonts/fa-solid-900.woff2 HTTP/1.1" 404 179
WARNING: "GET /static/main/webfonts/fa-solid-900.ttf HTTP/1.1" 404 179
INFO: User 'ocadmin' accessed index page.
INFO: "GET /indexpage/ HTTP/1.1" 200 23380
INFO: "GET /static/main/images/HRModule.png HTTP/1.1" 304 0
INFO: "GET /static/main/images/ProductionModule.png HTTP/1.1" 304 0
INFO: "GET /static/main/images/EHSModule.png HTTP/1.1" 304 0
INFO: "GET /static/main/images/WarehouseModule.png HTTP/1.1" 304 0
INFO: "GET /static/main/images/ETP%20Logo.png HTTP/1.1" 304 0
INFO: "GET /static/main/images/UtilityModule.png HTTP/1.1" 304 0
WARNING: "GET /static/main/webfonts/fa-solid-900.woff2 HTTP/1.1" 404 179
WARNING: "GET /static/main/webfonts/fa-solid-900.ttf HTTP/1.1" 404 179
INFO: User 'ocadmin' viewed leading records page: 1 (records this page: 10)
INFO: "GET /view_leading/ HTTP/1.1" 200 46798
WARNING: "GET /static/main/webfonts/fa-solid-900.woff2 HTTP/1.1" 404 179
WARNING: "GET /static/main/webfonts/fa-solid-900.ttf HTTP/1.1" 404 179
INFO: "GET /pssr/list/ HTTP/1.1" 200 37139
WARNING: "GET /static/main/webfonts/fa-solid-900.woff2 HTTP/1.1" 404 179
WARNING: "GET /static/main/webfonts/fa-solid-900.ttf HTTP/1.1" 404 179
INFO: "GET /pssr/7/ HTTP/1.1" 200 66782
WARNING: "GET /static/main/webfonts/fa-solid-900.woff2 HTTP/1.1" 404 179
WARNING: "GET /static/main/webfonts/fa-solid-900.ttf HTTP/1.1" 404 179
INFO: "GET /pssr/list/ HTTP/1.1" 200 37139
INFO: "GET /static/main/css/main.css HTTP/1.1" 304 0
INFO: "GET /static/main/images/OC.png HTTP/1.1" 304 0
INFO: "GET /static/main/js/navbar.js HTTP/1.1" 304 0
INFO: "GET /static/main/css/navbar.css HTTP/1.1" 304 0
WARNING: "GET /static/main/webfonts/fa-solid-900.woff2 HTTP/1.1" 404 179
WARNING: "GET /static/main/webfonts/fa-solid-900.ttf HTTP/1.1" 404 179
INFO: "GET /pssr/list/?page=2 HTTP/1.1" 200 21030
WARNING: "GET /static/main/webfonts/fa-solid-900.woff2 HTTP/1.1" 404 179
WARNING: "GET /static/main/webfonts/fa-solid-900.ttf HTTP/1.1" 404 179
INFO: "GET /pssr/list/?page=1 HTTP/1.1" 200 37139
WARNING: "GET /static/main/webfonts/fa-solid-900.woff2 HTTP/1.1" 404 179
WARNING: "GET /static/main/webfonts/fa-solid-900.ttf HTTP/1.1" 404 179
INFO: "GET /pssr/list/?page=1 HTTP/1.1" 200 37139
INFO: "GET /static/main/css/fontawesome.css HTTP/1.1" 304 0
INFO: "GET /static/main/css/main.css HTTP/1.1" 304 0
INFO: "GET /static/main/css/navbar.css HTTP/1.1" 304 0
INFO: "GET /static/main/images/OC.png HTTP/1.1" 304 0
INFO: "GET /static/main/js/fontawesome.js HTTP/1.1" 304 0
INFO: "GET /static/main/js/navbar.js HTTP/1.1" 304 0
WARNING: "GET /static/main/webfonts/fa-solid-900.woff2 HTTP/1.1" 404 179
WARNING: "GET /static/main/webfonts/fa-solid-900.ttf HTTP/1.1" 404 179
INFO: "GET /pssr/list/?page=2 HTTP/1.1" 200 21030
WARNING: "GET /static/main/webfonts/fa-solid-900.woff2 HTTP/1.1" 404 179
WARNING: "GET /static/main/webfonts/fa-solid-900.ttf HTTP/1.1" 404 179
INFO: "GET /pssr/list/?page=1 HTTP/1.1" 200 37139
WARNING: "GET /static/main/webfonts/fa-solid-900.woff2 HTTP/1.1" 404 179
WARNING: "GET /static/main/webfonts/fa-solid-900.ttf HTTP/1.1" 404 179
INFO: "GET /pssr/pssr-chart-summary/ HTTP/1.1" 200 19300
WARNING: "GET /static/main/webfonts/fa-solid-900.woff2 HTTP/1.1" 404 179
WARNING: "GET /static/main/webfonts/fa-solid-900.ttf HTTP/1.1" 404 179
INFO: "GET /pssr/pssr-chart-summary/?from_date=2025-05-01&to_date=2025-06-02 HTTP/1.1" 200 19300
WARNING: "GET /static/main/webfonts/fa-solid-900.woff2 HTTP/1.1" 404 179
WARNING: "GET /static/main/webfonts/fa-solid-900.ttf HTTP/1.1" 404 179
INFO: "GET /pssr/list/ HTTP/1.1" 200 37139
WARNING: "GET /static/main/webfonts/fa-solid-900.woff2 HTTP/1.1" 404 179
WARNING: "GET /static/main/webfonts/fa-solid-900.ttf HTTP/1.1" 404 179
INFO: "GET /pssr/1/ HTTP/1.1" 200 18929
WARNING: "GET /static/main/webfonts/fa-solid-900.woff2 HTTP/1.1" 404 179
WARNING: "GET /static/main/webfonts/fa-solid-900.ttf HTTP/1.1" 404 179
INFO: "GET /pssr/list/ HTTP/1.1" 200 37139
WARNING: "GET /static/main/webfonts/fa-solid-900.woff2 HTTP/1.1" 404 179
WARNING: "GET /static/main/webfonts/fa-solid-900.ttf HTTP/1.1" 404 179
INFO: "GET /pssr/pssr-chart-summary/ HTTP/1.1" 200 19300
WARNING: "GET /static/main/webfonts/fa-solid-900.woff2 HTTP/1.1" 404 179
WARNING: "GET /static/main/webfonts/fa-solid-900.ttf HTTP/1.1" 404 179
INFO: "GET /pssr/pssr-chart-summary/ HTTP/1.1" 200 19300
INFO: "GET /static/main/css/fontawesome.css HTTP/1.1" 304 0
INFO: "GET /static/main/css/navbar.css HTTP/1.1" 304 0
INFO: "GET /static/main/css/main.css HTTP/1.1" 304 0
INFO: "GET /static/main/images/OC.png HTTP/1.1" 304 0
INFO: "GET /static/main/js/fontawesome.js HTTP/1.1" 304 0
INFO: "GET /static/main/js/navbar.js HTTP/1.1" 304 0
WARNING: "GET /static/main/webfonts/fa-solid-900.woff2 HTTP/1.1" 404 179
WARNING: "GET /static/main/webfonts/fa-solid-900.ttf HTTP/1.1" 404 179
INFO: "GET /pssr/pssr-chart-summary/?from_date=2025-05-01&to_date=2025-06-02 HTTP/1.1" 200 19300
WARNING: "GET /static/main/webfonts/fa-solid-900.woff2 HTTP/1.1" 404 179
WARNING: "GET /static/main/webfonts/fa-solid-900.ttf HTTP/1.1" 404 179
INFO: L:\oneSource_Live\oneSource\EHS\views.py changed, reloading.
