[2025-06-27 11:20:47,352] WARNING django.server "GET /static/main/webfonts/fa-solid-900.woff2 HTTP/1.1" 404 179
[2025-06-27 11:20:47,458] WARNING django.server "GET /static/main/webfonts/fa-solid-900.ttf HTTP/1.1" 404 179
[2025-06-27 11:24:36,020] WARNING django.server "GET /static/main/webfonts/fa-solid-900.woff2 HTTP/1.1" 404 179
[2025-06-27 11:24:36,189] WARNING django.server "GET /static/main/webfonts/fa-solid-900.ttf HTTP/1.1" 404 179
[2025-06-27 11:29:48,141] WARNING django.server "GET /static/main/webfonts/fa-solid-900.woff2 HTTP/1.1" 404 179
[2025-06-27 11:29:48,227] WARNING django.server "GET /static/main/webfonts/fa-solid-900.ttf HTTP/1.1" 404 179
[2025-06-27 11:29:48,329] WARNING django.server "GET /favicon.ico HTTP/1.1" 404 179
[2025-06-27 11:32:52,472] WARNING django.server "GET /static/main/webfonts/fa-solid-900.woff2 HTTP/1.1" 404 179
[2025-06-27 11:32:52,583] WARNING django.server "GET /static/main/webfonts/fa-solid-900.ttf HTTP/1.1" 404 179
[2025-06-27 11:33:19,659] WARNING django.server "GET /static/main/webfonts/fa-solid-900.woff2 HTTP/1.1" 404 179
[2025-06-27 11:33:19,741] WARNING django.server "GET /static/main/webfonts/fa-solid-900.ttf HTTP/1.1" 404 179
[2025-06-27 11:55:45,819] WARNING django.server "GET /static/main/webfonts/fa-solid-900.woff2 HTTP/1.1" 404 179
[2025-06-27 11:55:45,900] WARNING django.server "GET /static/main/webfonts/fa-solid-900.ttf HTTP/1.1" 404 179
[2025-06-27 12:01:39,625] WARNING django.server "GET /static/main/webfonts/fa-solid-900.woff2 HTTP/1.1" 404 179
[2025-06-27 12:01:39,661] WARNING django.server "GET /static/main/webfonts/fa-solid-900.ttf HTTP/1.1" 404 179
[2025-06-27 12:01:41,833] WARNING django.server "GET /static/main/webfonts/fa-solid-900.woff2 HTTP/1.1" 404 179
[2025-06-27 12:01:41,874] WARNING django.server "GET /static/main/webfonts/fa-solid-900.ttf HTTP/1.1" 404 179
[2025-06-27 12:01:47,304] WARNING django.server "GET /static/main/webfonts/fa-solid-900.woff2 HTTP/1.1" 404 179
[2025-06-27 12:01:47,325] WARNING django.server "GET /static/main/webfonts/fa-solid-900.ttf HTTP/1.1" 404 179
[2025-06-27 12:01:51,758] WARNING django.server "GET /static/main/webfonts/fa-solid-900.woff2 HTTP/1.1" 404 179
[2025-06-27 12:01:51,786] WARNING django.server "GET /static/main/webfonts/fa-solid-900.ttf HTTP/1.1" 404 179
[2025-06-27 12:04:24,419] WARNING django.server "GET /static/main/webfonts/fa-solid-900.woff2 HTTP/1.1" 404 179
[2025-06-27 12:04:24,455] WARNING django.server "GET /static/main/webfonts/fa-solid-900.ttf HTTP/1.1" 404 179
[2025-06-27 12:07:03,664] WARNING django.server "GET /static/main/webfonts/fa-solid-900.woff2 HTTP/1.1" 404 179
[2025-06-27 12:07:03,722] WARNING django.server "GET /static/main/webfonts/fa-solid-900.ttf HTTP/1.1" 404 179
[2025-06-27 12:39:02,272] WARNING django.server "GET /static/main/webfonts/fa-solid-900.woff2 HTTP/1.1" 404 179
[2025-06-27 12:39:02,438] WARNING django.server "GET /static/main/webfonts/fa-solid-900.ttf HTTP/1.1" 404 179
[2025-06-27 12:40:34,426] WARNING django.server "GET /static/main/webfonts/fa-solid-900.woff2 HTTP/1.1" 404 179
[2025-06-27 12:40:34,561] WARNING django.server "GET /static/main/webfonts/fa-solid-900.ttf HTTP/1.1" 404 179
[2025-06-27 12:41:18,721] WARNING django.server "GET /static/main/webfonts/fa-solid-900.woff2 HTTP/1.1" 404 179
[2025-06-27 12:41:18,810] WARNING django.server "GET /static/main/webfonts/fa-solid-900.ttf HTTP/1.1" 404 179
[2025-06-27 12:42:33,578] WARNING django.server "GET /static/main/webfonts/fa-solid-900.woff2 HTTP/1.1" 404 179
[2025-06-27 12:42:33,702] WARNING django.server "GET /static/main/webfonts/fa-solid-900.ttf HTTP/1.1" 404 179
[2025-06-27 12:42:36,372] WARNING django.server "GET /static/main/webfonts/fa-solid-900.woff2 HTTP/1.1" 404 179
[2025-06-27 12:42:36,478] WARNING django.server "GET /static/main/webfonts/fa-solid-900.ttf HTTP/1.1" 404 179
[2025-06-27 12:42:38,084] WARNING django.server "GET /static/main/webfonts/fa-solid-900.woff2 HTTP/1.1" 404 179
[2025-06-27 12:42:38,170] WARNING django.server "GET /static/main/webfonts/fa-solid-900.ttf HTTP/1.1" 404 179
[2025-06-27 13:05:56,911] WARNING django.server "GET /static/main/webfonts/fa-solid-900.woff2 HTTP/1.1" 404 179
[2025-06-27 13:05:57,026] WARNING django.server "GET /static/main/webfonts/fa-solid-900.ttf HTTP/1.1" 404 179
[2025-06-27 13:06:59,018] WARNING django.server "GET /static/main/webfonts/fa-solid-900.woff2 HTTP/1.1" 404 179
[2025-06-27 13:06:59,143] WARNING django.server "GET /static/main/webfonts/fa-solid-900.ttf HTTP/1.1" 404 179
[2025-06-27 13:45:08,787] WARNING django.server "GET /static/main/webfonts/fa-solid-900.woff2 HTTP/1.1" 404 179
[2025-06-27 13:45:08,914] WARNING django.server "GET /static/main/webfonts/fa-solid-900.ttf HTTP/1.1" 404 179
[2025-06-27 13:45:15,980] WARNING django.server "GET /static/main/webfonts/fa-solid-900.woff2 HTTP/1.1" 404 179
[2025-06-27 13:45:16,105] WARNING django.server "GET /static/main/webfonts/fa-solid-900.ttf HTTP/1.1" 404 179
[2025-06-27 13:45:19,173] WARNING django.server "GET /static/main/webfonts/fa-solid-900.woff2 HTTP/1.1" 404 179
[2025-06-27 13:45:19,321] WARNING django.server "GET /static/main/webfonts/fa-solid-900.ttf HTTP/1.1" 404 179
[2025-06-27 13:45:21,017] WARNING django.server "GET /static/main/webfonts/fa-solid-900.woff2 HTTP/1.1" 404 179
[2025-06-27 13:45:21,146] WARNING django.server "GET /static/main/webfonts/fa-solid-900.ttf HTTP/1.1" 404 179
[2025-06-27 13:45:25,236] WARNING django.server "GET /static/main/webfonts/fa-solid-900.woff2 HTTP/1.1" 404 179
[2025-06-27 13:45:25,368] WARNING django.server "GET /static/main/webfonts/fa-solid-900.ttf HTTP/1.1" 404 179
[2025-06-27 13:45:28,465] WARNING django.server "GET /static/main/webfonts/fa-solid-900.woff2 HTTP/1.1" 404 179
[2025-06-27 13:45:28,599] WARNING django.server "GET /static/main/webfonts/fa-solid-900.ttf HTTP/1.1" 404 179
[2025-06-27 13:45:41,151] WARNING django.server "GET /favicon.ico HTTP/1.1" 404 179
[2025-06-27 14:04:05,132] WARNING django.server "GET /favicon.ico HTTP/1.1" 404 179
[2025-06-27 14:04:30,079] WARNING django.server "GET /static/main/webfonts/fa-solid-900.woff2 HTTP/1.1" 404 179
[2025-06-27 14:04:30,256] WARNING django.server "GET /static/main/webfonts/fa-solid-900.ttf HTTP/1.1" 404 179
[2025-06-27 14:06:03,079] WARNING django.server "GET /static/main/webfonts/fa-solid-900.woff2 HTTP/1.1" 404 179
[2025-06-27 14:06:03,217] WARNING django.server "GET /static/main/webfonts/fa-solid-900.ttf HTTP/1.1" 404 179
[2025-06-27 14:06:28,736] WARNING custom_logger Invalid login form submitted.
[2025-06-27 14:06:47,583] WARNING django.server "GET /static/main/webfonts/fa-solid-900.woff2 HTTP/1.1" 404 179
[2025-06-27 14:06:47,899] WARNING django.server "GET /static/main/webfonts/fa-solid-900.ttf HTTP/1.1" 404 179
[2025-06-27 14:12:24,780] WARNING django.server "GET /static/main/webfonts/fa-solid-900.woff2 HTTP/1.1" 404 179
[2025-06-27 14:12:24,889] WARNING django.server "GET /static/main/webfonts/fa-solid-900.ttf HTTP/1.1" 404 179
[2025-06-27 14:12:25,323] WARNING django.server "GET /favicon.ico HTTP/1.1" 404 179
[2025-06-27 14:27:48,375] WARNING django.server "GET /static/main/webfonts/fa-solid-900.woff2 HTTP/1.1" 404 179
[2025-06-27 14:27:48,689] WARNING django.server "GET /static/main/webfonts/fa-solid-900.ttf HTTP/1.1" 404 179
[2025-06-27 14:28:15,402] WARNING django.server "GET /static/main/webfonts/fa-solid-900.woff2 HTTP/1.1" 404 179
[2025-06-27 14:28:15,536] WARNING django.server "GET /static/main/webfonts/fa-solid-900.ttf HTTP/1.1" 404 179
[2025-06-27 14:41:38,470] WARNING django.server "GET /static/main/webfonts/fa-solid-900.woff2 HTTP/1.1" 404 179
[2025-06-27 14:41:38,580] WARNING django.server "GET /static/main/webfonts/fa-solid-900.ttf HTTP/1.1" 404 179
[2025-06-27 14:48:26,556] WARNING django.server "GET /static/main/webfonts/fa-solid-900.woff2 HTTP/1.1" 404 179
[2025-06-27 14:48:26,693] WARNING django.server "GET /static/main/webfonts/fa-solid-900.ttf HTTP/1.1" 404 179
[2025-06-27 14:48:38,033] WARNING django.server "GET /static/main/webfonts/fa-solid-900.woff2 HTTP/1.1" 404 179
[2025-06-27 14:48:38,162] WARNING django.server "GET /static/main/webfonts/fa-solid-900.ttf HTTP/1.1" 404 179
[2025-06-27 14:48:40,318] WARNING django.server "GET /static/main/webfonts/fa-solid-900.woff2 HTTP/1.1" 404 179
[2025-06-27 14:48:40,442] WARNING django.server "GET /static/main/webfonts/fa-solid-900.ttf HTTP/1.1" 404 179
[2025-06-27 14:48:42,531] WARNING django.server "GET /static/main/webfonts/fa-solid-900.woff2 HTTP/1.1" 404 179
[2025-06-27 14:48:42,642] WARNING django.server "GET /static/main/webfonts/fa-solid-900.ttf HTTP/1.1" 404 179
[2025-06-27 14:49:14,462] WARNING django.server "GET /static/main/webfonts/fa-solid-900.woff2 HTTP/1.1" 404 179
[2025-06-27 14:49:15,079] WARNING django.server "GET /static/main/webfonts/fa-solid-900.ttf HTTP/1.1" 404 179
[2025-06-27 14:49:23,925] WARNING django.server "GET /static/main/webfonts/fa-solid-900.woff2 HTTP/1.1" 404 179
[2025-06-27 14:49:24,047] WARNING django.server "GET /static/main/webfonts/fa-solid-900.ttf HTTP/1.1" 404 179
[2025-06-27 14:49:25,488] WARNING django.server "GET /static/main/webfonts/fa-solid-900.woff2 HTTP/1.1" 404 179
[2025-06-27 14:49:25,601] WARNING django.server "GET /static/main/webfonts/fa-solid-900.ttf HTTP/1.1" 404 179
[2025-06-27 14:49:28,076] WARNING django.server "GET /static/main/webfonts/fa-solid-900.woff2 HTTP/1.1" 404 179
[2025-06-27 14:49:28,185] WARNING django.server "GET /static/main/webfonts/fa-solid-900.ttf HTTP/1.1" 404 179
[2025-06-27 14:49:48,405] WARNING django.server "GET /static/main/webfonts/fa-solid-900.woff2 HTTP/1.1" 404 179
[2025-06-27 14:49:48,470] WARNING django.server "GET /static/main/webfonts/fa-solid-900.ttf HTTP/1.1" 404 179
[2025-06-27 14:49:48,581] WARNING django.server "GET /favicon.ico HTTP/1.1" 404 179
[2025-06-27 14:55:40,521] WARNING django.server "GET /static/main/webfonts/fa-solid-900.woff2 HTTP/1.1" 404 179
[2025-06-27 14:55:40,717] WARNING django.server "GET /static/main/webfonts/fa-solid-900.ttf HTTP/1.1" 404 179
[2025-06-27 14:55:44,690] WARNING custom_logger PageNotAnInteger: set to page 1
[2025-06-27 14:55:45,051] WARNING django.server "GET /static/main/webfonts/fa-solid-900.woff2 HTTP/1.1" 404 179
[2025-06-27 14:55:45,251] WARNING django.server "GET /static/main/webfonts/fa-solid-900.ttf HTTP/1.1" 404 179
[2025-06-27 14:56:02,044] WARNING custom_logger PageNotAnInteger: set to page 1
[2025-06-27 14:56:02,333] WARNING django.server "GET /static/main/webfonts/fa-solid-900.woff2 HTTP/1.1" 404 179
[2025-06-27 14:56:02,454] WARNING django.server "GET /static/main/webfonts/fa-solid-900.ttf HTTP/1.1" 404 179
[2025-06-27 14:56:09,517] WARNING django.server "GET /static/main/webfonts/fa-solid-900.woff2 HTTP/1.1" 404 179
[2025-06-27 14:56:09,670] WARNING django.server "GET /static/main/webfonts/fa-solid-900.ttf HTTP/1.1" 404 179
[2025-06-27 14:56:22,725] WARNING custom_logger PageNotAnInteger: set to page 1
[2025-06-27 14:56:23,111] WARNING django.server "GET /static/main/webfonts/fa-solid-900.woff2 HTTP/1.1" 404 179
[2025-06-27 14:56:23,224] WARNING django.server "GET /static/main/webfonts/fa-solid-900.ttf HTTP/1.1" 404 179
[2025-06-27 14:56:33,732] WARNING custom_logger PageNotAnInteger: set to page 1
[2025-06-27 14:56:34,037] WARNING django.server "GET /static/main/webfonts/fa-solid-900.woff2 HTTP/1.1" 404 179
[2025-06-27 14:56:34,159] WARNING django.server "GET /static/main/webfonts/fa-solid-900.ttf HTTP/1.1" 404 179
[2025-06-27 14:56:36,204] WARNING django.server "GET /static/main/webfonts/fa-solid-900.woff2 HTTP/1.1" 404 179
[2025-06-27 14:56:36,329] WARNING django.server "GET /static/main/webfonts/fa-solid-900.ttf HTTP/1.1" 404 179
[2025-06-27 14:57:31,102] WARNING django.server "GET /static/main/webfonts/fa-solid-900.woff2 HTTP/1.1" 404 179
[2025-06-27 14:57:31,253] WARNING django.server "GET /static/main/webfonts/fa-solid-900.ttf HTTP/1.1" 404 179
[2025-06-27 14:57:47,802] WARNING custom_logger PageNotAnInteger: set to page 1
[2025-06-27 14:57:48,260] WARNING django.server "GET /static/main/webfonts/fa-solid-900.woff2 HTTP/1.1" 404 179
[2025-06-27 14:57:48,399] WARNING django.server "GET /static/main/webfonts/fa-solid-900.ttf HTTP/1.1" 404 179
[2025-06-27 14:57:58,274] WARNING custom_logger PageNotAnInteger: set to page 1
[2025-06-27 14:57:58,585] WARNING django.server "GET /static/main/webfonts/fa-solid-900.woff2 HTTP/1.1" 404 179
[2025-06-27 14:57:58,706] WARNING django.server "GET /static/main/webfonts/fa-solid-900.ttf HTTP/1.1" 404 179
[2025-06-27 14:58:00,649] WARNING django.server "GET /static/main/webfonts/fa-solid-900.woff2 HTTP/1.1" 404 179
[2025-06-27 14:58:00,800] WARNING django.server "GET /static/main/webfonts/fa-solid-900.ttf HTTP/1.1" 404 179
[2025-06-27 15:01:53,163] WARNING django.server "GET /static/main/webfonts/fa-solid-900.woff2 HTTP/1.1" 404 179
[2025-06-27 15:01:53,255] WARNING django.server "GET /static/main/webfonts/fa-solid-900.ttf HTTP/1.1" 404 179
[2025-06-27 15:01:55,495] WARNING django.server "GET /static/main/webfonts/fa-solid-900.woff2 HTTP/1.1" 404 179
[2025-06-27 15:01:55,508] WARNING django.server "GET /static/main/webfonts/fa-solid-900.ttf HTTP/1.1" 404 179
[2025-06-27 15:01:57,982] WARNING django.server "GET /static/main/webfonts/fa-solid-900.woff2 HTTP/1.1" 404 179
[2025-06-27 15:01:58,096] WARNING django.server "GET /static/main/webfonts/fa-solid-900.ttf HTTP/1.1" 404 179
[2025-06-27 15:02:08,682] WARNING django.server "GET /static/main/webfonts/fa-solid-900.woff2 HTTP/1.1" 404 179
[2025-06-27 15:02:08,733] WARNING django.server "GET /static/main/webfonts/fa-solid-900.ttf HTTP/1.1" 404 179
[2025-06-27 15:03:31,156] WARNING django.server "GET /static/main/webfonts/fa-solid-900.woff2 HTTP/1.1" 404 179
[2025-06-27 15:03:31,214] WARNING django.server "GET /static/main/webfonts/fa-solid-900.ttf HTTP/1.1" 404 179
[2025-06-27 15:06:00,838] WARNING django.server "GET /static/main/webfonts/fa-solid-900.woff2 HTTP/1.1" 404 179
[2025-06-27 15:06:00,946] WARNING django.server "GET /static/main/webfonts/fa-solid-900.ttf HTTP/1.1" 404 179
[2025-06-27 15:06:16,608] WARNING django.server "GET /static/main/webfonts/fa-solid-900.woff2 HTTP/1.1" 404 179
[2025-06-27 15:06:16,735] WARNING django.server "GET /static/main/webfonts/fa-solid-900.ttf HTTP/1.1" 404 179
[2025-06-27 15:10:56,629] WARNING django.server "GET /static/main/webfonts/fa-solid-900.woff2 HTTP/1.1" 404 179
[2025-06-27 15:10:56,747] WARNING django.server "GET /static/main/webfonts/fa-solid-900.ttf HTTP/1.1" 404 179
[2025-06-27 15:11:30,282] WARNING django.server "GET /static/main/webfonts/fa-solid-900.woff2 HTTP/1.1" 404 179
[2025-06-27 15:11:30,319] WARNING django.server "GET /static/main/webfonts/fa-solid-900.ttf HTTP/1.1" 404 179
[2025-06-27 15:15:13,733] WARNING django.server "GET /static/main/webfonts/fa-solid-900.woff2 HTTP/1.1" 404 179
[2025-06-27 15:15:13,778] WARNING django.server "GET /static/main/webfonts/fa-solid-900.ttf HTTP/1.1" 404 179
[2025-06-27 15:15:18,494] WARNING django.server "GET /static/main/webfonts/fa-solid-900.woff2 HTTP/1.1" 404 179
[2025-06-27 15:15:18,524] WARNING django.server "GET /static/main/webfonts/fa-solid-900.ttf HTTP/1.1" 404 179
[2025-06-27 15:15:25,264] WARNING django.server "GET /static/main/webfonts/fa-solid-900.woff2 HTTP/1.1" 404 179
[2025-06-27 15:15:25,303] WARNING django.server "GET /static/main/webfonts/fa-solid-900.ttf HTTP/1.1" 404 179
[2025-06-27 15:15:47,479] WARNING django.server "GET /static/main/webfonts/fa-solid-900.woff2 HTTP/1.1" 404 179
[2025-06-27 15:15:47,612] WARNING django.server "GET /static/main/webfonts/fa-solid-900.ttf HTTP/1.1" 404 179
[2025-06-27 15:16:05,563] WARNING django.server "GET /static/main/webfonts/fa-solid-900.woff2 HTTP/1.1" 404 179
[2025-06-27 15:16:05,617] WARNING django.server "GET /static/main/webfonts/fa-solid-900.ttf HTTP/1.1" 404 179
[2025-06-27 15:16:11,292] WARNING django.server "GET /static/main/webfonts/fa-solid-900.woff2 HTTP/1.1" 404 179
[2025-06-27 15:16:11,377] WARNING django.server "GET /static/main/webfonts/fa-solid-900.ttf HTTP/1.1" 404 179
[2025-06-27 15:22:52,995] WARNING django.server "GET /static/main/webfonts/fa-solid-900.woff2 HTTP/1.1" 404 179
[2025-06-27 15:22:53,140] WARNING django.server "GET /static/main/webfonts/fa-solid-900.ttf HTTP/1.1" 404 179
[2025-06-27 15:23:10,117] WARNING django.server "GET /static/main/webfonts/fa-solid-900.woff2 HTTP/1.1" 404 179
[2025-06-27 15:23:10,228] WARNING django.server "GET /static/main/webfonts/fa-solid-900.ttf HTTP/1.1" 404 179
[2025-06-27 15:23:12,766] WARNING django.server "GET /static/main/webfonts/fa-solid-900.woff2 HTTP/1.1" 404 179
[2025-06-27 15:23:12,882] WARNING django.server "GET /static/main/webfonts/fa-solid-900.ttf HTTP/1.1" 404 179
[2025-06-27 15:23:20,832] WARNING django.server "GET /static/main/webfonts/fa-solid-900.woff2 HTTP/1.1" 404 179
[2025-06-27 15:23:20,964] WARNING django.server "GET /static/main/webfonts/fa-solid-900.ttf HTTP/1.1" 404 179
[2025-06-27 15:23:38,519] WARNING django.server "GET /static/main/webfonts/fa-solid-900.woff2 HTTP/1.1" 404 179
[2025-06-27 15:23:38,691] WARNING django.server "GET /static/main/webfonts/fa-solid-900.ttf HTTP/1.1" 404 179
[2025-06-27 15:23:40,937] WARNING django.server "GET /static/main/webfonts/fa-solid-900.woff2 HTTP/1.1" 404 179
[2025-06-27 15:23:41,066] WARNING django.server "GET /static/main/webfonts/fa-solid-900.ttf HTTP/1.1" 404 179
[2025-06-27 15:23:43,769] WARNING django.server "GET /static/main/webfonts/fa-solid-900.woff2 HTTP/1.1" 404 179
[2025-06-27 15:23:43,920] WARNING django.server "GET /static/main/webfonts/fa-solid-900.ttf HTTP/1.1" 404 179
[2025-06-27 15:24:03,983] WARNING django.server "GET /static/main/webfonts/fa-solid-900.woff2 HTTP/1.1" 404 179
[2025-06-27 15:24:04,118] WARNING django.server "GET /static/main/webfonts/fa-solid-900.ttf HTTP/1.1" 404 179
[2025-06-27 15:24:06,680] WARNING django.server "GET /static/main/webfonts/fa-solid-900.woff2 HTTP/1.1" 404 179
[2025-06-27 15:24:06,793] WARNING django.server "GET /static/main/webfonts/fa-solid-900.ttf HTTP/1.1" 404 179
[2025-06-27 15:31:26,132] WARNING django.server "GET /static/main/webfonts/fa-solid-900.woff2 HTTP/1.1" 404 179
[2025-06-27 15:31:26,171] WARNING django.server "GET /static/main/webfonts/fa-solid-900.ttf HTTP/1.1" 404 179
[2025-06-27 15:31:32,514] WARNING django.server "GET /static/main/webfonts/fa-solid-900.woff2 HTTP/1.1" 404 179
[2025-06-27 15:31:32,570] WARNING django.server "GET /static/main/webfonts/fa-solid-900.ttf HTTP/1.1" 404 179
[2025-06-27 15:32:23,433] WARNING django.server "GET /static/main/webfonts/fa-solid-900.woff2 HTTP/1.1" 404 179
[2025-06-27 15:32:23,549] WARNING django.server "GET /static/main/webfonts/fa-solid-900.ttf HTTP/1.1" 404 179
[2025-06-27 15:32:26,987] WARNING django.server "GET /static/main/webfonts/fa-solid-900.woff2 HTTP/1.1" 404 179
[2025-06-27 15:32:27,143] WARNING django.server "GET /static/main/webfonts/fa-solid-900.ttf HTTP/1.1" 404 179
[2025-06-27 15:32:29,016] WARNING django.server "GET /static/main/webfonts/fa-solid-900.woff2 HTTP/1.1" 404 179
[2025-06-27 15:32:29,177] WARNING django.server "GET /static/main/webfonts/fa-solid-900.ttf HTTP/1.1" 404 179
[2025-06-27 15:33:31,280] WARNING django.server "GET /static/main/webfonts/fa-solid-900.woff2 HTTP/1.1" 404 179
[2025-06-27 15:33:31,494] WARNING django.server "GET /static/main/webfonts/fa-solid-900.ttf HTTP/1.1" 404 179
[2025-06-27 15:33:37,491] WARNING django.server "GET /static/main/webfonts/fa-solid-900.woff2 HTTP/1.1" 404 179
[2025-06-27 15:33:37,578] WARNING django.server "GET /static/main/webfonts/fa-solid-900.ttf HTTP/1.1" 404 179
[2025-06-27 15:36:17,619] WARNING django.server "GET /static/main/webfonts/fa-solid-900.woff2 HTTP/1.1" 404 179
[2025-06-27 15:36:17,643] WARNING django.server "GET /static/main/webfonts/fa-solid-900.ttf HTTP/1.1" 404 179
[2025-06-27 15:36:57,782] WARNING django.server "GET /static/main/webfonts/fa-solid-900.woff2 HTTP/1.1" 404 179
[2025-06-27 15:36:57,843] WARNING django.server "GET /static/main/webfonts/fa-solid-900.ttf HTTP/1.1" 404 179
[2025-06-27 15:39:30,078] WARNING django.server "GET /static/main/webfonts/fa-solid-900.woff2 HTTP/1.1" 404 179
[2025-06-27 15:39:30,127] WARNING django.server "GET /static/main/webfonts/fa-solid-900.ttf HTTP/1.1" 404 179
[2025-06-27 15:39:34,268] WARNING django.server "GET /static/main/webfonts/fa-solid-900.woff2 HTTP/1.1" 404 179
[2025-06-27 15:39:34,297] WARNING django.server "GET /static/main/webfonts/fa-solid-900.ttf HTTP/1.1" 404 179
[2025-06-27 16:12:46,295] WARNING django.server "GET /static/main/webfonts/fa-solid-900.woff2 HTTP/1.1" 404 179
[2025-06-27 16:12:46,314] WARNING django.server "GET /static/main/webfonts/fa-solid-900.ttf HTTP/1.1" 404 179
[2025-06-27 16:17:13,112] WARNING django.server "GET /static/main/webfonts/fa-solid-900.woff2 HTTP/1.1" 404 179
[2025-06-27 16:17:13,218] WARNING django.server "GET /static/main/webfonts/fa-solid-900.ttf HTTP/1.1" 404 179
[2025-06-27 16:17:22,912] WARNING django.server "GET /static/main/webfonts/fa-solid-900.woff2 HTTP/1.1" 404 179
[2025-06-27 16:17:23,006] WARNING django.server "GET /static/main/webfonts/fa-solid-900.ttf HTTP/1.1" 404 179
[2025-06-27 16:17:29,391] WARNING django.server "GET /static/main/webfonts/fa-solid-900.woff2 HTTP/1.1" 404 179
[2025-06-27 16:17:29,488] WARNING django.server "GET /static/main/webfonts/fa-solid-900.ttf HTTP/1.1" 404 179
[2025-06-27 17:01:36,335] WARNING django.server "GET /static/main/webfonts/fa-solid-900.woff2 HTTP/1.1" 404 179
[2025-06-27 17:01:36,462] WARNING django.server "GET /static/main/webfonts/fa-solid-900.ttf HTTP/1.1" 404 179
[2025-06-27 17:01:36,607] WARNING django.server "GET /favicon.ico HTTP/1.1" 404 179
[2025-06-27 17:01:39,263] WARNING django.server "GET /static/main/webfonts/fa-solid-900.woff2 HTTP/1.1" 404 179
[2025-06-27 17:01:39,388] WARNING django.server "GET /static/main/webfonts/fa-solid-900.ttf HTTP/1.1" 404 179
[2025-06-27 17:05:41,750] WARNING custom_logger User 'raju.r' submitted invalid leading record data: <ul class="errorlist"><li>physical_location<ul class="errorlist"><li>This field is required.</li></ul></li></ul>
[2025-06-27 17:05:42,084] WARNING django.server "GET /static/main/webfonts/fa-solid-900.woff2 HTTP/1.1" 404 179
[2025-06-27 17:05:42,190] WARNING django.server "GET /static/main/webfonts/fa-solid-900.ttf HTTP/1.1" 404 179
[2025-06-27 17:06:04,915] WARNING django.server "GET /static/main/webfonts/fa-solid-900.woff2 HTTP/1.1" 404 179
[2025-06-27 17:06:05,025] WARNING django.server "GET /static/main/webfonts/fa-solid-900.ttf HTTP/1.1" 404 179
[2025-06-27 17:07:48,599] WARNING django.server "GET /static/main/webfonts/fa-solid-900.woff2 HTTP/1.1" 404 179
[2025-06-27 17:07:48,727] WARNING django.server "GET /static/main/webfonts/fa-solid-900.ttf HTTP/1.1" 404 179
[2025-06-27 17:07:50,241] WARNING django.server "GET /favicon.ico HTTP/1.1" 404 179
[2025-06-27 17:07:51,885] WARNING django.server "GET /static/main/webfonts/fa-solid-900.woff2 HTTP/1.1" 404 179
[2025-06-27 17:07:51,991] WARNING django.server "GET /static/main/webfonts/fa-solid-900.ttf HTTP/1.1" 404 179
[2025-06-27 17:11:15,889] WARNING django.server "GET /static/main/webfonts/fa-solid-900.woff2 HTTP/1.1" 404 179
[2025-06-27 17:11:16,045] WARNING django.server "GET /static/main/webfonts/fa-solid-900.ttf HTTP/1.1" 404 179
[2025-06-27 17:11:17,436] WARNING custom_logger User 'raju.r' tried to add a Lagging record without permission.
[2025-06-27 17:11:17,707] WARNING django.server "GET /static/main/webfonts/fa-solid-900.woff2 HTTP/1.1" 404 179
[2025-06-27 17:11:17,839] WARNING django.server "GET /static/main/webfonts/fa-solid-900.ttf HTTP/1.1" 404 179
[2025-06-27 17:11:18,885] WARNING custom_logger PageNotAnInteger: set to page 1
[2025-06-27 17:11:19,070] WARNING django.server "GET /static/main/webfonts/fa-solid-900.woff2 HTTP/1.1" 404 179
[2025-06-27 17:11:19,173] WARNING django.server "GET /static/main/webfonts/fa-solid-900.ttf HTTP/1.1" 404 179
[2025-06-27 17:11:33,967] WARNING django.server "GET /static/main/webfonts/fa-solid-900.woff2 HTTP/1.1" 404 179
[2025-06-27 17:11:34,095] WARNING django.server "GET /static/main/webfonts/fa-solid-900.ttf HTTP/1.1" 404 179
[2025-06-27 17:11:42,070] WARNING custom_logger PageNotAnInteger: set to page 1
[2025-06-27 17:11:42,262] WARNING django.server "GET /static/main/webfonts/fa-solid-900.woff2 HTTP/1.1" 404 179
[2025-06-27 17:11:42,372] WARNING django.server "GET /static/main/webfonts/fa-solid-900.ttf HTTP/1.1" 404 179
[2025-06-27 17:11:56,019] WARNING custom_logger PageNotAnInteger: set to page 1
[2025-06-27 17:11:56,217] WARNING django.server "GET /static/main/webfonts/fa-solid-900.woff2 HTTP/1.1" 404 179
[2025-06-27 17:11:56,330] WARNING django.server "GET /static/main/webfonts/fa-solid-900.ttf HTTP/1.1" 404 179
[2025-06-27 17:12:01,825] WARNING custom_logger PageNotAnInteger: set to page 1
[2025-06-27 17:12:02,023] WARNING django.server "GET /static/main/webfonts/fa-solid-900.woff2 HTTP/1.1" 404 179
[2025-06-27 17:12:02,138] WARNING django.server "GET /static/main/webfonts/fa-solid-900.ttf HTTP/1.1" 404 179
[2025-06-27 17:12:03,826] WARNING django.server "GET /static/main/webfonts/fa-solid-900.woff2 HTTP/1.1" 404 179
[2025-06-27 17:12:03,940] WARNING django.server "GET /static/main/webfonts/fa-solid-900.ttf HTTP/1.1" 404 179
[2025-06-27 17:12:05,112] WARNING django.server "GET /static/main/webfonts/fa-solid-900.woff2 HTTP/1.1" 404 179
[2025-06-27 17:12:05,254] WARNING django.server "GET /static/main/webfonts/fa-solid-900.ttf HTTP/1.1" 404 179
[2025-06-27 17:12:07,105] WARNING django.server "GET /static/main/webfonts/fa-solid-900.woff2 HTTP/1.1" 404 179
[2025-06-27 17:12:07,230] WARNING django.server "GET /static/main/webfonts/fa-solid-900.ttf HTTP/1.1" 404 179
[2025-06-27 17:12:08,786] WARNING custom_logger PageNotAnInteger: set to page 1
[2025-06-27 17:12:09,018] WARNING django.server "GET /static/main/webfonts/fa-solid-900.woff2 HTTP/1.1" 404 179
[2025-06-27 17:12:09,147] WARNING django.server "GET /static/main/webfonts/fa-solid-900.ttf HTTP/1.1" 404 179
[2025-06-27 17:13:03,646] WARNING django.server "GET /static/main/webfonts/fa-solid-900.woff2 HTTP/1.1" 404 179
[2025-06-27 17:13:04,354] WARNING django.server "GET /static/main/webfonts/fa-solid-900.ttf HTTP/1.1" 404 179
[2025-06-27 17:13:07,800] WARNING django.server "GET /static/main/webfonts/fa-solid-900.woff2 HTTP/1.1" 404 179
[2025-06-27 17:13:07,930] WARNING django.server "GET /static/main/webfonts/fa-solid-900.ttf HTTP/1.1" 404 179
[2025-06-27 17:13:09,299] WARNING django.server "GET /static/main/webfonts/fa-solid-900.woff2 HTTP/1.1" 404 179
[2025-06-27 17:13:09,444] WARNING django.server "GET /static/main/webfonts/fa-solid-900.ttf HTTP/1.1" 404 179
[2025-06-27 17:13:20,287] WARNING django.server "GET /static/main/webfonts/fa-solid-900.woff2 HTTP/1.1" 404 179
[2025-06-27 17:13:20,485] WARNING django.server "GET /static/main/webfonts/fa-solid-900.ttf HTTP/1.1" 404 179
[2025-06-27 17:13:21,622] WARNING django.server "GET /static/main/webfonts/fa-solid-900.woff2 HTTP/1.1" 404 179
[2025-06-27 17:13:21,740] WARNING django.server "GET /static/main/webfonts/fa-solid-900.ttf HTTP/1.1" 404 179
[2025-06-27 17:14:08,998] WARNING django.server "GET /static/main/webfonts/fa-solid-900.woff2 HTTP/1.1" 404 179
[2025-06-27 17:14:09,126] WARNING django.server "GET /static/main/webfonts/fa-solid-900.ttf HTTP/1.1" 404 179
[2025-06-27 17:30:38,559] WARNING django.server "GET /static/main/webfonts/fa-solid-900.woff2 HTTP/1.1" 404 179
[2025-06-27 17:30:38,581] WARNING django.server "GET /static/main/webfonts/fa-solid-900.ttf HTTP/1.1" 404 179
[2025-06-27 17:35:56,471] WARNING custom_logger User vikas.m tried to cancel already completed QCEntry 5.
[2025-06-27 17:36:03,419] WARNING custom_logger User vikas.m tried to cancel already completed QCEntry 5.
[2025-06-27 17:36:34,687] WARNING django.server "GET /static/main/webfonts/fa-solid-900.woff2 HTTP/1.1" 404 179
[2025-06-27 17:36:34,730] WARNING django.server "GET /static/main/webfonts/fa-solid-900.ttf HTTP/1.1" 404 179
[2025-06-27 17:38:59,177] WARNING django.server "GET /static/main/webfonts/fa-solid-900.woff2 HTTP/1.1" 404 179
[2025-06-27 17:38:59,242] WARNING django.server "GET /static/main/webfonts/fa-solid-900.ttf HTTP/1.1" 404 179
[2025-06-27 17:49:18,038] WARNING django.server "GET /static/main/webfonts/fa-solid-900.woff2 HTTP/1.1" 404 179
[2025-06-27 17:49:18,155] WARNING django.server "GET /static/main/webfonts/fa-solid-900.ttf HTTP/1.1" 404 179
[2025-06-27 17:55:31,113] WARNING django.server "GET /static/main/webfonts/fa-solid-900.woff2 HTTP/1.1" 404 179
[2025-06-27 17:55:31,254] WARNING django.server "GET /static/main/webfonts/fa-solid-900.ttf HTTP/1.1" 404 179
[2025-06-27 17:55:46,715] WARNING django.server "GET /static/main/webfonts/fa-solid-900.woff2 HTTP/1.1" 404 179
[2025-06-27 17:55:46,877] WARNING django.server "GET /static/main/webfonts/fa-solid-900.ttf HTTP/1.1" 404 179
[2025-06-27 18:12:42,581] WARNING django.server "GET /static/main/webfonts/fa-solid-900.woff2 HTTP/1.1" 404 179
[2025-06-27 18:12:42,737] WARNING django.server "GET /static/main/webfonts/fa-solid-900.ttf HTTP/1.1" 404 179
[2025-06-27 18:12:53,876] WARNING django.server "GET /static/main/webfonts/fa-solid-900.woff2 HTTP/1.1" 404 179
[2025-06-27 18:12:53,954] WARNING django.server "GET /static/main/webfonts/fa-solid-900.ttf HTTP/1.1" 404 179
[2025-06-27 18:13:18,105] WARNING django.server "GET /static/main/webfonts/fa-solid-900.woff2 HTTP/1.1" 404 179
[2025-06-27 18:13:18,180] WARNING django.server "GET /static/main/webfonts/fa-solid-900.ttf HTTP/1.1" 404 179
[2025-06-27 18:13:35,471] WARNING django.server "GET /static/main/webfonts/fa-solid-900.woff2 HTTP/1.1" 404 179
[2025-06-27 18:13:35,564] WARNING django.server "GET /static/main/webfonts/fa-solid-900.ttf HTTP/1.1" 404 179
[2025-06-27 18:31:56,669] WARNING django.server "GET /favicon.ico HTTP/1.1" 404 179
[2025-06-27 18:40:13,978] WARNING django.server "GET /static/main/webfonts/fa-solid-900.woff2 HTTP/1.1" 404 179
[2025-06-27 18:40:14,097] WARNING django.server "GET /static/main/webfonts/fa-solid-900.ttf HTTP/1.1" 404 179
[2025-06-27 18:40:14,466] WARNING django.server "GET /favicon.ico HTTP/1.1" 404 179
[2025-06-27 18:40:15,821] WARNING django.server "GET /static/main/webfonts/fa-solid-900.woff2 HTTP/1.1" 404 179
[2025-06-27 18:40:15,963] WARNING django.server "GET /static/main/webfonts/fa-solid-900.ttf HTTP/1.1" 404 179
[2025-06-27 19:31:14,608] WARNING django.server "GET /static/main/webfonts/fa-solid-900.woff2 HTTP/1.1" 404 179
[2025-06-27 19:31:14,737] WARNING django.server "GET /static/main/webfonts/fa-solid-900.ttf HTTP/1.1" 404 179
[2025-06-27 19:32:03,728] WARNING django.server "GET /static/main/webfonts/fa-solid-900.woff2 HTTP/1.1" 404 179
[2025-06-27 19:32:03,843] WARNING django.server "GET /static/main/webfonts/fa-solid-900.ttf HTTP/1.1" 404 179
[2025-06-27 19:32:37,509] WARNING django.server "GET /static/main/webfonts/fa-solid-900.woff2 HTTP/1.1" 404 179
[2025-06-27 19:32:37,643] WARNING django.server "GET /static/main/webfonts/fa-solid-900.ttf HTTP/1.1" 404 179
[2025-06-27 19:33:08,583] WARNING django.server "GET /static/main/webfonts/fa-solid-900.woff2 HTTP/1.1" 404 179
[2025-06-27 19:33:08,705] WARNING django.server "GET /static/main/webfonts/fa-solid-900.ttf HTTP/1.1" 404 179
[2025-06-27 19:33:43,686] WARNING django.server "GET /static/main/webfonts/fa-solid-900.woff2 HTTP/1.1" 404 179
[2025-06-27 19:33:43,815] WARNING django.server "GET /static/main/webfonts/fa-solid-900.ttf HTTP/1.1" 404 179
[2025-06-27 19:34:07,949] WARNING django.server "GET /static/main/webfonts/fa-solid-900.woff2 HTTP/1.1" 404 179
[2025-06-27 19:34:08,066] WARNING django.server "GET /static/main/webfonts/fa-solid-900.ttf HTTP/1.1" 404 179
[2025-06-27 19:34:39,563] WARNING django.server "GET /static/main/webfonts/fa-solid-900.woff2 HTTP/1.1" 404 179
[2025-06-27 19:34:39,720] WARNING django.server "GET /static/main/webfonts/fa-solid-900.ttf HTTP/1.1" 404 179
[2025-06-27 19:35:08,532] WARNING django.server "GET /static/main/webfonts/fa-solid-900.woff2 HTTP/1.1" 404 179
[2025-06-27 19:35:08,657] WARNING django.server "GET /static/main/webfonts/fa-solid-900.ttf HTTP/1.1" 404 179
[2025-06-27 19:35:39,155] WARNING django.server "GET /static/main/webfonts/fa-solid-900.woff2 HTTP/1.1" 404 179
[2025-06-27 19:35:39,276] WARNING django.server "GET /static/main/webfonts/fa-solid-900.ttf HTTP/1.1" 404 179
[2025-06-27 19:36:12,004] WARNING django.server "GET /static/main/webfonts/fa-solid-900.woff2 HTTP/1.1" 404 179
[2025-06-27 19:36:12,148] WARNING django.server "GET /static/main/webfonts/fa-solid-900.ttf HTTP/1.1" 404 179
[2025-06-27 19:36:39,934] WARNING django.server "GET /static/main/webfonts/fa-solid-900.woff2 HTTP/1.1" 404 179
[2025-06-27 19:36:40,053] WARNING django.server "GET /static/main/webfonts/fa-solid-900.ttf HTTP/1.1" 404 179
[2025-06-27 19:37:12,402] WARNING django.server "GET /static/main/webfonts/fa-solid-900.woff2 HTTP/1.1" 404 179
[2025-06-27 19:37:12,536] WARNING django.server "GET /static/main/webfonts/fa-solid-900.ttf HTTP/1.1" 404 179
[2025-06-27 19:37:40,592] WARNING django.server "GET /static/main/webfonts/fa-solid-900.woff2 HTTP/1.1" 404 179
[2025-06-27 19:37:40,709] WARNING django.server "GET /static/main/webfonts/fa-solid-900.ttf HTTP/1.1" 404 179
[2025-06-27 19:38:09,457] WARNING django.server "GET /static/main/webfonts/fa-solid-900.woff2 HTTP/1.1" 404 179
[2025-06-27 19:38:09,630] WARNING django.server "GET /static/main/webfonts/fa-solid-900.ttf HTTP/1.1" 404 179
[2025-06-27 19:38:43,820] WARNING django.server "GET /static/main/webfonts/fa-solid-900.woff2 HTTP/1.1" 404 179
[2025-06-27 19:38:43,953] WARNING django.server "GET /static/main/webfonts/fa-solid-900.ttf HTTP/1.1" 404 179
[2025-06-27 19:39:11,784] WARNING django.server "GET /static/main/webfonts/fa-solid-900.woff2 HTTP/1.1" 404 179
[2025-06-27 19:39:11,940] WARNING django.server "GET /static/main/webfonts/fa-solid-900.ttf HTTP/1.1" 404 179
[2025-06-27 19:39:43,062] WARNING django.server "GET /static/main/webfonts/fa-solid-900.woff2 HTTP/1.1" 404 179
[2025-06-27 19:39:43,224] WARNING django.server "GET /static/main/webfonts/fa-solid-900.ttf HTTP/1.1" 404 179
[2025-06-27 19:40:17,268] WARNING django.server "GET /static/main/webfonts/fa-solid-900.woff2 HTTP/1.1" 404 179
[2025-06-27 19:40:17,392] WARNING django.server "GET /static/main/webfonts/fa-solid-900.ttf HTTP/1.1" 404 179
[2025-06-27 19:40:40,726] WARNING django.server "GET /static/main/webfonts/fa-solid-900.woff2 HTTP/1.1" 404 179
[2025-06-27 19:40:40,897] WARNING django.server "GET /static/main/webfonts/fa-solid-900.ttf HTTP/1.1" 404 179
[2025-06-27 19:40:41,024] WARNING django.server "GET /favicon.ico HTTP/1.1" 404 179
[2025-06-27 19:40:49,965] WARNING django.server "GET /static/main/webfonts/fa-solid-900.woff2 HTTP/1.1" 404 179
[2025-06-27 19:40:50,126] WARNING django.server "GET /static/main/webfonts/fa-solid-900.ttf HTTP/1.1" 404 179
[2025-06-27 19:41:25,064] WARNING django.server "GET /static/main/webfonts/fa-solid-900.woff2 HTTP/1.1" 404 179
[2025-06-27 19:41:25,195] WARNING django.server "GET /static/main/webfonts/fa-solid-900.ttf HTTP/1.1" 404 179
[2025-06-27 19:41:49,030] WARNING django.server "GET /static/main/webfonts/fa-solid-900.woff2 HTTP/1.1" 404 179
[2025-06-27 19:41:49,143] WARNING django.server "GET /static/main/webfonts/fa-solid-900.ttf HTTP/1.1" 404 179
[2025-06-27 19:42:22,549] WARNING django.server "GET /static/main/webfonts/fa-solid-900.woff2 HTTP/1.1" 404 179
[2025-06-27 19:42:22,670] WARNING django.server "GET /static/main/webfonts/fa-solid-900.ttf HTTP/1.1" 404 179
[2025-06-27 19:42:51,228] WARNING django.server "GET /static/main/webfonts/fa-solid-900.woff2 HTTP/1.1" 404 179
[2025-06-27 19:42:51,360] WARNING django.server "GET /static/main/webfonts/fa-solid-900.ttf HTTP/1.1" 404 179
[2025-06-27 19:43:23,499] WARNING django.server "GET /static/main/webfonts/fa-solid-900.woff2 HTTP/1.1" 404 179
[2025-06-27 19:43:23,615] WARNING django.server "GET /static/main/webfonts/fa-solid-900.ttf HTTP/1.1" 404 179
[2025-06-27 19:43:57,929] WARNING django.server "GET /static/main/webfonts/fa-solid-900.woff2 HTTP/1.1" 404 179
[2025-06-27 19:43:58,056] WARNING django.server "GET /static/main/webfonts/fa-solid-900.ttf HTTP/1.1" 404 179
[2025-06-27 19:44:29,505] WARNING django.server "GET /static/main/webfonts/fa-solid-900.woff2 HTTP/1.1" 404 179
[2025-06-27 19:44:29,623] WARNING django.server "GET /static/main/webfonts/fa-solid-900.ttf HTTP/1.1" 404 179
[2025-06-27 19:45:02,880] WARNING django.server "GET /static/main/webfonts/fa-solid-900.woff2 HTTP/1.1" 404 179
[2025-06-27 19:45:03,009] WARNING django.server "GET /static/main/webfonts/fa-solid-900.ttf HTTP/1.1" 404 179
[2025-06-27 19:45:32,940] WARNING django.server "GET /static/main/webfonts/fa-solid-900.woff2 HTTP/1.1" 404 179
[2025-06-27 19:45:33,057] WARNING django.server "GET /static/main/webfonts/fa-solid-900.ttf HTTP/1.1" 404 179
[2025-06-27 19:46:05,561] WARNING django.server "GET /static/main/webfonts/fa-solid-900.woff2 HTTP/1.1" 404 179
[2025-06-27 19:46:05,696] WARNING django.server "GET /static/main/webfonts/fa-solid-900.ttf HTTP/1.1" 404 179
[2025-06-27 19:46:37,989] WARNING django.server "GET /static/main/webfonts/fa-solid-900.woff2 HTTP/1.1" 404 179
[2025-06-27 19:46:38,162] WARNING django.server "GET /static/main/webfonts/fa-solid-900.ttf HTTP/1.1" 404 179
[2025-06-27 19:47:04,224] WARNING django.server "GET /static/main/webfonts/fa-solid-900.woff2 HTTP/1.1" 404 179
[2025-06-27 19:47:04,334] WARNING django.server "GET /static/main/webfonts/fa-solid-900.ttf HTTP/1.1" 404 179
[2025-06-27 19:47:38,886] WARNING django.server "GET /static/main/webfonts/fa-solid-900.woff2 HTTP/1.1" 404 179
[2025-06-27 19:47:39,014] WARNING django.server "GET /static/main/webfonts/fa-solid-900.ttf HTTP/1.1" 404 179
[2025-06-27 19:48:11,494] WARNING django.server "GET /static/main/webfonts/fa-solid-900.woff2 HTTP/1.1" 404 179
[2025-06-27 19:48:11,616] WARNING django.server "GET /static/main/webfonts/fa-solid-900.ttf HTTP/1.1" 404 179
[2025-06-27 19:48:38,137] WARNING django.server "GET /static/main/webfonts/fa-solid-900.woff2 HTTP/1.1" 404 179
[2025-06-27 19:48:38,241] WARNING django.server "GET /static/main/webfonts/fa-solid-900.ttf HTTP/1.1" 404 179
[2025-06-27 19:49:11,441] WARNING django.server "GET /static/main/webfonts/fa-solid-900.woff2 HTTP/1.1" 404 179
[2025-06-27 19:49:11,561] WARNING django.server "GET /static/main/webfonts/fa-solid-900.ttf HTTP/1.1" 404 179
[2025-06-27 19:49:45,643] WARNING django.server "GET /static/main/webfonts/fa-solid-900.woff2 HTTP/1.1" 404 179
[2025-06-27 19:49:45,758] WARNING django.server "GET /static/main/webfonts/fa-solid-900.ttf HTTP/1.1" 404 179
[2025-06-27 19:50:21,084] WARNING django.server "GET /static/main/webfonts/fa-solid-900.woff2 HTTP/1.1" 404 179
[2025-06-27 19:50:21,216] WARNING django.server "GET /static/main/webfonts/fa-solid-900.ttf HTTP/1.1" 404 179
[2025-06-27 19:50:55,917] WARNING django.server "GET /static/main/webfonts/fa-solid-900.woff2 HTTP/1.1" 404 179
[2025-06-27 19:50:56,044] WARNING django.server "GET /static/main/webfonts/fa-solid-900.ttf HTTP/1.1" 404 179
[2025-06-27 19:51:27,312] WARNING django.server "GET /static/main/webfonts/fa-solid-900.woff2 HTTP/1.1" 404 179
[2025-06-27 19:51:27,443] WARNING django.server "GET /static/main/webfonts/fa-solid-900.ttf HTTP/1.1" 404 179
[2025-06-27 19:52:01,442] WARNING django.server "GET /static/main/webfonts/fa-solid-900.woff2 HTTP/1.1" 404 179
[2025-06-27 19:52:01,603] WARNING django.server "GET /static/main/webfonts/fa-solid-900.ttf HTTP/1.1" 404 179
[2025-06-27 19:52:28,739] WARNING django.server "GET /static/main/webfonts/fa-solid-900.woff2 HTTP/1.1" 404 179
[2025-06-27 19:52:28,864] WARNING django.server "GET /static/main/webfonts/fa-solid-900.ttf HTTP/1.1" 404 179
[2025-06-27 19:53:02,802] WARNING django.server "GET /static/main/webfonts/fa-solid-900.woff2 HTTP/1.1" 404 179
[2025-06-27 19:53:02,960] WARNING django.server "GET /static/main/webfonts/fa-solid-900.ttf HTTP/1.1" 404 179
[2025-06-27 19:53:29,445] WARNING django.server "GET /static/main/webfonts/fa-solid-900.woff2 HTTP/1.1" 404 179
[2025-06-27 19:53:29,573] WARNING django.server "GET /static/main/webfonts/fa-solid-900.ttf HTTP/1.1" 404 179
[2025-06-27 19:54:02,257] WARNING django.server "GET /static/main/webfonts/fa-solid-900.woff2 HTTP/1.1" 404 179
[2025-06-27 19:54:02,416] WARNING django.server "GET /static/main/webfonts/fa-solid-900.ttf HTTP/1.1" 404 179
[2025-06-27 19:54:35,226] WARNING django.server "GET /static/main/webfonts/fa-solid-900.woff2 HTTP/1.1" 404 179
[2025-06-27 19:54:35,354] WARNING django.server "GET /static/main/webfonts/fa-solid-900.ttf HTTP/1.1" 404 179
[2025-06-27 19:55:02,646] WARNING django.server "GET /static/main/webfonts/fa-solid-900.woff2 HTTP/1.1" 404 179
[2025-06-27 19:55:02,758] WARNING django.server "GET /static/main/webfonts/fa-solid-900.ttf HTTP/1.1" 404 179
[2025-06-27 19:55:35,131] WARNING django.server "GET /static/main/webfonts/fa-solid-900.woff2 HTTP/1.1" 404 179
[2025-06-27 19:55:35,246] WARNING django.server "GET /static/main/webfonts/fa-solid-900.ttf HTTP/1.1" 404 179
[2025-06-27 19:56:01,856] WARNING django.server "GET /static/main/webfonts/fa-solid-900.woff2 HTTP/1.1" 404 179
[2025-06-27 19:56:01,977] WARNING django.server "GET /static/main/webfonts/fa-solid-900.ttf HTTP/1.1" 404 179
[2025-06-27 19:56:35,351] WARNING django.server "GET /static/main/webfonts/fa-solid-900.woff2 HTTP/1.1" 404 179
[2025-06-27 19:56:35,470] WARNING django.server "GET /static/main/webfonts/fa-solid-900.ttf HTTP/1.1" 404 179
[2025-06-27 19:57:08,565] WARNING django.server "GET /static/main/webfonts/fa-solid-900.woff2 HTTP/1.1" 404 179
[2025-06-27 19:57:08,699] WARNING django.server "GET /static/main/webfonts/fa-solid-900.ttf HTTP/1.1" 404 179
[2025-06-27 19:57:41,407] WARNING django.server "GET /static/main/webfonts/fa-solid-900.woff2 HTTP/1.1" 404 179
[2025-06-27 19:57:41,521] WARNING django.server "GET /static/main/webfonts/fa-solid-900.ttf HTTP/1.1" 404 179
[2025-06-27 19:58:10,484] WARNING django.server "GET /static/main/webfonts/fa-solid-900.woff2 HTTP/1.1" 404 179
[2025-06-27 19:58:10,610] WARNING django.server "GET /static/main/webfonts/fa-solid-900.ttf HTTP/1.1" 404 179
[2025-06-27 19:58:44,567] WARNING django.server "GET /static/main/webfonts/fa-solid-900.woff2 HTTP/1.1" 404 179
[2025-06-27 19:58:44,729] WARNING django.server "GET /static/main/webfonts/fa-solid-900.ttf HTTP/1.1" 404 179
[2025-06-27 19:59:09,021] WARNING django.server "GET /static/main/webfonts/fa-solid-900.woff2 HTTP/1.1" 404 179
[2025-06-27 19:59:09,176] WARNING django.server "GET /static/main/webfonts/fa-solid-900.ttf HTTP/1.1" 404 179
[2025-06-27 19:59:40,787] WARNING django.server "GET /static/main/webfonts/fa-solid-900.woff2 HTTP/1.1" 404 179
[2025-06-27 19:59:40,910] WARNING django.server "GET /static/main/webfonts/fa-solid-900.ttf HTTP/1.1" 404 179
[2025-06-27 20:00:14,562] WARNING django.server "GET /static/main/webfonts/fa-solid-900.woff2 HTTP/1.1" 404 179
[2025-06-27 20:00:14,699] WARNING django.server "GET /static/main/webfonts/fa-solid-900.ttf HTTP/1.1" 404 179
[2025-06-27 20:00:45,461] WARNING django.server "GET /static/main/webfonts/fa-solid-900.woff2 HTTP/1.1" 404 179
[2025-06-27 20:00:45,637] WARNING django.server "GET /static/main/webfonts/fa-solid-900.ttf HTTP/1.1" 404 179
[2025-06-27 20:01:19,360] WARNING django.server "GET /static/main/webfonts/fa-solid-900.woff2 HTTP/1.1" 404 179
[2025-06-27 20:01:19,471] WARNING django.server "GET /static/main/webfonts/fa-solid-900.ttf HTTP/1.1" 404 179
[2025-06-27 20:01:46,956] WARNING django.server "GET /static/main/webfonts/fa-solid-900.woff2 HTTP/1.1" 404 179
[2025-06-27 20:01:47,082] WARNING django.server "GET /static/main/webfonts/fa-solid-900.ttf HTTP/1.1" 404 179
[2025-06-27 20:02:20,839] WARNING django.server "GET /static/main/webfonts/fa-solid-900.woff2 HTTP/1.1" 404 179
[2025-06-27 20:02:20,969] WARNING django.server "GET /static/main/webfonts/fa-solid-900.ttf HTTP/1.1" 404 179
[2025-06-27 20:02:53,463] WARNING django.server "GET /static/main/webfonts/fa-solid-900.woff2 HTTP/1.1" 404 179
[2025-06-27 20:02:53,591] WARNING django.server "GET /static/main/webfonts/fa-solid-900.ttf HTTP/1.1" 404 179
[2025-06-27 20:03:21,663] WARNING django.server "GET /static/main/webfonts/fa-solid-900.woff2 HTTP/1.1" 404 179
[2025-06-27 20:03:21,775] WARNING django.server "GET /static/main/webfonts/fa-solid-900.ttf HTTP/1.1" 404 179
[2025-06-27 20:03:54,674] WARNING django.server "GET /static/main/webfonts/fa-solid-900.woff2 HTTP/1.1" 404 179
[2025-06-27 20:03:54,808] WARNING django.server "GET /static/main/webfonts/fa-solid-900.ttf HTTP/1.1" 404 179
[2025-06-27 20:04:28,181] WARNING django.server "GET /static/main/webfonts/fa-solid-900.woff2 HTTP/1.1" 404 179
[2025-06-27 20:04:28,291] WARNING django.server "GET /static/main/webfonts/fa-solid-900.ttf HTTP/1.1" 404 179
[2025-06-27 20:05:03,430] WARNING django.server "GET /static/main/webfonts/fa-solid-900.woff2 HTTP/1.1" 404 179
[2025-06-27 20:05:03,562] WARNING django.server "GET /static/main/webfonts/fa-solid-900.ttf HTTP/1.1" 404 179
[2025-06-27 20:05:35,303] WARNING django.server "GET /static/main/webfonts/fa-solid-900.woff2 HTTP/1.1" 404 179
[2025-06-27 20:05:35,420] WARNING django.server "GET /static/main/webfonts/fa-solid-900.ttf HTTP/1.1" 404 179
[2025-06-27 20:06:11,781] WARNING django.server "GET /static/main/webfonts/fa-solid-900.woff2 HTTP/1.1" 404 179
[2025-06-27 20:06:11,916] WARNING django.server "GET /static/main/webfonts/fa-solid-900.ttf HTTP/1.1" 404 179
[2025-06-27 20:06:41,530] WARNING django.server "GET /static/main/webfonts/fa-solid-900.woff2 HTTP/1.1" 404 179
[2025-06-27 20:06:41,653] WARNING django.server "GET /static/main/webfonts/fa-solid-900.ttf HTTP/1.1" 404 179
[2025-06-27 20:07:15,768] WARNING django.server "GET /static/main/webfonts/fa-solid-900.woff2 HTTP/1.1" 404 179
[2025-06-27 20:07:15,902] WARNING django.server "GET /static/main/webfonts/fa-solid-900.ttf HTTP/1.1" 404 179
[2025-06-27 20:07:42,581] WARNING django.server "GET /static/main/webfonts/fa-solid-900.woff2 HTTP/1.1" 404 179
[2025-06-27 20:07:42,691] WARNING django.server "GET /static/main/webfonts/fa-solid-900.ttf HTTP/1.1" 404 179
[2025-06-27 20:08:17,133] WARNING django.server "GET /static/main/webfonts/fa-solid-900.woff2 HTTP/1.1" 404 179
[2025-06-27 20:08:17,264] WARNING django.server "GET /static/main/webfonts/fa-solid-900.ttf HTTP/1.1" 404 179
[2025-06-27 20:08:44,449] WARNING django.server "GET /static/main/webfonts/fa-solid-900.woff2 HTTP/1.1" 404 179
[2025-06-27 20:08:44,562] WARNING django.server "GET /static/main/webfonts/fa-solid-900.ttf HTTP/1.1" 404 179
[2025-06-27 20:09:12,204] WARNING django.server "GET /static/main/webfonts/fa-solid-900.woff2 HTTP/1.1" 404 179
[2025-06-27 20:09:12,318] WARNING django.server "GET /static/main/webfonts/fa-solid-900.ttf HTTP/1.1" 404 179
[2025-06-27 20:09:43,834] WARNING django.server "GET /static/main/webfonts/fa-solid-900.woff2 HTTP/1.1" 404 179
[2025-06-27 20:09:43,958] WARNING django.server "GET /static/main/webfonts/fa-solid-900.ttf HTTP/1.1" 404 179
[2025-06-27 20:10:17,120] WARNING django.server "GET /static/main/webfonts/fa-solid-900.woff2 HTTP/1.1" 404 179
[2025-06-27 20:10:17,229] WARNING django.server "GET /static/main/webfonts/fa-solid-900.ttf HTTP/1.1" 404 179
[2025-06-27 20:10:49,943] WARNING django.server "GET /static/main/webfonts/fa-solid-900.woff2 HTTP/1.1" 404 179
[2025-06-27 20:10:50,070] WARNING django.server "GET /static/main/webfonts/fa-solid-900.ttf HTTP/1.1" 404 179
[2025-06-27 20:11:16,612] WARNING django.server "GET /static/main/webfonts/fa-solid-900.woff2 HTTP/1.1" 404 179
[2025-06-27 20:11:16,721] WARNING django.server "GET /static/main/webfonts/fa-solid-900.ttf HTTP/1.1" 404 179
[2025-06-27 20:11:49,511] WARNING django.server "GET /static/main/webfonts/fa-solid-900.woff2 HTTP/1.1" 404 179
[2025-06-27 20:11:49,623] WARNING django.server "GET /static/main/webfonts/fa-solid-900.ttf HTTP/1.1" 404 179
[2025-06-27 20:12:14,308] WARNING django.server "GET /static/main/webfonts/fa-solid-900.woff2 HTTP/1.1" 404 179
[2025-06-27 20:12:14,434] WARNING django.server "GET /static/main/webfonts/fa-solid-900.ttf HTTP/1.1" 404 179
[2025-06-27 20:12:45,681] WARNING django.server "GET /static/main/webfonts/fa-solid-900.woff2 HTTP/1.1" 404 179
[2025-06-27 20:12:45,810] WARNING django.server "GET /static/main/webfonts/fa-solid-900.ttf HTTP/1.1" 404 179
[2025-06-27 20:13:20,589] WARNING django.server "GET /static/main/webfonts/fa-solid-900.woff2 HTTP/1.1" 404 179
[2025-06-27 20:13:20,718] WARNING django.server "GET /static/main/webfonts/fa-solid-900.ttf HTTP/1.1" 404 179
[2025-06-27 20:13:53,352] WARNING django.server "GET /static/main/webfonts/fa-solid-900.woff2 HTTP/1.1" 404 179
[2025-06-27 20:13:53,482] WARNING django.server "GET /static/main/webfonts/fa-solid-900.ttf HTTP/1.1" 404 179
[2025-06-27 20:14:24,816] WARNING django.server "GET /static/main/webfonts/fa-solid-900.woff2 HTTP/1.1" 404 179
[2025-06-27 20:14:24,952] WARNING django.server "GET /static/main/webfonts/fa-solid-900.ttf HTTP/1.1" 404 179
[2025-06-27 20:14:59,144] WARNING django.server "GET /static/main/webfonts/fa-solid-900.woff2 HTTP/1.1" 404 179
[2025-06-27 20:14:59,262] WARNING django.server "GET /static/main/webfonts/fa-solid-900.ttf HTTP/1.1" 404 179
[2025-06-27 20:15:27,423] WARNING django.server "GET /static/main/webfonts/fa-solid-900.woff2 HTTP/1.1" 404 179
[2025-06-27 20:15:27,568] WARNING django.server "GET /static/main/webfonts/fa-solid-900.ttf HTTP/1.1" 404 179
[2025-06-27 20:15:58,125] WARNING django.server "GET /static/main/webfonts/fa-solid-900.woff2 HTTP/1.1" 404 179
[2025-06-27 20:15:58,246] WARNING django.server "GET /static/main/webfonts/fa-solid-900.ttf HTTP/1.1" 404 179
[2025-06-27 20:16:31,967] WARNING django.server "GET /static/main/webfonts/fa-solid-900.woff2 HTTP/1.1" 404 179
[2025-06-27 20:16:32,100] WARNING django.server "GET /static/main/webfonts/fa-solid-900.ttf HTTP/1.1" 404 179
[2025-06-27 20:17:03,510] WARNING django.server "GET /static/main/webfonts/fa-solid-900.woff2 HTTP/1.1" 404 179
[2025-06-27 20:17:03,628] WARNING django.server "GET /static/main/webfonts/fa-solid-900.ttf HTTP/1.1" 404 179
[2025-06-27 20:17:35,652] WARNING django.server "GET /static/main/webfonts/fa-solid-900.woff2 HTTP/1.1" 404 179
[2025-06-27 20:17:35,782] WARNING django.server "GET /static/main/webfonts/fa-solid-900.ttf HTTP/1.1" 404 179
[2025-06-27 20:18:08,193] WARNING django.server "GET /static/main/webfonts/fa-solid-900.woff2 HTTP/1.1" 404 179
[2025-06-27 20:18:08,310] WARNING django.server "GET /static/main/webfonts/fa-solid-900.ttf HTTP/1.1" 404 179
[2025-06-27 20:18:35,857] WARNING django.server "GET /static/main/webfonts/fa-solid-900.woff2 HTTP/1.1" 404 179
[2025-06-27 20:18:36,004] WARNING django.server "GET /static/main/webfonts/fa-solid-900.ttf HTTP/1.1" 404 179
[2025-06-27 20:19:09,125] WARNING django.server "GET /static/main/webfonts/fa-solid-900.woff2 HTTP/1.1" 404 179
[2025-06-27 20:19:09,241] WARNING django.server "GET /static/main/webfonts/fa-solid-900.ttf HTTP/1.1" 404 179
[2025-06-27 20:19:34,733] WARNING django.server "GET /static/main/webfonts/fa-solid-900.woff2 HTTP/1.1" 404 179
[2025-06-27 20:19:34,851] WARNING django.server "GET /static/main/webfonts/fa-solid-900.ttf HTTP/1.1" 404 179
[2025-06-27 20:20:06,154] WARNING django.server "GET /static/main/webfonts/fa-solid-900.woff2 HTTP/1.1" 404 179
[2025-06-27 20:20:06,286] WARNING django.server "GET /static/main/webfonts/fa-solid-900.ttf HTTP/1.1" 404 179
[2025-06-27 20:20:39,574] WARNING django.server "GET /static/main/webfonts/fa-solid-900.woff2 HTTP/1.1" 404 179
[2025-06-27 20:20:39,694] WARNING django.server "GET /static/main/webfonts/fa-solid-900.ttf HTTP/1.1" 404 179
[2025-06-27 20:21:13,052] WARNING django.server "GET /static/main/webfonts/fa-solid-900.woff2 HTTP/1.1" 404 179
[2025-06-27 20:21:13,189] WARNING django.server "GET /static/main/webfonts/fa-solid-900.ttf HTTP/1.1" 404 179
[2025-06-27 20:21:48,375] WARNING django.server "GET /static/main/webfonts/fa-solid-900.woff2 HTTP/1.1" 404 179
[2025-06-27 20:21:48,510] WARNING django.server "GET /static/main/webfonts/fa-solid-900.ttf HTTP/1.1" 404 179
[2025-06-27 20:22:23,792] WARNING django.server "GET /static/main/webfonts/fa-solid-900.woff2 HTTP/1.1" 404 179
[2025-06-27 20:22:23,929] WARNING django.server "GET /static/main/webfonts/fa-solid-900.ttf HTTP/1.1" 404 179
[2025-06-27 20:22:56,920] WARNING django.server "GET /static/main/webfonts/fa-solid-900.woff2 HTTP/1.1" 404 179
[2025-06-27 20:22:57,059] WARNING django.server "GET /static/main/webfonts/fa-solid-900.ttf HTTP/1.1" 404 179
[2025-06-27 20:23:24,932] WARNING django.server "GET /static/main/webfonts/fa-solid-900.woff2 HTTP/1.1" 404 179
[2025-06-27 20:23:25,071] WARNING django.server "GET /static/main/webfonts/fa-solid-900.ttf HTTP/1.1" 404 179
[2025-06-27 20:23:56,980] WARNING django.server "GET /static/main/webfonts/fa-solid-900.woff2 HTTP/1.1" 404 179
[2025-06-27 20:23:57,117] WARNING django.server "GET /static/main/webfonts/fa-solid-900.ttf HTTP/1.1" 404 179
[2025-06-27 20:24:28,962] WARNING django.server "GET /static/main/webfonts/fa-solid-900.woff2 HTTP/1.1" 404 179
[2025-06-27 20:24:29,105] WARNING django.server "GET /static/main/webfonts/fa-solid-900.ttf HTTP/1.1" 404 179
[2025-06-27 20:25:04,800] WARNING django.server "GET /static/main/webfonts/fa-solid-900.woff2 HTTP/1.1" 404 179
[2025-06-27 20:25:04,931] WARNING django.server "GET /static/main/webfonts/fa-solid-900.ttf HTTP/1.1" 404 179
[2025-06-27 20:25:38,443] WARNING django.server "GET /static/main/webfonts/fa-solid-900.woff2 HTTP/1.1" 404 179
[2025-06-27 20:25:38,580] WARNING django.server "GET /static/main/webfonts/fa-solid-900.ttf HTTP/1.1" 404 179
[2025-06-27 20:26:03,715] WARNING django.server "GET /static/main/webfonts/fa-solid-900.woff2 HTTP/1.1" 404 179
[2025-06-27 20:26:03,834] WARNING django.server "GET /static/main/webfonts/fa-solid-900.ttf HTTP/1.1" 404 179
[2025-06-27 20:26:36,991] WARNING django.server "GET /static/main/webfonts/fa-solid-900.woff2 HTTP/1.1" 404 179
[2025-06-27 20:26:37,160] WARNING django.server "GET /static/main/webfonts/fa-solid-900.ttf HTTP/1.1" 404 179
[2025-06-27 20:27:10,498] WARNING django.server "GET /static/main/webfonts/fa-solid-900.woff2 HTTP/1.1" 404 179
[2025-06-27 20:27:10,654] WARNING django.server "GET /static/main/webfonts/fa-solid-900.ttf HTTP/1.1" 404 179
[2025-06-27 20:27:42,171] WARNING django.server "GET /static/main/webfonts/fa-solid-900.woff2 HTTP/1.1" 404 179
[2025-06-27 20:27:42,303] WARNING django.server "GET /static/main/webfonts/fa-solid-900.ttf HTTP/1.1" 404 179
[2025-06-27 20:28:17,635] WARNING django.server "GET /static/main/webfonts/fa-solid-900.woff2 HTTP/1.1" 404 179
[2025-06-27 20:28:17,794] WARNING django.server "GET /static/main/webfonts/fa-solid-900.ttf HTTP/1.1" 404 179
[2025-06-27 20:28:46,266] WARNING django.server "GET /static/main/webfonts/fa-solid-900.woff2 HTTP/1.1" 404 179
[2025-06-27 20:28:46,441] WARNING django.server "GET /static/main/webfonts/fa-solid-900.ttf HTTP/1.1" 404 179
[2025-06-27 20:29:22,592] WARNING django.server "GET /static/main/webfonts/fa-solid-900.woff2 HTTP/1.1" 404 179
[2025-06-27 20:29:22,724] WARNING django.server "GET /static/main/webfonts/fa-solid-900.ttf HTTP/1.1" 404 179
[2025-06-27 20:29:46,740] WARNING django.server "GET /static/main/webfonts/fa-solid-900.woff2 HTTP/1.1" 404 179
[2025-06-27 20:29:46,858] WARNING django.server "GET /static/main/webfonts/fa-solid-900.ttf HTTP/1.1" 404 179
[2025-06-27 20:30:22,319] WARNING django.server "GET /static/main/webfonts/fa-solid-900.woff2 HTTP/1.1" 404 179
[2025-06-27 20:30:22,443] WARNING django.server "GET /static/main/webfonts/fa-solid-900.ttf HTTP/1.1" 404 179
[2025-06-27 20:30:54,009] WARNING django.server "GET /static/main/webfonts/fa-solid-900.woff2 HTTP/1.1" 404 179
[2025-06-27 20:30:54,145] WARNING django.server "GET /static/main/webfonts/fa-solid-900.ttf HTTP/1.1" 404 179
[2025-06-27 20:31:26,181] WARNING django.server "GET /static/main/webfonts/fa-solid-900.woff2 HTTP/1.1" 404 179
[2025-06-27 20:31:26,313] WARNING django.server "GET /static/main/webfonts/fa-solid-900.ttf HTTP/1.1" 404 179
[2025-06-27 20:31:57,093] WARNING django.server "GET /static/main/webfonts/fa-solid-900.woff2 HTTP/1.1" 404 179
[2025-06-27 20:31:57,237] WARNING django.server "GET /static/main/webfonts/fa-solid-900.ttf HTTP/1.1" 404 179
[2025-06-27 20:32:25,982] WARNING django.server "GET /static/main/webfonts/fa-solid-900.woff2 HTTP/1.1" 404 179
[2025-06-27 20:32:26,102] WARNING django.server "GET /static/main/webfonts/fa-solid-900.ttf HTTP/1.1" 404 179
[2025-06-27 20:33:02,006] WARNING django.server "GET /static/main/webfonts/fa-solid-900.woff2 HTTP/1.1" 404 179
[2025-06-27 20:33:02,140] WARNING django.server "GET /static/main/webfonts/fa-solid-900.ttf HTTP/1.1" 404 179
[2025-06-27 20:33:28,062] WARNING django.server "GET /static/main/webfonts/fa-solid-900.woff2 HTTP/1.1" 404 179
[2025-06-27 20:33:28,182] WARNING django.server "GET /static/main/webfonts/fa-solid-900.ttf HTTP/1.1" 404 179
[2025-06-27 20:34:02,020] WARNING django.server "GET /static/main/webfonts/fa-solid-900.woff2 HTTP/1.1" 404 179
[2025-06-27 20:34:02,139] WARNING django.server "GET /static/main/webfonts/fa-solid-900.ttf HTTP/1.1" 404 179
[2025-06-27 20:34:29,490] WARNING django.server "GET /static/main/webfonts/fa-solid-900.woff2 HTTP/1.1" 404 179
[2025-06-27 20:34:29,632] WARNING django.server "GET /static/main/webfonts/fa-solid-900.ttf HTTP/1.1" 404 179
[2025-06-27 20:35:01,112] WARNING django.server "GET /static/main/webfonts/fa-solid-900.woff2 HTTP/1.1" 404 179
[2025-06-27 20:35:01,230] WARNING django.server "GET /static/main/webfonts/fa-solid-900.ttf HTTP/1.1" 404 179
[2025-06-27 20:35:35,111] WARNING django.server "GET /static/main/webfonts/fa-solid-900.woff2 HTTP/1.1" 404 179
[2025-06-27 20:35:35,249] WARNING django.server "GET /static/main/webfonts/fa-solid-900.ttf HTTP/1.1" 404 179
[2025-06-27 20:36:03,732] WARNING django.server "GET /static/main/webfonts/fa-solid-900.woff2 HTTP/1.1" 404 179
[2025-06-27 20:36:03,847] WARNING django.server "GET /static/main/webfonts/fa-solid-900.ttf HTTP/1.1" 404 179
[2025-06-27 20:36:38,627] WARNING django.server "GET /static/main/webfonts/fa-solid-900.woff2 HTTP/1.1" 404 179
[2025-06-27 20:36:38,766] WARNING django.server "GET /static/main/webfonts/fa-solid-900.ttf HTTP/1.1" 404 179
[2025-06-27 20:37:02,964] WARNING django.server "GET /static/main/webfonts/fa-solid-900.woff2 HTTP/1.1" 404 179
[2025-06-27 20:37:03,092] WARNING django.server "GET /static/main/webfonts/fa-solid-900.ttf HTTP/1.1" 404 179
[2025-06-27 20:37:36,393] WARNING django.server "GET /static/main/webfonts/fa-solid-900.woff2 HTTP/1.1" 404 179
[2025-06-27 20:37:36,506] WARNING django.server "GET /static/main/webfonts/fa-solid-900.ttf HTTP/1.1" 404 179
[2025-06-27 20:38:08,250] WARNING django.server "GET /static/main/webfonts/fa-solid-900.woff2 HTTP/1.1" 404 179
[2025-06-27 20:38:08,400] WARNING django.server "GET /static/main/webfonts/fa-solid-900.ttf HTTP/1.1" 404 179
[2025-06-27 20:38:38,406] WARNING django.server "GET /static/main/webfonts/fa-solid-900.woff2 HTTP/1.1" 404 179
[2025-06-27 20:38:38,572] WARNING django.server "GET /static/main/webfonts/fa-solid-900.ttf HTTP/1.1" 404 179
[2025-06-27 20:39:12,300] WARNING django.server "GET /static/main/webfonts/fa-solid-900.woff2 HTTP/1.1" 404 179
[2025-06-27 20:39:12,435] WARNING django.server "GET /static/main/webfonts/fa-solid-900.ttf HTTP/1.1" 404 179
[2025-06-27 20:39:40,713] WARNING django.server "GET /static/main/webfonts/fa-solid-900.woff2 HTTP/1.1" 404 179
[2025-06-27 20:39:40,836] WARNING django.server "GET /static/main/webfonts/fa-solid-900.ttf HTTP/1.1" 404 179
[2025-06-27 20:40:16,312] WARNING django.server "GET /static/main/webfonts/fa-solid-900.woff2 HTTP/1.1" 404 179
[2025-06-27 20:40:16,441] WARNING django.server "GET /static/main/webfonts/fa-solid-900.ttf HTTP/1.1" 404 179
[2025-06-27 20:40:42,833] WARNING django.server "GET /static/main/webfonts/fa-solid-900.woff2 HTTP/1.1" 404 179
[2025-06-27 20:40:42,945] WARNING django.server "GET /static/main/webfonts/fa-solid-900.ttf HTTP/1.1" 404 179
[2025-06-27 20:41:17,112] WARNING django.server "GET /static/main/webfonts/fa-solid-900.woff2 HTTP/1.1" 404 179
[2025-06-27 20:41:17,243] WARNING django.server "GET /static/main/webfonts/fa-solid-900.ttf HTTP/1.1" 404 179
[2025-06-27 20:41:48,514] WARNING django.server "GET /static/main/webfonts/fa-solid-900.woff2 HTTP/1.1" 404 179
[2025-06-27 20:41:48,696] WARNING django.server "GET /static/main/webfonts/fa-solid-900.ttf HTTP/1.1" 404 179
[2025-06-27 20:42:20,793] WARNING django.server "GET /static/main/webfonts/fa-solid-900.woff2 HTTP/1.1" 404 179
[2025-06-27 20:42:20,948] WARNING django.server "GET /static/main/webfonts/fa-solid-900.ttf HTTP/1.1" 404 179
[2025-06-27 20:42:54,766] WARNING django.server "GET /static/main/webfonts/fa-solid-900.woff2 HTTP/1.1" 404 179
[2025-06-27 20:42:54,957] WARNING django.server "GET /static/main/webfonts/fa-solid-900.ttf HTTP/1.1" 404 179
[2025-06-27 20:43:26,359] WARNING django.server "GET /static/main/webfonts/fa-solid-900.woff2 HTTP/1.1" 404 179
[2025-06-27 20:43:26,499] WARNING django.server "GET /static/main/webfonts/fa-solid-900.ttf HTTP/1.1" 404 179
[2025-06-27 20:43:58,929] WARNING django.server "GET /static/main/webfonts/fa-solid-900.woff2 HTTP/1.1" 404 179
[2025-06-27 20:43:59,053] WARNING django.server "GET /static/main/webfonts/fa-solid-900.ttf HTTP/1.1" 404 179
[2025-06-27 20:44:34,266] WARNING django.server "GET /static/main/webfonts/fa-solid-900.woff2 HTTP/1.1" 404 179
[2025-06-27 20:44:34,406] WARNING django.server "GET /static/main/webfonts/fa-solid-900.ttf HTTP/1.1" 404 179
[2025-06-27 20:45:03,004] WARNING django.server "GET /static/main/webfonts/fa-solid-900.woff2 HTTP/1.1" 404 179
[2025-06-27 20:45:03,124] WARNING django.server "GET /static/main/webfonts/fa-solid-900.ttf HTTP/1.1" 404 179
[2025-06-27 20:45:35,711] WARNING django.server "GET /static/main/webfonts/fa-solid-900.woff2 HTTP/1.1" 404 179
[2025-06-27 20:45:35,847] WARNING django.server "GET /static/main/webfonts/fa-solid-900.ttf HTTP/1.1" 404 179
[2025-06-27 20:46:05,968] WARNING django.server "GET /static/main/webfonts/fa-solid-900.woff2 HTTP/1.1" 404 179
[2025-06-27 20:46:06,100] WARNING django.server "GET /static/main/webfonts/fa-solid-900.ttf HTTP/1.1" 404 179
[2025-06-27 20:46:34,858] WARNING django.server "GET /static/main/webfonts/fa-solid-900.woff2 HTTP/1.1" 404 179
[2025-06-27 20:46:34,984] WARNING django.server "GET /static/main/webfonts/fa-solid-900.ttf HTTP/1.1" 404 179
[2025-06-27 20:47:07,356] WARNING django.server "GET /static/main/webfonts/fa-solid-900.woff2 HTTP/1.1" 404 179
[2025-06-27 20:47:07,501] WARNING django.server "GET /static/main/webfonts/fa-solid-900.ttf HTTP/1.1" 404 179
[2025-06-27 20:47:34,332] WARNING django.server "GET /static/main/webfonts/fa-solid-900.woff2 HTTP/1.1" 404 179
[2025-06-27 20:47:34,462] WARNING django.server "GET /static/main/webfonts/fa-solid-900.ttf HTTP/1.1" 404 179
[2025-06-27 20:48:06,791] WARNING django.server "GET /static/main/webfonts/fa-solid-900.woff2 HTTP/1.1" 404 179
[2025-06-27 20:48:06,964] WARNING django.server "GET /static/main/webfonts/fa-solid-900.ttf HTTP/1.1" 404 179
[2025-06-27 20:48:38,187] WARNING django.server "GET /static/main/webfonts/fa-solid-900.woff2 HTTP/1.1" 404 179
[2025-06-27 20:48:38,328] WARNING django.server "GET /static/main/webfonts/fa-solid-900.ttf HTTP/1.1" 404 179
[2025-06-27 20:49:09,458] WARNING django.server "GET /static/main/webfonts/fa-solid-900.woff2 HTTP/1.1" 404 179
[2025-06-27 20:49:09,590] WARNING django.server "GET /static/main/webfonts/fa-solid-900.ttf HTTP/1.1" 404 179
[2025-06-27 20:49:41,579] WARNING django.server "GET /static/main/webfonts/fa-solid-900.woff2 HTTP/1.1" 404 179
[2025-06-27 20:49:41,714] WARNING django.server "GET /static/main/webfonts/fa-solid-900.ttf HTTP/1.1" 404 179
[2025-06-27 20:50:11,916] WARNING django.server "GET /static/main/webfonts/fa-solid-900.woff2 HTTP/1.1" 404 179
[2025-06-27 20:50:12,050] WARNING django.server "GET /static/main/webfonts/fa-solid-900.ttf HTTP/1.1" 404 179
[2025-06-27 20:50:45,204] WARNING django.server "GET /static/main/webfonts/fa-solid-900.woff2 HTTP/1.1" 404 179
[2025-06-27 20:50:45,343] WARNING django.server "GET /static/main/webfonts/fa-solid-900.ttf HTTP/1.1" 404 179
[2025-06-27 20:51:12,910] WARNING django.server "GET /static/main/webfonts/fa-solid-900.woff2 HTTP/1.1" 404 179
[2025-06-27 20:51:13,041] WARNING django.server "GET /static/main/webfonts/fa-solid-900.ttf HTTP/1.1" 404 179
[2025-06-27 20:51:47,386] WARNING django.server "GET /static/main/webfonts/fa-solid-900.woff2 HTTP/1.1" 404 179
[2025-06-27 20:51:47,521] WARNING django.server "GET /static/main/webfonts/fa-solid-900.ttf HTTP/1.1" 404 179
[2025-06-27 20:52:21,162] WARNING django.server "GET /static/main/webfonts/fa-solid-900.woff2 HTTP/1.1" 404 179
[2025-06-27 20:52:21,280] WARNING django.server "GET /static/main/webfonts/fa-solid-900.ttf HTTP/1.1" 404 179
[2025-06-27 20:52:49,394] WARNING django.server "GET /static/main/webfonts/fa-solid-900.woff2 HTTP/1.1" 404 179
[2025-06-27 20:52:49,536] WARNING django.server "GET /static/main/webfonts/fa-solid-900.ttf HTTP/1.1" 404 179
[2025-06-27 20:53:23,577] WARNING django.server "GET /static/main/webfonts/fa-solid-900.woff2 HTTP/1.1" 404 179
[2025-06-27 20:53:23,681] WARNING django.server "GET /static/main/webfonts/fa-solid-900.ttf HTTP/1.1" 404 179
[2025-06-27 20:53:49,896] WARNING django.server "GET /static/main/webfonts/fa-solid-900.woff2 HTTP/1.1" 404 179
[2025-06-27 20:53:50,060] WARNING django.server "GET /static/main/webfonts/fa-solid-900.ttf HTTP/1.1" 404 179
[2025-06-27 20:54:21,132] WARNING django.server "GET /static/main/webfonts/fa-solid-900.woff2 HTTP/1.1" 404 179
[2025-06-27 20:54:21,258] WARNING django.server "GET /static/main/webfonts/fa-solid-900.ttf HTTP/1.1" 404 179
[2025-06-27 20:54:55,632] WARNING django.server "GET /static/main/webfonts/fa-solid-900.woff2 HTTP/1.1" 404 179
[2025-06-27 20:54:55,780] WARNING django.server "GET /static/main/webfonts/fa-solid-900.ttf HTTP/1.1" 404 179
[2025-06-27 20:55:19,345] WARNING django.server "GET /static/main/webfonts/fa-solid-900.woff2 HTTP/1.1" 404 179
[2025-06-27 20:55:19,466] WARNING django.server "GET /static/main/webfonts/fa-solid-900.ttf HTTP/1.1" 404 179
[2025-06-27 20:55:52,288] WARNING django.server "GET /static/main/webfonts/fa-solid-900.woff2 HTTP/1.1" 404 179
[2025-06-27 20:55:52,414] WARNING django.server "GET /static/main/webfonts/fa-solid-900.ttf HTTP/1.1" 404 179
[2025-06-27 20:56:29,101] WARNING django.server "GET /static/main/webfonts/fa-solid-900.woff2 HTTP/1.1" 404 179
[2025-06-27 20:56:29,254] WARNING django.server "GET /static/main/webfonts/fa-solid-900.ttf HTTP/1.1" 404 179
[2025-06-27 20:57:02,029] WARNING django.server "GET /static/main/webfonts/fa-solid-900.woff2 HTTP/1.1" 404 179
[2025-06-27 20:57:02,201] WARNING django.server "GET /static/main/webfonts/fa-solid-900.ttf HTTP/1.1" 404 179
[2025-06-27 20:57:35,592] WARNING django.server "GET /static/main/webfonts/fa-solid-900.woff2 HTTP/1.1" 404 179
[2025-06-27 20:57:35,745] WARNING django.server "GET /static/main/webfonts/fa-solid-900.ttf HTTP/1.1" 404 179
[2025-06-27 20:58:01,928] WARNING django.server "GET /static/main/webfonts/fa-solid-900.woff2 HTTP/1.1" 404 179
[2025-06-27 20:58:02,049] WARNING django.server "GET /static/main/webfonts/fa-solid-900.ttf HTTP/1.1" 404 179
[2025-06-27 20:58:37,854] WARNING django.server "GET /static/main/webfonts/fa-solid-900.woff2 HTTP/1.1" 404 179
[2025-06-27 20:58:37,993] WARNING django.server "GET /static/main/webfonts/fa-solid-900.ttf HTTP/1.1" 404 179
[2025-06-27 20:59:11,160] WARNING django.server "GET /static/main/webfonts/fa-solid-900.woff2 HTTP/1.1" 404 179
[2025-06-27 20:59:11,283] WARNING django.server "GET /static/main/webfonts/fa-solid-900.ttf HTTP/1.1" 404 179
[2025-06-27 20:59:44,942] WARNING django.server "GET /static/main/webfonts/fa-solid-900.woff2 HTTP/1.1" 404 179
[2025-06-27 20:59:45,082] WARNING django.server "GET /static/main/webfonts/fa-solid-900.ttf HTTP/1.1" 404 179
[2025-06-27 21:00:18,851] WARNING django.server "GET /static/main/webfonts/fa-solid-900.woff2 HTTP/1.1" 404 179
[2025-06-27 21:00:18,973] WARNING django.server "GET /static/main/webfonts/fa-solid-900.ttf HTTP/1.1" 404 179
[2025-06-27 21:00:55,075] WARNING django.server "GET /static/main/webfonts/fa-solid-900.woff2 HTTP/1.1" 404 179
[2025-06-27 21:00:55,220] WARNING django.server "GET /static/main/webfonts/fa-solid-900.ttf HTTP/1.1" 404 179
[2025-06-27 21:01:25,718] WARNING django.server "GET /static/main/webfonts/fa-solid-900.woff2 HTTP/1.1" 404 179
[2025-06-27 21:01:25,839] WARNING django.server "GET /static/main/webfonts/fa-solid-900.ttf HTTP/1.1" 404 179
[2025-06-27 21:01:58,193] WARNING django.server "GET /static/main/webfonts/fa-solid-900.woff2 HTTP/1.1" 404 179
[2025-06-27 21:01:58,338] WARNING django.server "GET /static/main/webfonts/fa-solid-900.ttf HTTP/1.1" 404 179
[2025-06-27 21:02:29,365] WARNING django.server "GET /static/main/webfonts/fa-solid-900.woff2 HTTP/1.1" 404 179
[2025-06-27 21:02:29,497] WARNING django.server "GET /static/main/webfonts/fa-solid-900.ttf HTTP/1.1" 404 179
[2025-06-27 21:02:59,196] WARNING django.server "GET /static/main/webfonts/fa-solid-900.woff2 HTTP/1.1" 404 179
[2025-06-27 21:02:59,325] WARNING django.server "GET /static/main/webfonts/fa-solid-900.ttf HTTP/1.1" 404 179
[2025-06-27 21:03:33,590] WARNING django.server "GET /static/main/webfonts/fa-solid-900.woff2 HTTP/1.1" 404 179
[2025-06-27 21:03:33,707] WARNING django.server "GET /static/main/webfonts/fa-solid-900.ttf HTTP/1.1" 404 179
[2025-06-27 21:04:07,613] WARNING django.server "GET /static/main/webfonts/fa-solid-900.woff2 HTTP/1.1" 404 179
[2025-06-27 21:04:07,750] WARNING django.server "GET /static/main/webfonts/fa-solid-900.ttf HTTP/1.1" 404 179
[2025-06-27 21:04:39,801] WARNING django.server "GET /static/main/webfonts/fa-solid-900.woff2 HTTP/1.1" 404 179
[2025-06-27 21:04:39,919] WARNING django.server "GET /static/main/webfonts/fa-solid-900.ttf HTTP/1.1" 404 179
[2025-06-27 21:05:14,021] WARNING django.server "GET /static/main/webfonts/fa-solid-900.woff2 HTTP/1.1" 404 179
[2025-06-27 21:05:14,181] WARNING django.server "GET /static/main/webfonts/fa-solid-900.ttf HTTP/1.1" 404 179
[2025-06-27 21:05:37,649] WARNING django.server "GET /static/main/webfonts/fa-solid-900.woff2 HTTP/1.1" 404 179
[2025-06-27 21:05:37,771] WARNING django.server "GET /static/main/webfonts/fa-solid-900.ttf HTTP/1.1" 404 179
[2025-06-27 21:06:10,420] WARNING django.server "GET /static/main/webfonts/fa-solid-900.woff2 HTTP/1.1" 404 179
[2025-06-27 21:06:10,580] WARNING django.server "GET /static/main/webfonts/fa-solid-900.ttf HTTP/1.1" 404 179
[2025-06-27 21:06:40,169] WARNING django.server "GET /static/main/webfonts/fa-solid-900.woff2 HTTP/1.1" 404 179
[2025-06-27 21:06:40,304] WARNING django.server "GET /static/main/webfonts/fa-solid-900.ttf HTTP/1.1" 404 179
[2025-06-27 21:07:13,693] WARNING django.server "GET /static/main/webfonts/fa-solid-900.woff2 HTTP/1.1" 404 179
[2025-06-27 21:07:13,814] WARNING django.server "GET /static/main/webfonts/fa-solid-900.ttf HTTP/1.1" 404 179
[2025-06-27 21:07:46,779] WARNING django.server "GET /static/main/webfonts/fa-solid-900.woff2 HTTP/1.1" 404 179
[2025-06-27 21:07:46,919] WARNING django.server "GET /static/main/webfonts/fa-solid-900.ttf HTTP/1.1" 404 179
[2025-06-27 21:08:16,149] WARNING django.server "GET /static/main/webfonts/fa-solid-900.woff2 HTTP/1.1" 404 179
[2025-06-27 21:08:16,270] WARNING django.server "GET /static/main/webfonts/fa-solid-900.ttf HTTP/1.1" 404 179
[2025-06-27 21:08:49,616] WARNING django.server "GET /static/main/webfonts/fa-solid-900.woff2 HTTP/1.1" 404 179
[2025-06-27 21:08:49,741] WARNING django.server "GET /static/main/webfonts/fa-solid-900.ttf HTTP/1.1" 404 179
[2025-06-27 21:09:20,809] WARNING django.server "GET /static/main/webfonts/fa-solid-900.woff2 HTTP/1.1" 404 179
[2025-06-27 21:09:20,945] WARNING django.server "GET /static/main/webfonts/fa-solid-900.ttf HTTP/1.1" 404 179
[2025-06-27 21:09:48,855] WARNING django.server "GET /static/main/webfonts/fa-solid-900.woff2 HTTP/1.1" 404 179
[2025-06-27 21:09:48,978] WARNING django.server "GET /static/main/webfonts/fa-solid-900.ttf HTTP/1.1" 404 179
[2025-06-27 21:10:22,375] WARNING django.server "GET /static/main/webfonts/fa-solid-900.woff2 HTTP/1.1" 404 179
[2025-06-27 21:10:22,568] WARNING django.server "GET /static/main/webfonts/fa-solid-900.ttf HTTP/1.1" 404 179
[2025-06-27 21:10:57,522] WARNING django.server "GET /static/main/webfonts/fa-solid-900.woff2 HTTP/1.1" 404 179
[2025-06-27 21:10:57,702] WARNING django.server "GET /static/main/webfonts/fa-solid-900.ttf HTTP/1.1" 404 179
[2025-06-27 21:11:31,257] WARNING django.server "GET /static/main/webfonts/fa-solid-900.woff2 HTTP/1.1" 404 179
[2025-06-27 21:11:31,397] WARNING django.server "GET /static/main/webfonts/fa-solid-900.ttf HTTP/1.1" 404 179
[2025-06-27 21:12:06,736] WARNING django.server "GET /static/main/webfonts/fa-solid-900.woff2 HTTP/1.1" 404 179
[2025-06-27 21:12:06,863] WARNING django.server "GET /static/main/webfonts/fa-solid-900.ttf HTTP/1.1" 404 179
[2025-06-27 21:12:40,363] WARNING django.server "GET /static/main/webfonts/fa-solid-900.woff2 HTTP/1.1" 404 179
[2025-06-27 21:12:40,502] WARNING django.server "GET /static/main/webfonts/fa-solid-900.ttf HTTP/1.1" 404 179
[2025-06-27 21:13:10,700] WARNING django.server "GET /static/main/webfonts/fa-solid-900.woff2 HTTP/1.1" 404 179
[2025-06-27 21:13:10,832] WARNING django.server "GET /static/main/webfonts/fa-solid-900.ttf HTTP/1.1" 404 179
[2025-06-27 21:13:44,131] WARNING django.server "GET /static/main/webfonts/fa-solid-900.woff2 HTTP/1.1" 404 179
[2025-06-27 21:13:44,260] WARNING django.server "GET /static/main/webfonts/fa-solid-900.ttf HTTP/1.1" 404 179
[2025-06-27 21:14:17,610] WARNING django.server "GET /static/main/webfonts/fa-solid-900.woff2 HTTP/1.1" 404 179
[2025-06-27 21:14:17,733] WARNING django.server "GET /static/main/webfonts/fa-solid-900.ttf HTTP/1.1" 404 179
[2025-06-27 21:14:48,896] WARNING django.server "GET /static/main/webfonts/fa-solid-900.woff2 HTTP/1.1" 404 179
[2025-06-27 21:14:49,035] WARNING django.server "GET /static/main/webfonts/fa-solid-900.ttf HTTP/1.1" 404 179
[2025-06-27 21:15:22,947] WARNING django.server "GET /static/main/webfonts/fa-solid-900.woff2 HTTP/1.1" 404 179
[2025-06-27 21:15:23,067] WARNING django.server "GET /static/main/webfonts/fa-solid-900.ttf HTTP/1.1" 404 179
[2025-06-27 21:15:56,881] WARNING django.server "GET /static/main/webfonts/fa-solid-900.woff2 HTTP/1.1" 404 179
[2025-06-27 21:15:57,025] WARNING django.server "GET /static/main/webfonts/fa-solid-900.ttf HTTP/1.1" 404 179
[2025-06-27 21:16:26,142] WARNING django.server "GET /static/main/webfonts/fa-solid-900.woff2 HTTP/1.1" 404 179
[2025-06-27 21:16:26,260] WARNING django.server "GET /static/main/webfonts/fa-solid-900.ttf HTTP/1.1" 404 179
[2025-06-27 21:17:00,815] WARNING django.server "GET /static/main/webfonts/fa-solid-900.woff2 HTTP/1.1" 404 179
[2025-06-27 21:17:00,955] WARNING django.server "GET /static/main/webfonts/fa-solid-900.ttf HTTP/1.1" 404 179
[2025-06-27 21:17:34,820] WARNING django.server "GET /static/main/webfonts/fa-solid-900.woff2 HTTP/1.1" 404 179
[2025-06-27 21:17:34,940] WARNING django.server "GET /static/main/webfonts/fa-solid-900.ttf HTTP/1.1" 404 179
[2025-06-27 21:18:00,076] WARNING django.server "GET /static/main/webfonts/fa-solid-900.woff2 HTTP/1.1" 404 179
[2025-06-27 21:18:00,202] WARNING django.server "GET /static/main/webfonts/fa-solid-900.ttf HTTP/1.1" 404 179
[2025-06-27 21:18:32,521] WARNING django.server "GET /static/main/webfonts/fa-solid-900.woff2 HTTP/1.1" 404 179
[2025-06-27 21:18:32,670] WARNING django.server "GET /static/main/webfonts/fa-solid-900.ttf HTTP/1.1" 404 179
[2025-06-27 21:19:02,507] WARNING django.server "GET /static/main/webfonts/fa-solid-900.woff2 HTTP/1.1" 404 179
[2025-06-27 21:19:02,627] WARNING django.server "GET /static/main/webfonts/fa-solid-900.ttf HTTP/1.1" 404 179
[2025-06-27 21:19:35,951] WARNING django.server "GET /static/main/webfonts/fa-solid-900.woff2 HTTP/1.1" 404 179
[2025-06-27 21:19:36,098] WARNING django.server "GET /static/main/webfonts/fa-solid-900.ttf HTTP/1.1" 404 179
[2025-06-27 21:20:09,222] WARNING django.server "GET /static/main/webfonts/fa-solid-900.woff2 HTTP/1.1" 404 179
[2025-06-27 21:20:09,344] WARNING django.server "GET /static/main/webfonts/fa-solid-900.ttf HTTP/1.1" 404 179
[2025-06-27 21:20:38,864] WARNING django.server "GET /static/main/webfonts/fa-solid-900.woff2 HTTP/1.1" 404 179
[2025-06-27 21:20:39,012] WARNING django.server "GET /static/main/webfonts/fa-solid-900.ttf HTTP/1.1" 404 179
[2025-06-27 21:21:10,985] WARNING django.server "GET /static/main/webfonts/fa-solid-900.woff2 HTTP/1.1" 404 179
[2025-06-27 21:21:11,108] WARNING django.server "GET /static/main/webfonts/fa-solid-900.ttf HTTP/1.1" 404 179
[2025-06-27 21:21:37,920] WARNING django.server "GET /static/main/webfonts/fa-solid-900.woff2 HTTP/1.1" 404 179
[2025-06-27 21:21:38,043] WARNING django.server "GET /static/main/webfonts/fa-solid-900.ttf HTTP/1.1" 404 179
[2025-06-27 21:22:13,843] WARNING django.server "GET /static/main/webfonts/fa-solid-900.woff2 HTTP/1.1" 404 179
[2025-06-27 21:22:13,982] WARNING django.server "GET /static/main/webfonts/fa-solid-900.ttf HTTP/1.1" 404 179
[2025-06-27 21:22:43,102] WARNING django.server "GET /static/main/webfonts/fa-solid-900.woff2 HTTP/1.1" 404 179
[2025-06-27 21:22:43,229] WARNING django.server "GET /static/main/webfonts/fa-solid-900.ttf HTTP/1.1" 404 179
[2025-06-27 21:23:15,693] WARNING django.server "GET /static/main/webfonts/fa-solid-900.woff2 HTTP/1.1" 404 179
[2025-06-27 21:23:15,827] WARNING django.server "GET /static/main/webfonts/fa-solid-900.ttf HTTP/1.1" 404 179
[2025-06-27 21:23:50,146] WARNING django.server "GET /static/main/webfonts/fa-solid-900.woff2 HTTP/1.1" 404 179
[2025-06-27 21:23:50,269] WARNING django.server "GET /static/main/webfonts/fa-solid-900.ttf HTTP/1.1" 404 179
[2025-06-27 21:24:17,883] WARNING django.server "GET /static/main/webfonts/fa-solid-900.woff2 HTTP/1.1" 404 179
[2025-06-27 21:24:18,007] WARNING django.server "GET /static/main/webfonts/fa-solid-900.ttf HTTP/1.1" 404 179
[2025-06-27 21:24:50,354] WARNING django.server "GET /static/main/webfonts/fa-solid-900.woff2 HTTP/1.1" 404 179
[2025-06-27 21:24:50,479] WARNING django.server "GET /static/main/webfonts/fa-solid-900.ttf HTTP/1.1" 404 179
[2025-06-27 21:25:25,358] WARNING django.server "GET /static/main/webfonts/fa-solid-900.woff2 HTTP/1.1" 404 179
[2025-06-27 21:25:25,499] WARNING django.server "GET /static/main/webfonts/fa-solid-900.ttf HTTP/1.1" 404 179
[2025-06-27 21:26:01,124] WARNING django.server "GET /static/main/webfonts/fa-solid-900.woff2 HTTP/1.1" 404 179
[2025-06-27 21:26:01,263] WARNING django.server "GET /static/main/webfonts/fa-solid-900.ttf HTTP/1.1" 404 179
[2025-06-27 21:26:33,393] WARNING django.server "GET /static/main/webfonts/fa-solid-900.woff2 HTTP/1.1" 404 179
[2025-06-27 21:26:33,556] WARNING django.server "GET /static/main/webfonts/fa-solid-900.ttf HTTP/1.1" 404 179
[2025-06-27 21:27:07,960] WARNING django.server "GET /static/main/webfonts/fa-solid-900.woff2 HTTP/1.1" 404 179
[2025-06-27 21:27:08,080] WARNING django.server "GET /static/main/webfonts/fa-solid-900.ttf HTTP/1.1" 404 179
[2025-06-27 21:27:35,413] WARNING django.server "GET /static/main/webfonts/fa-solid-900.woff2 HTTP/1.1" 404 179
[2025-06-27 21:27:35,539] WARNING django.server "GET /static/main/webfonts/fa-solid-900.ttf HTTP/1.1" 404 179
[2025-06-27 21:28:08,718] WARNING django.server "GET /static/main/webfonts/fa-solid-900.woff2 HTTP/1.1" 404 179
[2025-06-27 21:28:08,839] WARNING django.server "GET /static/main/webfonts/fa-solid-900.ttf HTTP/1.1" 404 179
[2025-06-27 21:28:36,136] WARNING django.server "GET /static/main/webfonts/fa-solid-900.woff2 HTTP/1.1" 404 179
[2025-06-27 21:28:36,278] WARNING django.server "GET /static/main/webfonts/fa-solid-900.ttf HTTP/1.1" 404 179
[2025-06-27 21:29:11,250] WARNING django.server "GET /static/main/webfonts/fa-solid-900.woff2 HTTP/1.1" 404 179
[2025-06-27 21:29:11,376] WARNING django.server "GET /static/main/webfonts/fa-solid-900.ttf HTTP/1.1" 404 179
[2025-06-27 21:29:40,619] WARNING django.server "GET /static/main/webfonts/fa-solid-900.woff2 HTTP/1.1" 404 179
[2025-06-27 21:29:40,753] WARNING django.server "GET /static/main/webfonts/fa-solid-900.ttf HTTP/1.1" 404 179
[2025-06-27 21:30:12,020] WARNING django.server "GET /static/main/webfonts/fa-solid-900.woff2 HTTP/1.1" 404 179
[2025-06-27 21:30:12,149] WARNING django.server "GET /static/main/webfonts/fa-solid-900.ttf HTTP/1.1" 404 179
[2025-06-27 21:30:47,021] WARNING django.server "GET /static/main/webfonts/fa-solid-900.woff2 HTTP/1.1" 404 179
[2025-06-27 21:30:47,164] WARNING django.server "GET /static/main/webfonts/fa-solid-900.ttf HTTP/1.1" 404 179
