[2025-04-23 14:56:52,284] WARNING django.server "GET /favicon.ico HTTP/1.1" 404 179
[2025-04-23 14:57:01,512] WARNING django.server "GET /static/main/webfonts/fa-solid-900.woff2 HTTP/1.1" 404 179
[2025-04-23 14:57:01,580] WARNING django.server "GET /static/main/webfonts/fa-solid-900.ttf HTTP/1.1" 404 179
[2025-04-23 14:57:07,555] WARNING django.server "GET /static/main/webfonts/fa-solid-900.woff2 HTTP/1.1" 404 179
[2025-04-23 14:57:07,610] WARNING django.server "GET /static/main/webfonts/fa-solid-900.ttf HTTP/1.1" 404 179
[2025-04-23 14:57:11,821] WARNING django.server "GET /static/main/webfonts/fa-solid-900.woff2 HTTP/1.1" 404 179
[2025-04-23 14:57:11,892] WARNING django.server "GET /static/main/webfonts/fa-solid-900.ttf HTTP/1.1" 404 179
[2025-04-23 14:57:18,200] WARNING django.server "GET /static/main/webfonts/fa-solid-900.woff2 HTTP/1.1" 404 179
[2025-04-23 14:57:18,560] WARNING django.server "GET /static/main/webfonts/fa-solid-900.ttf HTTP/1.1" 404 179
[2025-04-23 14:57:21,653] WARNING django.server "GET /static/main/webfonts/fa-solid-900.woff2 HTTP/1.1" 404 179
[2025-04-23 14:57:21,726] WARNING django.server "GET /static/main/webfonts/fa-solid-900.ttf HTTP/1.1" 404 179
[2025-04-23 14:57:42,574] WARNING django.server "GET /static/main/webfonts/fa-solid-900.woff2 HTTP/1.1" 404 179
[2025-04-23 14:57:42,641] WARNING django.server "GET /static/main/webfonts/fa-solid-900.ttf HTTP/1.1" 404 179
[2025-04-23 14:57:45,519] WARNING django.server "GET /static/main/webfonts/fa-solid-900.woff2 HTTP/1.1" 404 179
[2025-04-23 14:57:45,579] WARNING django.server "GET /static/main/webfonts/fa-solid-900.ttf HTTP/1.1" 404 179
[2025-04-23 15:05:33,347] WARNING django.server "GET /static/main/webfonts/fa-solid-900.woff2 HTTP/1.1" 404 179
[2025-04-23 15:05:33,395] WARNING django.server "GET /static/main/webfonts/fa-solid-900.ttf HTTP/1.1" 404 179
[2025-04-23 15:05:37,935] WARNING django.server "GET /static/main/webfonts/fa-solid-900.woff2 HTTP/1.1" 404 179
[2025-04-23 15:05:38,135] WARNING django.server "GET /static/main/webfonts/fa-solid-900.ttf HTTP/1.1" 404 179
[2025-04-23 15:05:50,414] ERROR django.server "GET /search_supplier/?term= HTTP/1.1" 500 145
[2025-04-23 15:06:56,045] WARNING django.server "GET /static/main/webfonts/fa-solid-900.woff2 HTTP/1.1" 404 179
[2025-04-23 15:06:56,073] WARNING django.server "GET /static/main/webfonts/fa-solid-900.ttf HTTP/1.1" 404 179
[2025-04-23 15:06:56,721] WARNING django.server "GET /static/main/webfonts/fa-solid-900.woff2 HTTP/1.1" 404 179
[2025-04-23 15:06:56,845] WARNING django.server "GET /static/main/webfonts/fa-solid-900.ttf HTTP/1.1" 404 179
[2025-04-23 15:06:59,176] WARNING django.server "GET /static/main/webfonts/fa-solid-900.woff2 HTTP/1.1" 404 179
[2025-04-23 15:06:59,298] WARNING django.server "GET /static/main/webfonts/fa-solid-900.ttf HTTP/1.1" 404 179
[2025-04-23 15:07:01,627] WARNING django.server "GET /static/main/webfonts/fa-solid-900.woff2 HTTP/1.1" 404 179
[2025-04-23 15:07:01,766] WARNING django.server "GET /static/main/webfonts/fa-solid-900.ttf HTTP/1.1" 404 179
[2025-04-23 15:07:10,278] WARNING django.server "GET /static/main/webfonts/fa-solid-900.woff2 HTTP/1.1" 404 179
[2025-04-23 15:07:10,293] WARNING django.server "GET /static/main/webfonts/fa-solid-900.ttf HTTP/1.1" 404 179
[2025-04-23 15:07:16,356] WARNING django.server "GET /static/main/webfonts/fa-solid-900.woff2 HTTP/1.1" 404 179
[2025-04-23 15:07:16,493] WARNING django.server "GET /static/main/webfonts/fa-solid-900.ttf HTTP/1.1" 404 179
[2025-04-23 15:07:18,925] WARNING django.server "GET /static/main/webfonts/fa-solid-900.woff2 HTTP/1.1" 404 179
[2025-04-23 15:07:19,048] WARNING django.server "GET /static/main/webfonts/fa-solid-900.ttf HTTP/1.1" 404 179
[2025-04-23 15:07:21,723] WARNING django.server "GET /static/main/webfonts/fa-solid-900.woff2 HTTP/1.1" 404 179
[2025-04-23 15:07:21,845] WARNING django.server "GET /static/main/webfonts/fa-solid-900.ttf HTTP/1.1" 404 179
[2025-04-23 15:07:24,325] WARNING django.server "GET /static/main/webfonts/fa-solid-900.woff2 HTTP/1.1" 404 179
[2025-04-23 15:07:24,640] WARNING django.server "GET /static/main/webfonts/fa-solid-900.ttf HTTP/1.1" 404 179
[2025-04-23 15:07:27,408] WARNING django.server "GET /static/main/webfonts/fa-solid-900.woff2 HTTP/1.1" 404 179
[2025-04-23 15:07:27,552] WARNING django.server "GET /static/main/webfonts/fa-solid-900.ttf HTTP/1.1" 404 179
[2025-04-23 15:07:29,736] WARNING django.server "GET /static/main/webfonts/fa-solid-900.woff2 HTTP/1.1" 404 179
[2025-04-23 15:07:29,919] WARNING django.server "GET /static/main/webfonts/fa-solid-900.ttf HTTP/1.1" 404 179
[2025-04-23 15:07:35,185] WARNING django.server "GET /static/main/webfonts/fa-solid-900.woff2 HTTP/1.1" 404 179
[2025-04-23 15:07:35,541] WARNING django.server "GET /static/main/webfonts/fa-solid-900.ttf HTTP/1.1" 404 179
[2025-04-23 15:07:39,200] WARNING django.server "GET /static/main/webfonts/fa-solid-900.woff2 HTTP/1.1" 404 179
[2025-04-23 15:07:39,375] WARNING django.server "GET /static/main/webfonts/fa-solid-900.ttf HTTP/1.1" 404 179
[2025-04-23 15:07:40,727] WARNING django.server "GET /static/main/webfonts/fa-solid-900.woff2 HTTP/1.1" 404 179
[2025-04-23 15:07:40,872] WARNING django.server "GET /static/main/webfonts/fa-solid-900.ttf HTTP/1.1" 404 179
[2025-04-23 15:08:31,850] WARNING django.server "GET /static/main/webfonts/fa-solid-900.woff2 HTTP/1.1" 404 179
[2025-04-23 15:08:31,963] WARNING django.server "GET /static/main/webfonts/fa-solid-900.ttf HTTP/1.1" 404 179
[2025-04-23 15:08:54,036] WARNING django.server "GET /static/main/webfonts/fa-solid-900.woff2 HTTP/1.1" 404 179
[2025-04-23 15:08:54,165] WARNING django.server "GET /static/main/webfonts/fa-solid-900.ttf HTTP/1.1" 404 179
[2025-04-23 15:09:09,349] WARNING django.server "GET /static/main/webfonts/fa-solid-900.woff2 HTTP/1.1" 404 179
[2025-04-23 15:09:09,498] WARNING django.server "GET /static/main/webfonts/fa-solid-900.ttf HTTP/1.1" 404 179
[2025-04-23 15:09:27,781] WARNING django.server "GET /static/main/webfonts/fa-solid-900.woff2 HTTP/1.1" 404 179
[2025-04-23 15:09:28,207] WARNING django.server "GET /static/main/webfonts/fa-solid-900.ttf HTTP/1.1" 404 179
[2025-04-23 15:09:41,063] WARNING django.server "GET /static/main/webfonts/fa-solid-900.woff2 HTTP/1.1" 404 179
[2025-04-23 15:09:41,491] WARNING django.server "GET /static/main/webfonts/fa-solid-900.ttf HTTP/1.1" 404 179
[2025-04-23 15:10:03,064] WARNING django.server "GET /static/main/webfonts/fa-solid-900.woff2 HTTP/1.1" 404 179
[2025-04-23 15:10:03,414] WARNING django.server "GET /static/main/webfonts/fa-solid-900.ttf HTTP/1.1" 404 179
[2025-04-23 15:10:19,730] WARNING django.server "GET /static/main/webfonts/fa-solid-900.woff2 HTTP/1.1" 404 179
[2025-04-23 15:10:19,854] WARNING django.server "GET /static/main/webfonts/fa-solid-900.ttf HTTP/1.1" 404 179
[2025-04-23 15:10:35,838] WARNING django.server "GET /static/main/webfonts/fa-solid-900.woff2 HTTP/1.1" 404 179
[2025-04-23 15:10:35,959] WARNING django.server "GET /static/main/webfonts/fa-solid-900.ttf HTTP/1.1" 404 179
[2025-04-23 15:10:47,881] WARNING django.server "GET /static/main/webfonts/fa-solid-900.woff2 HTTP/1.1" 404 179
[2025-04-23 15:10:47,998] WARNING django.server "GET /static/main/webfonts/fa-solid-900.ttf HTTP/1.1" 404 179
[2025-04-23 15:10:56,997] WARNING django.server "GET /static/main/webfonts/fa-solid-900.woff2 HTTP/1.1" 404 179
[2025-04-23 15:10:57,142] WARNING django.server "GET /static/main/webfonts/fa-solid-900.ttf HTTP/1.1" 404 179
[2025-04-23 15:11:04,055] WARNING django.server "GET /static/main/webfonts/fa-solid-900.woff2 HTTP/1.1" 404 179
[2025-04-23 15:11:04,402] WARNING django.server "GET /static/main/webfonts/fa-solid-900.ttf HTTP/1.1" 404 179
[2025-04-23 15:12:18,056] WARNING django.server "GET /static/main/webfonts/fa-solid-900.woff2 HTTP/1.1" 404 179
[2025-04-23 15:12:18,208] WARNING django.server "GET /static/main/webfonts/fa-solid-900.ttf HTTP/1.1" 404 179
[2025-04-23 15:14:16,227] WARNING django.server "GET /static/main/webfonts/fa-solid-900.woff2 HTTP/1.1" 404 179
[2025-04-23 15:14:16,344] WARNING django.server "GET /static/main/webfonts/fa-solid-900.ttf HTTP/1.1" 404 179
[2025-04-23 15:21:08,512] WARNING django.server "GET /static/main/webfonts/fa-solid-900.woff2 HTTP/1.1" 404 179
[2025-04-23 15:21:08,627] WARNING django.server "GET /static/main/webfonts/fa-solid-900.ttf HTTP/1.1" 404 179
[2025-04-23 15:21:10,043] WARNING django.server "GET /static/main/webfonts/fa-solid-900.woff2 HTTP/1.1" 404 179
[2025-04-23 15:21:10,163] WARNING django.server "GET /static/main/webfonts/fa-solid-900.ttf HTTP/1.1" 404 179
[2025-04-23 15:21:11,802] WARNING django.server "GET /static/main/webfonts/fa-solid-900.woff2 HTTP/1.1" 404 179
[2025-04-23 15:21:11,917] WARNING django.server "GET /static/main/webfonts/fa-solid-900.ttf HTTP/1.1" 404 179
[2025-04-23 15:23:15,613] WARNING django.server "GET /static/main/webfonts/fa-solid-900.woff2 HTTP/1.1" 404 179
[2025-04-23 15:23:15,975] WARNING django.server "GET /static/main/webfonts/fa-solid-900.ttf HTTP/1.1" 404 179
[2025-04-23 15:23:20,338] WARNING django.server "GET /static/main/webfonts/fa-solid-900.woff2 HTTP/1.1" 404 179
[2025-04-23 15:23:20,443] WARNING django.server "GET /static/main/webfonts/fa-solid-900.ttf HTTP/1.1" 404 179
[2025-04-23 15:23:24,102] WARNING django.server "GET /static/main/webfonts/fa-solid-900.woff2 HTTP/1.1" 404 179
[2025-04-23 15:23:24,212] WARNING django.server "GET /static/main/webfonts/fa-solid-900.ttf HTTP/1.1" 404 179
[2025-04-23 15:23:31,479] WARNING django.server "GET /static/main/webfonts/fa-solid-900.woff2 HTTP/1.1" 404 179
[2025-04-23 15:23:31,605] WARNING django.server "GET /static/main/webfonts/fa-solid-900.ttf HTTP/1.1" 404 179
[2025-04-23 15:26:15,003] WARNING django.server "GET /static/main/webfonts/fa-solid-900.woff2 HTTP/1.1" 404 179
[2025-04-23 15:26:15,111] WARNING django.server "GET /static/main/webfonts/fa-solid-900.ttf HTTP/1.1" 404 179
[2025-04-23 15:26:37,937] WARNING django.server "GET /static/main/webfonts/fa-solid-900.woff2 HTTP/1.1" 404 179
[2025-04-23 15:26:38,052] WARNING django.server "GET /static/main/webfonts/fa-solid-900.ttf HTTP/1.1" 404 179
[2025-04-23 15:26:39,771] WARNING django.server "GET /static/main/webfonts/fa-solid-900.woff2 HTTP/1.1" 404 179
[2025-04-23 15:26:40,091] WARNING django.server "GET /static/main/webfonts/fa-solid-900.ttf HTTP/1.1" 404 179
[2025-04-23 15:26:41,849] WARNING django.server "GET /static/main/webfonts/fa-solid-900.woff2 HTTP/1.1" 404 179
[2025-04-23 15:26:41,953] WARNING django.server "GET /static/main/webfonts/fa-solid-900.ttf HTTP/1.1" 404 179
[2025-04-23 15:26:47,851] WARNING django.server "GET /static/main/webfonts/fa-solid-900.woff2 HTTP/1.1" 404 179
[2025-04-23 15:26:48,001] WARNING django.server "GET /static/main/webfonts/fa-solid-900.ttf HTTP/1.1" 404 179
[2025-04-23 15:26:55,540] WARNING django.server "GET /static/main/webfonts/fa-solid-900.woff2 HTTP/1.1" 404 179
[2025-04-23 15:26:55,644] WARNING django.server "GET /static/main/webfonts/fa-solid-900.ttf HTTP/1.1" 404 179
[2025-04-23 15:26:58,553] WARNING django.server "GET /static/main/webfonts/fa-solid-900.woff2 HTTP/1.1" 404 179
[2025-04-23 15:26:58,939] WARNING django.server "GET /static/main/webfonts/fa-solid-900.ttf HTTP/1.1" 404 179
[2025-04-23 15:27:12,017] WARNING django.server "GET /static/main/webfonts/fa-solid-900.woff2 HTTP/1.1" 404 179
[2025-04-23 15:27:12,123] WARNING django.server "GET /static/main/webfonts/fa-solid-900.ttf HTTP/1.1" 404 179
[2025-04-23 15:27:15,499] WARNING django.server "GET /static/main/webfonts/fa-solid-900.woff2 HTTP/1.1" 404 179
[2025-04-23 15:27:15,614] WARNING django.server "GET /static/main/webfonts/fa-solid-900.ttf HTTP/1.1" 404 179
[2025-04-23 15:27:21,029] WARNING django.server "GET /static/main/webfonts/fa-solid-900.woff2 HTTP/1.1" 404 179
[2025-04-23 15:27:21,142] WARNING django.server "GET /static/main/webfonts/fa-solid-900.ttf HTTP/1.1" 404 179
[2025-04-23 15:27:23,022] WARNING django.server "GET /static/main/webfonts/fa-solid-900.woff2 HTTP/1.1" 404 179
[2025-04-23 15:27:23,131] WARNING django.server "GET /static/main/webfonts/fa-solid-900.ttf HTTP/1.1" 404 179
[2025-04-23 15:27:24,978] WARNING django.server "GET /static/main/webfonts/fa-solid-900.woff2 HTTP/1.1" 404 179
[2025-04-23 15:27:25,370] WARNING django.server "GET /static/main/webfonts/fa-solid-900.ttf HTTP/1.1" 404 179
[2025-04-23 15:27:29,965] WARNING django.server "GET /static/main/webfonts/fa-solid-900.woff2 HTTP/1.1" 404 179
[2025-04-23 15:27:30,357] WARNING django.server "GET /static/main/webfonts/fa-solid-900.ttf HTTP/1.1" 404 179
[2025-04-23 16:24:54,300] WARNING django.server "GET /static/main/webfonts/fa-solid-900.woff2 HTTP/1.1" 404 179
[2025-04-23 16:24:54,427] WARNING django.server "GET /static/main/webfonts/fa-solid-900.ttf HTTP/1.1" 404 179
[2025-04-23 16:27:37,424] WARNING django.server "GET /static/main/webfonts/fa-solid-900.woff2 HTTP/1.1" 404 179
[2025-04-23 16:27:37,469] WARNING django.server "GET /static/main/webfonts/fa-solid-900.ttf HTTP/1.1" 404 179
[2025-04-23 16:28:46,251] WARNING django.server "GET /static/main/webfonts/fa-solid-900.woff2 HTTP/1.1" 404 179
[2025-04-23 16:28:46,312] WARNING django.server "GET /static/main/webfonts/fa-solid-900.ttf HTTP/1.1" 404 179
[2025-04-23 16:28:51,970] WARNING django.server "GET /static/main/webfonts/fa-solid-900.woff2 HTTP/1.1" 404 179
[2025-04-23 16:28:52,046] WARNING django.server "GET /static/main/webfonts/fa-solid-900.ttf HTTP/1.1" 404 179
[2025-04-23 16:29:20,487] WARNING django.server "GET /static/main/webfonts/fa-solid-900.woff2 HTTP/1.1" 404 179
[2025-04-23 16:29:20,558] WARNING django.server "GET /static/main/webfonts/fa-solid-900.ttf HTTP/1.1" 404 179
[2025-04-23 16:30:18,872] WARNING django.server "GET /static/main/webfonts/fa-solid-900.woff2 HTTP/1.1" 404 179
[2025-04-23 16:30:18,877] WARNING django.server "GET /static/main/webfonts/fa-solid-900.ttf HTTP/1.1" 404 179
[2025-04-23 16:30:27,271] WARNING django.server "GET /static/main/webfonts/fa-solid-900.woff2 HTTP/1.1" 404 179
[2025-04-23 16:30:27,372] WARNING django.server "GET /static/main/webfonts/fa-solid-900.ttf HTTP/1.1" 404 179
[2025-04-23 16:30:31,115] WARNING django.server "GET /static/main/webfonts/fa-solid-900.woff2 HTTP/1.1" 404 179
[2025-04-23 16:30:31,128] WARNING django.server "GET /static/main/webfonts/fa-solid-900.ttf HTTP/1.1" 404 179
[2025-04-23 16:30:36,024] WARNING django.server "GET /static/main/webfonts/fa-solid-900.woff2 HTTP/1.1" 404 179
[2025-04-23 16:30:36,100] WARNING django.server "GET /static/main/webfonts/fa-solid-900.ttf HTTP/1.1" 404 179
[2025-04-23 16:30:53,946] WARNING django.server "GET /static/main/webfonts/fa-solid-900.woff2 HTTP/1.1" 404 179
[2025-04-23 16:30:54,076] WARNING django.server "GET /static/main/webfonts/fa-solid-900.ttf HTTP/1.1" 404 179
[2025-04-23 16:32:38,965] WARNING django.server "GET /static/main/webfonts/fa-solid-900.woff2 HTTP/1.1" 404 179
[2025-04-23 16:32:39,043] WARNING django.server "GET /static/main/webfonts/fa-solid-900.ttf HTTP/1.1" 404 179
[2025-04-23 16:32:46,765] WARNING django.server "GET /favicon.ico HTTP/1.1" 404 179
[2025-04-23 16:33:09,731] WARNING django.server "GET /static/main/webfonts/fa-solid-900.woff2 HTTP/1.1" 404 179
[2025-04-23 16:33:09,993] WARNING django.server "GET /static/main/webfonts/fa-solid-900.ttf HTTP/1.1" 404 179
[2025-04-23 16:33:26,181] WARNING django.server "GET /static/main/webfonts/fa-solid-900.woff2 HTTP/1.1" 404 179
[2025-04-23 16:33:26,247] WARNING django.server "GET /static/main/webfonts/fa-solid-900.ttf HTTP/1.1" 404 179
[2025-04-23 16:48:53,865] WARNING django.server "GET /static/main/webfonts/fa-solid-900.woff2 HTTP/1.1" 404 179
[2025-04-23 16:48:53,930] WARNING django.server "GET /static/main/webfonts/fa-solid-900.ttf HTTP/1.1" 404 179
[2025-04-23 16:48:54,103] WARNING django.server "GET /favicon.ico HTTP/1.1" 404 179
[2025-04-23 16:59:41,526] WARNING django.server "GET /static/main/webfonts/fa-solid-900.woff2 HTTP/1.1" 404 179
[2025-04-23 16:59:41,705] WARNING django.server "GET /static/main/webfonts/fa-solid-900.ttf HTTP/1.1" 404 179
[2025-04-23 23:19:33,910] WARNING django.server "GET /static/main/webfonts/fa-solid-900.woff2 HTTP/1.1" 404 179
[2025-04-23 23:19:33,914] WARNING django.server "GET /static/main/webfonts/fa-solid-900.ttf HTTP/1.1" 404 179
[2025-04-24 10:22:22,569] WARNING django.server "GET /favicon.ico HTTP/1.1" 404 179
[2025-04-24 10:22:30,670] WARNING django.server "GET /static/main/webfonts/fa-solid-900.woff2 HTTP/1.1" 404 179
[2025-04-24 10:22:31,021] WARNING django.server "GET /static/main/webfonts/fa-solid-900.ttf HTTP/1.1" 404 179
[2025-04-24 10:24:44,816] WARNING django.server "GET /favicon.ico HTTP/1.1" 404 179
[2025-04-24 10:31:37,969] WARNING django.server "GET /static/main/webfonts/fa-solid-900.woff2 HTTP/1.1" 404 179
[2025-04-24 10:31:38,078] WARNING django.server "GET /static/main/webfonts/fa-solid-900.ttf HTTP/1.1" 404 179
[2025-04-24 10:31:40,363] WARNING django.server "GET /static/main/webfonts/fa-solid-900.woff2 HTTP/1.1" 404 179
[2025-04-24 10:31:40,478] WARNING django.server "GET /static/main/webfonts/fa-solid-900.ttf HTTP/1.1" 404 179
[2025-04-24 10:33:37,609] WARNING django.server "GET /static/main/webfonts/fa-solid-900.woff2 HTTP/1.1" 404 179
[2025-04-24 10:33:37,705] WARNING django.server "GET /static/main/webfonts/fa-solid-900.ttf HTTP/1.1" 404 179
[2025-04-24 10:33:48,915] WARNING django.server "GET /static/main/webfonts/fa-solid-900.woff2 HTTP/1.1" 404 179
[2025-04-24 10:33:49,031] WARNING django.server "GET /static/main/webfonts/fa-solid-900.ttf HTTP/1.1" 404 179
[2025-04-24 10:34:02,061] WARNING django.server "GET /static/main/webfonts/fa-solid-900.woff2 HTTP/1.1" 404 179
[2025-04-24 10:34:02,378] WARNING django.server "GET /static/main/webfonts/fa-solid-900.ttf HTTP/1.1" 404 179
[2025-04-24 10:34:09,266] WARNING django.server "GET /static/main/webfonts/fa-solid-900.woff2 HTTP/1.1" 404 179
[2025-04-24 10:34:09,368] WARNING django.server "GET /static/main/webfonts/fa-solid-900.ttf HTTP/1.1" 404 179
[2025-04-24 10:34:27,306] WARNING django.server "GET /static/main/webfonts/fa-solid-900.woff2 HTTP/1.1" 404 179
[2025-04-24 10:34:27,420] WARNING django.server "GET /static/main/webfonts/fa-solid-900.ttf HTTP/1.1" 404 179
[2025-04-24 10:35:37,380] WARNING django.server "GET /static/main/webfonts/fa-solid-900.woff2 HTTP/1.1" 404 179
[2025-04-24 10:35:37,507] WARNING django.server "GET /static/main/webfonts/fa-solid-900.ttf HTTP/1.1" 404 179
[2025-04-24 10:35:46,681] WARNING django.server "GET /static/main/webfonts/fa-solid-900.woff2 HTTP/1.1" 404 179
[2025-04-24 10:35:46,774] WARNING django.server "GET /static/main/webfonts/fa-solid-900.ttf HTTP/1.1" 404 179
[2025-04-24 10:55:12,314] WARNING django.server "GET /static/main/webfonts/fa-solid-900.woff2 HTTP/1.1" 404 179
[2025-04-24 10:55:12,399] WARNING django.server "GET /static/main/webfonts/fa-solid-900.ttf HTTP/1.1" 404 179
[2025-04-24 10:55:12,479] WARNING django.server "GET /favicon.ico HTTP/1.1" 404 179
[2025-04-24 10:55:14,174] WARNING django.server "GET /static/main/webfonts/fa-solid-900.woff2 HTTP/1.1" 404 179
[2025-04-24 10:55:14,508] WARNING django.server "GET /static/main/webfonts/fa-solid-900.ttf HTTP/1.1" 404 179
[2025-04-24 10:55:16,819] WARNING django.server "GET /static/main/webfonts/fa-solid-900.woff2 HTTP/1.1" 404 179
[2025-04-24 10:55:16,915] WARNING django.server "GET /static/main/webfonts/fa-solid-900.ttf HTTP/1.1" 404 179
[2025-04-24 10:55:30,428] WARNING django.server "GET /static/main/webfonts/fa-solid-900.woff2 HTTP/1.1" 404 179
[2025-04-24 10:55:30,546] WARNING django.server "GET /static/main/webfonts/fa-solid-900.ttf HTTP/1.1" 404 179
[2025-04-24 10:55:39,856] WARNING django.server "GET /static/main/webfonts/fa-solid-900.woff2 HTTP/1.1" 404 179
[2025-04-24 10:55:39,951] WARNING django.server "GET /static/main/webfonts/fa-solid-900.ttf HTTP/1.1" 404 179
[2025-04-24 10:55:42,758] WARNING django.server "GET /static/main/webfonts/fa-solid-900.woff2 HTTP/1.1" 404 179
[2025-04-24 10:55:42,852] WARNING django.server "GET /static/main/webfonts/fa-solid-900.ttf HTTP/1.1" 404 179
[2025-04-24 10:55:52,620] WARNING django.server "GET /static/main/webfonts/fa-solid-900.woff2 HTTP/1.1" 404 179
[2025-04-24 10:55:52,996] WARNING django.server "GET /static/main/webfonts/fa-solid-900.ttf HTTP/1.1" 404 179
[2025-04-24 10:56:02,687] WARNING django.server "GET /static/main/webfonts/fa-solid-900.woff2 HTTP/1.1" 404 179
[2025-04-24 10:56:03,001] WARNING django.server "GET /static/main/webfonts/fa-solid-900.ttf HTTP/1.1" 404 179
[2025-04-24 10:56:05,366] WARNING django.server "GET /static/main/webfonts/fa-solid-900.woff2 HTTP/1.1" 404 179
[2025-04-24 10:56:05,673] WARNING django.server "GET /static/main/webfonts/fa-solid-900.ttf HTTP/1.1" 404 179
[2025-04-24 10:56:23,203] WARNING django.server "GET /static/main/webfonts/fa-solid-900.woff2 HTTP/1.1" 404 179
[2025-04-24 10:56:23,318] WARNING django.server "GET /static/main/webfonts/fa-solid-900.ttf HTTP/1.1" 404 179
[2025-04-24 10:56:48,599] WARNING django.server "GET /static/main/webfonts/fa-solid-900.woff2 HTTP/1.1" 404 179
[2025-04-24 10:56:48,686] WARNING django.server "GET /static/main/webfonts/fa-solid-900.ttf HTTP/1.1" 404 179
[2025-04-24 10:56:58,274] WARNING django.server "GET /static/main/webfonts/fa-solid-900.woff2 HTTP/1.1" 404 179
[2025-04-24 10:56:58,637] WARNING django.server "GET /static/main/webfonts/fa-solid-900.ttf HTTP/1.1" 404 179
[2025-04-24 10:57:22,466] WARNING django.server "GET /static/main/webfonts/fa-solid-900.woff2 HTTP/1.1" 404 179
[2025-04-24 10:57:22,560] WARNING django.server "GET /static/main/webfonts/fa-solid-900.ttf HTTP/1.1" 404 179
[2025-04-24 10:57:42,992] WARNING django.server "GET /static/main/webfonts/fa-solid-900.woff2 HTTP/1.1" 404 179
[2025-04-24 10:57:43,083] WARNING django.server "GET /static/main/webfonts/fa-solid-900.ttf HTTP/1.1" 404 179
[2025-04-24 10:57:49,046] WARNING django.server "GET /static/main/webfonts/fa-solid-900.woff2 HTTP/1.1" 404 179
[2025-04-24 10:57:49,157] WARNING django.server "GET /static/main/webfonts/fa-solid-900.ttf HTTP/1.1" 404 179
[2025-04-24 10:58:05,999] WARNING django.server "GET /static/main/webfonts/fa-solid-900.woff2 HTTP/1.1" 404 179
[2025-04-24 10:58:06,091] WARNING django.server "GET /static/main/webfonts/fa-solid-900.ttf HTTP/1.1" 404 179
[2025-04-24 10:58:12,231] WARNING django.server "GET /static/main/webfonts/fa-solid-900.woff2 HTTP/1.1" 404 179
[2025-04-24 10:58:12,325] WARNING django.server "GET /static/main/webfonts/fa-solid-900.ttf HTTP/1.1" 404 179
[2025-04-24 10:58:26,938] WARNING django.server "GET /static/main/webfonts/fa-solid-900.woff2 HTTP/1.1" 404 179
[2025-04-24 10:58:27,236] WARNING django.server "GET /static/main/webfonts/fa-solid-900.ttf HTTP/1.1" 404 179
[2025-04-24 10:58:34,749] WARNING django.server "GET /static/main/webfonts/fa-solid-900.woff2 HTTP/1.1" 404 179
[2025-04-24 10:58:34,835] WARNING django.server "GET /static/main/webfonts/fa-solid-900.ttf HTTP/1.1" 404 179
[2025-04-24 10:58:40,926] WARNING django.server "GET /static/main/webfonts/fa-solid-900.woff2 HTTP/1.1" 404 179
[2025-04-24 10:58:41,276] WARNING django.server "GET /static/main/webfonts/fa-solid-900.ttf HTTP/1.1" 404 179
[2025-04-24 10:58:54,029] WARNING django.server "GET /static/main/webfonts/fa-solid-900.woff2 HTTP/1.1" 404 179
[2025-04-24 10:58:54,139] WARNING django.server "GET /static/main/webfonts/fa-solid-900.ttf HTTP/1.1" 404 179
[2025-04-24 10:59:16,522] WARNING django.server "GET /static/main/webfonts/fa-solid-900.woff2 HTTP/1.1" 404 179
[2025-04-24 10:59:16,822] WARNING django.server "GET /static/main/webfonts/fa-solid-900.ttf HTTP/1.1" 404 179
[2025-04-24 10:59:18,864] WARNING django.server "GET /static/main/webfonts/fa-solid-900.woff2 HTTP/1.1" 404 179
[2025-04-24 10:59:18,965] WARNING django.server "GET /static/main/webfonts/fa-solid-900.ttf HTTP/1.1" 404 179
[2025-04-24 10:59:21,620] WARNING django.server "GET /static/main/webfonts/fa-solid-900.woff2 HTTP/1.1" 404 179
[2025-04-24 10:59:21,917] WARNING django.server "GET /static/main/webfonts/fa-solid-900.ttf HTTP/1.1" 404 179
[2025-04-24 10:59:23,015] WARNING django.server "GET /static/main/webfonts/fa-solid-900.woff2 HTTP/1.1" 404 179
[2025-04-24 10:59:23,109] WARNING django.server "GET /static/main/webfonts/fa-solid-900.ttf HTTP/1.1" 404 179
[2025-04-24 11:21:24,144] WARNING django.server "GET /static/main/webfonts/fa-solid-900.woff2 HTTP/1.1" 404 179
[2025-04-24 11:21:24,247] WARNING django.server "GET /static/main/webfonts/fa-solid-900.ttf HTTP/1.1" 404 179
[2025-04-24 12:32:49,879] WARNING django.server "GET /static/main/webfonts/fa-solid-900.woff2 HTTP/1.1" 404 179
[2025-04-24 12:32:49,988] WARNING django.server "GET /static/main/webfonts/fa-solid-900.ttf HTTP/1.1" 404 179
[2025-04-24 12:32:53,921] WARNING django.server "GET /static/main/webfonts/fa-solid-900.woff2 HTTP/1.1" 404 179
[2025-04-24 12:32:54,028] WARNING django.server "GET /static/main/webfonts/fa-solid-900.ttf HTTP/1.1" 404 179
[2025-04-24 12:32:58,364] WARNING django.server "GET /static/main/webfonts/fa-solid-900.woff2 HTTP/1.1" 404 179
[2025-04-24 12:32:58,514] WARNING django.server "GET /static/main/webfonts/fa-solid-900.ttf HTTP/1.1" 404 179
[2025-04-24 13:33:38,956] WARNING django.server "GET /favicon.ico HTTP/1.1" 404 179
[2025-04-24 13:34:05,513] WARNING custom_logger Invalid login form submitted.
[2025-04-24 13:36:01,162] WARNING django.server "GET /static/main/webfonts/fa-solid-900.woff2 HTTP/1.1" 404 179
[2025-04-24 13:36:01,233] WARNING django.server "GET /static/main/webfonts/fa-solid-900.ttf HTTP/1.1" 404 179
[2025-04-24 13:36:13,038] WARNING django.server "GET /static/main/webfonts/fa-solid-900.woff2 HTTP/1.1" 404 179
[2025-04-24 13:36:13,069] WARNING django.server "GET /static/main/webfonts/fa-solid-900.ttf HTTP/1.1" 404 179
[2025-04-24 13:36:20,562] WARNING django.server "GET /static/main/webfonts/fa-solid-900.woff2 HTTP/1.1" 404 179
[2025-04-24 13:36:20,593] WARNING django.server "GET /static/main/webfonts/fa-solid-900.ttf HTTP/1.1" 404 179
[2025-04-24 13:46:18,460] WARNING django.server "GET /static/main/webfonts/fa-solid-900.woff2 HTTP/1.1" 404 179
[2025-04-24 13:46:18,567] WARNING django.server "GET /static/main/webfonts/fa-solid-900.ttf HTTP/1.1" 404 179
[2025-04-24 13:46:18,616] WARNING django.server "GET /favicon.ico HTTP/1.1" 404 179
[2025-04-24 14:37:26,109] WARNING django.server "GET /static/main/webfonts/fa-solid-900.woff2 HTTP/1.1" 404 179
[2025-04-24 14:37:26,490] WARNING django.server "GET /static/main/webfonts/fa-solid-900.ttf HTTP/1.1" 404 179
[2025-04-24 14:37:37,888] WARNING django.server "GET /static/main/webfonts/fa-solid-900.woff2 HTTP/1.1" 404 179
[2025-04-24 14:37:37,983] WARNING django.server "GET /static/main/webfonts/fa-solid-900.ttf HTTP/1.1" 404 179
[2025-04-24 14:37:40,916] WARNING django.server "GET /static/main/webfonts/fa-solid-900.woff2 HTTP/1.1" 404 179
[2025-04-24 14:37:41,196] WARNING django.server "GET /static/main/webfonts/fa-solid-900.ttf HTTP/1.1" 404 179
[2025-04-24 14:37:44,968] WARNING django.server "GET /static/main/webfonts/fa-solid-900.woff2 HTTP/1.1" 404 179
[2025-04-24 14:37:45,167] WARNING django.server "GET /static/main/webfonts/fa-solid-900.ttf HTTP/1.1" 404 179
[2025-04-24 15:11:29,192] WARNING django.server "GET /static/main/webfonts/fa-solid-900.woff2 HTTP/1.1" 404 179
[2025-04-24 15:11:29,296] WARNING django.server "GET /static/main/webfonts/fa-solid-900.ttf HTTP/1.1" 404 179
[2025-04-24 15:57:24,784] WARNING django.server "GET /favicon.ico HTTP/1.1" 404 179
[2025-04-24 15:57:33,728] WARNING django.server "GET /favicon.ico HTTP/1.1" 404 179
[2025-04-24 15:57:55,117] WARNING django.server "GET /static/main/webfonts/fa-solid-900.woff2 HTTP/1.1" 404 179
[2025-04-24 15:57:55,220] WARNING django.server "GET /static/main/webfonts/fa-solid-900.ttf HTTP/1.1" 404 179
[2025-04-24 15:58:12,065] WARNING django.server "GET /static/main/webfonts/fa-solid-900.woff2 HTTP/1.1" 404 179
[2025-04-24 15:58:12,123] WARNING django.server "GET /static/main/webfonts/fa-solid-900.ttf HTTP/1.1" 404 179
[2025-04-24 15:58:19,400] WARNING django.server "GET /static/main/webfonts/fa-solid-900.woff2 HTTP/1.1" 404 179
[2025-04-24 15:58:19,458] WARNING django.server "GET /static/main/webfonts/fa-solid-900.ttf HTTP/1.1" 404 179
[2025-04-24 15:59:10,573] WARNING django.server "GET /static/main/webfonts/fa-solid-900.woff2 HTTP/1.1" 404 179
[2025-04-24 15:59:10,940] WARNING django.server "GET /static/main/webfonts/fa-solid-900.ttf HTTP/1.1" 404 179
[2025-04-24 16:18:24,395] WARNING django.server "GET /static/main/webfonts/fa-solid-900.woff2 HTTP/1.1" 404 179
[2025-04-24 16:18:24,567] WARNING django.server "GET /static/main/webfonts/fa-solid-900.ttf HTTP/1.1" 404 179
[2025-04-24 16:34:07,044] WARNING django.server "GET /favicon.ico HTTP/1.1" 404 179
[2025-04-24 16:34:18,268] WARNING django.server "GET /static/main/webfonts/fa-solid-900.woff2 HTTP/1.1" 404 179
[2025-04-24 16:34:18,614] WARNING django.server "GET /static/main/webfonts/fa-solid-900.ttf HTTP/1.1" 404 179
[2025-04-24 16:40:31,838] WARNING django.server "GET /static/main/webfonts/fa-solid-900.woff2 HTTP/1.1" 404 179
[2025-04-24 16:40:32,149] WARNING django.server "GET /static/main/webfonts/fa-solid-900.ttf HTTP/1.1" 404 179
[2025-04-24 16:42:33,389] WARNING django.server "GET /static/main/webfonts/fa-solid-900.woff2 HTTP/1.1" 404 179
[2025-04-24 16:42:33,498] WARNING django.server "GET /static/main/webfonts/fa-solid-900.ttf HTTP/1.1" 404 179
[2025-04-24 16:42:37,984] WARNING django.server "GET /static/main/webfonts/fa-solid-900.woff2 HTTP/1.1" 404 179
[2025-04-24 16:42:38,095] WARNING django.server "GET /static/main/webfonts/fa-solid-900.ttf HTTP/1.1" 404 179
[2025-04-24 16:42:55,159] WARNING django.server "GET /static/main/webfonts/fa-solid-900.woff2 HTTP/1.1" 404 179
[2025-04-24 16:42:55,470] WARNING django.server "GET /static/main/webfonts/fa-solid-900.ttf HTTP/1.1" 404 179
[2025-04-24 16:43:00,795] WARNING django.server "GET /static/main/webfonts/fa-solid-900.woff2 HTTP/1.1" 404 179
[2025-04-24 16:43:00,899] WARNING django.server "GET /static/main/webfonts/fa-solid-900.ttf HTTP/1.1" 404 179
[2025-04-24 16:43:02,022] WARNING django.server "GET /static/main/webfonts/fa-solid-900.woff2 HTTP/1.1" 404 179
[2025-04-24 16:43:02,142] WARNING django.server "GET /static/main/webfonts/fa-solid-900.ttf HTTP/1.1" 404 179
[2025-04-24 16:43:02,398] WARNING django.server "GET /static/main/webfonts/fa-solid-900.woff2 HTTP/1.1" 404 179
[2025-04-24 16:43:02,499] WARNING django.server "GET /static/main/webfonts/fa-solid-900.ttf HTTP/1.1" 404 179
[2025-04-24 16:43:12,083] WARNING django.server "GET /static/main/webfonts/fa-solid-900.woff2 HTTP/1.1" 404 179
[2025-04-24 16:43:12,199] WARNING django.server "GET /static/main/webfonts/fa-solid-900.ttf HTTP/1.1" 404 179
[2025-04-24 16:43:33,336] WARNING django.server "GET /static/main/webfonts/fa-solid-900.woff2 HTTP/1.1" 404 179
[2025-04-24 16:43:33,442] WARNING django.server "GET /static/main/webfonts/fa-solid-900.ttf HTTP/1.1" 404 179
[2025-04-24 16:45:51,208] WARNING django.server "GET /static/main/webfonts/fa-solid-900.woff2 HTTP/1.1" 404 179
[2025-04-24 16:45:51,311] WARNING django.server "GET /static/main/webfonts/fa-solid-900.ttf HTTP/1.1" 404 179
[2025-04-24 16:50:06,082] WARNING django.server "GET /static/main/webfonts/fa-solid-900.woff2 HTTP/1.1" 404 179
[2025-04-24 16:50:06,449] WARNING django.server "GET /static/main/webfonts/fa-solid-900.ttf HTTP/1.1" 404 179
[2025-04-24 16:50:13,909] WARNING django.server "GET /static/main/webfonts/fa-solid-900.woff2 HTTP/1.1" 404 179
[2025-04-24 16:50:14,216] WARNING django.server "GET /static/main/webfonts/fa-solid-900.ttf HTTP/1.1" 404 179
[2025-04-24 16:50:29,131] WARNING django.server "GET /static/main/webfonts/fa-solid-900.woff2 HTTP/1.1" 404 179
[2025-04-24 16:50:29,435] WARNING django.server "GET /static/main/webfonts/fa-solid-900.ttf HTTP/1.1" 404 179
[2025-04-24 16:51:07,070] WARNING django.server "GET /static/main/webfonts/fa-solid-900.woff2 HTTP/1.1" 404 179
[2025-04-24 16:51:07,191] WARNING django.server "GET /static/main/webfonts/fa-solid-900.ttf HTTP/1.1" 404 179
[2025-04-24 16:51:27,798] WARNING django.server "GET /static/main/webfonts/fa-solid-900.woff2 HTTP/1.1" 404 179
[2025-04-24 16:51:27,904] WARNING django.server "GET /static/main/webfonts/fa-solid-900.ttf HTTP/1.1" 404 179
[2025-04-24 16:51:39,181] WARNING django.server "GET /static/main/webfonts/fa-solid-900.woff2 HTTP/1.1" 404 179
[2025-04-24 16:51:39,290] WARNING django.server "GET /static/main/webfonts/fa-solid-900.ttf HTTP/1.1" 404 179
[2025-04-24 17:10:05,646] WARNING django.server "GET /static/main/webfonts/fa-solid-900.woff2 HTTP/1.1" 404 179
[2025-04-24 17:10:05,757] WARNING django.server "GET /static/main/webfonts/fa-solid-900.ttf HTTP/1.1" 404 179
