[2025-06-26 09:05:06,840] WARNING django.server "GET /static/main/webfonts/fa-solid-900.woff2 HTTP/1.1" 404 179
[2025-06-26 09:05:07,103] WARNING django.server "GET /static/main/webfonts/fa-solid-900.ttf HTTP/1.1" 404 179
[2025-06-26 09:05:07,679] WARNING django.server "GET /favicon.ico HTTP/1.1" 404 179
[2025-06-26 09:05:10,361] WARNING django.server "GET /static/main/webfonts/fa-solid-900.woff2 HTTP/1.1" 404 179
[2025-06-26 09:05:10,645] WARNING django.server "GET /static/main/webfonts/fa-solid-900.ttf HTTP/1.1" 404 179
[2025-06-26 09:07:14,408] WARNING custom_logger User 'shakir.s' submitted invalid leading record data: <ul class="errorlist"><li>leading_abnormality<ul class="errorlist"><li>This field is required.</li></ul></li></ul>
[2025-06-26 09:07:15,619] WARNING django.server "GET /static/main/webfonts/fa-solid-900.woff2 HTTP/1.1" 404 179
[2025-06-26 09:07:15,914] WARNING django.server "GET /static/main/webfonts/fa-solid-900.ttf HTTP/1.1" 404 179
[2025-06-26 09:07:42,138] WARNING django.server "GET /static/main/webfonts/fa-solid-900.woff2 HTTP/1.1" 404 179
[2025-06-26 09:07:42,678] WARNING django.server "GET /static/main/webfonts/fa-solid-900.ttf HTTP/1.1" 404 179
[2025-06-26 09:14:06,096] WARNING django.server "GET /static/main/webfonts/fa-solid-900.woff2 HTTP/1.1" 404 179
[2025-06-26 09:14:06,309] WARNING django.server "GET /static/main/webfonts/fa-solid-900.ttf HTTP/1.1" 404 179
[2025-06-26 09:14:06,484] WARNING django.server "GET /favicon.ico HTTP/1.1" 404 179
[2025-06-26 09:14:09,657] WARNING django.server "GET /static/main/webfonts/fa-solid-900.woff2 HTTP/1.1" 404 179
[2025-06-26 09:14:09,814] WARNING django.server "GET /static/main/webfonts/fa-solid-900.ttf HTTP/1.1" 404 179
[2025-06-26 09:16:23,185] WARNING django.server "GET /favicon.ico HTTP/1.1" 404 179
[2025-06-26 09:16:38,029] WARNING django.server "GET /static/main/webfonts/fa-solid-900.woff2 HTTP/1.1" 404 179
[2025-06-26 09:16:38,237] WARNING django.server "GET /static/main/webfonts/fa-solid-900.ttf HTTP/1.1" 404 179
[2025-06-26 09:16:40,304] WARNING django.server "GET /static/main/webfonts/fa-solid-900.woff2 HTTP/1.1" 404 179
[2025-06-26 09:16:40,465] WARNING django.server "GET /static/main/webfonts/fa-solid-900.ttf HTTP/1.1" 404 179
[2025-06-26 09:16:44,438] WARNING django.server "GET /static/main/webfonts/fa-solid-900.woff2 HTTP/1.1" 404 179
[2025-06-26 09:16:45,075] WARNING django.server "GET /static/main/webfonts/fa-solid-900.ttf HTTP/1.1" 404 179
[2025-06-26 09:16:51,327] WARNING django.server "GET /static/main/webfonts/fa-solid-900.woff2 HTTP/1.1" 404 179
[2025-06-26 09:16:51,476] WARNING django.server "GET /static/main/webfonts/fa-solid-900.ttf HTTP/1.1" 404 179
[2025-06-26 09:16:55,749] WARNING django.server "GET /static/main/webfonts/fa-solid-900.woff2 HTTP/1.1" 404 179
[2025-06-26 09:16:55,886] WARNING django.server "GET /static/main/webfonts/fa-solid-900.ttf HTTP/1.1" 404 179
[2025-06-26 09:17:01,036] WARNING django.server "GET /static/main/webfonts/fa-solid-900.woff2 HTTP/1.1" 404 179
[2025-06-26 09:17:01,194] WARNING django.server "GET /static/main/webfonts/fa-solid-900.ttf HTTP/1.1" 404 179
[2025-06-26 09:17:16,759] WARNING django.server "GET /static/main/webfonts/fa-solid-900.woff2 HTTP/1.1" 404 179
[2025-06-26 09:17:16,914] WARNING django.server "GET /static/main/webfonts/fa-solid-900.ttf HTTP/1.1" 404 179
[2025-06-26 09:17:19,982] WARNING django.server "GET /static/main/webfonts/fa-solid-900.woff2 HTTP/1.1" 404 179
[2025-06-26 09:17:20,128] WARNING django.server "GET /static/main/webfonts/fa-solid-900.ttf HTTP/1.1" 404 179
[2025-06-26 09:21:07,329] WARNING django.server "GET /static/main/webfonts/fa-solid-900.woff2 HTTP/1.1" 404 179
[2025-06-26 09:21:08,224] WARNING django.server "GET /static/main/webfonts/fa-solid-900.ttf HTTP/1.1" 404 179
[2025-06-26 09:21:08,471] WARNING django.server "GET /favicon.ico HTTP/1.1" 404 179
[2025-06-26 09:59:13,394] WARNING django.server "GET /favicon.ico HTTP/1.1" 404 179
[2025-06-26 09:59:22,494] WARNING django.server "GET /static/main/webfonts/fa-solid-900.woff2 HTTP/1.1" 404 179
[2025-06-26 09:59:22,586] WARNING django.server "GET /static/main/webfonts/fa-solid-900.ttf HTTP/1.1" 404 179
[2025-06-26 09:59:32,216] WARNING custom_logger User 'somnath.a' tried to add a Lagging record without permission.
[2025-06-26 09:59:32,460] WARNING django.server "GET /static/main/webfonts/fa-solid-900.woff2 HTTP/1.1" 404 179
[2025-06-26 09:59:32,583] WARNING django.server "GET /static/main/webfonts/fa-solid-900.ttf HTTP/1.1" 404 179
[2025-06-26 09:59:42,534] WARNING django.server "GET /static/main/webfonts/fa-solid-900.woff2 HTTP/1.1" 404 179
[2025-06-26 09:59:42,889] WARNING django.server "GET /static/main/webfonts/fa-solid-900.ttf HTTP/1.1" 404 179
[2025-06-26 10:04:23,891] WARNING django.server "GET /static/main/webfonts/fa-solid-900.woff2 HTTP/1.1" 404 179
[2025-06-26 10:04:23,986] WARNING django.server "GET /static/main/webfonts/fa-solid-900.ttf HTTP/1.1" 404 179
[2025-06-26 10:10:21,409] WARNING django.server "GET /static/main/webfonts/fa-solid-900.woff2 HTTP/1.1" 404 179
[2025-06-26 10:10:21,614] WARNING django.server "GET /static/main/webfonts/fa-solid-900.ttf HTTP/1.1" 404 179
[2025-06-26 10:11:47,382] WARNING custom_logger User 'somnath.a' submitted invalid leading record data: <ul class="errorlist"><li>status<ul class="errorlist"><li>This field is required.</li></ul></li></ul>
[2025-06-26 10:11:47,698] WARNING django.server "GET /static/main/webfonts/fa-solid-900.woff2 HTTP/1.1" 404 179
[2025-06-26 10:11:47,845] WARNING django.server "GET /static/main/webfonts/fa-solid-900.ttf HTTP/1.1" 404 179
[2025-06-26 10:13:51,018] WARNING custom_logger User 'somnath.a' submitted invalid leading record data: <ul class="errorlist"><li>status<ul class="errorlist"><li>This field is required.</li></ul></li></ul>
[2025-06-26 10:13:51,272] WARNING django.server "GET /static/main/webfonts/fa-solid-900.woff2 HTTP/1.1" 404 179
[2025-06-26 10:13:51,402] WARNING django.server "GET /static/main/webfonts/fa-solid-900.ttf HTTP/1.1" 404 179
[2025-06-26 10:13:55,476] WARNING django.server "GET /static/main/webfonts/fa-solid-900.woff2 HTTP/1.1" 404 179
[2025-06-26 10:13:55,567] WARNING django.server "GET /static/main/webfonts/fa-solid-900.ttf HTTP/1.1" 404 179
[2025-06-26 10:16:12,027] WARNING django.server "GET /static/main/webfonts/fa-solid-900.woff2 HTTP/1.1" 404 179
[2025-06-26 10:16:12,051] WARNING django.server "GET /static/main/webfonts/fa-solid-900.ttf HTTP/1.1" 404 179
[2025-06-26 10:17:14,401] WARNING django.server "GET /static/main/webfonts/fa-solid-900.woff2 HTTP/1.1" 404 179
[2025-06-26 10:17:14,502] WARNING django.server "GET /static/main/webfonts/fa-solid-900.ttf HTTP/1.1" 404 179
[2025-06-26 10:23:29,914] WARNING django.server "GET /static/main/webfonts/fa-solid-900.woff2 HTTP/1.1" 404 179
[2025-06-26 10:23:30,137] WARNING django.server "GET /static/main/webfonts/fa-solid-900.ttf HTTP/1.1" 404 179
[2025-06-26 10:35:49,027] WARNING django.server "GET /static/main/webfonts/fa-solid-900.woff2 HTTP/1.1" 404 179
[2025-06-26 10:35:49,140] WARNING django.server "GET /static/main/webfonts/fa-solid-900.ttf HTTP/1.1" 404 179
[2025-06-26 10:36:21,963] WARNING django.server "GET /static/main/webfonts/fa-solid-900.woff2 HTTP/1.1" 404 179
[2025-06-26 10:36:22,030] WARNING django.server "GET /static/main/webfonts/fa-solid-900.ttf HTTP/1.1" 404 179
[2025-06-26 10:36:24,890] WARNING django.server "GET /static/main/webfonts/fa-solid-900.woff2 HTTP/1.1" 404 179
[2025-06-26 10:36:24,938] WARNING django.server "GET /static/main/webfonts/fa-solid-900.ttf HTTP/1.1" 404 179
[2025-06-26 10:38:52,925] WARNING django.server "GET /static/main/webfonts/fa-solid-900.woff2 HTTP/1.1" 404 179
[2025-06-26 10:38:53,043] WARNING django.server "GET /static/main/webfonts/fa-solid-900.ttf HTTP/1.1" 404 179
[2025-06-26 10:39:48,241] WARNING django.server "GET /static/main/webfonts/fa-solid-900.woff2 HTTP/1.1" 404 179
[2025-06-26 10:39:48,260] WARNING django.server "GET /static/main/webfonts/fa-solid-900.ttf HTTP/1.1" 404 179
[2025-06-26 10:40:47,624] WARNING django.server "GET /static/main/webfonts/fa-solid-900.woff2 HTTP/1.1" 404 179
[2025-06-26 10:40:47,731] WARNING django.server "GET /static/main/webfonts/fa-solid-900.ttf HTTP/1.1" 404 179
[2025-06-26 10:42:30,141] WARNING django.server "GET /static/main/webfonts/fa-solid-900.woff2 HTTP/1.1" 404 179
[2025-06-26 10:42:30,276] WARNING django.server "GET /static/main/webfonts/fa-solid-900.ttf HTTP/1.1" 404 179
[2025-06-26 10:46:17,037] WARNING django.server "GET /static/main/webfonts/fa-solid-900.woff2 HTTP/1.1" 404 179
[2025-06-26 10:46:17,113] WARNING django.server "GET /static/main/webfonts/fa-solid-900.ttf HTTP/1.1" 404 179
[2025-06-26 10:46:37,176] WARNING django.server "GET /static/main/webfonts/fa-solid-900.woff2 HTTP/1.1" 404 179
[2025-06-26 10:46:37,302] WARNING django.server "GET /static/main/webfonts/fa-solid-900.ttf HTTP/1.1" 404 179
[2025-06-26 10:46:43,161] WARNING django.server "GET /static/main/webfonts/fa-solid-900.woff2 HTTP/1.1" 404 179
[2025-06-26 10:46:43,421] WARNING django.server "GET /static/main/webfonts/fa-solid-900.ttf HTTP/1.1" 404 179
[2025-06-26 10:49:05,350] WARNING django.server "GET /static/main/webfonts/fa-solid-900.woff2 HTTP/1.1" 404 179
[2025-06-26 10:49:05,395] WARNING django.server "GET /static/main/webfonts/fa-solid-900.ttf HTTP/1.1" 404 179
[2025-06-26 11:05:08,024] WARNING django.server "GET /static/main/webfonts/fa-solid-900.woff2 HTTP/1.1" 404 179
[2025-06-26 11:05:08,120] WARNING django.server "GET /static/main/webfonts/fa-solid-900.ttf HTTP/1.1" 404 179
[2025-06-26 11:05:08,226] WARNING django.server "GET /favicon.ico HTTP/1.1" 404 179
[2025-06-26 11:05:17,408] WARNING django.server "GET /static/main/webfonts/fa-solid-900.woff2 HTTP/1.1" 404 179
[2025-06-26 11:05:17,503] WARNING django.server "GET /static/main/webfonts/fa-solid-900.ttf HTTP/1.1" 404 179
[2025-06-26 11:12:25,600] WARNING django.server "GET /static/main/webfonts/fa-solid-900.woff2 HTTP/1.1" 404 179
[2025-06-26 11:12:25,688] WARNING django.server "GET /static/main/webfonts/fa-solid-900.ttf HTTP/1.1" 404 179
[2025-06-26 11:14:29,090] WARNING django.server "GET /static/main/webfonts/fa-solid-900.woff2 HTTP/1.1" 404 179
[2025-06-26 11:14:29,184] WARNING django.server "GET /static/main/webfonts/fa-solid-900.ttf HTTP/1.1" 404 179
[2025-06-26 11:16:28,403] WARNING custom_logger QCEntry form validation failed by sandeep.k. Errors: <ul class="errorlist"><li>product<ul class="errorlist"><li>This field is required.</li><li>This field cannot be null.</li></ul></li></ul>
[2025-06-26 11:18:38,767] WARNING django.server "GET /static/main/webfonts/fa-solid-900.woff2 HTTP/1.1" 404 179
[2025-06-26 11:18:39,372] WARNING django.server "GET /static/main/webfonts/fa-solid-900.ttf HTTP/1.1" 404 179
[2025-06-26 11:33:33,545] WARNING django.server "GET /static/main/webfonts/fa-solid-900.woff2 HTTP/1.1" 404 179
[2025-06-26 11:33:33,621] WARNING django.server "GET /static/main/webfonts/fa-solid-900.ttf HTTP/1.1" 404 179
[2025-06-26 11:33:35,366] WARNING django.server "GET /static/main/webfonts/fa-solid-900.woff2 HTTP/1.1" 404 179
[2025-06-26 11:33:35,467] WARNING django.server "GET /static/main/webfonts/fa-solid-900.ttf HTTP/1.1" 404 179
[2025-06-26 11:34:29,183] WARNING django.server "GET /static/main/webfonts/fa-solid-900.woff2 HTTP/1.1" 404 179
[2025-06-26 11:34:29,444] WARNING django.server "GET /static/main/webfonts/fa-solid-900.ttf HTTP/1.1" 404 179
[2025-06-26 11:34:37,940] WARNING django.server "GET /static/main/webfonts/fa-solid-900.woff2 HTTP/1.1" 404 179
[2025-06-26 11:34:38,217] WARNING django.server "GET /static/main/webfonts/fa-solid-900.ttf HTTP/1.1" 404 179
[2025-06-26 11:34:39,493] WARNING django.server "GET /static/main/webfonts/fa-solid-900.woff2 HTTP/1.1" 404 179
[2025-06-26 11:34:39,699] WARNING django.server "GET /static/main/webfonts/fa-solid-900.ttf HTTP/1.1" 404 179
[2025-06-26 11:34:42,983] WARNING django.server "GET /static/main/js/fontawesome.js HTTP/1.1" 416 0
[2025-06-26 11:34:43,083] WARNING django.server "GET /static/main/webfonts/fa-solid-900.woff2 HTTP/1.1" 404 179
[2025-06-26 11:34:43,271] WARNING django.server "GET /static/main/webfonts/fa-solid-900.ttf HTTP/1.1" 404 179
[2025-06-26 11:34:54,548] WARNING django.server "GET /static/main/webfonts/fa-solid-900.woff2 HTTP/1.1" 404 179
[2025-06-26 11:34:54,600] WARNING django.server "GET /static/main/webfonts/fa-solid-900.ttf HTTP/1.1" 404 179
[2025-06-26 11:34:55,599] WARNING django.server "GET /favicon.ico HTTP/1.1" 404 179
[2025-06-26 11:34:58,820] WARNING django.server "GET /static/main/webfonts/fa-solid-900.woff2 HTTP/1.1" 404 179
[2025-06-26 11:34:58,902] WARNING django.server "GET /static/main/webfonts/fa-solid-900.ttf HTTP/1.1" 404 179
[2025-06-26 11:35:15,290] WARNING django.server "GET /static/main/webfonts/fa-solid-900.woff2 HTTP/1.1" 404 179
[2025-06-26 11:35:15,608] WARNING django.server "GET /static/main/webfonts/fa-solid-900.ttf HTTP/1.1" 404 179
[2025-06-26 11:35:18,495] WARNING django.server "GET /static/main/webfonts/fa-solid-900.woff2 HTTP/1.1" 404 179
[2025-06-26 11:35:18,664] WARNING django.server "GET /static/main/webfonts/fa-solid-900.ttf HTTP/1.1" 404 179
[2025-06-26 11:35:57,173] WARNING django.server "POST /get_bom_details/ HTTP/1.1" 404 38
[2025-06-26 11:36:31,735] WARNING django.server "GET /static/main/webfonts/fa-solid-900.woff2 HTTP/1.1" 404 179
[2025-06-26 11:36:31,886] WARNING django.server "GET /static/main/webfonts/fa-solid-900.ttf HTTP/1.1" 404 179
[2025-06-26 11:38:01,771] WARNING django.server "GET /static/main/webfonts/fa-solid-900.woff2 HTTP/1.1" 404 179
[2025-06-26 11:38:01,877] WARNING django.server "GET /static/main/webfonts/fa-solid-900.ttf HTTP/1.1" 404 179
[2025-06-26 11:38:47,410] WARNING django.server "GET /static/main/webfonts/fa-solid-900.woff2 HTTP/1.1" 404 179
[2025-06-26 11:38:47,580] WARNING django.server "GET /static/main/webfonts/fa-solid-900.ttf HTTP/1.1" 404 179
[2025-06-26 11:39:47,184] WARNING django.server "GET /static/main/webfonts/fa-solid-900.woff2 HTTP/1.1" 404 179
[2025-06-26 11:39:47,311] WARNING django.server "GET /static/main/webfonts/fa-solid-900.ttf HTTP/1.1" 404 179
[2025-06-26 11:40:21,724] WARNING django.server "POST /get_bom_details/ HTTP/1.1" 404 38
[2025-06-26 11:40:53,519] WARNING django.server "GET /static/main/webfonts/fa-solid-900.woff2 HTTP/1.1" 404 179
[2025-06-26 11:40:53,692] WARNING django.server "GET /static/main/webfonts/fa-solid-900.ttf HTTP/1.1" 404 179
[2025-06-26 11:42:02,649] WARNING django.server "GET /static/main/webfonts/fa-solid-900.woff2 HTTP/1.1" 404 179
[2025-06-26 11:42:02,753] WARNING django.server "GET /static/main/webfonts/fa-solid-900.ttf HTTP/1.1" 404 179
[2025-06-26 11:43:25,381] WARNING django.server "GET /static/main/webfonts/fa-solid-900.woff2 HTTP/1.1" 404 179
[2025-06-26 11:43:25,504] WARNING django.server "GET /static/main/webfonts/fa-solid-900.ttf HTTP/1.1" 404 179
[2025-06-26 11:44:32,071] WARNING django.server "GET /static/main/webfonts/fa-solid-900.woff2 HTTP/1.1" 404 179
[2025-06-26 11:44:32,248] WARNING django.server "GET /static/main/webfonts/fa-solid-900.ttf HTTP/1.1" 404 179
[2025-06-26 11:46:14,840] WARNING django.server "GET /static/main/webfonts/fa-solid-900.woff2 HTTP/1.1" 404 179
[2025-06-26 11:46:14,952] WARNING django.server "GET /static/main/webfonts/fa-solid-900.ttf HTTP/1.1" 404 179
[2025-06-26 11:47:24,002] WARNING django.server "GET /static/main/webfonts/fa-solid-900.woff2 HTTP/1.1" 404 179
[2025-06-26 11:47:24,169] WARNING django.server "GET /static/main/webfonts/fa-solid-900.ttf HTTP/1.1" 404 179
[2025-06-26 11:49:06,643] WARNING django.server "GET /static/main/webfonts/fa-solid-900.woff2 HTTP/1.1" 404 179
[2025-06-26 11:49:06,753] WARNING django.server "GET /static/main/webfonts/fa-solid-900.ttf HTTP/1.1" 404 179
[2025-06-26 11:50:22,456] WARNING django.server "GET /static/main/webfonts/fa-solid-900.woff2 HTTP/1.1" 404 179
[2025-06-26 11:50:22,575] WARNING django.server "GET /static/main/webfonts/fa-solid-900.ttf HTTP/1.1" 404 179
[2025-06-26 11:51:17,032] WARNING django.server "GET /static/main/webfonts/fa-solid-900.woff2 HTTP/1.1" 404 179
[2025-06-26 11:51:17,161] WARNING django.server "GET /static/main/webfonts/fa-solid-900.ttf HTTP/1.1" 404 179
[2025-06-26 11:51:58,039] WARNING django.server "POST /get_bom_details/ HTTP/1.1" 404 38
[2025-06-26 11:52:33,086] WARNING django.server "GET /static/main/webfonts/fa-solid-900.woff2 HTTP/1.1" 404 179
[2025-06-26 11:52:33,200] WARNING django.server "GET /static/main/webfonts/fa-solid-900.ttf HTTP/1.1" 404 179
[2025-06-26 11:53:44,195] WARNING django.server "GET /static/main/webfonts/fa-solid-900.woff2 HTTP/1.1" 404 179
[2025-06-26 11:53:44,314] WARNING django.server "GET /static/main/webfonts/fa-solid-900.ttf HTTP/1.1" 404 179
[2025-06-26 12:08:47,416] WARNING django.server "GET /static/main/webfonts/fa-solid-900.woff2 HTTP/1.1" 404 179
[2025-06-26 12:08:47,540] WARNING django.server "GET /static/main/webfonts/fa-solid-900.ttf HTTP/1.1" 404 179
[2025-06-26 12:09:42,310] WARNING django.server "GET /static/main/webfonts/fa-solid-900.woff2 HTTP/1.1" 404 179
[2025-06-26 12:09:42,428] WARNING django.server "GET /static/main/webfonts/fa-solid-900.ttf HTTP/1.1" 404 179
[2025-06-26 12:10:46,182] WARNING django.server "POST /get_bom_details/ HTTP/1.1" 404 38
[2025-06-26 12:11:08,644] WARNING django.server "POST /get_bom_details/ HTTP/1.1" 404 38
[2025-06-26 12:11:46,148] WARNING django.server "GET /static/main/webfonts/fa-solid-900.woff2 HTTP/1.1" 404 179
[2025-06-26 12:11:46,253] WARNING django.server "GET /static/main/webfonts/fa-solid-900.ttf HTTP/1.1" 404 179
[2025-06-26 12:12:23,999] WARNING django.server "POST /get_bom_details/ HTTP/1.1" 404 38
[2025-06-26 12:12:35,243] WARNING django.server "GET /static/main/webfonts/fa-solid-900.woff2 HTTP/1.1" 404 179
[2025-06-26 12:12:35,435] WARNING django.server "GET /static/main/webfonts/fa-solid-900.ttf HTTP/1.1" 404 179
[2025-06-26 12:13:03,748] WARNING django.server "GET /static/main/webfonts/fa-solid-900.woff2 HTTP/1.1" 404 179
[2025-06-26 12:13:03,855] WARNING django.server "GET /static/main/webfonts/fa-solid-900.ttf HTTP/1.1" 404 179
[2025-06-26 12:13:36,357] WARNING django.server "GET /static/main/webfonts/fa-solid-900.woff2 HTTP/1.1" 404 179
[2025-06-26 12:13:36,666] WARNING django.server "GET /static/main/webfonts/fa-solid-900.ttf HTTP/1.1" 404 179
[2025-06-26 12:14:01,806] WARNING django.server "GET /static/main/webfonts/fa-solid-900.woff2 HTTP/1.1" 404 179
[2025-06-26 12:14:01,933] WARNING django.server "GET /static/main/webfonts/fa-solid-900.ttf HTTP/1.1" 404 179
[2025-06-26 12:14:32,998] WARNING django.server "GET /static/main/webfonts/fa-solid-900.woff2 HTTP/1.1" 404 179
[2025-06-26 12:14:33,147] WARNING django.server "GET /static/main/webfonts/fa-solid-900.ttf HTTP/1.1" 404 179
[2025-06-26 12:15:03,135] WARNING django.server "GET /static/main/webfonts/fa-solid-900.woff2 HTTP/1.1" 404 179
[2025-06-26 12:15:03,270] WARNING django.server "GET /static/main/webfonts/fa-solid-900.ttf HTTP/1.1" 404 179
[2025-06-26 12:15:23,776] WARNING django.server "GET /static/main/webfonts/fa-solid-900.woff2 HTTP/1.1" 404 179
[2025-06-26 12:15:23,867] WARNING django.server "GET /static/main/webfonts/fa-solid-900.ttf HTTP/1.1" 404 179
[2025-06-26 12:15:39,440] WARNING django.server "POST /get_bom_details/ HTTP/1.1" 404 38
[2025-06-26 12:16:08,108] WARNING django.server "GET /static/main/webfonts/fa-solid-900.woff2 HTTP/1.1" 404 179
[2025-06-26 12:16:08,272] WARNING django.server "GET /static/main/webfonts/fa-solid-900.ttf HTTP/1.1" 404 179
[2025-06-26 12:16:09,266] WARNING django.server "GET /static/main/webfonts/fa-solid-900.woff2 HTTP/1.1" 404 179
[2025-06-26 12:16:09,443] WARNING django.server "GET /static/main/webfonts/fa-solid-900.ttf HTTP/1.1" 404 179
[2025-06-26 12:16:11,045] WARNING django.server "GET /static/main/webfonts/fa-solid-900.woff2 HTTP/1.1" 404 179
[2025-06-26 12:16:11,213] WARNING django.server "GET /static/main/webfonts/fa-solid-900.ttf HTTP/1.1" 404 179
[2025-06-26 12:16:13,451] WARNING django.server "GET /static/main/webfonts/fa-solid-900.woff2 HTTP/1.1" 404 179
[2025-06-26 12:16:13,705] WARNING django.server "GET /static/main/webfonts/fa-solid-900.ttf HTTP/1.1" 404 179
[2025-06-26 12:16:46,560] WARNING django.server "POST /get_bom_details/ HTTP/1.1" 404 38
[2025-06-26 12:16:51,955] WARNING django.server "POST /get_bom_details/ HTTP/1.1" 404 38
[2025-06-26 12:17:40,719] WARNING django.server "GET /static/main/webfonts/fa-solid-900.woff2 HTTP/1.1" 404 179
[2025-06-26 12:17:40,834] WARNING django.server "GET /static/main/webfonts/fa-solid-900.ttf HTTP/1.1" 404 179
[2025-06-26 12:18:11,748] WARNING django.server "POST /get_bom_details/ HTTP/1.1" 404 38
[2025-06-26 12:18:47,178] WARNING django.server "GET /static/main/webfonts/fa-solid-900.woff2 HTTP/1.1" 404 179
[2025-06-26 12:18:47,301] WARNING django.server "GET /static/main/webfonts/fa-solid-900.ttf HTTP/1.1" 404 179
[2025-06-26 12:19:55,473] WARNING django.server "GET /static/main/webfonts/fa-solid-900.woff2 HTTP/1.1" 404 179
[2025-06-26 12:19:55,747] WARNING django.server "GET /static/main/webfonts/fa-solid-900.ttf HTTP/1.1" 404 179
[2025-06-26 12:20:46,050] WARNING django.server "GET /static/main/webfonts/fa-solid-900.woff2 HTTP/1.1" 404 179
[2025-06-26 12:20:46,156] WARNING django.server "GET /static/main/webfonts/fa-solid-900.ttf HTTP/1.1" 404 179
[2025-06-26 12:21:47,246] WARNING django.server "POST /get_bom_details/ HTTP/1.1" 404 38
[2025-06-26 12:22:38,124] WARNING django.server "GET /static/main/webfonts/fa-solid-900.woff2 HTTP/1.1" 404 179
[2025-06-26 12:22:38,287] WARNING django.server "GET /static/main/webfonts/fa-solid-900.ttf HTTP/1.1" 404 179
[2025-06-26 12:23:50,883] WARNING django.server "GET /static/main/webfonts/fa-solid-900.woff2 HTTP/1.1" 404 179
[2025-06-26 12:23:50,981] WARNING django.server "GET /static/main/webfonts/fa-solid-900.ttf HTTP/1.1" 404 179
[2025-06-26 12:24:32,434] WARNING django.server "POST /get_bom_details/ HTTP/1.1" 404 38
[2025-06-26 12:25:03,230] WARNING django.server "GET /static/main/webfonts/fa-solid-900.woff2 HTTP/1.1" 404 179
[2025-06-26 12:25:03,703] WARNING django.server "GET /static/main/webfonts/fa-solid-900.ttf HTTP/1.1" 404 179
[2025-06-26 12:26:30,365] WARNING django.server "GET /static/main/webfonts/fa-solid-900.woff2 HTTP/1.1" 404 179
[2025-06-26 12:26:30,519] WARNING django.server "GET /static/main/webfonts/fa-solid-900.ttf HTTP/1.1" 404 179
[2025-06-26 12:27:17,681] WARNING django.server "GET /static/main/webfonts/fa-solid-900.woff2 HTTP/1.1" 404 179
[2025-06-26 12:27:18,125] WARNING django.server "GET /static/main/webfonts/fa-solid-900.ttf HTTP/1.1" 404 179
[2025-06-26 12:28:28,486] WARNING django.server "POST /get_bom_details/ HTTP/1.1" 404 38
[2025-06-26 12:29:16,857] WARNING django.server "GET /static/main/webfonts/fa-solid-900.woff2 HTTP/1.1" 404 179
[2025-06-26 12:29:16,964] WARNING django.server "GET /static/main/webfonts/fa-solid-900.ttf HTTP/1.1" 404 179
[2025-06-26 12:30:21,167] WARNING django.server "GET /static/main/webfonts/fa-solid-900.woff2 HTTP/1.1" 404 179
[2025-06-26 12:30:21,297] WARNING django.server "GET /static/main/webfonts/fa-solid-900.ttf HTTP/1.1" 404 179
[2025-06-26 12:30:53,433] WARNING django.server "POST /get_bom_details/ HTTP/1.1" 404 38
[2025-06-26 12:32:27,705] WARNING django.server "GET /static/main/webfonts/fa-solid-900.woff2 HTTP/1.1" 404 179
[2025-06-26 12:32:27,864] WARNING django.server "GET /static/main/webfonts/fa-solid-900.ttf HTTP/1.1" 404 179
[2025-06-26 12:33:22,154] WARNING django.server "GET /static/main/webfonts/fa-solid-900.woff2 HTTP/1.1" 404 179
[2025-06-26 12:33:22,269] WARNING django.server "GET /static/main/webfonts/fa-solid-900.ttf HTTP/1.1" 404 179
[2025-06-26 12:34:46,640] WARNING django.server "GET /static/main/webfonts/fa-solid-900.woff2 HTTP/1.1" 404 179
[2025-06-26 12:34:46,809] WARNING django.server "GET /static/main/webfonts/fa-solid-900.ttf HTTP/1.1" 404 179
[2025-06-26 12:37:01,520] WARNING django.server "GET /static/main/webfonts/fa-solid-900.woff2 HTTP/1.1" 404 179
[2025-06-26 12:37:01,724] WARNING django.server "GET /static/main/webfonts/fa-solid-900.ttf HTTP/1.1" 404 179
[2025-06-26 12:38:21,459] WARNING django.server "GET /static/main/webfonts/fa-solid-900.woff2 HTTP/1.1" 404 179
[2025-06-26 12:38:21,621] WARNING django.server "GET /static/main/webfonts/fa-solid-900.ttf HTTP/1.1" 404 179
[2025-06-26 12:39:08,971] WARNING django.server "POST /get_bom_details/ HTTP/1.1" 404 38
[2025-06-26 12:39:45,893] WARNING django.server "GET /static/main/webfonts/fa-solid-900.woff2 HTTP/1.1" 404 179
[2025-06-26 12:39:46,253] WARNING django.server "GET /static/main/webfonts/fa-solid-900.ttf HTTP/1.1" 404 179
[2025-06-26 12:40:55,508] WARNING django.server "GET /static/main/webfonts/fa-solid-900.woff2 HTTP/1.1" 404 179
[2025-06-26 12:40:55,634] WARNING django.server "GET /static/main/webfonts/fa-solid-900.ttf HTTP/1.1" 404 179
[2025-06-26 12:41:53,484] WARNING django.server "POST /get_bom_details/ HTTP/1.1" 404 38
[2025-06-26 12:42:26,336] WARNING django.server "GET /static/main/webfonts/fa-solid-900.woff2 HTTP/1.1" 404 179
[2025-06-26 12:42:26,503] WARNING django.server "GET /static/main/webfonts/fa-solid-900.ttf HTTP/1.1" 404 179
[2025-06-26 12:45:58,914] WARNING django.server "GET /static/main/webfonts/fa-solid-900.woff2 HTTP/1.1" 404 179
[2025-06-26 12:45:58,998] WARNING django.server "GET /static/main/webfonts/fa-solid-900.ttf HTTP/1.1" 404 179
[2025-06-26 12:47:12,459] WARNING django.server "GET /static/main/webfonts/fa-solid-900.woff2 HTTP/1.1" 404 179
[2025-06-26 12:47:12,584] WARNING django.server "GET /static/main/webfonts/fa-solid-900.ttf HTTP/1.1" 404 179
[2025-06-26 12:48:28,403] WARNING django.server "POST /get_bom_details/ HTTP/1.1" 404 38
[2025-06-26 12:51:41,350] WARNING django.server "GET /static/main/webfonts/fa-solid-900.woff2 HTTP/1.1" 404 179
[2025-06-26 12:51:41,488] WARNING django.server "GET /static/main/webfonts/fa-solid-900.ttf HTTP/1.1" 404 179
[2025-06-26 12:52:18,385] WARNING django.server "GET /static/main/webfonts/fa-solid-900.woff2 HTTP/1.1" 404 179
[2025-06-26 12:52:18,467] WARNING django.server "GET /static/main/webfonts/fa-solid-900.ttf HTTP/1.1" 404 179
[2025-06-26 12:52:23,555] WARNING django.server "GET /static/main/webfonts/fa-solid-900.woff2 HTTP/1.1" 404 179
[2025-06-26 12:52:23,826] WARNING django.server "GET /static/main/webfonts/fa-solid-900.ttf HTTP/1.1" 404 179
[2025-06-26 12:52:43,140] WARNING django.server "GET /static/main/webfonts/fa-solid-900.woff2 HTTP/1.1" 404 179
[2025-06-26 12:52:43,310] WARNING django.server "GET /static/main/webfonts/fa-solid-900.ttf HTTP/1.1" 404 179
[2025-06-26 12:53:58,340] WARNING django.server "GET /static/main/webfonts/fa-solid-900.woff2 HTTP/1.1" 404 179
[2025-06-26 12:53:58,489] WARNING django.server "GET /static/main/webfonts/fa-solid-900.ttf HTTP/1.1" 404 179
[2025-06-26 12:54:44,550] WARNING django.server "POST /get_bom_details/ HTTP/1.1" 404 38
[2025-06-26 12:55:07,026] WARNING django.server "GET /static/main/webfonts/fa-solid-900.woff2 HTTP/1.1" 404 179
[2025-06-26 12:55:07,187] WARNING django.server "GET /static/main/webfonts/fa-solid-900.ttf HTTP/1.1" 404 179
[2025-06-26 12:56:28,431] WARNING django.server "GET /static/main/webfonts/fa-solid-900.woff2 HTTP/1.1" 404 179
[2025-06-26 12:56:28,550] WARNING django.server "GET /static/main/webfonts/fa-solid-900.ttf HTTP/1.1" 404 179
[2025-06-26 12:57:59,807] WARNING django.server "POST /get_bom_details/ HTTP/1.1" 404 38
[2025-06-26 12:58:42,178] WARNING django.server "GET /static/main/webfonts/fa-solid-900.woff2 HTTP/1.1" 404 179
[2025-06-26 12:58:42,905] WARNING django.server "GET /static/main/webfonts/fa-solid-900.ttf HTTP/1.1" 404 179
[2025-06-26 12:59:23,811] WARNING django.server "POST /get_bom_details/ HTTP/1.1" 404 38
[2025-06-26 12:59:57,459] WARNING django.server "GET /static/main/webfonts/fa-solid-900.woff2 HTTP/1.1" 404 179
[2025-06-26 12:59:57,597] WARNING django.server "GET /static/main/webfonts/fa-solid-900.ttf HTTP/1.1" 404 179
[2025-06-26 13:00:28,180] WARNING custom_logger PageNotAnInteger: set to page 1
[2025-06-26 13:00:28,687] WARNING django.server "GET /static/main/webfonts/fa-solid-900.woff2 HTTP/1.1" 404 179
[2025-06-26 13:00:28,864] WARNING django.server "GET /static/main/webfonts/fa-solid-900.ttf HTTP/1.1" 404 179
[2025-06-26 13:00:31,383] WARNING django.server "GET /static/main/webfonts/fa-solid-900.woff2 HTTP/1.1" 404 179
[2025-06-26 13:00:31,513] WARNING django.server "GET /static/main/webfonts/fa-solid-900.ttf HTTP/1.1" 404 179
[2025-06-26 13:00:32,884] WARNING django.server "POST /get_bom_details/ HTTP/1.1" 404 38
[2025-06-26 13:00:34,942] WARNING django.server "GET /static/main/webfonts/fa-solid-900.woff2 HTTP/1.1" 404 179
[2025-06-26 13:00:34,988] WARNING django.server "GET /static/main/webfonts/fa-solid-900.ttf HTTP/1.1" 404 179
[2025-06-26 13:00:40,421] WARNING custom_logger PageNotAnInteger: set to page 1
[2025-06-26 13:00:41,058] WARNING django.server "GET /static/main/webfonts/fa-solid-900.woff2 HTTP/1.1" 404 179
[2025-06-26 13:00:41,120] WARNING django.server "GET /static/main/webfonts/fa-solid-900.ttf HTTP/1.1" 404 179
[2025-06-26 13:00:43,802] WARNING django.server "GET /static/main/webfonts/fa-solid-900.woff2 HTTP/1.1" 404 179
[2025-06-26 13:00:43,867] WARNING django.server "GET /static/main/webfonts/fa-solid-900.ttf HTTP/1.1" 404 179
[2025-06-26 13:00:45,485] WARNING django.server "GET /static/main/webfonts/fa-solid-900.woff2 HTTP/1.1" 404 179
[2025-06-26 13:00:45,543] WARNING django.server "GET /static/main/webfonts/fa-solid-900.ttf HTTP/1.1" 404 179
[2025-06-26 13:01:02,705] WARNING custom_logger PageNotAnInteger: set to page 1
[2025-06-26 13:01:03,193] WARNING django.server "GET /static/main/webfonts/fa-solid-900.woff2 HTTP/1.1" 404 179
[2025-06-26 13:01:03,284] WARNING django.server "GET /static/main/webfonts/fa-solid-900.ttf HTTP/1.1" 404 179
[2025-06-26 13:01:09,721] WARNING django.server "GET /static/main/webfonts/fa-solid-900.woff2 HTTP/1.1" 404 179
[2025-06-26 13:01:09,787] WARNING django.server "GET /static/main/webfonts/fa-solid-900.ttf HTTP/1.1" 404 179
[2025-06-26 13:01:10,728] WARNING django.server "GET /static/main/webfonts/fa-solid-900.woff2 HTTP/1.1" 404 179
[2025-06-26 13:01:10,937] WARNING django.server "GET /static/main/webfonts/fa-solid-900.ttf HTTP/1.1" 404 179
[2025-06-26 13:01:20,983] WARNING custom_logger PageNotAnInteger: set to page 1
[2025-06-26 13:01:21,345] WARNING django.server "GET /static/main/webfonts/fa-solid-900.woff2 HTTP/1.1" 404 179
[2025-06-26 13:01:21,461] WARNING django.server "GET /static/main/webfonts/fa-solid-900.ttf HTTP/1.1" 404 179
[2025-06-26 13:01:26,677] WARNING django.server "GET /static/main/webfonts/fa-solid-900.woff2 HTTP/1.1" 404 179
[2025-06-26 13:01:26,726] WARNING django.server "GET /static/main/webfonts/fa-solid-900.ttf HTTP/1.1" 404 179
[2025-06-26 13:01:30,526] WARNING django.server "GET /static/main/webfonts/fa-solid-900.woff2 HTTP/1.1" 404 179
[2025-06-26 13:01:30,599] WARNING django.server "GET /static/main/webfonts/fa-solid-900.ttf HTTP/1.1" 404 179
[2025-06-26 13:02:23,252] WARNING django.server "GET /static/main/webfonts/fa-solid-900.woff2 HTTP/1.1" 404 179
[2025-06-26 13:02:23,463] WARNING django.server "GET /static/main/webfonts/fa-solid-900.ttf HTTP/1.1" 404 179
[2025-06-26 13:03:34,101] WARNING django.server "GET /static/main/webfonts/fa-solid-900.woff2 HTTP/1.1" 404 179
[2025-06-26 13:03:34,259] WARNING django.server "GET /static/main/webfonts/fa-solid-900.ttf HTTP/1.1" 404 179
[2025-06-26 13:04:11,138] WARNING django.server "POST /get_bom_details/ HTTP/1.1" 404 38
[2025-06-26 13:04:36,621] WARNING django.server "GET /static/main/webfonts/fa-solid-900.woff2 HTTP/1.1" 404 179
[2025-06-26 13:04:37,197] WARNING django.server "GET /static/main/webfonts/fa-solid-900.ttf HTTP/1.1" 404 179
[2025-06-26 13:06:59,355] WARNING django.server "GET /static/main/webfonts/fa-solid-900.woff2 HTTP/1.1" 404 179
[2025-06-26 13:06:59,392] WARNING django.server "GET /static/main/webfonts/fa-solid-900.ttf HTTP/1.1" 404 179
[2025-06-26 13:07:03,833] WARNING custom_logger PageNotAnInteger: set to page 1
[2025-06-26 13:07:04,384] WARNING django.server "GET /static/main/webfonts/fa-solid-900.woff2 HTTP/1.1" 404 179
[2025-06-26 13:07:04,416] WARNING django.server "GET /static/main/webfonts/fa-solid-900.ttf HTTP/1.1" 404 179
[2025-06-26 13:07:22,430] WARNING django.server "GET /static/main/webfonts/fa-solid-900.woff2 HTTP/1.1" 404 179
[2025-06-26 13:07:22,538] WARNING django.server "GET /static/main/webfonts/fa-solid-900.ttf HTTP/1.1" 404 179
[2025-06-26 13:07:31,483] WARNING custom_logger PageNotAnInteger: set to page 1
[2025-06-26 13:07:31,678] WARNING django.server "GET /static/main/webfonts/fa-solid-900.woff2 HTTP/1.1" 404 179
[2025-06-26 13:07:31,697] WARNING django.server "GET /static/main/webfonts/fa-solid-900.ttf HTTP/1.1" 404 179
[2025-06-26 13:07:34,898] WARNING django.server "GET /static/main/webfonts/fa-solid-900.woff2 HTTP/1.1" 404 179
[2025-06-26 13:07:34,984] WARNING django.server "GET /static/main/webfonts/fa-solid-900.ttf HTTP/1.1" 404 179
[2025-06-26 13:08:42,850] WARNING django.server "GET /static/main/webfonts/fa-solid-900.woff2 HTTP/1.1" 404 179
[2025-06-26 13:08:42,952] WARNING django.server "GET /static/main/webfonts/fa-solid-900.ttf HTTP/1.1" 404 179
[2025-06-26 13:09:36,367] WARNING django.server "POST /get_bom_details/ HTTP/1.1" 404 38
[2025-06-26 13:10:03,424] WARNING django.server "GET /static/main/webfonts/fa-solid-900.woff2 HTTP/1.1" 404 179
[2025-06-26 13:10:03,528] WARNING django.server "GET /static/main/webfonts/fa-solid-900.ttf HTTP/1.1" 404 179
[2025-06-26 13:10:48,007] WARNING django.server "POST /get_bom_details/ HTTP/1.1" 404 38
[2025-06-26 13:11:25,510] WARNING django.server "GET /static/main/webfonts/fa-solid-900.woff2 HTTP/1.1" 404 179
[2025-06-26 13:11:25,680] WARNING django.server "GET /static/main/webfonts/fa-solid-900.ttf HTTP/1.1" 404 179
[2025-06-26 13:11:30,035] WARNING custom_logger PageNotAnInteger: set to page 1
[2025-06-26 13:11:30,550] WARNING django.server "GET /static/main/webfonts/fa-solid-900.woff2 HTTP/1.1" 404 179
[2025-06-26 13:11:30,604] WARNING django.server "GET /static/main/webfonts/fa-solid-900.ttf HTTP/1.1" 404 179
[2025-06-26 13:11:35,849] WARNING django.server "GET /static/main/webfonts/fa-solid-900.woff2 HTTP/1.1" 404 179
[2025-06-26 13:11:35,904] WARNING django.server "GET /static/main/webfonts/fa-solid-900.ttf HTTP/1.1" 404 179
[2025-06-26 13:11:48,491] WARNING custom_logger PageNotAnInteger: set to page 1
[2025-06-26 13:11:48,956] WARNING django.server "GET /static/main/webfonts/fa-solid-900.woff2 HTTP/1.1" 404 179
[2025-06-26 13:11:48,985] WARNING django.server "GET /static/main/webfonts/fa-solid-900.ttf HTTP/1.1" 404 179
[2025-06-26 13:12:02,177] WARNING django.server "GET /static/main/webfonts/fa-solid-900.woff2 HTTP/1.1" 404 179
[2025-06-26 13:12:02,324] WARNING django.server "GET /static/main/webfonts/fa-solid-900.ttf HTTP/1.1" 404 179
[2025-06-26 13:12:42,751] WARNING django.server "GET /static/main/webfonts/fa-solid-900.woff2 HTTP/1.1" 404 179
[2025-06-26 13:12:42,880] WARNING django.server "GET /static/main/webfonts/fa-solid-900.ttf HTTP/1.1" 404 179
[2025-06-26 13:12:50,597] WARNING custom_logger PageNotAnInteger: set to page 1
[2025-06-26 13:12:51,112] WARNING django.server "GET /static/main/webfonts/fa-solid-900.woff2 HTTP/1.1" 404 179
[2025-06-26 13:12:51,156] WARNING django.server "GET /static/main/webfonts/fa-solid-900.ttf HTTP/1.1" 404 179
[2025-06-26 13:18:07,848] WARNING custom_logger PageNotAnInteger: set to page 1
[2025-06-26 13:18:08,490] WARNING django.server "GET /static/main/webfonts/fa-solid-900.woff2 HTTP/1.1" 404 179
[2025-06-26 13:18:08,522] WARNING django.server "GET /static/main/webfonts/fa-solid-900.ttf HTTP/1.1" 404 179
[2025-06-26 13:18:10,255] WARNING custom_logger PageNotAnInteger: set to page 1
[2025-06-26 13:18:10,942] WARNING django.server "GET /static/main/webfonts/fa-solid-900.woff2 HTTP/1.1" 404 179
[2025-06-26 13:18:11,052] WARNING django.server "GET /static/main/webfonts/fa-solid-900.ttf HTTP/1.1" 404 179
[2025-06-26 13:22:53,297] WARNING django.server "GET /static/main/webfonts/fa-solid-900.woff2 HTTP/1.1" 404 179
[2025-06-26 13:22:53,443] WARNING django.server "GET /static/main/webfonts/fa-solid-900.ttf HTTP/1.1" 404 179
[2025-06-26 13:24:05,402] WARNING django.server "GET /static/main/webfonts/fa-solid-900.woff2 HTTP/1.1" 404 179
[2025-06-26 13:24:05,531] WARNING django.server "GET /static/main/webfonts/fa-solid-900.ttf HTTP/1.1" 404 179
[2025-06-26 13:25:13,342] WARNING django.server "GET /static/main/webfonts/fa-solid-900.woff2 HTTP/1.1" 404 179
[2025-06-26 13:25:13,470] WARNING django.server "GET /static/main/webfonts/fa-solid-900.ttf HTTP/1.1" 404 179
[2025-06-26 13:26:21,899] WARNING django.server "GET /static/main/webfonts/fa-solid-900.woff2 HTTP/1.1" 404 179
[2025-06-26 13:26:21,987] WARNING django.server "GET /static/main/webfonts/fa-solid-900.ttf HTTP/1.1" 404 179
[2025-06-26 13:29:52,262] WARNING django.server "GET /favicon.ico HTTP/1.1" 404 179
[2025-06-26 13:30:27,684] WARNING django.server "GET /static/main/webfonts/fa-solid-900.woff2 HTTP/1.1" 404 179
[2025-06-26 13:30:27,777] WARNING django.server "GET /static/main/webfonts/fa-solid-900.ttf HTTP/1.1" 404 179
[2025-06-26 13:34:00,640] WARNING django.server "GET /favicon.ico HTTP/1.1" 404 179
[2025-06-26 13:34:07,609] WARNING django.server "GET /static/main/webfonts/fa-solid-900.woff2 HTTP/1.1" 404 179
[2025-06-26 13:34:07,697] WARNING django.server "GET /static/main/webfonts/fa-solid-900.ttf HTTP/1.1" 404 179
[2025-06-26 13:34:12,909] WARNING django.server "GET /static/main/webfonts/fa-solid-900.woff2 HTTP/1.1" 404 179
[2025-06-26 13:34:13,029] WARNING django.server "GET /static/main/webfonts/fa-solid-900.ttf HTTP/1.1" 404 179
[2025-06-26 14:01:41,896] WARNING django.server "GET /static/main/webfonts/fa-solid-900.woff2 HTTP/1.1" 404 179
[2025-06-26 14:01:42,001] WARNING django.server "GET /static/main/webfonts/fa-solid-900.ttf HTTP/1.1" 404 179
[2025-06-26 14:05:34,339] WARNING django.server "GET /static/main/webfonts/fa-solid-900.woff2 HTTP/1.1" 404 179
[2025-06-26 14:05:34,438] WARNING django.server "GET /static/main/webfonts/fa-solid-900.ttf HTTP/1.1" 404 179
[2025-06-26 14:06:25,357] WARNING django.server "GET /static/main/webfonts/fa-solid-900.woff2 HTTP/1.1" 404 179
[2025-06-26 14:06:25,453] WARNING django.server "GET /static/main/webfonts/fa-solid-900.ttf HTTP/1.1" 404 179
[2025-06-26 14:06:28,928] WARNING django.server "GET /static/main/webfonts/fa-solid-900.woff2 HTTP/1.1" 404 179
[2025-06-26 14:06:29,045] WARNING django.server "GET /static/main/webfonts/fa-solid-900.ttf HTTP/1.1" 404 179
[2025-06-26 14:06:31,486] WARNING django.server "GET /static/main/webfonts/fa-solid-900.woff2 HTTP/1.1" 404 179
[2025-06-26 14:06:31,824] WARNING django.server "GET /static/main/webfonts/fa-solid-900.ttf HTTP/1.1" 404 179
[2025-06-26 14:08:16,662] WARNING django.server "GET /static/main/webfonts/fa-solid-900.woff2 HTTP/1.1" 404 179
[2025-06-26 14:08:16,683] WARNING django.server "GET /static/main/webfonts/fa-solid-900.ttf HTTP/1.1" 404 179
[2025-06-26 14:08:20,156] WARNING django.server "GET /static/main/webfonts/fa-solid-900.woff2 HTTP/1.1" 404 179
[2025-06-26 14:08:20,313] WARNING django.server "GET /static/main/webfonts/fa-solid-900.ttf HTTP/1.1" 404 179
[2025-06-26 14:08:26,086] WARNING django.server "GET /static/main/webfonts/fa-solid-900.woff2 HTTP/1.1" 404 179
[2025-06-26 14:08:26,182] WARNING django.server "GET /static/main/webfonts/fa-solid-900.ttf HTTP/1.1" 404 179
[2025-06-26 14:08:29,373] WARNING django.server "GET /static/main/webfonts/fa-solid-900.woff2 HTTP/1.1" 404 179
[2025-06-26 14:08:29,546] WARNING django.server "GET /static/main/webfonts/fa-solid-900.ttf HTTP/1.1" 404 179
[2025-06-26 14:08:37,245] WARNING django.server "GET /static/main/webfonts/fa-solid-900.woff2 HTTP/1.1" 404 179
[2025-06-26 14:08:37,338] WARNING django.server "GET /static/main/webfonts/fa-solid-900.ttf HTTP/1.1" 404 179
[2025-06-26 14:08:41,177] WARNING django.server "GET /static/main/webfonts/fa-solid-900.woff2 HTTP/1.1" 404 179
[2025-06-26 14:08:41,200] WARNING django.server "GET /static/main/webfonts/fa-solid-900.ttf HTTP/1.1" 404 179
[2025-06-26 14:08:49,361] WARNING django.server "GET /static/main/webfonts/fa-solid-900.woff2 HTTP/1.1" 404 179
[2025-06-26 14:08:49,424] WARNING django.server "GET /static/main/webfonts/fa-solid-900.ttf HTTP/1.1" 404 179
[2025-06-26 14:09:01,460] WARNING django.server "GET /static/main/webfonts/fa-solid-900.woff2 HTTP/1.1" 404 179
[2025-06-26 14:09:01,513] WARNING django.server "GET /static/main/webfonts/fa-solid-900.ttf HTTP/1.1" 404 179
[2025-06-26 14:10:39,838] WARNING django.server "GET /static/main/webfonts/fa-solid-900.woff2 HTTP/1.1" 404 179
[2025-06-26 14:10:40,010] WARNING django.server "GET /static/main/webfonts/fa-solid-900.ttf HTTP/1.1" 404 179
[2025-06-26 14:10:45,537] WARNING django.server "GET /static/main/webfonts/fa-solid-900.woff2 HTTP/1.1" 404 179
[2025-06-26 14:10:45,887] WARNING django.server "GET /static/main/webfonts/fa-solid-900.ttf HTTP/1.1" 404 179
[2025-06-26 14:10:48,827] WARNING django.server "GET /static/main/webfonts/fa-solid-900.woff2 HTTP/1.1" 404 179
[2025-06-26 14:10:48,898] WARNING django.server "GET /static/main/webfonts/fa-solid-900.ttf HTTP/1.1" 404 179
[2025-06-26 14:15:53,774] WARNING custom_logger Product creation failed by vinod.n. Errors: <ul class="errorlist"><li>stage<ul class="errorlist"><li>This field is required.</li></ul></li></ul>, Formset errors: [{}]
[2025-06-26 14:51:54,480] WARNING django.server "GET /static/main/webfonts/fa-solid-900.woff2 HTTP/1.1" 404 179
[2025-06-26 14:51:54,633] WARNING django.server "GET /static/main/webfonts/fa-solid-900.ttf HTTP/1.1" 404 179
[2025-06-26 14:51:58,062] WARNING django.server "GET /static/main/webfonts/fa-solid-900.woff2 HTTP/1.1" 404 179
[2025-06-26 14:51:58,201] WARNING django.server "GET /static/main/webfonts/fa-solid-900.ttf HTTP/1.1" 404 179
[2025-06-26 14:52:32,363] WARNING django.server "GET /static/main/webfonts/fa-solid-900.woff2 HTTP/1.1" 404 179
[2025-06-26 14:52:32,503] WARNING django.server "GET /static/main/webfonts/fa-solid-900.ttf HTTP/1.1" 404 179
[2025-06-26 14:52:47,760] WARNING django.server "GET /static/main/webfonts/fa-solid-900.woff2 HTTP/1.1" 404 179
[2025-06-26 14:52:47,912] WARNING django.server "GET /static/main/webfonts/fa-solid-900.ttf HTTP/1.1" 404 179
[2025-06-26 14:53:07,016] WARNING django.server "GET /static/main/webfonts/fa-solid-900.woff2 HTTP/1.1" 404 179
[2025-06-26 14:53:07,144] WARNING django.server "GET /static/main/webfonts/fa-solid-900.ttf HTTP/1.1" 404 179
[2025-06-26 14:53:15,930] WARNING django.server "GET /static/main/webfonts/fa-solid-900.woff2 HTTP/1.1" 404 179
[2025-06-26 14:53:16,058] WARNING django.server "GET /static/main/webfonts/fa-solid-900.ttf HTTP/1.1" 404 179
[2025-06-26 14:53:31,759] WARNING django.server "GET /static/main/webfonts/fa-solid-900.woff2 HTTP/1.1" 404 179
[2025-06-26 14:53:31,998] WARNING django.server "GET /static/main/webfonts/fa-solid-900.ttf HTTP/1.1" 404 179
[2025-06-26 14:53:37,534] WARNING django.server "GET /static/main/webfonts/fa-solid-900.woff2 HTTP/1.1" 404 179
[2025-06-26 14:53:37,663] WARNING django.server "GET /static/main/webfonts/fa-solid-900.ttf HTTP/1.1" 404 179
[2025-06-26 14:53:49,088] WARNING django.server "GET /static/main/webfonts/fa-solid-900.woff2 HTTP/1.1" 404 179
[2025-06-26 14:53:49,212] WARNING django.server "GET /static/main/webfonts/fa-solid-900.ttf HTTP/1.1" 404 179
[2025-06-26 14:54:07,599] WARNING django.server "GET /static/main/webfonts/fa-solid-900.woff2 HTTP/1.1" 404 179
[2025-06-26 14:54:07,718] WARNING django.server "GET /static/main/webfonts/fa-solid-900.ttf HTTP/1.1" 404 179
[2025-06-26 14:54:09,322] WARNING django.server "GET /static/main/webfonts/fa-solid-900.woff2 HTTP/1.1" 404 179
[2025-06-26 14:54:09,456] WARNING django.server "GET /static/main/webfonts/fa-solid-900.ttf HTTP/1.1" 404 179
[2025-06-26 14:55:28,366] WARNING django.server "GET /static/main/webfonts/fa-solid-900.woff2 HTTP/1.1" 404 179
[2025-06-26 14:55:28,482] WARNING django.server "GET /static/main/webfonts/fa-solid-900.ttf HTTP/1.1" 404 179
[2025-06-26 14:55:34,500] WARNING django.server "GET /static/main/webfonts/fa-solid-900.woff2 HTTP/1.1" 404 179
[2025-06-26 14:55:34,634] WARNING django.server "GET /static/main/webfonts/fa-solid-900.ttf HTTP/1.1" 404 179
[2025-06-26 14:55:58,207] WARNING django.server "GET /static/main/webfonts/fa-solid-900.woff2 HTTP/1.1" 404 179
[2025-06-26 14:55:58,298] WARNING django.server "GET /static/main/webfonts/fa-solid-900.ttf HTTP/1.1" 404 179
[2025-06-26 14:56:03,794] WARNING django.server "GET /static/main/webfonts/fa-solid-900.woff2 HTTP/1.1" 404 179
[2025-06-26 14:56:03,881] WARNING django.server "GET /static/main/webfonts/fa-solid-900.ttf HTTP/1.1" 404 179
[2025-06-26 14:56:45,987] WARNING django.server "GET /static/main/webfonts/fa-solid-900.woff2 HTTP/1.1" 404 179
[2025-06-26 14:56:46,094] WARNING django.server "GET /static/main/webfonts/fa-solid-900.ttf HTTP/1.1" 404 179
[2025-06-26 14:56:50,319] WARNING django.server "GET /static/main/webfonts/fa-solid-900.woff2 HTTP/1.1" 404 179
[2025-06-26 14:56:50,434] WARNING django.server "GET /static/main/webfonts/fa-solid-900.ttf HTTP/1.1" 404 179
[2025-06-26 14:57:20,628] WARNING django.server "GET /static/main/webfonts/fa-solid-900.woff2 HTTP/1.1" 404 179
[2025-06-26 14:57:20,727] WARNING django.server "GET /static/main/webfonts/fa-solid-900.ttf HTTP/1.1" 404 179
[2025-06-26 14:57:26,301] WARNING django.server "GET /static/main/webfonts/fa-solid-900.woff2 HTTP/1.1" 404 179
[2025-06-26 14:57:26,418] WARNING django.server "GET /static/main/webfonts/fa-solid-900.ttf HTTP/1.1" 404 179
[2025-06-26 14:58:31,120] WARNING django.server "GET /static/main/webfonts/fa-solid-900.woff2 HTTP/1.1" 404 179
[2025-06-26 14:58:31,237] WARNING django.server "GET /static/main/webfonts/fa-solid-900.ttf HTTP/1.1" 404 179
[2025-06-26 14:58:41,393] WARNING django.server "GET /static/main/webfonts/fa-solid-900.woff2 HTTP/1.1" 404 179
[2025-06-26 14:58:41,526] WARNING django.server "GET /static/main/webfonts/fa-solid-900.ttf HTTP/1.1" 404 179
[2025-06-26 14:59:26,363] WARNING django.server "GET /static/main/webfonts/fa-solid-900.woff2 HTTP/1.1" 404 179
[2025-06-26 14:59:26,471] WARNING django.server "GET /static/main/webfonts/fa-solid-900.ttf HTTP/1.1" 404 179
[2025-06-26 14:59:34,518] WARNING django.server "GET /static/main/webfonts/fa-solid-900.woff2 HTTP/1.1" 404 179
[2025-06-26 14:59:34,622] WARNING django.server "GET /static/main/webfonts/fa-solid-900.ttf HTTP/1.1" 404 179
[2025-06-26 15:00:26,749] WARNING django.server "GET /static/main/webfonts/fa-solid-900.woff2 HTTP/1.1" 404 179
[2025-06-26 15:00:26,839] WARNING django.server "GET /static/main/webfonts/fa-solid-900.ttf HTTP/1.1" 404 179
[2025-06-26 15:00:32,713] WARNING django.server "GET /static/main/webfonts/fa-solid-900.woff2 HTTP/1.1" 404 179
[2025-06-26 15:00:32,844] WARNING django.server "GET /static/main/webfonts/fa-solid-900.ttf HTTP/1.1" 404 179
[2025-06-26 15:01:11,764] WARNING django.server "GET /static/main/webfonts/fa-solid-900.woff2 HTTP/1.1" 404 179
[2025-06-26 15:01:11,860] WARNING django.server "GET /static/main/webfonts/fa-solid-900.ttf HTTP/1.1" 404 179
[2025-06-26 15:01:59,532] WARNING django.server "GET /static/main/webfonts/fa-solid-900.woff2 HTTP/1.1" 404 179
[2025-06-26 15:01:59,643] WARNING django.server "GET /static/main/webfonts/fa-solid-900.ttf HTTP/1.1" 404 179
[2025-06-26 15:02:41,643] WARNING django.server "GET /static/main/webfonts/fa-solid-900.woff2 HTTP/1.1" 404 179
[2025-06-26 15:02:41,751] WARNING django.server "GET /static/main/webfonts/fa-solid-900.ttf HTTP/1.1" 404 179
[2025-06-26 15:02:50,821] WARNING django.server "GET /static/main/webfonts/fa-solid-900.woff2 HTTP/1.1" 404 179
[2025-06-26 15:02:50,953] WARNING django.server "GET /static/main/webfonts/fa-solid-900.ttf HTTP/1.1" 404 179
[2025-06-26 15:03:31,185] WARNING django.server "GET /static/main/webfonts/fa-solid-900.woff2 HTTP/1.1" 404 179
[2025-06-26 15:03:31,290] WARNING django.server "GET /static/main/webfonts/fa-solid-900.ttf HTTP/1.1" 404 179
[2025-06-26 15:03:51,675] WARNING django.server "GET /static/main/webfonts/fa-solid-900.woff2 HTTP/1.1" 404 179
[2025-06-26 15:03:51,777] WARNING django.server "GET /static/main/webfonts/fa-solid-900.ttf HTTP/1.1" 404 179
[2025-06-26 15:04:26,571] WARNING django.server "GET /static/main/webfonts/fa-solid-900.woff2 HTTP/1.1" 404 179
[2025-06-26 15:04:27,313] WARNING django.server "GET /static/main/webfonts/fa-solid-900.ttf HTTP/1.1" 404 179
[2025-06-26 15:04:45,339] WARNING django.server "GET /static/main/webfonts/fa-solid-900.woff2 HTTP/1.1" 404 179
[2025-06-26 15:04:45,753] WARNING django.server "GET /static/main/webfonts/fa-solid-900.ttf HTTP/1.1" 404 179
[2025-06-26 15:04:49,002] WARNING django.server "GET /static/main/webfonts/fa-solid-900.woff2 HTTP/1.1" 404 179
[2025-06-26 15:04:49,130] WARNING django.server "GET /static/main/webfonts/fa-solid-900.ttf HTTP/1.1" 404 179
[2025-06-26 15:05:09,478] WARNING django.server "GET /static/main/webfonts/fa-solid-900.woff2 HTTP/1.1" 404 179
[2025-06-26 15:05:09,595] WARNING django.server "GET /static/main/webfonts/fa-solid-900.ttf HTTP/1.1" 404 179
[2025-06-26 15:05:38,138] WARNING django.server "GET /static/main/webfonts/fa-solid-900.woff2 HTTP/1.1" 404 179
[2025-06-26 15:05:38,235] WARNING django.server "GET /static/main/webfonts/fa-solid-900.ttf HTTP/1.1" 404 179
[2025-06-26 15:06:26,435] WARNING django.server "GET /static/main/webfonts/fa-solid-900.woff2 HTTP/1.1" 404 179
[2025-06-26 15:06:26,534] WARNING django.server "GET /static/main/webfonts/fa-solid-900.ttf HTTP/1.1" 404 179
[2025-06-26 15:09:45,719] WARNING django.server "GET /static/main/webfonts/fa-solid-900.woff2 HTTP/1.1" 404 179
[2025-06-26 15:09:45,836] WARNING django.server "GET /static/main/webfonts/fa-solid-900.ttf HTTP/1.1" 404 179
[2025-06-26 15:10:12,587] WARNING django.server "GET /static/main/webfonts/fa-solid-900.woff2 HTTP/1.1" 404 179
[2025-06-26 15:10:12,718] WARNING django.server "GET /static/main/webfonts/fa-solid-900.ttf HTTP/1.1" 404 179
[2025-06-26 15:10:40,782] WARNING django.server "GET /static/main/webfonts/fa-solid-900.woff2 HTTP/1.1" 404 179
[2025-06-26 15:10:40,866] WARNING django.server "GET /static/main/webfonts/fa-solid-900.ttf HTTP/1.1" 404 179
[2025-06-26 15:11:14,595] WARNING django.server "GET /static/main/webfonts/fa-solid-900.woff2 HTTP/1.1" 404 179
[2025-06-26 15:11:14,696] WARNING django.server "GET /static/main/webfonts/fa-solid-900.ttf HTTP/1.1" 404 179
[2025-06-26 15:12:23,076] WARNING django.server "GET /static/main/webfonts/fa-solid-900.woff2 HTTP/1.1" 404 179
[2025-06-26 15:12:23,180] WARNING django.server "GET /static/main/webfonts/fa-solid-900.ttf HTTP/1.1" 404 179
[2025-06-26 15:12:39,907] WARNING django.server "GET /static/main/webfonts/fa-solid-900.woff2 HTTP/1.1" 404 179
[2025-06-26 15:12:40,490] WARNING django.server "GET /static/main/webfonts/fa-solid-900.ttf HTTP/1.1" 404 179
[2025-06-26 15:13:33,866] WARNING django.server "GET /static/main/webfonts/fa-solid-900.woff2 HTTP/1.1" 404 179
[2025-06-26 15:13:33,953] WARNING django.server "GET /static/main/webfonts/fa-solid-900.ttf HTTP/1.1" 404 179
[2025-06-26 15:13:42,242] WARNING django.server "GET /static/main/webfonts/fa-solid-900.woff2 HTTP/1.1" 404 179
[2025-06-26 15:13:42,352] WARNING django.server "GET /static/main/webfonts/fa-solid-900.ttf HTTP/1.1" 404 179
[2025-06-26 15:14:30,379] WARNING django.server "GET /static/main/webfonts/fa-solid-900.woff2 HTTP/1.1" 404 179
[2025-06-26 15:14:30,471] WARNING django.server "GET /static/main/webfonts/fa-solid-900.ttf HTTP/1.1" 404 179
[2025-06-26 15:14:55,144] WARNING django.server "GET /static/main/webfonts/fa-solid-900.woff2 HTTP/1.1" 404 179
[2025-06-26 15:14:55,337] WARNING django.server "GET /static/main/webfonts/fa-solid-900.ttf HTTP/1.1" 404 179
[2025-06-26 15:15:28,556] WARNING django.server "GET /static/main/webfonts/fa-solid-900.woff2 HTTP/1.1" 404 179
[2025-06-26 15:15:28,639] WARNING django.server "GET /static/main/webfonts/fa-solid-900.ttf HTTP/1.1" 404 179
[2025-06-26 15:15:51,350] WARNING django.server "GET /static/main/webfonts/fa-solid-900.woff2 HTTP/1.1" 404 179
[2025-06-26 15:15:51,447] WARNING django.server "GET /static/main/webfonts/fa-solid-900.ttf HTTP/1.1" 404 179
[2025-06-26 15:15:52,721] WARNING django.server "GET /static/main/webfonts/fa-solid-900.woff2 HTTP/1.1" 404 179
[2025-06-26 15:15:52,819] WARNING django.server "GET /static/main/webfonts/fa-solid-900.ttf HTTP/1.1" 404 179
[2025-06-26 15:15:53,949] WARNING django.server "GET /static/main/webfonts/fa-solid-900.woff2 HTTP/1.1" 404 179
[2025-06-26 15:15:54,040] WARNING django.server "GET /static/main/webfonts/fa-solid-900.ttf HTTP/1.1" 404 179
[2025-06-26 15:15:55,654] WARNING django.server "GET /static/main/webfonts/fa-solid-900.woff2 HTTP/1.1" 404 179
[2025-06-26 15:15:55,755] WARNING django.server "GET /static/main/webfonts/fa-solid-900.ttf HTTP/1.1" 404 179
[2025-06-26 15:16:01,476] WARNING django.server "GET /static/main/webfonts/fa-solid-900.woff2 HTTP/1.1" 404 179
[2025-06-26 15:16:01,568] WARNING django.server "GET /static/main/webfonts/fa-solid-900.ttf HTTP/1.1" 404 179
[2025-06-26 15:16:29,602] WARNING django.server "GET /static/main/webfonts/fa-solid-900.woff2 HTTP/1.1" 404 179
[2025-06-26 15:16:29,724] WARNING django.server "GET /static/main/webfonts/fa-solid-900.ttf HTTP/1.1" 404 179
[2025-06-26 15:17:20,747] WARNING django.server "GET /static/main/webfonts/fa-solid-900.woff2 HTTP/1.1" 404 179
[2025-06-26 15:17:20,851] WARNING django.server "GET /static/main/webfonts/fa-solid-900.ttf HTTP/1.1" 404 179
[2025-06-26 15:17:28,906] WARNING django.server "GET /static/main/webfonts/fa-solid-900.woff2 HTTP/1.1" 404 179
[2025-06-26 15:17:29,277] WARNING django.server "GET /static/main/webfonts/fa-solid-900.ttf HTTP/1.1" 404 179
[2025-06-26 15:17:58,409] WARNING django.server "GET /static/main/webfonts/fa-solid-900.woff2 HTTP/1.1" 404 179
[2025-06-26 15:17:58,512] WARNING django.server "GET /static/main/webfonts/fa-solid-900.ttf HTTP/1.1" 404 179
[2025-06-26 15:18:55,302] WARNING django.server "GET /static/main/webfonts/fa-solid-900.woff2 HTTP/1.1" 404 179
[2025-06-26 15:18:55,408] WARNING django.server "GET /static/main/webfonts/fa-solid-900.ttf HTTP/1.1" 404 179
[2025-06-26 15:19:39,962] WARNING django.server "GET /static/main/webfonts/fa-solid-900.woff2 HTTP/1.1" 404 179
[2025-06-26 15:19:40,075] WARNING django.server "GET /static/main/webfonts/fa-solid-900.ttf HTTP/1.1" 404 179
[2025-06-26 15:20:00,988] WARNING django.server "GET /static/main/webfonts/fa-solid-900.woff2 HTTP/1.1" 404 179
[2025-06-26 15:20:01,087] WARNING django.server "GET /static/main/webfonts/fa-solid-900.ttf HTTP/1.1" 404 179
[2025-06-26 15:21:07,361] WARNING django.server "GET /static/main/webfonts/fa-solid-900.woff2 HTTP/1.1" 404 179
[2025-06-26 15:21:07,520] WARNING django.server "GET /static/main/webfonts/fa-solid-900.ttf HTTP/1.1" 404 179
[2025-06-26 15:21:09,827] WARNING django.server "GET /static/main/webfonts/fa-solid-900.woff2 HTTP/1.1" 404 179
[2025-06-26 15:21:10,208] WARNING django.server "GET /static/main/webfonts/fa-solid-900.ttf HTTP/1.1" 404 179
[2025-06-26 15:49:31,557] WARNING django.server "GET /static/main/webfonts/fa-solid-900.woff2 HTTP/1.1" 404 179
[2025-06-26 15:49:31,704] WARNING django.server "GET /static/main/webfonts/fa-solid-900.ttf HTTP/1.1" 404 179
[2025-06-26 16:02:49,830] WARNING django.server "GET /static/main/webfonts/fa-solid-900.woff2 HTTP/1.1" 404 179
[2025-06-26 16:02:49,917] WARNING django.server "GET /static/main/webfonts/fa-solid-900.ttf HTTP/1.1" 404 179
[2025-06-26 16:02:50,019] WARNING django.server "GET /favicon.ico HTTP/1.1" 404 179
[2025-06-26 16:02:52,116] WARNING django.server "GET /static/main/webfonts/fa-solid-900.woff2 HTTP/1.1" 404 179
[2025-06-26 16:02:52,208] WARNING django.server "GET /static/main/webfonts/fa-solid-900.ttf HTTP/1.1" 404 179
[2025-06-26 16:03:00,712] WARNING django.server "GET /static/main/webfonts/fa-solid-900.woff2 HTTP/1.1" 404 179
[2025-06-26 16:03:00,801] WARNING django.server "GET /static/main/webfonts/fa-solid-900.ttf HTTP/1.1" 404 179
[2025-06-26 16:05:19,298] WARNING django.server "GET /static/main/webfonts/fa-solid-900.woff2 HTTP/1.1" 404 179
[2025-06-26 16:05:19,391] WARNING django.server "GET /static/main/webfonts/fa-solid-900.ttf HTTP/1.1" 404 179
[2025-06-26 16:07:31,444] WARNING django.server "GET /static/main/webfonts/fa-solid-900.woff2 HTTP/1.1" 404 179
[2025-06-26 16:07:31,560] WARNING django.server "GET /static/main/webfonts/fa-solid-900.ttf HTTP/1.1" 404 179
[2025-06-26 16:08:41,462] WARNING django.server "GET /static/main/webfonts/fa-solid-900.woff2 HTTP/1.1" 404 179
[2025-06-26 16:08:41,538] WARNING django.server "GET /static/main/webfonts/fa-solid-900.ttf HTTP/1.1" 404 179
[2025-06-26 16:08:44,007] WARNING django.server "GET /static/main/webfonts/fa-solid-900.woff2 HTTP/1.1" 404 179
[2025-06-26 16:08:44,044] WARNING django.server "GET /static/main/webfonts/fa-solid-900.ttf HTTP/1.1" 404 179
[2025-06-26 16:08:46,639] WARNING django.server "GET /static/main/webfonts/fa-solid-900.woff2 HTTP/1.1" 404 179
[2025-06-26 16:08:46,731] WARNING django.server "GET /static/main/webfonts/fa-solid-900.ttf HTTP/1.1" 404 179
[2025-06-26 16:09:32,627] WARNING django.server "GET /static/main/webfonts/fa-solid-900.woff2 HTTP/1.1" 404 179
[2025-06-26 16:09:32,729] WARNING django.server "GET /static/main/webfonts/fa-solid-900.ttf HTTP/1.1" 404 179
[2025-06-26 16:09:35,003] WARNING django.server "GET /static/main/webfonts/fa-solid-900.woff2 HTTP/1.1" 404 179
[2025-06-26 16:09:35,099] WARNING django.server "GET /static/main/webfonts/fa-solid-900.ttf HTTP/1.1" 404 179
[2025-06-26 16:09:55,930] WARNING django.server "GET /static/main/webfonts/fa-solid-900.woff2 HTTP/1.1" 404 179
[2025-06-26 16:09:55,940] WARNING django.server "GET /static/main/webfonts/fa-solid-900.ttf HTTP/1.1" 404 179
[2025-06-26 16:10:02,825] WARNING django.server "GET /static/main/webfonts/fa-solid-900.woff2 HTTP/1.1" 404 179
[2025-06-26 16:10:02,886] WARNING django.server "GET /static/main/webfonts/fa-solid-900.ttf HTTP/1.1" 404 179
[2025-06-26 16:32:16,355] WARNING django.server "GET /static/main/webfonts/fa-solid-900.woff2 HTTP/1.1" 404 179
[2025-06-26 16:32:16,450] WARNING django.server "GET /static/main/webfonts/fa-solid-900.ttf HTTP/1.1" 404 179
[2025-06-26 16:32:19,200] WARNING django.server "GET /static/main/webfonts/fa-solid-900.woff2 HTTP/1.1" 404 179
[2025-06-26 16:32:19,259] WARNING django.server "GET /static/main/webfonts/fa-solid-900.ttf HTTP/1.1" 404 179
[2025-06-26 16:32:41,056] WARNING django.server "GET /static/main/webfonts/fa-solid-900.woff2 HTTP/1.1" 404 179
[2025-06-26 16:32:41,165] WARNING django.server "GET /static/main/webfonts/fa-solid-900.ttf HTTP/1.1" 404 179
[2025-06-26 16:38:07,203] WARNING django.server "GET /static/main/webfonts/fa-solid-900.woff2 HTTP/1.1" 404 179
[2025-06-26 16:38:07,320] WARNING django.server "GET /static/main/webfonts/fa-solid-900.ttf HTTP/1.1" 404 179
[2025-06-26 17:24:19,577] WARNING django.server "GET /static/main/webfonts/fa-solid-900.woff2 HTTP/1.1" 404 179
[2025-06-26 17:24:19,703] WARNING django.server "GET /static/main/webfonts/fa-solid-900.ttf HTTP/1.1" 404 179
[2025-06-26 17:24:20,955] WARNING django.server "GET /static/main/webfonts/fa-solid-900.woff2 HTTP/1.1" 404 179
[2025-06-26 17:24:21,048] WARNING django.server "GET /static/main/webfonts/fa-solid-900.ttf HTTP/1.1" 404 179
[2025-06-26 17:24:25,515] WARNING django.server "GET /static/main/webfonts/fa-solid-900.woff2 HTTP/1.1" 404 179
[2025-06-26 17:24:25,610] WARNING django.server "GET /static/main/webfonts/fa-solid-900.ttf HTTP/1.1" 404 179
[2025-06-26 17:24:28,530] WARNING django.server "GET /static/main/webfonts/fa-solid-900.woff2 HTTP/1.1" 404 179
[2025-06-26 17:24:28,622] WARNING django.server "GET /static/main/webfonts/fa-solid-900.ttf HTTP/1.1" 404 179
[2025-06-26 17:24:41,423] WARNING django.server "GET /static/main/webfonts/fa-solid-900.woff2 HTTP/1.1" 404 179
[2025-06-26 17:24:41,516] WARNING django.server "GET /static/main/webfonts/fa-solid-900.ttf HTTP/1.1" 404 179
[2025-06-26 17:25:16,741] WARNING django.server "GET /static/main/webfonts/fa-solid-900.woff2 HTTP/1.1" 404 179
[2025-06-26 17:25:16,832] WARNING django.server "GET /static/main/webfonts/fa-solid-900.ttf HTTP/1.1" 404 179
[2025-06-26 17:25:36,916] WARNING django.server "GET /static/main/webfonts/fa-solid-900.woff2 HTTP/1.1" 404 179
[2025-06-26 17:25:37,012] WARNING django.server "GET /static/main/webfonts/fa-solid-900.ttf HTTP/1.1" 404 179
[2025-06-26 17:25:42,951] WARNING django.server "GET /static/main/webfonts/fa-solid-900.woff2 HTTP/1.1" 404 179
[2025-06-26 17:25:43,063] WARNING django.server "GET /static/main/webfonts/fa-solid-900.ttf HTTP/1.1" 404 179
[2025-06-26 17:25:52,109] WARNING django.server "GET /static/main/webfonts/fa-solid-900.woff2 HTTP/1.1" 404 179
[2025-06-26 17:25:52,194] WARNING django.server "GET /static/main/webfonts/fa-solid-900.ttf HTTP/1.1" 404 179
[2025-06-26 17:26:12,617] WARNING django.server "GET /static/main/webfonts/fa-solid-900.woff2 HTTP/1.1" 404 179
[2025-06-26 17:26:12,744] WARNING django.server "GET /static/main/webfonts/fa-solid-900.ttf HTTP/1.1" 404 179
[2025-06-26 17:26:14,811] WARNING django.server "GET /static/main/webfonts/fa-solid-900.woff2 HTTP/1.1" 404 179
[2025-06-26 17:26:14,888] WARNING django.server "GET /static/main/webfonts/fa-solid-900.ttf HTTP/1.1" 404 179
[2025-06-26 17:26:17,228] WARNING django.server "GET /static/main/webfonts/fa-solid-900.woff2 HTTP/1.1" 404 179
[2025-06-26 17:26:17,320] WARNING django.server "GET /static/main/webfonts/fa-solid-900.ttf HTTP/1.1" 404 179
[2025-06-26 17:26:25,886] WARNING django.server "GET /static/main/webfonts/fa-solid-900.woff2 HTTP/1.1" 404 179
[2025-06-26 17:26:25,985] WARNING django.server "GET /static/main/webfonts/fa-solid-900.ttf HTTP/1.1" 404 179
[2025-06-26 17:26:28,170] WARNING django.server "GET /static/main/webfonts/fa-solid-900.woff2 HTTP/1.1" 404 179
[2025-06-26 17:26:28,266] WARNING django.server "GET /static/main/webfonts/fa-solid-900.ttf HTTP/1.1" 404 179
[2025-06-26 17:26:30,396] WARNING django.server "GET /static/main/webfonts/fa-solid-900.woff2 HTTP/1.1" 404 179
[2025-06-26 17:26:30,491] WARNING django.server "GET /static/main/webfonts/fa-solid-900.ttf HTTP/1.1" 404 179
[2025-06-26 17:26:38,237] WARNING django.server "GET /static/main/webfonts/fa-solid-900.woff2 HTTP/1.1" 404 179
[2025-06-26 17:26:38,316] WARNING django.server "GET /static/main/webfonts/fa-solid-900.ttf HTTP/1.1" 404 179
[2025-06-26 17:26:40,607] WARNING django.server "GET /static/main/webfonts/fa-solid-900.woff2 HTTP/1.1" 404 179
[2025-06-26 17:26:40,685] WARNING django.server "GET /static/main/webfonts/fa-solid-900.ttf HTTP/1.1" 404 179
[2025-06-26 17:39:52,532] WARNING django.server "GET /favicon.ico HTTP/1.1" 404 179
[2025-06-26 17:39:59,867] WARNING django.server "GET /static/main/webfonts/fa-solid-900.woff2 HTTP/1.1" 404 179
[2025-06-26 17:39:59,953] WARNING django.server "GET /static/main/webfonts/fa-solid-900.ttf HTTP/1.1" 404 179
[2025-06-26 17:43:07,394] WARNING django.server "GET /static/main/webfonts/fa-solid-900.woff2 HTTP/1.1" 404 179
[2025-06-26 17:43:07,551] WARNING django.server "GET /static/main/webfonts/fa-solid-900.ttf HTTP/1.1" 404 179
[2025-06-26 17:46:21,575] WARNING django.server "GET /static/main/webfonts/fa-solid-900.woff2 HTTP/1.1" 404 179
[2025-06-26 17:46:21,711] WARNING django.server "GET /static/main/webfonts/fa-solid-900.ttf HTTP/1.1" 404 179
[2025-06-26 17:46:31,301] WARNING django.server "GET /static/main/webfonts/fa-solid-900.woff2 HTTP/1.1" 404 179
[2025-06-26 17:46:31,392] WARNING django.server "GET /static/main/webfonts/fa-solid-900.ttf HTTP/1.1" 404 179
[2025-06-26 17:46:42,495] WARNING django.server "GET /static/main/webfonts/fa-solid-900.woff2 HTTP/1.1" 404 179
[2025-06-26 17:46:42,609] WARNING django.server "GET /static/main/webfonts/fa-solid-900.ttf HTTP/1.1" 404 179
[2025-06-26 17:52:49,901] WARNING django.server "GET /static/main/webfonts/fa-solid-900.woff2 HTTP/1.1" 404 179
[2025-06-26 17:52:50,072] WARNING django.server "GET /static/main/webfonts/fa-solid-900.ttf HTTP/1.1" 404 179
[2025-06-26 17:53:45,678] WARNING django.server "GET /static/main/webfonts/fa-solid-900.woff2 HTTP/1.1" 404 179
[2025-06-26 17:53:45,754] WARNING django.server "GET /static/main/webfonts/fa-solid-900.ttf HTTP/1.1" 404 179
[2025-06-26 18:01:31,087] WARNING django.server "GET /static/main/webfonts/fa-solid-900.woff2 HTTP/1.1" 404 179
[2025-06-26 18:01:31,170] WARNING django.server "GET /static/main/webfonts/fa-solid-900.ttf HTTP/1.1" 404 179
[2025-06-26 18:14:06,954] WARNING django.server "GET /static/main/webfonts/fa-solid-900.woff2 HTTP/1.1" 404 179
[2025-06-26 18:14:07,115] WARNING django.server "GET /static/main/webfonts/fa-solid-900.ttf HTTP/1.1" 404 179
[2025-06-26 18:14:07,205] WARNING django.server "GET /favicon.ico HTTP/1.1" 404 179
[2025-06-26 18:34:16,936] WARNING django.server "GET /static/main/webfonts/fa-solid-900.woff2 HTTP/1.1" 404 179
[2025-06-26 18:34:17,127] WARNING django.server "GET /static/main/webfonts/fa-solid-900.ttf HTTP/1.1" 404 179
[2025-06-26 18:35:18,507] WARNING django.server "GET /favicon.ico HTTP/1.1" 404 179
[2025-06-26 18:35:47,869] WARNING django.server "GET /static/main/webfonts/fa-solid-900.woff2 HTTP/1.1" 404 179
[2025-06-26 18:35:48,034] WARNING django.server "GET /static/main/webfonts/fa-solid-900.ttf HTTP/1.1" 404 179
[2025-06-26 18:36:00,339] WARNING custom_logger User 'piyush.k' tried to add a Lagging record without permission.
[2025-06-26 18:36:00,622] WARNING django.server "GET /static/main/webfonts/fa-solid-900.woff2 HTTP/1.1" 404 179
[2025-06-26 18:36:00,742] WARNING django.server "GET /static/main/webfonts/fa-solid-900.ttf HTTP/1.1" 404 179
[2025-06-26 18:36:11,393] WARNING django.server "GET /static/main/webfonts/fa-solid-900.woff2 HTTP/1.1" 404 179
[2025-06-26 18:36:11,529] WARNING django.server "GET /static/main/webfonts/fa-solid-900.ttf HTTP/1.1" 404 179
[2025-06-26 18:43:05,253] WARNING django.server "GET /static/main/webfonts/fa-solid-900.woff2 HTTP/1.1" 404 179
[2025-06-26 18:43:05,333] WARNING django.server "GET /static/main/webfonts/fa-solid-900.ttf HTTP/1.1" 404 179
[2025-06-26 18:43:08,453] WARNING django.server "GET /static/main/webfonts/fa-solid-900.woff2 HTTP/1.1" 404 179
[2025-06-26 18:43:08,544] WARNING django.server "GET /static/main/webfonts/fa-solid-900.ttf HTTP/1.1" 404 179
[2025-06-26 18:43:24,144] WARNING django.server "GET /static/main/webfonts/fa-solid-900.woff2 HTTP/1.1" 404 179
[2025-06-26 18:43:24,231] WARNING django.server "GET /static/main/webfonts/fa-solid-900.ttf HTTP/1.1" 404 179
[2025-06-26 18:43:58,193] WARNING django.server "GET /static/main/webfonts/fa-solid-900.woff2 HTTP/1.1" 404 179
[2025-06-26 18:43:58,280] WARNING django.server "GET /static/main/webfonts/fa-solid-900.ttf HTTP/1.1" 404 179
[2025-06-26 18:44:20,397] WARNING django.server "GET /static/main/webfonts/fa-solid-900.woff2 HTTP/1.1" 404 179
[2025-06-26 18:44:20,477] WARNING django.server "GET /static/main/webfonts/fa-solid-900.ttf HTTP/1.1" 404 179
[2025-06-26 18:44:23,674] WARNING django.server "GET /static/main/webfonts/fa-solid-900.woff2 HTTP/1.1" 404 179
[2025-06-26 18:44:23,759] WARNING django.server "GET /static/main/webfonts/fa-solid-900.ttf HTTP/1.1" 404 179
[2025-06-26 18:44:27,544] WARNING django.server "GET /static/main/webfonts/fa-solid-900.woff2 HTTP/1.1" 404 179
[2025-06-26 18:44:27,646] WARNING django.server "GET /static/main/webfonts/fa-solid-900.ttf HTTP/1.1" 404 179
[2025-06-26 18:53:46,879] WARNING django.server "GET /static/main/webfonts/fa-solid-900.woff2 HTTP/1.1" 404 179
[2025-06-26 18:53:46,970] WARNING django.server "GET /static/main/webfonts/fa-solid-900.ttf HTTP/1.1" 404 179
[2025-06-26 18:53:55,166] WARNING django.server "GET /static/main/webfonts/fa-solid-900.woff2 HTTP/1.1" 404 179
[2025-06-26 18:53:55,254] WARNING django.server "GET /static/main/webfonts/fa-solid-900.ttf HTTP/1.1" 404 179
[2025-06-26 18:57:56,199] WARNING django.server "GET /static/main/webfonts/fa-solid-900.woff2 HTTP/1.1" 404 179
[2025-06-26 18:57:56,282] WARNING django.server "GET /static/main/webfonts/fa-solid-900.ttf HTTP/1.1" 404 179
[2025-06-26 18:57:56,366] WARNING django.server "GET /favicon.ico HTTP/1.1" 404 179
[2025-06-26 18:58:00,501] WARNING django.server "GET /static/main/webfonts/fa-solid-900.woff2 HTTP/1.1" 404 179
[2025-06-26 18:58:00,593] WARNING django.server "GET /static/main/webfonts/fa-solid-900.ttf HTTP/1.1" 404 179
[2025-06-26 18:58:02,904] WARNING django.server "GET /static/main/webfonts/fa-solid-900.woff2 HTTP/1.1" 404 179
[2025-06-26 18:58:02,995] WARNING django.server "GET /static/main/webfonts/fa-solid-900.ttf HTTP/1.1" 404 179
[2025-06-26 19:26:27,854] WARNING django.server "GET /favicon.ico HTTP/1.1" 404 179
[2025-06-26 19:27:12,498] WARNING django.server "GET /static/main/webfonts/fa-solid-900.woff2 HTTP/1.1" 404 179
[2025-06-26 19:27:12,583] WARNING django.server "GET /static/main/webfonts/fa-solid-900.ttf HTTP/1.1" 404 179
[2025-06-26 19:27:59,265] WARNING django.server "GET /static/main/webfonts/fa-solid-900.woff2 HTTP/1.1" 404 179
[2025-06-26 19:27:59,357] WARNING django.server "GET /static/main/webfonts/fa-solid-900.ttf HTTP/1.1" 404 179
[2025-06-26 19:28:08,181] WARNING django.server "GET /static/main/webfonts/fa-solid-900.woff2 HTTP/1.1" 404 179
[2025-06-26 19:28:08,262] WARNING django.server "GET /static/main/webfonts/fa-solid-900.ttf HTTP/1.1" 404 179
[2025-06-26 20:44:48,901] WARNING django.server "GET /static/main/webfonts/fa-solid-900.woff2 HTTP/1.1" 404 179
[2025-06-26 20:44:49,016] WARNING django.server "GET /static/main/webfonts/fa-solid-900.ttf HTTP/1.1" 404 179
[2025-06-26 20:44:53,084] WARNING django.server "GET /static/main/webfonts/fa-solid-900.woff2 HTTP/1.1" 404 179
[2025-06-26 20:44:53,171] WARNING django.server "GET /static/main/webfonts/fa-solid-900.ttf HTTP/1.1" 404 179
[2025-06-26 20:48:17,103] WARNING django.server "GET /static/main/webfonts/fa-solid-900.woff2 HTTP/1.1" 404 179
[2025-06-26 20:48:17,206] WARNING django.server "GET /static/main/webfonts/fa-solid-900.ttf HTTP/1.1" 404 179
[2025-06-26 20:56:48,313] WARNING django.server "GET /static/main/webfonts/fa-solid-900.woff2 HTTP/1.1" 404 179
[2025-06-26 20:56:48,418] WARNING django.server "GET /static/main/webfonts/fa-solid-900.ttf HTTP/1.1" 404 179
[2025-06-26 21:02:49,058] WARNING django.server "GET /static/main/webfonts/fa-solid-900.woff2 HTTP/1.1" 404 179
[2025-06-26 21:02:49,142] WARNING django.server "GET /static/main/webfonts/fa-solid-900.ttf HTTP/1.1" 404 179
[2025-06-26 21:02:49,230] WARNING django.server "GET /favicon.ico HTTP/1.1" 404 179
[2025-06-26 21:03:39,405] WARNING custom_logger Invalid login form submitted.
[2025-06-26 21:04:04,839] WARNING django.server "GET /static/main/webfonts/fa-solid-900.woff2 HTTP/1.1" 404 179
[2025-06-26 21:04:04,914] WARNING django.server "GET /static/main/webfonts/fa-solid-900.ttf HTTP/1.1" 404 179
[2025-06-26 21:05:17,956] WARNING django.server "GET /static/main/webfonts/fa-solid-900.woff2 HTTP/1.1" 404 179
[2025-06-26 21:05:18,052] WARNING django.server "GET /static/main/webfonts/fa-solid-900.ttf HTTP/1.1" 404 179
[2025-06-26 21:05:20,781] WARNING django.server "GET /static/main/webfonts/fa-solid-900.woff2 HTTP/1.1" 404 179
[2025-06-26 21:05:20,882] WARNING django.server "GET /static/main/webfonts/fa-solid-900.ttf HTTP/1.1" 404 179
[2025-06-26 21:05:27,722] WARNING django.server "GET /static/main/webfonts/fa-solid-900.woff2 HTTP/1.1" 404 179
[2025-06-26 21:05:27,810] WARNING django.server "GET /static/main/webfonts/fa-solid-900.ttf HTTP/1.1" 404 179
[2025-06-26 21:05:41,133] WARNING django.server "GET /static/main/webfonts/fa-solid-900.woff2 HTTP/1.1" 404 179
[2025-06-26 21:05:41,222] WARNING django.server "GET /static/main/webfonts/fa-solid-900.ttf HTTP/1.1" 404 179
[2025-06-26 21:06:21,579] WARNING django.server "GET /static/main/webfonts/fa-solid-900.woff2 HTTP/1.1" 404 179
[2025-06-26 21:06:21,679] WARNING django.server "GET /static/main/webfonts/fa-solid-900.ttf HTTP/1.1" 404 179
[2025-06-26 21:06:27,269] WARNING django.server "GET /static/main/webfonts/fa-solid-900.woff2 HTTP/1.1" 404 179
[2025-06-26 21:06:27,346] WARNING django.server "GET /static/main/webfonts/fa-solid-900.ttf HTTP/1.1" 404 179
[2025-06-26 21:06:37,169] WARNING django.server "GET /static/main/webfonts/fa-solid-900.woff2 HTTP/1.1" 404 179
[2025-06-26 21:06:37,266] WARNING django.server "GET /static/main/webfonts/fa-solid-900.ttf HTTP/1.1" 404 179
[2025-06-26 21:06:51,969] WARNING django.server "GET /static/main/webfonts/fa-solid-900.woff2 HTTP/1.1" 404 179
[2025-06-26 21:06:52,070] WARNING django.server "GET /static/main/webfonts/fa-solid-900.ttf HTTP/1.1" 404 179
[2025-06-26 21:06:55,542] WARNING django.server "GET /static/main/webfonts/fa-solid-900.woff2 HTTP/1.1" 404 179
[2025-06-26 21:06:55,618] WARNING django.server "GET /static/main/webfonts/fa-solid-900.ttf HTTP/1.1" 404 179
[2025-06-26 21:06:58,647] WARNING django.server "GET /static/main/webfonts/fa-solid-900.woff2 HTTP/1.1" 404 179
[2025-06-26 21:06:58,753] WARNING django.server "GET /static/main/webfonts/fa-solid-900.ttf HTTP/1.1" 404 179
[2025-06-26 21:07:24,249] WARNING django.server "GET /static/main/webfonts/fa-solid-900.woff2 HTTP/1.1" 404 179
[2025-06-26 21:07:24,349] WARNING django.server "GET /static/main/webfonts/fa-solid-900.ttf HTTP/1.1" 404 179
[2025-06-26 21:17:56,143] WARNING custom_logger Product creation failed by ulhas.b. Errors: , Formset errors: [{}, {'name': ['This field is required.'], 'spec_type': ['This field is required.'], 'min_val': ['Numeric spec requires both a minimum and a maximum value.'], 'max_val': ['Numeric spec requires both a minimum and a maximum value.']}, {}, {}, {}, {'__all__': ['Min must be  Max.', 'Minimum value must be less than or equal to maximum value.']}, {}, {}, {}]
[2025-06-26 21:18:22,392] WARNING custom_logger Product creation failed by ulhas.b. Errors: , Formset errors: [{}, {'name': ['This field is required.'], 'spec_type': ['This field is required.'], 'min_val': ['Numeric spec requires both a minimum and a maximum value.'], 'max_val': ['Numeric spec requires both a minimum and a maximum value.']}, {}, {}, {}, {'__all__': ['Min must be  Max.', 'Minimum value must be less than or equal to maximum value.']}, {}, {}, {}]
[2025-06-26 21:19:09,290] WARNING custom_logger Product creation failed by ulhas.b. Errors: , Formset errors: [{}, {}, {}, {}, {}, {'__all__': ['Min must be  Max.', 'Minimum value must be less than or equal to maximum value.']}, {}, {}, {}]
[2025-06-26 21:19:14,428] WARNING custom_logger Product creation failed by ulhas.b. Errors: , Formset errors: [{}, {}, {}, {}, {}, {'__all__': ['Min must be  Max.', 'Minimum value must be less than or equal to maximum value.']}, {}, {}, {}]
[2025-06-26 21:19:24,365] WARNING custom_logger Product creation failed by ulhas.b. Errors: , Formset errors: [{}, {}, {}, {}, {}, {'__all__': ['Min must be  Max.', 'Minimum value must be less than or equal to maximum value.']}, {}, {}, {}]
[2025-06-26 21:19:38,319] WARNING custom_logger Product creation failed by ulhas.b. Errors: , Formset errors: [{}, {}, {}, {}, {}, {'__all__': ['Min must be  Max.', 'Minimum value must be less than or equal to maximum value.']}, {}, {}, {}]
[2025-06-26 21:20:58,188] WARNING custom_logger Product creation failed by ulhas.b. Errors: , Formset errors: [{}, {'name': ['This field is required.'], 'spec_type': ['This field is required.'], 'min_val': ['Numeric spec requires both a minimum and a maximum value.'], 'max_val': ['Numeric spec requires both a minimum and a maximum value.']}, {}, {}, {}, {'__all__': ['Min must be  Max.', 'Minimum value must be less than or equal to maximum value.']}, {}, {}, {}]
[2025-06-26 21:21:33,392] WARNING custom_logger Product creation failed by ulhas.b. Errors: , Formset errors: [{}, {}, {}, {}, {}, {'__all__': ['Min must be  Max.', 'Minimum value must be less than or equal to maximum value.']}, {}, {}, {}]
[2025-06-26 21:21:58,189] WARNING custom_logger Product creation failed by ulhas.b. Errors: , Formset errors: [{}, {'name': ['This field is required.'], 'spec_type': ['This field is required.'], 'min_val': ['Numeric spec requires both a minimum and a maximum value.'], 'max_val': ['Numeric spec requires both a minimum and a maximum value.']}, {}, {}, {}, {'__all__': ['Min must be  Max.', 'Minimum value must be less than or equal to maximum value.']}, {}, {}, {}]
[2025-06-26 21:25:15,088] WARNING custom_logger Product creation failed by ulhas.b. Errors: , Formset errors: [{}, {}, {}, {}, {}, {'__all__': ['Min must be  Max.', 'Minimum value must be less than or equal to maximum value.']}, {}, {}, {}]
[2025-06-26 21:27:51,354] WARNING custom_logger Product creation failed by ulhas.b. Errors: , Formset errors: [{}, {'name': ['This field is required.'], 'spec_type': ['This field is required.'], 'min_val': ['Numeric spec requires both a minimum and a maximum value.'], 'max_val': ['Numeric spec requires both a minimum and a maximum value.']}, {}, {}, {}, {'__all__': ['Min must be  Max.', 'Minimum value must be less than or equal to maximum value.']}, {}, {}, {}]
