[2025-04-22 22:27:00,643] WARNING django.server "GET /static/main/webfonts/fa-solid-900.woff2 HTTP/1.1" 404 179
[2025-04-22 22:27:00,993] WARNING django.server "GET /static/main/webfonts/fa-solid-900.ttf HTTP/1.1" 404 179
[2025-04-22 22:27:23,010] WARNING django.server "GET /favicon.ico HTTP/1.1" 404 179
[2025-04-22 22:30:06,371] WARNING django.server "GET /static/main/webfonts/fa-solid-900.woff2 HTTP/1.1" 404 179
[2025-04-22 22:30:06,554] WARNING django.server "GET /static/main/webfonts/fa-solid-900.ttf HTTP/1.1" 404 179
[2025-04-22 22:30:23,042] ERROR django.server "GET /view-general-effluent/ HTTP/1.1" 500 145
[2025-04-22 22:30:28,517] ERROR django.server "GET /add-general-effluent/ HTTP/1.1" 500 145
[2025-04-22 22:30:36,613] ERROR django.server "GET /view-general-effluent/ HTTP/1.1" 500 145
[2025-04-22 22:32:20,595] WARNING django.server "GET /static/main/webfonts/fa-solid-900.woff2 HTTP/1.1" 404 179
[2025-04-22 22:32:20,789] WARNING django.server "GET /static/main/webfonts/fa-solid-900.ttf HTTP/1.1" 404 179
[2025-04-22 22:34:34,726] WARNING django.server "GET /static/main/webfonts/fa-solid-900.woff2 HTTP/1.1" 404 179
[2025-04-22 22:34:34,909] WARNING django.server "GET /static/main/webfonts/fa-solid-900.ttf HTTP/1.1" 404 179
[2025-04-22 22:34:43,635] ERROR django.server "GET /view-general-effluent/ HTTP/1.1" 500 145
[2025-04-22 22:36:05,114] WARNING django.server "GET /static/main/webfonts/fa-solid-900.woff2 HTTP/1.1" 404 179
[2025-04-22 22:36:05,693] WARNING django.server "GET /static/main/webfonts/fa-solid-900.ttf HTTP/1.1" 404 179
[2025-04-22 22:36:09,409] ERROR django.server "GET /view-general-effluent/ HTTP/1.1" 500 145
[2025-04-22 22:36:59,247] WARNING django.server "GET /favicon.ico HTTP/1.1" 404 179
[2025-04-22 22:37:15,938] WARNING django.server "GET /static/main/webfonts/fa-solid-900.woff2 HTTP/1.1" 404 179
[2025-04-22 22:37:16,024] WARNING django.server "GET /static/main/webfonts/fa-solid-900.ttf HTTP/1.1" 404 179
[2025-04-22 22:37:22,828] ERROR django.server "GET /view-general-effluent/ HTTP/1.1" 500 145
[2025-04-22 22:40:10,884] WARNING django.server "GET /static/main/webfonts/fa-solid-900.woff2 HTTP/1.1" 404 1857
[2025-04-22 22:40:10,941] WARNING django.server "GET /static/main/webfonts/fa-solid-900.ttf HTTP/1.1" 404 1851
[2025-04-22 22:40:18,001] ERROR django.server "GET /add-general-effluent/ HTTP/1.1" 500 82268
[2025-04-22 22:41:01,473] ERROR django.server "GET /add-general-effluent/ HTTP/1.1" 500 82416
[2025-04-22 22:42:27,860] WARNING django.server "GET /static/main/webfonts/fa-solid-900.woff2 HTTP/1.1" 404 1857
[2025-04-22 22:42:27,938] WARNING django.server "GET /static/main/webfonts/fa-solid-900.ttf HTTP/1.1" 404 1851
[2025-04-22 22:42:38,750] WARNING django.server "GET /static/main/webfonts/fa-solid-900.woff2 HTTP/1.1" 404 1857
[2025-04-22 22:42:38,858] WARNING django.server "GET /static/main/webfonts/fa-solid-900.ttf HTTP/1.1" 404 1851
[2025-04-22 22:47:51,856] WARNING django.server "GET /static/main/webfonts/fa-solid-900.woff2 HTTP/1.1" 404 1857
[2025-04-22 22:47:51,945] WARNING django.server "GET /static/main/webfonts/fa-solid-900.ttf HTTP/1.1" 404 1851
[2025-04-22 22:48:14,623] WARNING django.server "GET /static/main/webfonts/fa-solid-900.woff2 HTTP/1.1" 404 1857
[2025-04-22 22:48:14,788] WARNING django.server "GET /static/main/webfonts/fa-solid-900.ttf HTTP/1.1" 404 1851
[2025-04-22 22:48:18,183] WARNING django.server "GET /static/main/webfonts/fa-solid-900.woff2 HTTP/1.1" 404 1857
[2025-04-22 22:48:18,304] WARNING django.server "GET /static/main/webfonts/fa-solid-900.ttf HTTP/1.1" 404 1851
[2025-04-22 22:54:43,000] WARNING django.server "GET /static/main/webfonts/fa-solid-900.woff2 HTTP/1.1" 404 1857
[2025-04-22 22:54:43,116] WARNING django.server "GET /static/main/webfonts/fa-solid-900.ttf HTTP/1.1" 404 1851
[2025-04-22 22:56:57,513] WARNING django.server "GET /static/main/webfonts/fa-solid-900.woff2 HTTP/1.1" 404 1857
[2025-04-22 22:56:57,684] WARNING django.server "GET /static/main/webfonts/fa-solid-900.ttf HTTP/1.1" 404 1851
[2025-04-22 22:58:24,840] WARNING custom_logger Invalid login form submitted.
[2025-04-22 22:58:43,501] WARNING django.server "GET /static/main/webfonts/fa-solid-900.woff2 HTTP/1.1" 404 1857
[2025-04-22 22:58:43,593] WARNING django.server "GET /static/main/webfonts/fa-solid-900.ttf HTTP/1.1" 404 1851
[2025-04-22 22:58:51,946] WARNING django.server "GET /static/main/webfonts/fa-solid-900.woff2 HTTP/1.1" 404 1857
[2025-04-22 22:58:51,985] WARNING django.server "GET /static/main/webfonts/fa-solid-900.ttf HTTP/1.1" 404 1851
[2025-04-22 22:59:01,366] WARNING django.server "GET /static/main/webfonts/fa-solid-900.woff2 HTTP/1.1" 404 1857
[2025-04-22 22:59:01,518] WARNING django.server "GET /static/main/webfonts/fa-solid-900.ttf HTTP/1.1" 404 1851
[2025-04-22 22:59:06,672] WARNING django.server "GET /static/main/webfonts/fa-solid-900.woff2 HTTP/1.1" 404 1857
[2025-04-22 22:59:06,723] WARNING django.server "GET /static/main/webfonts/fa-solid-900.ttf HTTP/1.1" 404 1851
[2025-04-22 22:59:11,341] WARNING django.server "GET /static/main/webfonts/fa-solid-900.woff2 HTTP/1.1" 404 1857
[2025-04-22 22:59:11,439] WARNING django.server "GET /static/main/webfonts/fa-solid-900.ttf HTTP/1.1" 404 1851
[2025-04-22 22:59:14,129] ERROR django.server "GET /edit-general-effluent/45/ HTTP/1.1" 500 82421
[2025-04-22 23:00:19,554] WARNING django.server "GET /static/main/webfonts/fa-solid-900.woff2 HTTP/1.1" 404 1857
[2025-04-22 23:00:19,568] WARNING django.server "GET /static/main/webfonts/fa-solid-900.ttf HTTP/1.1" 404 1851
[2025-04-22 23:00:27,227] WARNING django.server "GET /static/main/webfonts/fa-solid-900.woff2 HTTP/1.1" 404 1857
[2025-04-22 23:00:27,739] WARNING django.server "GET /static/main/webfonts/fa-solid-900.ttf HTTP/1.1" 404 1851
[2025-04-22 23:00:47,661] WARNING django.server "GET /static/main/webfonts/fa-solid-900.woff2 HTTP/1.1" 404 1857
[2025-04-22 23:00:47,688] WARNING django.server "GET /static/main/webfonts/fa-solid-900.ttf HTTP/1.1" 404 1851
[2025-04-22 23:00:52,716] WARNING django.server "GET /static/main/webfonts/fa-solid-900.woff2 HTTP/1.1" 404 1857
[2025-04-22 23:00:55,857] WARNING django.server "GET /static/main/webfonts/fa-solid-900.ttf HTTP/1.1" 404 1851
[2025-04-22 23:02:05,133] WARNING django.server "GET /static/main/webfonts/fa-solid-900.woff2 HTTP/1.1" 404 1857
[2025-04-22 23:02:05,159] WARNING django.server "GET /static/main/webfonts/fa-solid-900.ttf HTTP/1.1" 404 1851
[2025-04-22 23:02:10,261] WARNING django.server "GET /static/main/webfonts/fa-solid-900.woff2 HTTP/1.1" 404 1857
[2025-04-22 23:02:10,354] WARNING django.server "GET /static/main/webfonts/fa-solid-900.ttf HTTP/1.1" 404 1851
[2025-04-22 23:02:15,015] WARNING django.server "GET /static/main/webfonts/fa-solid-900.woff2 HTTP/1.1" 404 1857
[2025-04-22 23:02:15,098] WARNING django.server "GET /static/main/webfonts/fa-solid-900.ttf HTTP/1.1" 404 1851
[2025-04-22 23:02:16,865] WARNING django.server "GET /static/main/webfonts/fa-solid-900.woff2 HTTP/1.1" 404 1857
[2025-04-22 23:02:16,988] WARNING django.server "GET /static/main/webfonts/fa-solid-900.ttf HTTP/1.1" 404 1851
[2025-04-22 23:02:19,396] WARNING django.server "GET /static/main/webfonts/fa-solid-900.woff2 HTTP/1.1" 404 1857
[2025-04-22 23:02:19,444] WARNING django.server "GET /static/main/webfonts/fa-solid-900.ttf HTTP/1.1" 404 1851
[2025-04-22 23:02:21,306] WARNING django.server "GET /static/main/webfonts/fa-solid-900.woff2 HTTP/1.1" 404 1857
[2025-04-22 23:02:21,352] WARNING django.server "GET /static/main/webfonts/fa-solid-900.ttf HTTP/1.1" 404 1851
[2025-04-22 23:02:26,262] WARNING django.server "GET /static/main/webfonts/fa-solid-900.woff2 HTTP/1.1" 404 1857
[2025-04-22 23:02:26,339] WARNING django.server "GET /static/main/webfonts/fa-solid-900.ttf HTTP/1.1" 404 1851
[2025-04-22 23:02:33,578] WARNING django.server "GET /static/main/webfonts/fa-solid-900.woff2 HTTP/1.1" 404 1857
[2025-04-22 23:02:33,637] WARNING django.server "GET /static/main/webfonts/fa-solid-900.ttf HTTP/1.1" 404 1851
[2025-04-22 23:02:37,928] WARNING django.server "GET /static/main/webfonts/fa-solid-900.woff2 HTTP/1.1" 404 1857
[2025-04-22 23:02:37,976] WARNING django.server "GET /static/main/webfonts/fa-solid-900.ttf HTTP/1.1" 404 1851
[2025-04-22 23:02:39,823] WARNING django.server "GET /static/main/webfonts/fa-solid-900.woff2 HTTP/1.1" 404 1857
[2025-04-22 23:02:39,949] WARNING django.server "GET /static/main/webfonts/fa-solid-900.ttf HTTP/1.1" 404 1851
[2025-04-22 23:02:46,138] WARNING django.server "GET /static/main/webfonts/fa-solid-900.woff2 HTTP/1.1" 404 1857
[2025-04-22 23:02:46,204] WARNING django.server "GET /static/main/webfonts/fa-solid-900.ttf HTTP/1.1" 404 1851
[2025-04-22 23:02:51,121] WARNING django.server "GET /static/main/webfonts/fa-solid-900.woff2 HTTP/1.1" 404 1857
[2025-04-22 23:02:51,296] WARNING django.server "GET /static/main/webfonts/fa-solid-900.ttf HTTP/1.1" 404 1851
[2025-04-22 23:03:03,260] WARNING django.server "GET /static/main/webfonts/fa-solid-900.woff2 HTTP/1.1" 404 1857
[2025-04-22 23:03:03,312] WARNING django.server "GET /static/main/webfonts/fa-solid-900.ttf HTTP/1.1" 404 1851
[2025-04-22 23:03:06,578] WARNING django.server "GET /static/main/webfonts/fa-solid-900.woff2 HTTP/1.1" 404 1857
[2025-04-22 23:03:06,610] WARNING django.server "GET /static/main/webfonts/fa-solid-900.ttf HTTP/1.1" 404 1851
[2025-04-22 23:43:40,202] WARNING django.server "GET /static/main/webfonts/fa-solid-900.woff2 HTTP/1.1" 404 179
[2025-04-22 23:43:40,914] WARNING django.server "GET /static/main/webfonts/fa-solid-900.ttf HTTP/1.1" 404 179
[2025-04-22 23:43:41,115] WARNING django.server "GET /favicon.ico HTTP/1.1" 404 179
[2025-04-22 23:43:42,914] WARNING django.server "GET /static/main/webfonts/fa-solid-900.woff2 HTTP/1.1" 404 179
[2025-04-22 23:43:43,186] WARNING django.server "GET /static/main/webfonts/fa-solid-900.ttf HTTP/1.1" 404 179
[2025-04-22 23:43:52,855] WARNING django.server "GET /static/main/webfonts/fa-solid-900.woff2 HTTP/1.1" 404 179
[2025-04-22 23:43:53,109] WARNING django.server "GET /static/main/webfonts/fa-solid-900.ttf HTTP/1.1" 404 179
[2025-04-22 23:43:57,454] WARNING django.server "GET /static/main/webfonts/fa-solid-900.woff2 HTTP/1.1" 404 179
[2025-04-22 23:43:57,688] WARNING django.server "GET /static/main/webfonts/fa-solid-900.ttf HTTP/1.1" 404 179
[2025-04-22 23:48:06,752] WARNING django.server "GET /static/main/webfonts/fa-solid-900.woff2 HTTP/1.1" 404 179
[2025-04-22 23:48:06,850] WARNING django.server "GET /static/main/webfonts/fa-solid-900.ttf HTTP/1.1" 404 179
[2025-04-23 07:27:09,328] WARNING django.server "GET /static/main/webfonts/fa-solid-900.woff2 HTTP/1.1" 404 179
[2025-04-23 07:27:09,495] WARNING django.server "GET /static/main/webfonts/fa-solid-900.ttf HTTP/1.1" 404 179
[2025-04-23 07:27:10,139] WARNING django.server "GET /favicon.ico HTTP/1.1" 404 179
[2025-04-23 07:28:54,220] WARNING django.server "GET /static/main/webfonts/fa-solid-900.woff2 HTTP/1.1" 404 179
[2025-04-23 07:28:54,565] WARNING django.server "GET /static/main/webfonts/fa-solid-900.ttf HTTP/1.1" 404 179
[2025-04-23 07:28:57,332] WARNING django.server "GET /static/main/webfonts/fa-solid-900.woff2 HTTP/1.1" 404 179
[2025-04-23 07:28:57,460] WARNING django.server "GET /static/main/webfonts/fa-solid-900.ttf HTTP/1.1" 404 179
[2025-04-23 07:28:59,510] WARNING django.server "GET /static/main/webfonts/fa-solid-900.woff2 HTTP/1.1" 404 179
[2025-04-23 07:28:59,595] WARNING django.server "GET /static/main/webfonts/fa-solid-900.ttf HTTP/1.1" 404 179
[2025-04-23 07:29:04,030] WARNING django.server "GET /static/main/webfonts/fa-solid-900.woff2 HTTP/1.1" 404 179
[2025-04-23 07:29:04,130] WARNING django.server "GET /static/main/webfonts/fa-solid-900.ttf HTTP/1.1" 404 179
[2025-04-23 07:30:22,791] WARNING django.server "GET /static/main/webfonts/fa-solid-900.woff2 HTTP/1.1" 404 179
[2025-04-23 07:30:22,890] WARNING django.server "GET /static/main/webfonts/fa-solid-900.ttf HTTP/1.1" 404 179
[2025-04-23 07:30:31,246] WARNING django.server "GET /static/main/webfonts/fa-solid-900.woff2 HTTP/1.1" 404 179
[2025-04-23 07:30:31,344] WARNING django.server "GET /static/main/webfonts/fa-solid-900.ttf HTTP/1.1" 404 179
[2025-04-23 07:31:08,787] WARNING django.server "GET /static/main/webfonts/fa-solid-900.woff2 HTTP/1.1" 404 179
[2025-04-23 07:31:08,863] WARNING django.server "GET /static/main/webfonts/fa-solid-900.ttf HTTP/1.1" 404 179
[2025-04-23 07:31:13,385] WARNING django.server "GET /static/main/webfonts/fa-solid-900.woff2 HTTP/1.1" 404 179
[2025-04-23 07:31:13,742] WARNING django.server "GET /static/main/webfonts/fa-solid-900.ttf HTTP/1.1" 404 179
[2025-04-23 07:31:26,470] WARNING django.server "GET /static/main/webfonts/fa-solid-900.woff2 HTTP/1.1" 404 179
[2025-04-23 07:31:27,002] WARNING django.server "GET /static/main/webfonts/fa-solid-900.ttf HTTP/1.1" 404 179
[2025-04-23 07:31:29,255] WARNING django.server "GET /static/main/webfonts/fa-solid-900.woff2 HTTP/1.1" 404 179
[2025-04-23 07:31:29,558] WARNING django.server "GET /static/main/webfonts/fa-solid-900.ttf HTTP/1.1" 404 179
[2025-04-23 07:32:22,222] WARNING django.server "GET /static/main/webfonts/fa-solid-900.woff2 HTTP/1.1" 404 179
[2025-04-23 07:32:22,314] WARNING django.server "GET /static/main/webfonts/fa-solid-900.ttf HTTP/1.1" 404 179
[2025-04-23 07:32:26,121] WARNING django.server "GET /static/main/webfonts/fa-solid-900.woff2 HTTP/1.1" 404 179
[2025-04-23 07:32:26,205] WARNING django.server "GET /static/main/webfonts/fa-solid-900.ttf HTTP/1.1" 404 179
[2025-04-23 07:32:31,027] WARNING django.server "GET /static/main/webfonts/fa-solid-900.woff2 HTTP/1.1" 404 179
[2025-04-23 07:32:31,330] WARNING django.server "GET /static/main/webfonts/fa-solid-900.ttf HTTP/1.1" 404 179
[2025-04-23 07:32:32,506] WARNING django.server "GET /static/main/webfonts/fa-solid-900.woff2 HTTP/1.1" 404 179
[2025-04-23 07:32:32,787] WARNING django.server "GET /static/main/webfonts/fa-solid-900.ttf HTTP/1.1" 404 179
[2025-04-23 07:32:54,523] WARNING django.server "GET /static/main/webfonts/fa-solid-900.woff2 HTTP/1.1" 404 179
[2025-04-23 07:32:54,617] WARNING django.server "GET /static/main/webfonts/fa-solid-900.ttf HTTP/1.1" 404 179
[2025-04-23 07:32:57,284] WARNING django.server "GET /static/main/webfonts/fa-solid-900.woff2 HTTP/1.1" 404 179
[2025-04-23 07:32:57,368] WARNING django.server "GET /static/main/webfonts/fa-solid-900.ttf HTTP/1.1" 404 179
[2025-04-23 07:33:07,776] WARNING django.server "GET /static/main/webfonts/fa-solid-900.woff2 HTTP/1.1" 404 179
[2025-04-23 07:33:08,129] WARNING django.server "GET /static/main/webfonts/fa-solid-900.ttf HTTP/1.1" 404 179
[2025-04-23 07:33:12,238] WARNING django.server "GET /static/main/webfonts/fa-solid-900.woff2 HTTP/1.1" 404 179
[2025-04-23 07:33:12,555] WARNING django.server "GET /static/main/webfonts/fa-solid-900.ttf HTTP/1.1" 404 179
[2025-04-23 07:33:23,278] WARNING django.server "GET /static/main/webfonts/fa-solid-900.woff2 HTTP/1.1" 404 179
[2025-04-23 07:33:23,635] WARNING django.server "GET /static/main/webfonts/fa-solid-900.ttf HTTP/1.1" 404 179
[2025-04-23 07:33:25,322] WARNING django.server "GET /static/main/webfonts/fa-solid-900.woff2 HTTP/1.1" 404 179
[2025-04-23 07:33:25,696] WARNING django.server "GET /static/main/webfonts/fa-solid-900.ttf HTTP/1.1" 404 179
[2025-04-23 07:33:27,611] WARNING django.server "GET /static/main/webfonts/fa-solid-900.woff2 HTTP/1.1" 404 179
[2025-04-23 07:33:27,955] WARNING django.server "GET /static/main/webfonts/fa-solid-900.ttf HTTP/1.1" 404 179
[2025-04-23 07:33:30,404] WARNING django.server "GET /static/main/webfonts/fa-solid-900.woff2 HTTP/1.1" 404 179
[2025-04-23 07:33:30,555] WARNING django.server "GET /static/main/webfonts/fa-solid-900.ttf HTTP/1.1" 404 179
[2025-04-23 07:33:32,417] WARNING django.server "GET /static/main/webfonts/fa-solid-900.woff2 HTTP/1.1" 404 179
[2025-04-23 07:33:32,501] WARNING django.server "GET /static/main/webfonts/fa-solid-900.ttf HTTP/1.1" 404 179
[2025-04-23 07:34:40,015] WARNING django.server "GET /static/main/webfonts/fa-solid-900.woff2 HTTP/1.1" 404 179
[2025-04-23 07:34:40,165] WARNING django.server "GET /static/main/webfonts/fa-solid-900.ttf HTTP/1.1" 404 179
[2025-04-23 07:34:42,907] WARNING django.server "GET /static/main/webfonts/fa-solid-900.woff2 HTTP/1.1" 404 179
[2025-04-23 07:34:42,982] WARNING django.server "GET /static/main/webfonts/fa-solid-900.ttf HTTP/1.1" 404 179
[2025-04-23 07:36:21,113] WARNING django.server "GET /static/main/webfonts/fa-solid-900.woff2 HTTP/1.1" 404 179
[2025-04-23 07:36:21,223] WARNING django.server "GET /static/main/webfonts/fa-solid-900.ttf HTTP/1.1" 404 179
[2025-04-23 07:37:51,376] WARNING django.server "GET /static/main/webfonts/fa-solid-900.woff2 HTTP/1.1" 404 179
[2025-04-23 07:37:51,465] WARNING django.server "GET /static/main/webfonts/fa-solid-900.ttf HTTP/1.1" 404 179
[2025-04-23 07:38:55,325] WARNING django.server "GET /static/main/webfonts/fa-solid-900.woff2 HTTP/1.1" 404 179
[2025-04-23 07:38:55,433] WARNING django.server "GET /static/main/webfonts/fa-solid-900.ttf HTTP/1.1" 404 179
[2025-04-23 07:40:34,745] WARNING django.server "GET /static/main/webfonts/fa-solid-900.woff2 HTTP/1.1" 404 179
[2025-04-23 07:40:34,841] WARNING django.server "GET /static/main/webfonts/fa-solid-900.ttf HTTP/1.1" 404 179
[2025-04-23 07:40:47,745] WARNING django.server "GET /static/main/webfonts/fa-solid-900.woff2 HTTP/1.1" 404 179
[2025-04-23 07:40:48,077] WARNING django.server "GET /static/main/webfonts/fa-solid-900.ttf HTTP/1.1" 404 179
[2025-04-23 07:41:43,227] WARNING django.server "GET /static/main/webfonts/fa-solid-900.woff2 HTTP/1.1" 404 179
[2025-04-23 07:41:43,331] WARNING django.server "GET /static/main/webfonts/fa-solid-900.ttf HTTP/1.1" 404 179
[2025-04-23 07:42:48,877] WARNING django.server "GET /static/main/webfonts/fa-solid-900.woff2 HTTP/1.1" 404 179
[2025-04-23 07:42:48,955] WARNING django.server "GET /static/main/webfonts/fa-solid-900.ttf HTTP/1.1" 404 179
[2025-04-23 07:42:56,131] WARNING django.server "GET /static/main/webfonts/fa-solid-900.woff2 HTTP/1.1" 404 179
[2025-04-23 07:42:56,230] WARNING django.server "GET /static/main/webfonts/fa-solid-900.ttf HTTP/1.1" 404 179
[2025-04-23 07:44:05,657] WARNING django.server "GET /static/main/webfonts/fa-solid-900.woff2 HTTP/1.1" 404 179
[2025-04-23 07:44:06,015] WARNING django.server "GET /static/main/webfonts/fa-solid-900.ttf HTTP/1.1" 404 179
[2025-04-23 07:44:21,497] WARNING django.server "GET /static/main/webfonts/fa-solid-900.woff2 HTTP/1.1" 404 179
[2025-04-23 07:44:21,629] WARNING django.server "GET /static/main/webfonts/fa-solid-900.ttf HTTP/1.1" 404 179
[2025-04-23 07:46:10,261] WARNING django.server "GET /static/main/webfonts/fa-solid-900.woff2 HTTP/1.1" 404 179
[2025-04-23 07:46:10,338] WARNING django.server "GET /static/main/webfonts/fa-solid-900.ttf HTTP/1.1" 404 179
[2025-04-23 07:47:37,038] WARNING django.server "GET /static/main/webfonts/fa-solid-900.woff2 HTTP/1.1" 404 179
[2025-04-23 07:47:37,142] WARNING django.server "GET /static/main/webfonts/fa-solid-900.ttf HTTP/1.1" 404 179
[2025-04-23 07:48:31,566] WARNING django.server "GET /static/main/webfonts/fa-solid-900.woff2 HTTP/1.1" 404 179
[2025-04-23 07:48:31,667] WARNING django.server "GET /static/main/webfonts/fa-solid-900.ttf HTTP/1.1" 404 179
[2025-04-23 07:50:44,334] WARNING django.server "GET /static/main/webfonts/fa-solid-900.woff2 HTTP/1.1" 404 179
[2025-04-23 07:50:44,417] WARNING django.server "GET /static/main/webfonts/fa-solid-900.ttf HTTP/1.1" 404 179
[2025-04-23 07:51:31,266] WARNING django.server "GET /static/main/webfonts/fa-solid-900.woff2 HTTP/1.1" 404 179
[2025-04-23 07:51:31,368] WARNING django.server "GET /static/main/webfonts/fa-solid-900.ttf HTTP/1.1" 404 179
[2025-04-23 07:53:15,447] WARNING django.server "GET /static/main/webfonts/fa-solid-900.woff2 HTTP/1.1" 404 179
[2025-04-23 07:53:15,747] WARNING django.server "GET /static/main/webfonts/fa-solid-900.ttf HTTP/1.1" 404 179
[2025-04-23 07:55:46,386] WARNING django.server "GET /static/main/webfonts/fa-solid-900.woff2 HTTP/1.1" 404 179
[2025-04-23 07:55:46,761] WARNING django.server "GET /static/main/webfonts/fa-solid-900.ttf HTTP/1.1" 404 179
[2025-04-23 07:56:54,330] WARNING django.server "GET /static/main/webfonts/fa-solid-900.woff2 HTTP/1.1" 404 179
[2025-04-23 07:56:54,655] WARNING django.server "GET /static/main/webfonts/fa-solid-900.ttf HTTP/1.1" 404 179
[2025-04-23 07:57:51,647] WARNING django.server "GET /static/main/webfonts/fa-solid-900.woff2 HTTP/1.1" 404 179
[2025-04-23 07:57:51,765] WARNING django.server "GET /static/main/webfonts/fa-solid-900.ttf HTTP/1.1" 404 179
[2025-04-23 07:58:09,081] WARNING django.server "GET /static/main/webfonts/fa-solid-900.woff2 HTTP/1.1" 404 179
[2025-04-23 07:58:09,194] WARNING django.server "GET /static/main/webfonts/fa-solid-900.ttf HTTP/1.1" 404 179
[2025-04-23 07:59:11,947] WARNING django.server "GET /static/main/webfonts/fa-solid-900.woff2 HTTP/1.1" 404 179
[2025-04-23 07:59:12,057] WARNING django.server "GET /static/main/webfonts/fa-solid-900.ttf HTTP/1.1" 404 179
[2025-04-23 08:03:44,139] WARNING django.server "GET /static/main/webfonts/fa-solid-900.woff2 HTTP/1.1" 404 179
[2025-04-23 08:03:44,265] WARNING django.server "GET /static/main/webfonts/fa-solid-900.ttf HTTP/1.1" 404 179
[2025-04-23 08:04:44,690] WARNING django.server "GET /static/main/webfonts/fa-solid-900.woff2 HTTP/1.1" 404 179
[2025-04-23 08:04:45,095] WARNING django.server "GET /static/main/webfonts/fa-solid-900.ttf HTTP/1.1" 404 179
[2025-04-23 08:06:42,936] WARNING django.server "GET /static/main/webfonts/fa-solid-900.woff2 HTTP/1.1" 404 179
[2025-04-23 08:06:43,043] WARNING django.server "GET /static/main/webfonts/fa-solid-900.ttf HTTP/1.1" 404 179
[2025-04-23 08:09:28,332] WARNING django.server "GET /static/main/webfonts/fa-solid-900.woff2 HTTP/1.1" 404 179
[2025-04-23 08:09:28,446] WARNING django.server "GET /static/main/webfonts/fa-solid-900.ttf HTTP/1.1" 404 179
[2025-04-23 08:11:09,725] WARNING django.server "GET /static/main/webfonts/fa-solid-900.woff2 HTTP/1.1" 404 179
[2025-04-23 08:11:09,796] WARNING django.server "GET /static/main/webfonts/fa-solid-900.ttf HTTP/1.1" 404 179
[2025-04-23 08:11:11,303] WARNING django.server "GET /static/main/webfonts/fa-solid-900.woff2 HTTP/1.1" 404 179
[2025-04-23 08:11:11,390] WARNING django.server "GET /static/main/webfonts/fa-solid-900.ttf HTTP/1.1" 404 179
[2025-04-23 08:11:13,122] WARNING django.server "GET /static/main/webfonts/fa-solid-900.woff2 HTTP/1.1" 404 179
[2025-04-23 08:11:13,214] WARNING django.server "GET /static/main/webfonts/fa-solid-900.ttf HTTP/1.1" 404 179
[2025-04-23 08:11:20,935] WARNING django.server "GET /static/main/webfonts/fa-solid-900.woff2 HTTP/1.1" 404 179
[2025-04-23 08:11:21,276] WARNING django.server "GET /static/main/webfonts/fa-solid-900.ttf HTTP/1.1" 404 179
[2025-04-23 08:11:46,100] WARNING django.server "GET /static/main/webfonts/fa-solid-900.woff2 HTTP/1.1" 404 179
[2025-04-23 08:11:46,456] WARNING django.server "GET /static/main/webfonts/fa-solid-900.ttf HTTP/1.1" 404 179
[2025-04-23 08:12:33,204] WARNING django.server "GET /static/main/webfonts/fa-solid-900.woff2 HTTP/1.1" 404 179
[2025-04-23 08:12:33,748] WARNING django.server "GET /static/main/webfonts/fa-solid-900.ttf HTTP/1.1" 404 179
[2025-04-23 08:13:30,154] WARNING django.server "GET /static/main/webfonts/fa-solid-900.woff2 HTTP/1.1" 404 179
[2025-04-23 08:13:30,461] WARNING django.server "GET /static/main/webfonts/fa-solid-900.ttf HTTP/1.1" 404 179
[2025-04-23 08:14:52,458] WARNING django.server "GET /static/main/webfonts/fa-solid-900.woff2 HTTP/1.1" 404 179
[2025-04-23 08:14:52,750] WARNING django.server "GET /static/main/webfonts/fa-solid-900.ttf HTTP/1.1" 404 179
[2025-04-23 08:15:57,068] WARNING django.server "GET /static/main/webfonts/fa-solid-900.woff2 HTTP/1.1" 404 179
[2025-04-23 08:15:57,379] WARNING django.server "GET /static/main/webfonts/fa-solid-900.ttf HTTP/1.1" 404 179
[2025-04-23 08:16:07,245] WARNING django.server "GET /static/main/webfonts/fa-solid-900.woff2 HTTP/1.1" 404 179
[2025-04-23 08:16:07,375] WARNING django.server "GET /static/main/webfonts/fa-solid-900.ttf HTTP/1.1" 404 179
[2025-04-23 08:16:08,910] WARNING django.server "GET /static/main/webfonts/fa-solid-900.woff2 HTTP/1.1" 404 179
[2025-04-23 08:16:09,009] WARNING django.server "GET /static/main/webfonts/fa-solid-900.ttf HTTP/1.1" 404 179
[2025-04-23 08:16:10,948] WARNING django.server "GET /static/main/webfonts/fa-solid-900.woff2 HTTP/1.1" 404 179
[2025-04-23 08:16:11,054] WARNING django.server "GET /static/main/webfonts/fa-solid-900.ttf HTTP/1.1" 404 179
[2025-04-23 08:16:15,133] WARNING django.server "GET /static/main/webfonts/fa-solid-900.woff2 HTTP/1.1" 404 179
[2025-04-23 08:16:15,206] WARNING django.server "GET /static/main/webfonts/fa-solid-900.ttf HTTP/1.1" 404 179
[2025-04-23 08:16:17,025] WARNING django.server "GET /static/main/webfonts/fa-solid-900.woff2 HTTP/1.1" 404 179
[2025-04-23 08:16:17,142] WARNING django.server "GET /static/main/webfonts/fa-solid-900.ttf HTTP/1.1" 404 179
[2025-04-23 08:16:20,030] WARNING django.server "GET /static/main/webfonts/fa-solid-900.woff2 HTTP/1.1" 404 179
[2025-04-23 08:16:20,136] WARNING django.server "GET /static/main/webfonts/fa-solid-900.ttf HTTP/1.1" 404 179
[2025-04-23 08:16:24,934] WARNING django.server "GET /static/main/webfonts/fa-solid-900.woff2 HTTP/1.1" 404 179
[2025-04-23 08:16:25,028] WARNING django.server "GET /static/main/webfonts/fa-solid-900.ttf HTTP/1.1" 404 179
[2025-04-23 08:16:29,704] WARNING django.server "GET /static/main/webfonts/fa-solid-900.woff2 HTTP/1.1" 404 179
[2025-04-23 08:16:29,832] WARNING django.server "GET /static/main/webfonts/fa-solid-900.ttf HTTP/1.1" 404 179
[2025-04-23 08:16:33,629] WARNING django.server "GET /static/main/webfonts/fa-solid-900.woff2 HTTP/1.1" 404 179
[2025-04-23 08:16:33,717] WARNING django.server "GET /static/main/webfonts/fa-solid-900.ttf HTTP/1.1" 404 179
[2025-04-23 08:16:39,036] WARNING django.server "GET /static/main/webfonts/fa-solid-900.woff2 HTTP/1.1" 404 179
[2025-04-23 08:16:39,124] WARNING django.server "GET /static/main/webfonts/fa-solid-900.ttf HTTP/1.1" 404 179
[2025-04-23 08:18:14,715] WARNING django.server "GET /static/main/webfonts/fa-solid-900.woff2 HTTP/1.1" 404 179
[2025-04-23 08:18:14,848] WARNING django.server "GET /static/main/webfonts/fa-solid-900.ttf HTTP/1.1" 404 179
[2025-04-23 08:19:27,712] WARNING django.server "GET /static/main/webfonts/fa-solid-900.woff2 HTTP/1.1" 404 179
[2025-04-23 08:19:27,786] WARNING django.server "GET /static/main/webfonts/fa-solid-900.ttf HTTP/1.1" 404 179
[2025-04-23 08:19:45,668] WARNING django.server "GET /static/main/webfonts/fa-solid-900.woff2 HTTP/1.1" 404 179
[2025-04-23 08:19:45,756] WARNING django.server "GET /static/main/webfonts/fa-solid-900.ttf HTTP/1.1" 404 179
[2025-04-23 08:21:22,084] WARNING django.server "GET /static/main/webfonts/fa-solid-900.woff2 HTTP/1.1" 404 179
[2025-04-23 08:21:22,160] WARNING django.server "GET /static/main/webfonts/fa-solid-900.ttf HTTP/1.1" 404 179
[2025-04-23 08:24:56,583] WARNING django.server "GET /static/main/webfonts/fa-solid-900.woff2 HTTP/1.1" 404 179
[2025-04-23 08:24:56,689] WARNING django.server "GET /static/main/webfonts/fa-solid-900.ttf HTTP/1.1" 404 179
[2025-04-23 08:29:30,322] WARNING django.server "GET /static/main/webfonts/fa-solid-900.woff2 HTTP/1.1" 404 179
[2025-04-23 08:29:30,621] WARNING django.server "GET /static/main/webfonts/fa-solid-900.ttf HTTP/1.1" 404 179
[2025-04-23 08:30:52,910] WARNING django.server "GET /static/main/webfonts/fa-solid-900.woff2 HTTP/1.1" 404 179
[2025-04-23 08:30:53,048] WARNING django.server "GET /static/main/webfonts/fa-solid-900.ttf HTTP/1.1" 404 179
[2025-04-23 08:30:59,643] WARNING django.server "GET /static/main/webfonts/fa-solid-900.woff2 HTTP/1.1" 404 179
[2025-04-23 08:30:59,724] WARNING django.server "GET /static/main/webfonts/fa-solid-900.ttf HTTP/1.1" 404 179
[2025-04-23 08:31:02,455] WARNING django.server "GET /static/main/webfonts/fa-solid-900.woff2 HTTP/1.1" 404 179
[2025-04-23 08:31:02,552] WARNING django.server "GET /static/main/webfonts/fa-solid-900.ttf HTTP/1.1" 404 179
[2025-04-23 08:31:18,985] WARNING django.server "GET /static/main/webfonts/fa-solid-900.woff2 HTTP/1.1" 404 179
[2025-04-23 08:31:19,337] WARNING django.server "GET /static/main/webfonts/fa-solid-900.ttf HTTP/1.1" 404 179
[2025-04-23 08:31:56,649] WARNING django.server "GET /static/main/webfonts/fa-solid-900.woff2 HTTP/1.1" 404 179
[2025-04-23 08:31:56,756] WARNING django.server "GET /static/main/webfonts/fa-solid-900.ttf HTTP/1.1" 404 179
[2025-04-23 08:32:06,166] WARNING django.server "GET /static/main/webfonts/fa-solid-900.woff2 HTTP/1.1" 404 179
[2025-04-23 08:32:06,257] WARNING django.server "GET /static/main/webfonts/fa-solid-900.ttf HTTP/1.1" 404 179
[2025-04-23 08:32:11,039] WARNING django.server "GET /static/main/webfonts/fa-solid-900.woff2 HTTP/1.1" 404 179
[2025-04-23 08:32:11,427] WARNING django.server "GET /static/main/webfonts/fa-solid-900.ttf HTTP/1.1" 404 179
[2025-04-23 08:32:21,222] WARNING django.server "GET /static/main/webfonts/fa-solid-900.woff2 HTTP/1.1" 404 179
[2025-04-23 08:32:21,507] WARNING django.server "GET /static/main/webfonts/fa-solid-900.ttf HTTP/1.1" 404 179
[2025-04-23 09:57:47,899] WARNING django.server "GET /static/main/webfonts/fa-solid-900.woff2 HTTP/1.1" 404 179
[2025-04-23 09:57:47,971] WARNING django.server "GET /static/main/webfonts/fa-solid-900.ttf HTTP/1.1" 404 179
[2025-04-23 09:59:29,171] WARNING django.server "GET /static/main/webfonts/fa-solid-900.woff2 HTTP/1.1" 404 179
[2025-04-23 09:59:29,233] WARNING django.server "GET /static/main/webfonts/fa-solid-900.ttf HTTP/1.1" 404 179
[2025-04-23 09:59:35,833] WARNING django.server "GET /static/main/webfonts/fa-solid-900.woff2 HTTP/1.1" 404 179
[2025-04-23 09:59:35,921] WARNING django.server "GET /static/main/webfonts/fa-solid-900.ttf HTTP/1.1" 404 179
[2025-04-23 09:59:52,030] WARNING django.server "GET /static/main/webfonts/fa-solid-900.woff2 HTTP/1.1" 404 179
[2025-04-23 09:59:52,105] WARNING django.server "GET /static/main/webfonts/fa-solid-900.ttf HTTP/1.1" 404 179
[2025-04-23 09:59:53,021] WARNING django.server "GET /static/main/webfonts/fa-solid-900.woff2 HTTP/1.1" 404 179
[2025-04-23 09:59:53,109] WARNING django.server "GET /static/main/webfonts/fa-solid-900.ttf HTTP/1.1" 404 179
[2025-04-23 09:59:53,758] WARNING django.server "GET /static/main/webfonts/fa-solid-900.woff2 HTTP/1.1" 404 179
[2025-04-23 09:59:54,056] WARNING django.server "GET /static/main/webfonts/fa-solid-900.ttf HTTP/1.1" 404 179
[2025-04-23 09:59:55,082] WARNING django.server "GET /static/main/webfonts/fa-solid-900.woff2 HTTP/1.1" 404 179
[2025-04-23 09:59:55,196] WARNING django.server "GET /static/main/webfonts/fa-solid-900.ttf HTTP/1.1" 404 179
[2025-04-23 09:59:55,800] WARNING django.server "GET /static/main/webfonts/fa-solid-900.woff2 HTTP/1.1" 404 179
[2025-04-23 09:59:55,886] WARNING django.server "GET /static/main/webfonts/fa-solid-900.ttf HTTP/1.1" 404 179
[2025-04-23 09:59:56,510] WARNING django.server "GET /static/main/webfonts/fa-solid-900.woff2 HTTP/1.1" 404 179
[2025-04-23 09:59:56,807] WARNING django.server "GET /static/main/webfonts/fa-solid-900.ttf HTTP/1.1" 404 179
[2025-04-23 09:59:59,070] WARNING django.server "GET /static/main/webfonts/fa-solid-900.woff2 HTTP/1.1" 404 179
[2025-04-23 09:59:59,410] WARNING django.server "GET /static/main/webfonts/fa-solid-900.ttf HTTP/1.1" 404 179
[2025-04-23 10:00:01,582] WARNING django.server "GET /static/main/webfonts/fa-solid-900.woff2 HTTP/1.1" 404 179
[2025-04-23 10:00:01,889] WARNING django.server "GET /static/main/webfonts/fa-solid-900.ttf HTTP/1.1" 404 179
[2025-04-23 10:00:04,574] WARNING django.server "GET /static/main/webfonts/fa-solid-900.woff2 HTTP/1.1" 404 179
[2025-04-23 10:00:04,652] WARNING django.server "GET /static/main/webfonts/fa-solid-900.ttf HTTP/1.1" 404 179
[2025-04-23 10:00:05,382] WARNING django.server "GET /static/main/webfonts/fa-solid-900.woff2 HTTP/1.1" 404 179
[2025-04-23 10:00:05,476] WARNING django.server "GET /static/main/webfonts/fa-solid-900.ttf HTTP/1.1" 404 179
[2025-04-23 10:00:08,002] WARNING django.server "GET /static/main/webfonts/fa-solid-900.woff2 HTTP/1.1" 404 179
[2025-04-23 10:00:08,748] WARNING django.server "GET /static/main/webfonts/fa-solid-900.ttf HTTP/1.1" 404 179
[2025-04-23 10:00:10,207] WARNING django.server "GET /static/main/webfonts/fa-solid-900.woff2 HTTP/1.1" 404 179
[2025-04-23 10:00:10,266] WARNING django.server "GET /static/main/webfonts/fa-solid-900.ttf HTTP/1.1" 404 179
[2025-04-23 10:00:19,649] WARNING django.server "GET /static/main/webfonts/fa-solid-900.woff2 HTTP/1.1" 404 179
[2025-04-23 10:00:19,713] WARNING django.server "GET /static/main/webfonts/fa-solid-900.ttf HTTP/1.1" 404 179
[2025-04-23 10:04:19,745] WARNING django.server "GET /static/main/webfonts/fa-solid-900.woff2 HTTP/1.1" 404 179
[2025-04-23 10:04:19,838] WARNING django.server "GET /static/main/webfonts/fa-solid-900.ttf HTTP/1.1" 404 179
[2025-04-23 10:05:11,198] WARNING django.server "GET /static/main/webfonts/fa-solid-900.woff2 HTTP/1.1" 404 179
[2025-04-23 10:05:11,306] WARNING django.server "GET /static/main/webfonts/fa-solid-900.ttf HTTP/1.1" 404 179
[2025-04-23 10:05:26,133] WARNING django.server "GET /static/main/webfonts/fa-solid-900.woff2 HTTP/1.1" 404 179
[2025-04-23 10:05:26,164] WARNING django.server "GET /static/main/webfonts/fa-solid-900.ttf HTTP/1.1" 404 179
[2025-04-23 10:05:30,729] WARNING django.server "GET /static/main/webfonts/fa-solid-900.woff2 HTTP/1.1" 404 179
[2025-04-23 10:05:30,854] WARNING django.server "GET /static/main/webfonts/fa-solid-900.ttf HTTP/1.1" 404 179
[2025-04-23 10:05:33,006] WARNING django.server "GET /static/main/webfonts/fa-solid-900.woff2 HTTP/1.1" 404 179
[2025-04-23 10:05:33,065] WARNING django.server "GET /static/main/webfonts/fa-solid-900.ttf HTTP/1.1" 404 179
[2025-04-23 10:05:41,908] WARNING django.server "GET /static/main/webfonts/fa-solid-900.woff2 HTTP/1.1" 404 179
[2025-04-23 10:05:41,996] WARNING django.server "GET /static/main/webfonts/fa-solid-900.ttf HTTP/1.1" 404 179
[2025-04-23 10:05:47,239] WARNING django.server "GET /static/main/webfonts/fa-solid-900.woff2 HTTP/1.1" 404 179
[2025-04-23 10:05:47,276] WARNING django.server "GET /static/main/webfonts/fa-solid-900.ttf HTTP/1.1" 404 179
[2025-04-23 10:05:54,694] WARNING django.server "GET /static/main/webfonts/fa-solid-900.woff2 HTTP/1.1" 404 179
[2025-04-23 10:05:54,728] WARNING django.server "GET /static/main/webfonts/fa-solid-900.ttf HTTP/1.1" 404 179
[2025-04-23 10:06:03,456] WARNING django.server "GET /static/main/webfonts/fa-solid-900.woff2 HTTP/1.1" 404 179
[2025-04-23 10:06:03,539] WARNING django.server "GET /static/main/webfonts/fa-solid-900.ttf HTTP/1.1" 404 179
[2025-04-23 10:29:09,084] WARNING django.server "GET /static/main/webfonts/fa-solid-900.woff2 HTTP/1.1" 404 179
[2025-04-23 10:29:09,181] WARNING django.server "GET /static/main/webfonts/fa-solid-900.ttf HTTP/1.1" 404 179
[2025-04-23 10:29:09,276] WARNING django.server "GET /favicon.ico HTTP/1.1" 404 179
[2025-04-23 10:36:40,421] WARNING django.server "GET /static/main/webfonts/fa-solid-900.woff2 HTTP/1.1" 404 179
[2025-04-23 10:36:40,468] WARNING django.server "GET /static/main/webfonts/fa-solid-900.ttf HTTP/1.1" 404 179
[2025-04-23 11:09:26,551] WARNING django.server "GET /static/main/webfonts/fa-solid-900.woff2 HTTP/1.1" 404 179
[2025-04-23 11:09:26,648] WARNING django.server "GET /static/main/webfonts/fa-solid-900.ttf HTTP/1.1" 404 179
[2025-04-23 11:11:07,464] WARNING django.server "GET /static/main/webfonts/fa-solid-900.woff2 HTTP/1.1" 404 179
[2025-04-23 11:11:07,567] WARNING django.server "GET /static/main/webfonts/fa-solid-900.ttf HTTP/1.1" 404 179
[2025-04-23 11:11:13,880] WARNING django.server "GET /static/main/webfonts/fa-solid-900.woff2 HTTP/1.1" 404 179
[2025-04-23 11:11:13,963] WARNING django.server "GET /static/main/webfonts/fa-solid-900.ttf HTTP/1.1" 404 179
[2025-04-23 11:11:24,850] WARNING django.server "GET /static/main/webfonts/fa-solid-900.woff2 HTTP/1.1" 404 179
[2025-04-23 11:11:24,941] WARNING django.server "GET /static/main/webfonts/fa-solid-900.ttf HTTP/1.1" 404 179
[2025-04-23 11:11:34,802] WARNING django.server "GET /static/main/webfonts/fa-solid-900.woff2 HTTP/1.1" 404 179
[2025-04-23 11:11:34,868] WARNING django.server "GET /static/main/webfonts/fa-solid-900.ttf HTTP/1.1" 404 179
[2025-04-23 11:12:03,954] WARNING django.server "GET /static/main/webfonts/fa-solid-900.woff2 HTTP/1.1" 404 179
[2025-04-23 11:12:04,281] WARNING django.server "GET /static/main/webfonts/fa-solid-900.ttf HTTP/1.1" 404 179
[2025-04-23 11:12:50,615] WARNING django.server "GET /static/main/webfonts/fa-solid-900.woff2 HTTP/1.1" 404 179
[2025-04-23 11:12:51,148] WARNING django.server "GET /static/main/webfonts/fa-solid-900.ttf HTTP/1.1" 404 179
[2025-04-23 11:13:13,661] WARNING django.server "GET /static/main/webfonts/fa-solid-900.woff2 HTTP/1.1" 404 179
[2025-04-23 11:13:13,779] WARNING django.server "GET /static/main/webfonts/fa-solid-900.ttf HTTP/1.1" 404 179
[2025-04-23 11:13:18,464] WARNING django.server "GET /static/main/webfonts/fa-solid-900.woff2 HTTP/1.1" 404 179
[2025-04-23 11:13:18,577] WARNING django.server "GET /static/main/webfonts/fa-solid-900.ttf HTTP/1.1" 404 179
[2025-04-23 11:16:01,908] WARNING django.server "GET /static/main/webfonts/fa-solid-900.woff2 HTTP/1.1" 404 179
[2025-04-23 11:16:01,972] WARNING django.server "GET /static/main/webfonts/fa-solid-900.ttf HTTP/1.1" 404 179
[2025-04-23 11:16:07,406] WARNING django.server "GET /static/main/webfonts/fa-solid-900.woff2 HTTP/1.1" 404 179
[2025-04-23 11:16:07,435] WARNING django.server "GET /static/main/webfonts/fa-solid-900.ttf HTTP/1.1" 404 179
[2025-04-23 11:16:44,523] WARNING django.server "GET /static/main/webfonts/fa-solid-900.woff2 HTTP/1.1" 404 179
[2025-04-23 11:16:44,564] WARNING django.server "GET /static/main/webfonts/fa-solid-900.ttf HTTP/1.1" 404 179
[2025-04-23 11:16:59,392] WARNING django.server "GET /static/main/webfonts/fa-solid-900.woff2 HTTP/1.1" 404 179
[2025-04-23 11:16:59,428] WARNING django.server "GET /static/main/webfonts/fa-solid-900.ttf HTTP/1.1" 404 179
[2025-04-23 11:17:01,727] WARNING django.server "GET /static/main/webfonts/fa-solid-900.woff2 HTTP/1.1" 404 179
[2025-04-23 11:17:01,813] WARNING django.server "GET /static/main/webfonts/fa-solid-900.ttf HTTP/1.1" 404 179
[2025-04-23 11:17:04,653] WARNING django.server "GET /static/main/webfonts/fa-solid-900.woff2 HTTP/1.1" 404 179
[2025-04-23 11:17:04,772] WARNING django.server "GET /static/main/webfonts/fa-solid-900.ttf HTTP/1.1" 404 179
[2025-04-23 11:17:18,770] WARNING django.server "GET /static/main/webfonts/fa-solid-900.woff2 HTTP/1.1" 404 179
[2025-04-23 11:17:18,820] WARNING django.server "GET /static/main/webfonts/fa-solid-900.ttf HTTP/1.1" 404 179
[2025-04-23 11:38:53,340] WARNING django.server "GET /static/main/webfonts/fa-solid-900.woff2 HTTP/1.1" 404 179
[2025-04-23 11:38:53,491] WARNING django.server "GET /static/main/webfonts/fa-solid-900.ttf HTTP/1.1" 404 179
[2025-04-23 11:38:56,609] WARNING django.server "GET /static/main/webfonts/fa-solid-900.woff2 HTTP/1.1" 404 179
[2025-04-23 11:38:56,671] WARNING django.server "GET /static/main/webfonts/fa-solid-900.ttf HTTP/1.1" 404 179
[2025-04-23 11:38:56,784] WARNING django.server "GET /static/main/js/fontawesome.js HTTP/1.1" 416 0
[2025-04-23 11:39:05,257] WARNING django.server "GET /static/main/webfonts/fa-solid-900.woff2 HTTP/1.1" 404 179
[2025-04-23 11:39:05,316] WARNING django.server "GET /static/main/webfonts/fa-solid-900.ttf HTTP/1.1" 404 179
[2025-04-23 11:39:11,971] WARNING django.server "GET /static/main/webfonts/fa-solid-900.woff2 HTTP/1.1" 404 179
[2025-04-23 11:39:11,972] WARNING django.server "GET /static/main/js/fontawesome.js HTTP/1.1" 416 0
[2025-04-23 11:39:12,016] WARNING django.server "GET /static/main/webfonts/fa-solid-900.ttf HTTP/1.1" 404 179
[2025-04-23 11:39:21,569] WARNING django.server "GET /static/main/webfonts/fa-solid-900.woff2 HTTP/1.1" 404 179
[2025-04-23 11:39:22,143] WARNING django.server "GET /static/main/webfonts/fa-solid-900.ttf HTTP/1.1" 404 179
[2025-04-23 11:39:38,254] WARNING django.server "GET /static/main/webfonts/fa-solid-900.woff2 HTTP/1.1" 404 179
[2025-04-23 11:39:38,303] WARNING django.server "GET /static/main/webfonts/fa-solid-900.ttf HTTP/1.1" 404 179
[2025-04-23 11:39:45,434] WARNING django.server "GET /static/main/webfonts/fa-solid-900.woff2 HTTP/1.1" 404 179
[2025-04-23 11:39:46,045] WARNING django.server "GET /static/main/webfonts/fa-solid-900.ttf HTTP/1.1" 404 179
[2025-04-23 11:39:51,738] WARNING django.server "GET /static/main/webfonts/fa-solid-900.woff2 HTTP/1.1" 404 179
[2025-04-23 11:39:51,786] WARNING django.server "GET /static/main/webfonts/fa-solid-900.ttf HTTP/1.1" 404 179
[2025-04-23 11:39:56,107] WARNING django.server "GET /static/main/webfonts/fa-solid-900.woff2 HTTP/1.1" 404 179
[2025-04-23 11:39:56,150] WARNING django.server "GET /static/main/webfonts/fa-solid-900.ttf HTTP/1.1" 404 179
[2025-04-23 12:09:13,024] WARNING django.server "GET /static/main/webfonts/fa-solid-900.woff2 HTTP/1.1" 404 179
[2025-04-23 12:09:13,109] WARNING django.server "GET /static/main/webfonts/fa-solid-900.ttf HTTP/1.1" 404 179
[2025-04-23 12:18:12,073] WARNING django.server "GET /static/main/webfonts/fa-solid-900.woff2 HTTP/1.1" 404 179
[2025-04-23 12:18:12,130] WARNING django.server "GET /static/main/webfonts/fa-solid-900.ttf HTTP/1.1" 404 179
[2025-04-23 12:18:27,897] WARNING django.server "GET /static/main/webfonts/fa-solid-900.woff2 HTTP/1.1" 404 179
[2025-04-23 12:18:28,344] WARNING django.server "GET /static/main/webfonts/fa-solid-900.ttf HTTP/1.1" 404 179
[2025-04-23 12:18:34,345] WARNING django.server "GET /static/main/webfonts/fa-solid-900.woff2 HTTP/1.1" 404 179
[2025-04-23 12:18:34,391] WARNING django.server "GET /static/main/webfonts/fa-solid-900.ttf HTTP/1.1" 404 179
[2025-04-23 12:20:11,127] WARNING django.server "GET /static/main/webfonts/fa-solid-900.woff2 HTTP/1.1" 404 179
[2025-04-23 12:20:11,227] WARNING django.server "GET /static/main/webfonts/fa-solid-900.ttf HTTP/1.1" 404 179
[2025-04-23 12:20:17,084] WARNING django.server "GET /static/main/webfonts/fa-solid-900.woff2 HTTP/1.1" 404 179
[2025-04-23 12:20:17,152] WARNING django.server "GET /static/main/webfonts/fa-solid-900.ttf HTTP/1.1" 404 179
[2025-04-23 12:20:23,156] WARNING django.server "GET /static/main/webfonts/fa-solid-900.woff2 HTTP/1.1" 404 179
[2025-04-23 12:20:23,217] WARNING django.server "GET /static/main/webfonts/fa-solid-900.ttf HTTP/1.1" 404 179
[2025-04-23 12:20:26,377] WARNING django.server "GET /static/main/webfonts/fa-solid-900.woff2 HTTP/1.1" 404 179
[2025-04-23 12:20:26,422] WARNING django.server "GET /static/main/webfonts/fa-solid-900.ttf HTTP/1.1" 404 179
[2025-04-23 12:20:45,446] WARNING django.server "GET /static/main/webfonts/fa-solid-900.woff2 HTTP/1.1" 404 179
[2025-04-23 12:20:45,691] WARNING django.server "GET /static/main/webfonts/fa-solid-900.ttf HTTP/1.1" 404 179
[2025-04-23 12:20:54,109] WARNING django.server "GET /static/main/webfonts/fa-solid-900.woff2 HTTP/1.1" 404 179
[2025-04-23 12:20:54,159] WARNING django.server "GET /static/main/webfonts/fa-solid-900.ttf HTTP/1.1" 404 179
[2025-04-23 12:20:58,450] WARNING django.server "GET /static/main/webfonts/fa-solid-900.woff2 HTTP/1.1" 404 179
[2025-04-23 12:20:58,514] WARNING django.server "GET /static/main/webfonts/fa-solid-900.ttf HTTP/1.1" 404 179
[2025-04-23 12:21:00,993] WARNING django.server "GET /static/main/webfonts/fa-solid-900.woff2 HTTP/1.1" 404 179
[2025-04-23 12:21:01,058] WARNING django.server "GET /static/main/webfonts/fa-solid-900.ttf HTTP/1.1" 404 179
[2025-04-23 12:21:02,561] WARNING django.server "GET /static/main/webfonts/fa-solid-900.woff2 HTTP/1.1" 404 179
[2025-04-23 12:21:02,640] WARNING django.server "GET /static/main/webfonts/fa-solid-900.ttf HTTP/1.1" 404 179
[2025-04-23 12:21:10,317] WARNING django.server "GET /static/main/webfonts/fa-solid-900.woff2 HTTP/1.1" 404 179
[2025-04-23 12:21:10,451] WARNING django.server "GET /static/main/webfonts/fa-solid-900.ttf HTTP/1.1" 404 179
[2025-04-23 12:21:11,044] WARNING django.server "GET /static/main/webfonts/fa-solid-900.woff2 HTTP/1.1" 404 179
[2025-04-23 12:21:11,448] WARNING django.server "GET /static/main/webfonts/fa-solid-900.ttf HTTP/1.1" 404 179
[2025-04-23 12:21:14,160] WARNING django.server "GET /static/main/webfonts/fa-solid-900.woff2 HTTP/1.1" 404 179
[2025-04-23 12:21:14,272] WARNING django.server "GET /static/main/webfonts/fa-solid-900.ttf HTTP/1.1" 404 179
[2025-04-23 12:21:17,384] WARNING django.server "GET /static/main/webfonts/fa-solid-900.woff2 HTTP/1.1" 404 179
[2025-04-23 12:21:18,733] WARNING django.server "GET /static/main/webfonts/fa-solid-900.ttf HTTP/1.1" 404 179
[2025-04-23 12:21:25,576] WARNING django.server "GET /static/main/webfonts/fa-solid-900.woff2 HTTP/1.1" 404 179
[2025-04-23 12:21:25,936] WARNING django.server "GET /static/main/webfonts/fa-solid-900.ttf HTTP/1.1" 404 179
[2025-04-23 12:27:18,404] WARNING django.server "GET /static/main/webfonts/fa-solid-900.woff2 HTTP/1.1" 404 179
[2025-04-23 12:27:18,695] WARNING django.server "GET /static/main/webfonts/fa-solid-900.ttf HTTP/1.1" 404 179
[2025-04-23 12:35:04,462] WARNING django.server "GET /static/main/webfonts/fa-solid-900.woff2 HTTP/1.1" 404 179
[2025-04-23 12:35:04,508] WARNING django.server "GET /static/main/webfonts/fa-solid-900.ttf HTTP/1.1" 404 179
[2025-04-23 12:35:12,909] WARNING django.server "GET /static/main/webfonts/fa-solid-900.woff2 HTTP/1.1" 404 179
[2025-04-23 12:35:12,961] WARNING django.server "GET /static/main/webfonts/fa-solid-900.ttf HTTP/1.1" 404 179
[2025-04-23 12:35:18,481] WARNING django.server "GET /static/main/webfonts/fa-solid-900.woff2 HTTP/1.1" 404 179
[2025-04-23 12:35:18,526] WARNING django.server "GET /static/main/webfonts/fa-solid-900.ttf HTTP/1.1" 404 179
[2025-04-23 12:44:58,727] WARNING django.server "GET /static/main/webfonts/fa-solid-900.woff2 HTTP/1.1" 404 179
[2025-04-23 12:44:58,889] WARNING django.server "GET /static/main/webfonts/fa-solid-900.ttf HTTP/1.1" 404 179
[2025-04-23 12:46:02,437] WARNING django.server "GET /static/main/webfonts/fa-solid-900.woff2 HTTP/1.1" 404 179
[2025-04-23 12:46:02,493] WARNING django.server "GET /static/main/webfonts/fa-solid-900.ttf HTTP/1.1" 404 179
[2025-04-23 12:46:04,762] WARNING django.server "GET /static/main/webfonts/fa-solid-900.woff2 HTTP/1.1" 404 179
[2025-04-23 12:46:04,846] WARNING django.server "GET /static/main/webfonts/fa-solid-900.ttf HTTP/1.1" 404 179
[2025-04-23 12:46:09,927] WARNING django.server "GET /static/main/webfonts/fa-solid-900.woff2 HTTP/1.1" 404 179
[2025-04-23 12:46:10,012] WARNING django.server "GET /static/main/webfonts/fa-solid-900.ttf HTTP/1.1" 404 179
[2025-04-23 12:46:11,868] WARNING django.server "GET /static/main/webfonts/fa-solid-900.woff2 HTTP/1.1" 404 179
[2025-04-23 12:46:11,926] WARNING django.server "GET /static/main/webfonts/fa-solid-900.ttf HTTP/1.1" 404 179
[2025-04-23 12:46:24,750] WARNING django.server "GET /static/main/webfonts/fa-solid-900.woff2 HTTP/1.1" 404 179
[2025-04-23 12:46:24,843] WARNING django.server "GET /static/main/webfonts/fa-solid-900.ttf HTTP/1.1" 404 179
[2025-04-23 12:46:38,686] WARNING django.server "GET /static/main/webfonts/fa-solid-900.woff2 HTTP/1.1" 404 179
[2025-04-23 12:46:38,776] WARNING django.server "GET /static/main/webfonts/fa-solid-900.ttf HTTP/1.1" 404 179
[2025-04-23 13:17:51,658] WARNING django.server "GET /favicon.ico HTTP/1.1" 404 179
[2025-04-23 13:17:59,096] WARNING django.server "GET /static/main/webfonts/fa-solid-900.woff2 HTTP/1.1" 404 179
[2025-04-23 13:17:59,412] WARNING django.server "GET /static/main/webfonts/fa-solid-900.ttf HTTP/1.1" 404 179
[2025-04-23 13:31:05,763] WARNING django.server "GET /static/main/webfonts/fa-solid-900.woff2 HTTP/1.1" 404 179
[2025-04-23 13:31:06,112] WARNING django.server "GET /static/main/webfonts/fa-solid-900.ttf HTTP/1.1" 404 179
[2025-04-23 13:32:45,581] WARNING django.server "GET /static/main/webfonts/fa-solid-900.woff2 HTTP/1.1" 404 179
[2025-04-23 13:32:45,940] WARNING django.server "GET /static/main/webfonts/fa-solid-900.ttf HTTP/1.1" 404 179
[2025-04-23 13:32:50,811] WARNING django.server "GET /static/main/webfonts/fa-solid-900.woff2 HTTP/1.1" 404 179
[2025-04-23 13:32:50,906] WARNING django.server "GET /static/main/webfonts/fa-solid-900.ttf HTTP/1.1" 404 179
[2025-04-23 13:33:22,691] WARNING django.server "GET /static/main/webfonts/fa-solid-900.woff2 HTTP/1.1" 404 179
[2025-04-23 13:33:22,780] WARNING django.server "GET /static/main/webfonts/fa-solid-900.ttf HTTP/1.1" 404 179
[2025-04-23 13:33:29,984] WARNING django.server "GET /static/main/webfonts/fa-solid-900.woff2 HTTP/1.1" 404 179
[2025-04-23 13:33:30,069] WARNING django.server "GET /static/main/webfonts/fa-solid-900.ttf HTTP/1.1" 404 179
[2025-04-23 13:33:42,284] WARNING django.server "GET /static/main/webfonts/fa-solid-900.woff2 HTTP/1.1" 404 179
[2025-04-23 13:33:42,378] WARNING django.server "GET /static/main/webfonts/fa-solid-900.ttf HTTP/1.1" 404 179
[2025-04-23 14:04:21,537] WARNING django.server "GET /static/main/webfonts/fa-solid-900.woff2 HTTP/1.1" 404 179
[2025-04-23 14:04:21,622] WARNING django.server "GET /static/main/webfonts/fa-solid-900.ttf HTTP/1.1" 404 179
[2025-04-23 14:09:32,818] WARNING django.server "GET /static/main/webfonts/fa-solid-900.woff2 HTTP/1.1" 404 179
[2025-04-23 14:09:32,944] WARNING django.server "GET /static/main/webfonts/fa-solid-900.ttf HTTP/1.1" 404 179
[2025-04-23 14:09:43,711] WARNING django.server "GET /static/main/webfonts/fa-solid-900.woff2 HTTP/1.1" 404 179
[2025-04-23 14:09:43,866] WARNING django.server "GET /static/main/webfonts/fa-solid-900.ttf HTTP/1.1" 404 179
[2025-04-23 14:09:49,147] WARNING django.server "GET /static/main/webfonts/fa-solid-900.woff2 HTTP/1.1" 404 179
[2025-04-23 14:09:49,302] WARNING django.server "GET /static/main/webfonts/fa-solid-900.ttf HTTP/1.1" 404 179
[2025-04-23 14:09:59,143] WARNING django.server "GET /static/main/webfonts/fa-solid-900.woff2 HTTP/1.1" 404 179
[2025-04-23 14:09:59,559] WARNING django.server "GET /static/main/webfonts/fa-solid-900.ttf HTTP/1.1" 404 179
[2025-04-23 14:10:04,758] WARNING django.server "GET /static/main/webfonts/fa-solid-900.woff2 HTTP/1.1" 404 179
[2025-04-23 14:10:04,901] WARNING django.server "GET /static/main/webfonts/fa-solid-900.ttf HTTP/1.1" 404 179
[2025-04-23 14:10:09,302] WARNING django.server "GET /static/main/webfonts/fa-solid-900.woff2 HTTP/1.1" 404 179
[2025-04-23 14:10:09,452] WARNING django.server "GET /static/main/webfonts/fa-solid-900.ttf HTTP/1.1" 404 179
[2025-04-23 14:10:14,219] WARNING django.server "GET /static/main/webfonts/fa-solid-900.woff2 HTTP/1.1" 404 179
[2025-04-23 14:10:14,302] WARNING django.server "GET /static/main/webfonts/fa-solid-900.ttf HTTP/1.1" 404 179
[2025-04-23 14:10:16,823] WARNING django.server "GET /static/main/webfonts/fa-solid-900.woff2 HTTP/1.1" 404 179
[2025-04-23 14:10:16,921] WARNING django.server "GET /static/main/webfonts/fa-solid-900.ttf HTTP/1.1" 404 179
[2025-04-23 14:10:18,783] WARNING django.server "GET /static/main/webfonts/fa-solid-900.woff2 HTTP/1.1" 404 179
[2025-04-23 14:10:18,927] WARNING django.server "GET /static/main/webfonts/fa-solid-900.ttf HTTP/1.1" 404 179
[2025-04-23 14:10:22,633] WARNING django.server "GET /static/main/webfonts/fa-solid-900.woff2 HTTP/1.1" 404 179
[2025-04-23 14:10:22,774] WARNING django.server "GET /static/main/webfonts/fa-solid-900.ttf HTTP/1.1" 404 179
[2025-04-23 14:11:39,472] WARNING django.server "GET /static/main/webfonts/fa-solid-900.woff2 HTTP/1.1" 404 179
[2025-04-23 14:11:39,596] WARNING django.server "GET /static/main/webfonts/fa-solid-900.ttf HTTP/1.1" 404 179
[2025-04-23 14:11:50,930] WARNING django.server "GET /static/main/webfonts/fa-solid-900.woff2 HTTP/1.1" 404 179
[2025-04-23 14:11:51,374] WARNING django.server "GET /static/main/webfonts/fa-solid-900.ttf HTTP/1.1" 404 179
[2025-04-23 14:11:54,431] WARNING django.server "GET /static/main/webfonts/fa-solid-900.woff2 HTTP/1.1" 404 179
[2025-04-23 14:11:54,546] WARNING django.server "GET /static/main/webfonts/fa-solid-900.ttf HTTP/1.1" 404 179
[2025-04-23 14:12:33,181] WARNING django.server "GET /static/main/webfonts/fa-solid-900.woff2 HTTP/1.1" 404 179
[2025-04-23 14:12:33,310] WARNING django.server "GET /static/main/webfonts/fa-solid-900.ttf HTTP/1.1" 404 179
[2025-04-23 14:12:36,803] WARNING django.server "GET /static/main/webfonts/fa-solid-900.woff2 HTTP/1.1" 404 179
[2025-04-23 14:12:36,956] WARNING django.server "GET /static/main/webfonts/fa-solid-900.ttf HTTP/1.1" 404 179
[2025-04-23 14:12:54,707] WARNING django.server "GET /static/main/webfonts/fa-solid-900.woff2 HTTP/1.1" 404 179
[2025-04-23 14:12:54,841] WARNING django.server "GET /static/main/webfonts/fa-solid-900.ttf HTTP/1.1" 404 179
[2025-04-23 14:13:03,946] WARNING django.server "GET /static/main/webfonts/fa-solid-900.woff2 HTTP/1.1" 404 179
[2025-04-23 14:13:04,075] WARNING django.server "GET /static/main/webfonts/fa-solid-900.ttf HTTP/1.1" 404 179
[2025-04-23 14:14:58,209] WARNING django.server "GET /static/main/webfonts/fa-solid-900.woff2 HTTP/1.1" 404 179
[2025-04-23 14:14:58,330] WARNING django.server "GET /static/main/webfonts/fa-solid-900.ttf HTTP/1.1" 404 179
[2025-04-23 14:15:09,000] WARNING django.server "GET /static/main/webfonts/fa-solid-900.woff2 HTTP/1.1" 404 179
[2025-04-23 14:15:09,429] WARNING django.server "GET /static/main/webfonts/fa-solid-900.ttf HTTP/1.1" 404 179
[2025-04-23 14:15:13,628] WARNING django.server "GET /static/main/webfonts/fa-solid-900.woff2 HTTP/1.1" 404 179
[2025-04-23 14:15:13,778] WARNING django.server "GET /static/main/webfonts/fa-solid-900.ttf HTTP/1.1" 404 179
[2025-04-23 14:15:17,175] WARNING django.server "GET /static/main/webfonts/fa-solid-900.woff2 HTTP/1.1" 404 179
[2025-04-23 14:15:17,312] WARNING django.server "GET /static/main/webfonts/fa-solid-900.ttf HTTP/1.1" 404 179
[2025-04-23 14:15:40,582] WARNING django.server "GET /static/main/webfonts/fa-solid-900.woff2 HTTP/1.1" 404 179
[2025-04-23 14:15:41,009] WARNING django.server "GET /static/main/webfonts/fa-solid-900.ttf HTTP/1.1" 404 179
[2025-04-23 14:15:43,569] WARNING django.server "GET /static/main/webfonts/fa-solid-900.woff2 HTTP/1.1" 404 179
[2025-04-23 14:15:43,714] WARNING django.server "GET /static/main/webfonts/fa-solid-900.ttf HTTP/1.1" 404 179
[2025-04-23 14:15:48,576] WARNING django.server "GET /static/main/webfonts/fa-solid-900.woff2 HTTP/1.1" 404 179
[2025-04-23 14:15:48,693] WARNING django.server "GET /static/main/webfonts/fa-solid-900.ttf HTTP/1.1" 404 179
[2025-04-23 14:16:11,856] WARNING django.server "GET /static/main/webfonts/fa-solid-900.woff2 HTTP/1.1" 404 179
[2025-04-23 14:16:12,285] WARNING django.server "GET /static/main/webfonts/fa-solid-900.ttf HTTP/1.1" 404 179
[2025-04-23 14:16:14,052] WARNING django.server "GET /static/main/webfonts/fa-solid-900.woff2 HTTP/1.1" 404 179
[2025-04-23 14:16:14,178] WARNING django.server "GET /static/main/webfonts/fa-solid-900.ttf HTTP/1.1" 404 179
[2025-04-23 14:16:27,583] WARNING django.server "GET /static/main/webfonts/fa-solid-900.woff2 HTTP/1.1" 404 179
[2025-04-23 14:16:27,875] WARNING django.server "GET /static/main/webfonts/fa-solid-900.ttf HTTP/1.1" 404 179
[2025-04-23 14:16:42,279] WARNING django.server "GET /static/main/webfonts/fa-solid-900.woff2 HTTP/1.1" 404 179
[2025-04-23 14:16:42,401] WARNING django.server "GET /static/main/webfonts/fa-solid-900.ttf HTTP/1.1" 404 179
[2025-04-23 14:16:44,343] WARNING django.server "GET /static/main/webfonts/fa-solid-900.woff2 HTTP/1.1" 404 179
[2025-04-23 14:16:44,488] WARNING django.server "GET /static/main/webfonts/fa-solid-900.ttf HTTP/1.1" 404 179
[2025-04-23 14:17:46,303] WARNING django.server "GET /static/main/webfonts/fa-solid-900.woff2 HTTP/1.1" 404 179
[2025-04-23 14:17:46,424] WARNING django.server "GET /static/main/webfonts/fa-solid-900.ttf HTTP/1.1" 404 179
[2025-04-23 14:17:53,451] WARNING django.server "GET /static/main/webfonts/fa-solid-900.woff2 HTTP/1.1" 404 179
[2025-04-23 14:17:53,583] WARNING django.server "GET /static/main/webfonts/fa-solid-900.ttf HTTP/1.1" 404 179
[2025-04-23 14:17:59,999] WARNING django.server "GET /static/main/webfonts/fa-solid-900.woff2 HTTP/1.1" 404 179
[2025-04-23 14:18:00,363] WARNING django.server "GET /static/main/webfonts/fa-solid-900.ttf HTTP/1.1" 404 179
[2025-04-23 14:18:10,717] WARNING django.server "GET /static/main/webfonts/fa-solid-900.woff2 HTTP/1.1" 404 179
[2025-04-23 14:18:10,854] WARNING django.server "GET /static/main/webfonts/fa-solid-900.ttf HTTP/1.1" 404 179
[2025-04-23 14:18:18,286] WARNING django.server "GET /static/main/webfonts/fa-solid-900.woff2 HTTP/1.1" 404 179
[2025-04-23 14:18:18,410] WARNING django.server "GET /static/main/webfonts/fa-solid-900.ttf HTTP/1.1" 404 179
[2025-04-23 14:18:20,733] WARNING django.server "GET /static/main/webfonts/fa-solid-900.woff2 HTTP/1.1" 404 179
[2025-04-23 14:18:20,965] WARNING django.server "GET /static/main/webfonts/fa-solid-900.ttf HTTP/1.1" 404 179
[2025-04-23 14:19:08,407] WARNING django.server "GET /static/main/webfonts/fa-solid-900.woff2 HTTP/1.1" 404 179
[2025-04-23 14:19:08,530] WARNING django.server "GET /static/main/webfonts/fa-solid-900.ttf HTTP/1.1" 404 179
[2025-04-23 14:20:15,408] WARNING django.server "GET /favicon.ico HTTP/1.1" 404 179
[2025-04-23 14:20:28,520] WARNING django.server "GET /static/main/webfonts/fa-solid-900.woff2 HTTP/1.1" 404 179
[2025-04-23 14:20:28,688] WARNING django.server "GET /static/main/webfonts/fa-solid-900.ttf HTTP/1.1" 404 179
[2025-04-23 14:20:30,504] WARNING django.server "GET /static/main/webfonts/fa-solid-900.woff2 HTTP/1.1" 404 179
[2025-04-23 14:20:30,628] WARNING django.server "GET /static/main/webfonts/fa-solid-900.ttf HTTP/1.1" 404 179
[2025-04-23 14:20:32,642] WARNING django.server "GET /static/main/webfonts/fa-solid-900.woff2 HTTP/1.1" 404 179
[2025-04-23 14:20:32,772] WARNING django.server "GET /static/main/webfonts/fa-solid-900.ttf HTTP/1.1" 404 179
[2025-04-23 14:20:34,355] WARNING django.server "GET /static/main/webfonts/fa-solid-900.woff2 HTTP/1.1" 404 179
[2025-04-23 14:20:34,511] WARNING django.server "GET /static/main/webfonts/fa-solid-900.ttf HTTP/1.1" 404 179
[2025-04-23 14:21:11,083] WARNING django.server "GET /static/main/webfonts/fa-solid-900.woff2 HTTP/1.1" 404 179
[2025-04-23 14:21:11,362] WARNING django.server "GET /static/main/webfonts/fa-solid-900.ttf HTTP/1.1" 404 179
[2025-04-23 14:21:24,105] WARNING django.server "GET /static/main/webfonts/fa-solid-900.woff2 HTTP/1.1" 404 179
[2025-04-23 14:21:24,204] WARNING django.server "GET /static/main/webfonts/fa-solid-900.ttf HTTP/1.1" 404 179
[2025-04-23 14:21:28,203] WARNING django.server "GET /static/main/webfonts/fa-solid-900.woff2 HTTP/1.1" 404 179
[2025-04-23 14:21:28,627] WARNING django.server "GET /static/main/webfonts/fa-solid-900.ttf HTTP/1.1" 404 179
[2025-04-23 14:21:30,081] WARNING django.server "GET /static/main/webfonts/fa-solid-900.woff2 HTTP/1.1" 404 179
[2025-04-23 14:21:30,211] WARNING django.server "GET /static/main/webfonts/fa-solid-900.ttf HTTP/1.1" 404 179
[2025-04-23 14:23:00,616] WARNING django.server "GET /static/main/webfonts/fa-solid-900.woff2 HTTP/1.1" 404 179
[2025-04-23 14:23:01,096] WARNING django.server "GET /static/main/webfonts/fa-solid-900.ttf HTTP/1.1" 404 179
[2025-04-23 14:23:08,958] WARNING django.server "GET /static/main/webfonts/fa-solid-900.woff2 HTTP/1.1" 404 179
[2025-04-23 14:23:09,115] WARNING django.server "GET /static/main/webfonts/fa-solid-900.ttf HTTP/1.1" 404 179
[2025-04-23 14:23:10,635] WARNING django.server "GET /static/main/webfonts/fa-solid-900.woff2 HTTP/1.1" 404 179
[2025-04-23 14:23:10,765] WARNING django.server "GET /static/main/webfonts/fa-solid-900.ttf HTTP/1.1" 404 179
[2025-04-23 14:23:11,297] WARNING django.server "GET /static/main/webfonts/fa-solid-900.woff2 HTTP/1.1" 404 179
[2025-04-23 14:23:11,642] WARNING django.server "GET /static/main/webfonts/fa-solid-900.ttf HTTP/1.1" 404 179
[2025-04-23 14:23:14,772] WARNING django.server "GET /static/main/webfonts/fa-solid-900.woff2 HTTP/1.1" 404 179
[2025-04-23 14:23:14,928] WARNING django.server "GET /static/main/webfonts/fa-solid-900.ttf HTTP/1.1" 404 179
[2025-04-23 14:23:25,317] WARNING django.server "GET /static/main/webfonts/fa-solid-900.woff2 HTTP/1.1" 404 179
[2025-04-23 14:23:25,442] WARNING django.server "GET /static/main/webfonts/fa-solid-900.ttf HTTP/1.1" 404 179
[2025-04-23 14:23:29,862] WARNING django.server "GET /static/main/webfonts/fa-solid-900.woff2 HTTP/1.1" 404 179
[2025-04-23 14:23:30,028] WARNING django.server "GET /static/main/webfonts/fa-solid-900.ttf HTTP/1.1" 404 179
[2025-04-23 14:23:37,877] WARNING django.server "GET /static/main/webfonts/fa-solid-900.woff2 HTTP/1.1" 404 179
[2025-04-23 14:23:38,010] WARNING django.server "GET /static/main/webfonts/fa-solid-900.ttf HTTP/1.1" 404 179
[2025-04-23 14:36:55,400] WARNING django.server "GET /static/main/webfonts/fa-solid-900.woff2 HTTP/1.1" 404 179
[2025-04-23 14:36:55,533] WARNING django.server "GET /static/main/webfonts/fa-solid-900.ttf HTTP/1.1" 404 179
[2025-04-23 14:38:24,680] WARNING django.server "GET /static/main/webfonts/fa-solid-900.woff2 HTTP/1.1" 404 179
[2025-04-23 14:38:24,813] WARNING django.server "GET /static/main/webfonts/fa-solid-900.ttf HTTP/1.1" 404 179
[2025-04-23 14:38:32,871] WARNING django.server "GET /static/main/webfonts/fa-solid-900.woff2 HTTP/1.1" 404 179
[2025-04-23 14:38:32,911] WARNING django.server "GET /static/main/webfonts/fa-solid-900.ttf HTTP/1.1" 404 179
