[2025-06-09 16:08:29,393] WARNING django.server "GET /static/main/webfonts/fa-solid-900.woff2 HTTP/1.1" 404 179
[2025-06-09 16:08:29,702] WARNING django.server "GET /static/main/webfonts/fa-solid-900.ttf HTTP/1.1" 404 179
[2025-06-09 16:08:56,713] WARNING django.server "GET /static/main/webfonts/fa-solid-900.woff2 HTTP/1.1" 404 179
[2025-06-09 16:08:56,789] WARNING django.server "GET /static/main/webfonts/fa-solid-900.ttf HTTP/1.1" 404 179
[2025-06-09 16:10:22,808] WARNING django.server "GET /static/main/webfonts/fa-solid-900.woff2 HTTP/1.1" 404 179
[2025-06-09 16:10:22,890] WARNING django.server "GET /static/main/webfonts/fa-solid-900.ttf HTTP/1.1" 404 179
[2025-06-09 16:14:05,027] WARNING django.server "GET /static/main/webfonts/fa-solid-900.woff2 HTTP/1.1" 404 179
[2025-06-09 16:14:05,137] WARNING django.server "GET /static/main/webfonts/fa-solid-900.ttf HTTP/1.1" 404 179
[2025-06-09 16:14:06,780] WARNING django.server "GET /static/main/webfonts/fa-solid-900.woff2 HTTP/1.1" 404 179
[2025-06-09 16:14:06,909] WARNING django.server "GET /static/main/webfonts/fa-solid-900.ttf HTTP/1.1" 404 179
[2025-06-09 16:15:16,822] WARNING django.server "GET /static/main/webfonts/fa-solid-900.woff2 HTTP/1.1" 404 179
[2025-06-09 16:15:16,949] WARNING django.server "GET /static/main/webfonts/fa-solid-900.ttf HTTP/1.1" 404 179
[2025-06-09 16:22:50,126] WARNING django.server "GET /static/main/webfonts/fa-solid-900.woff2 HTTP/1.1" 404 179
[2025-06-09 16:22:50,249] WARNING django.server "GET /static/main/webfonts/fa-solid-900.ttf HTTP/1.1" 404 179
[2025-06-09 16:22:52,762] WARNING django.server "GET /static/main/webfonts/fa-solid-900.woff2 HTTP/1.1" 404 179
[2025-06-09 16:22:52,884] WARNING django.server "GET /static/main/webfonts/fa-solid-900.ttf HTTP/1.1" 404 179
[2025-06-09 16:24:12,581] WARNING django.server "GET /static/main/webfonts/fa-solid-900.woff2 HTTP/1.1" 404 179
[2025-06-09 16:24:12,654] WARNING django.server "GET /static/main/webfonts/fa-solid-900.ttf HTTP/1.1" 404 179
[2025-06-09 16:24:15,445] WARNING django.server "GET /static/main/webfonts/fa-solid-900.woff2 HTTP/1.1" 404 179
[2025-06-09 16:24:15,587] WARNING django.server "GET /static/main/webfonts/fa-solid-900.ttf HTTP/1.1" 404 179
[2025-06-09 16:24:16,876] WARNING django.server "GET /static/main/webfonts/fa-solid-900.woff2 HTTP/1.1" 404 179
[2025-06-09 16:24:16,928] WARNING django.server "GET /static/main/webfonts/fa-solid-900.ttf HTTP/1.1" 404 179
[2025-06-09 16:25:16,594] WARNING django.server "GET /static/main/webfonts/fa-solid-900.woff2 HTTP/1.1" 404 179
[2025-06-09 16:25:16,630] WARNING django.server "GET /static/main/webfonts/fa-solid-900.ttf HTTP/1.1" 404 179
[2025-06-09 16:25:19,445] WARNING django.server "GET /static/main/webfonts/fa-solid-900.woff2 HTTP/1.1" 404 179
[2025-06-09 16:25:19,518] WARNING django.server "GET /static/main/webfonts/fa-solid-900.ttf HTTP/1.1" 404 179
[2025-06-09 16:25:23,072] WARNING django.server "GET /static/main/webfonts/fa-solid-900.woff2 HTTP/1.1" 404 179
[2025-06-09 16:25:23,119] WARNING django.server "GET /static/main/webfonts/fa-solid-900.ttf HTTP/1.1" 404 179
[2025-06-09 16:25:57,179] WARNING django.server "GET /static/main/webfonts/fa-solid-900.woff2 HTTP/1.1" 404 179
[2025-06-09 16:25:57,360] WARNING django.server "GET /static/main/webfonts/fa-solid-900.ttf HTTP/1.1" 404 179
[2025-06-09 16:26:01,710] WARNING custom_logger PageNotAnInteger: set to page 1
[2025-06-09 16:26:02,205] WARNING django.server "GET /static/main/webfonts/fa-solid-900.woff2 HTTP/1.1" 404 179
[2025-06-09 16:26:02,244] WARNING django.server "GET /static/main/webfonts/fa-solid-900.ttf HTTP/1.1" 404 179
[2025-06-09 16:28:39,795] WARNING django.server "GET /static/main/webfonts/fa-solid-900.woff2 HTTP/1.1" 404 179
[2025-06-09 16:28:39,942] WARNING django.server "GET /static/main/webfonts/fa-solid-900.ttf HTTP/1.1" 404 179
[2025-06-09 16:28:44,346] WARNING django.server "GET /static/main/webfonts/fa-solid-900.woff2 HTTP/1.1" 404 179
[2025-06-09 16:28:44,469] WARNING django.server "GET /static/main/webfonts/fa-solid-900.ttf HTTP/1.1" 404 179
[2025-06-09 16:28:46,855] WARNING django.server "GET /static/main/webfonts/fa-solid-900.woff2 HTTP/1.1" 404 179
[2025-06-09 16:28:46,962] WARNING django.server "GET /static/main/webfonts/fa-solid-900.ttf HTTP/1.1" 404 179
[2025-06-09 16:28:51,089] WARNING django.server "GET /static/main/webfonts/fa-solid-900.woff2 HTTP/1.1" 404 179
[2025-06-09 16:28:51,259] WARNING django.server "GET /static/main/webfonts/fa-solid-900.ttf HTTP/1.1" 404 179
[2025-06-09 16:28:53,407] WARNING django.server "GET /static/main/webfonts/fa-solid-900.woff2 HTTP/1.1" 404 179
[2025-06-09 16:28:53,523] WARNING django.server "GET /static/main/webfonts/fa-solid-900.ttf HTTP/1.1" 404 179
[2025-06-09 16:28:54,063] WARNING custom_logger PageNotAnInteger: set to page 1
[2025-06-09 16:28:54,694] WARNING django.server "GET /static/main/webfonts/fa-solid-900.woff2 HTTP/1.1" 404 179
[2025-06-09 16:28:54,821] WARNING django.server "GET /static/main/webfonts/fa-solid-900.ttf HTTP/1.1" 404 179
[2025-06-09 16:29:01,190] WARNING django.server "GET /static/main/webfonts/fa-solid-900.woff2 HTTP/1.1" 404 179
[2025-06-09 16:29:01,307] WARNING django.server "GET /static/main/webfonts/fa-solid-900.ttf HTTP/1.1" 404 179
[2025-06-09 16:29:04,913] WARNING django.server "GET /static/main/webfonts/fa-solid-900.woff2 HTTP/1.1" 404 179
[2025-06-09 16:29:05,024] WARNING django.server "GET /static/main/webfonts/fa-solid-900.ttf HTTP/1.1" 404 179
[2025-06-09 16:29:16,467] WARNING django.server "GET /static/main/webfonts/fa-solid-900.woff2 HTTP/1.1" 404 179
[2025-06-09 16:29:16,589] WARNING django.server "GET /static/main/webfonts/fa-solid-900.ttf HTTP/1.1" 404 179
[2025-06-09 16:29:37,026] WARNING custom_logger PageNotAnInteger: set to page 1
[2025-06-09 16:29:37,468] WARNING django.server "GET /static/main/webfonts/fa-solid-900.woff2 HTTP/1.1" 404 179
[2025-06-09 16:29:37,611] WARNING django.server "GET /static/main/webfonts/fa-solid-900.ttf HTTP/1.1" 404 179
[2025-06-09 16:29:40,227] WARNING django.server "GET /static/main/webfonts/fa-solid-900.woff2 HTTP/1.1" 404 179
[2025-06-09 16:29:40,265] WARNING django.server "GET /static/main/webfonts/fa-solid-900.ttf HTTP/1.1" 404 179
[2025-06-09 16:29:51,707] WARNING custom_logger PageNotAnInteger: set to page 1
[2025-06-09 16:29:52,095] WARNING django.server "GET /static/main/webfonts/fa-solid-900.woff2 HTTP/1.1" 404 179
[2025-06-09 16:29:52,286] WARNING django.server "GET /static/main/webfonts/fa-solid-900.ttf HTTP/1.1" 404 179
[2025-06-09 16:29:55,379] WARNING django.server "GET /static/main/webfonts/fa-solid-900.woff2 HTTP/1.1" 404 179
[2025-06-09 16:29:55,523] WARNING django.server "GET /static/main/webfonts/fa-solid-900.ttf HTTP/1.1" 404 179
[2025-06-09 16:30:13,092] WARNING custom_logger PageNotAnInteger: set to page 1
[2025-06-09 16:30:13,387] WARNING django.server "GET /static/main/webfonts/fa-solid-900.woff2 HTTP/1.1" 404 179
[2025-06-09 16:30:13,505] WARNING django.server "GET /static/main/webfonts/fa-solid-900.ttf HTTP/1.1" 404 179
[2025-06-09 16:30:30,547] WARNING custom_logger PageNotAnInteger: set to page 1
[2025-06-09 16:30:30,918] WARNING django.server "GET /static/main/webfonts/fa-solid-900.woff2 HTTP/1.1" 404 179
[2025-06-09 16:30:30,942] WARNING django.server "GET /static/main/webfonts/fa-solid-900.ttf HTTP/1.1" 404 179
[2025-06-09 16:30:32,318] WARNING django.server "GET /static/main/webfonts/fa-solid-900.woff2 HTTP/1.1" 404 179
[2025-06-09 16:30:32,393] WARNING django.server "GET /static/main/webfonts/fa-solid-900.ttf HTTP/1.1" 404 179
[2025-06-09 16:31:30,583] WARNING django.server "GET /static/main/webfonts/fa-solid-900.woff2 HTTP/1.1" 404 179
[2025-06-09 16:31:30,656] WARNING django.server "GET /static/main/webfonts/fa-solid-900.ttf HTTP/1.1" 404 179
[2025-06-09 16:31:32,172] WARNING django.server "GET /static/main/webfonts/fa-solid-900.woff2 HTTP/1.1" 404 179
[2025-06-09 16:31:32,244] WARNING django.server "GET /static/main/webfonts/fa-solid-900.ttf HTTP/1.1" 404 179
[2025-06-09 16:31:43,042] WARNING custom_logger PageNotAnInteger: set to page 1
[2025-06-09 16:31:43,524] WARNING django.server "GET /static/main/webfonts/fa-solid-900.woff2 HTTP/1.1" 404 179
[2025-06-09 16:31:43,545] WARNING django.server "GET /static/main/webfonts/fa-solid-900.ttf HTTP/1.1" 404 179
[2025-06-09 16:31:49,624] WARNING django.server "GET /static/main/webfonts/fa-solid-900.woff2 HTTP/1.1" 404 179
[2025-06-09 16:31:49,745] WARNING django.server "GET /static/main/webfonts/fa-solid-900.ttf HTTP/1.1" 404 179
[2025-06-09 16:31:55,113] WARNING custom_logger PageNotAnInteger: set to page 1
[2025-06-09 16:31:55,467] WARNING django.server "GET /static/main/webfonts/fa-solid-900.woff2 HTTP/1.1" 404 179
[2025-06-09 16:31:55,552] WARNING django.server "GET /static/main/webfonts/fa-solid-900.ttf HTTP/1.1" 404 179
[2025-06-09 16:31:57,301] WARNING django.server "GET /static/main/webfonts/fa-solid-900.woff2 HTTP/1.1" 404 179
[2025-06-09 16:31:57,400] WARNING django.server "GET /static/main/webfonts/fa-solid-900.ttf HTTP/1.1" 404 179
[2025-06-09 16:31:57,487] WARNING django.server "GET /static/main/webfonts/fa-solid-900.woff2 HTTP/1.1" 404 179
[2025-06-09 16:31:57,598] WARNING django.server "GET /static/main/webfonts/fa-solid-900.ttf HTTP/1.1" 404 179
[2025-06-09 16:32:03,072] WARNING django.server "GET /static/main/webfonts/fa-solid-900.woff2 HTTP/1.1" 404 179
[2025-06-09 16:32:03,192] WARNING django.server "GET /static/main/webfonts/fa-solid-900.ttf HTTP/1.1" 404 179
[2025-06-09 16:32:11,912] WARNING django.server "GET /static/main/webfonts/fa-solid-900.woff2 HTTP/1.1" 404 179
[2025-06-09 16:32:12,026] WARNING django.server "GET /static/main/webfonts/fa-solid-900.ttf HTTP/1.1" 404 179
[2025-06-09 16:32:16,946] WARNING django.server "GET /static/main/webfonts/fa-solid-900.woff2 HTTP/1.1" 404 179
[2025-06-09 16:32:17,053] WARNING django.server "GET /static/main/webfonts/fa-solid-900.ttf HTTP/1.1" 404 179
[2025-06-09 16:32:29,584] WARNING django.server "GET /static/main/webfonts/fa-solid-900.woff2 HTTP/1.1" 404 179
[2025-06-09 16:32:29,686] WARNING django.server "GET /static/main/webfonts/fa-solid-900.ttf HTTP/1.1" 404 179
[2025-06-09 16:32:33,581] WARNING django.server "GET /static/main/webfonts/fa-solid-900.woff2 HTTP/1.1" 404 179
[2025-06-09 16:32:33,704] WARNING django.server "GET /static/main/webfonts/fa-solid-900.ttf HTTP/1.1" 404 179
[2025-06-09 16:32:42,085] WARNING django.server "GET /static/main/webfonts/fa-solid-900.woff2 HTTP/1.1" 404 179
[2025-06-09 16:32:42,199] WARNING django.server "GET /static/main/webfonts/fa-solid-900.ttf HTTP/1.1" 404 179
[2025-06-09 16:32:45,104] WARNING django.server "GET /static/main/webfonts/fa-solid-900.woff2 HTTP/1.1" 404 179
[2025-06-09 16:32:45,208] WARNING django.server "GET /static/main/webfonts/fa-solid-900.ttf HTTP/1.1" 404 179
[2025-06-09 16:32:56,545] WARNING django.server "GET /static/main/webfonts/fa-solid-900.woff2 HTTP/1.1" 404 179
[2025-06-09 16:32:56,650] WARNING django.server "GET /static/main/webfonts/fa-solid-900.ttf HTTP/1.1" 404 179
[2025-06-09 16:32:59,180] WARNING django.server "GET /static/main/webfonts/fa-solid-900.woff2 HTTP/1.1" 404 179
[2025-06-09 16:32:59,307] WARNING django.server "GET /static/main/webfonts/fa-solid-900.ttf HTTP/1.1" 404 179
[2025-06-09 16:34:04,801] WARNING django.server "GET /static/main/webfonts/fa-solid-900.woff2 HTTP/1.1" 404 179
[2025-06-09 16:34:04,925] WARNING django.server "GET /static/main/webfonts/fa-solid-900.ttf HTTP/1.1" 404 179
[2025-06-09 16:34:08,948] WARNING django.server "GET /static/main/webfonts/fa-solid-900.woff2 HTTP/1.1" 404 179
[2025-06-09 16:34:09,061] WARNING django.server "GET /static/main/webfonts/fa-solid-900.ttf HTTP/1.1" 404 179
[2025-06-09 16:34:12,738] WARNING django.server "GET /static/main/webfonts/fa-solid-900.woff2 HTTP/1.1" 404 179
[2025-06-09 16:34:12,857] WARNING django.server "GET /static/main/webfonts/fa-solid-900.ttf HTTP/1.1" 404 179
[2025-06-09 16:34:16,745] WARNING django.server "GET /static/main/webfonts/fa-solid-900.woff2 HTTP/1.1" 404 179
[2025-06-09 16:34:16,865] WARNING django.server "GET /static/main/webfonts/fa-solid-900.ttf HTTP/1.1" 404 179
[2025-06-09 16:34:29,936] WARNING django.server "GET /static/main/webfonts/fa-solid-900.woff2 HTTP/1.1" 404 179
[2025-06-09 16:34:30,048] WARNING django.server "GET /static/main/webfonts/fa-solid-900.ttf HTTP/1.1" 404 179
[2025-06-09 16:34:32,979] WARNING django.server "GET /static/main/webfonts/fa-solid-900.woff2 HTTP/1.1" 404 179
[2025-06-09 16:34:33,091] WARNING django.server "GET /static/main/webfonts/fa-solid-900.ttf HTTP/1.1" 404 179
[2025-06-09 16:34:36,696] WARNING django.server "GET /static/main/webfonts/fa-solid-900.woff2 HTTP/1.1" 404 179
[2025-06-09 16:34:36,820] WARNING django.server "GET /static/main/webfonts/fa-solid-900.ttf HTTP/1.1" 404 179
[2025-06-09 16:36:45,573] WARNING django.server "GET /static/main/webfonts/fa-solid-900.woff2 HTTP/1.1" 404 179
[2025-06-09 16:36:45,695] WARNING django.server "GET /static/main/webfonts/fa-solid-900.ttf HTTP/1.1" 404 179
[2025-06-09 16:40:13,204] WARNING django.server "GET /static/main/webfonts/fa-solid-900.woff2 HTTP/1.1" 404 179
[2025-06-09 16:40:13,294] WARNING django.server "GET /static/main/webfonts/fa-solid-900.ttf HTTP/1.1" 404 179
[2025-06-09 16:40:17,116] WARNING custom_logger PageNotAnInteger: set to page 1
[2025-06-09 16:40:17,361] WARNING django.server "GET /static/main/webfonts/fa-solid-900.woff2 HTTP/1.1" 404 179
[2025-06-09 16:40:17,459] WARNING django.server "GET /static/main/webfonts/fa-solid-900.ttf HTTP/1.1" 404 179
[2025-06-09 16:40:23,995] WARNING django.server "GET /static/main/webfonts/fa-solid-900.woff2 HTTP/1.1" 404 179
[2025-06-09 16:40:24,106] WARNING django.server "GET /static/main/webfonts/fa-solid-900.ttf HTTP/1.1" 404 179
[2025-06-09 16:42:49,635] WARNING custom_logger PageNotAnInteger: set to page 1
[2025-06-09 16:42:49,901] WARNING django.server "GET /static/main/webfonts/fa-solid-900.woff2 HTTP/1.1" 404 179
[2025-06-09 16:42:49,993] WARNING django.server "GET /static/main/webfonts/fa-solid-900.ttf HTTP/1.1" 404 179
[2025-06-09 16:42:55,830] WARNING django.server "GET /static/main/webfonts/fa-solid-900.woff2 HTTP/1.1" 404 179
[2025-06-09 16:42:55,945] WARNING django.server "GET /static/main/webfonts/fa-solid-900.ttf HTTP/1.1" 404 179
[2025-06-09 16:47:05,715] WARNING django.server "GET /static/main/webfonts/fa-solid-900.woff2 HTTP/1.1" 404 179
[2025-06-09 16:47:05,823] WARNING django.server "GET /static/main/webfonts/fa-solid-900.ttf HTTP/1.1" 404 179
[2025-06-09 16:47:08,590] WARNING django.server "GET /static/main/webfonts/fa-solid-900.woff2 HTTP/1.1" 404 179
[2025-06-09 16:47:08,824] WARNING django.server "GET /static/main/webfonts/fa-solid-900.ttf HTTP/1.1" 404 179
[2025-06-09 16:48:24,005] WARNING django.server "GET /static/main/webfonts/fa-solid-900.woff2 HTTP/1.1" 404 179
[2025-06-09 16:48:24,234] WARNING django.server "GET /static/main/webfonts/fa-solid-900.ttf HTTP/1.1" 404 179
[2025-06-09 16:50:27,813] WARNING django.server "GET /static/main/webfonts/fa-solid-900.woff2 HTTP/1.1" 404 179
[2025-06-09 16:50:27,880] WARNING django.server "GET /static/main/webfonts/fa-solid-900.ttf HTTP/1.1" 404 179
[2025-06-09 16:50:30,438] WARNING django.server "GET /static/main/webfonts/fa-solid-900.woff2 HTTP/1.1" 404 179
[2025-06-09 16:50:30,543] WARNING django.server "GET /static/main/webfonts/fa-solid-900.ttf HTTP/1.1" 404 179
[2025-06-09 16:50:35,240] WARNING django.server "GET /static/main/webfonts/fa-solid-900.woff2 HTTP/1.1" 404 179
[2025-06-09 16:50:35,265] WARNING django.server "GET /static/main/webfonts/fa-solid-900.ttf HTTP/1.1" 404 179
[2025-06-09 16:54:31,315] WARNING custom_logger PageNotAnInteger: set to page 1
[2025-06-09 16:54:31,775] WARNING django.server "GET /static/main/webfonts/fa-solid-900.woff2 HTTP/1.1" 404 179
[2025-06-09 16:54:31,893] WARNING django.server "GET /static/main/webfonts/fa-solid-900.ttf HTTP/1.1" 404 179
[2025-06-09 16:54:34,274] WARNING django.server "GET /static/main/webfonts/fa-solid-900.woff2 HTTP/1.1" 404 179
[2025-06-09 16:54:34,380] WARNING django.server "GET /static/main/webfonts/fa-solid-900.ttf HTTP/1.1" 404 179
[2025-06-09 16:54:37,606] WARNING django.server "GET /static/main/webfonts/fa-solid-900.woff2 HTTP/1.1" 404 179
[2025-06-09 16:54:37,716] WARNING django.server "GET /static/main/webfonts/fa-solid-900.ttf HTTP/1.1" 404 179
[2025-06-09 16:54:40,812] WARNING django.server "GET /static/main/webfonts/fa-solid-900.woff2 HTTP/1.1" 404 179
[2025-06-09 16:54:40,952] WARNING django.server "GET /static/main/webfonts/fa-solid-900.ttf HTTP/1.1" 404 179
[2025-06-09 16:55:48,407] WARNING django.server "GET /static/main/webfonts/fa-solid-900.woff2 HTTP/1.1" 404 179
[2025-06-09 16:55:48,535] WARNING django.server "GET /static/main/webfonts/fa-solid-900.ttf HTTP/1.1" 404 179
[2025-06-09 16:55:51,774] WARNING django.server "GET /static/main/webfonts/fa-solid-900.woff2 HTTP/1.1" 404 179
[2025-06-09 16:55:51,888] WARNING django.server "GET /static/main/webfonts/fa-solid-900.ttf HTTP/1.1" 404 179
[2025-06-09 16:58:45,325] WARNING django.server "GET /static/main/webfonts/fa-solid-900.woff2 HTTP/1.1" 404 179
[2025-06-09 16:58:45,453] WARNING django.server "GET /static/main/webfonts/fa-solid-900.ttf HTTP/1.1" 404 179
[2025-06-09 17:27:00,764] WARNING django.server "GET /static/main/webfonts/fa-solid-900.woff2 HTTP/1.1" 404 179
[2025-06-09 17:27:00,913] WARNING django.server "GET /static/main/webfonts/fa-solid-900.ttf HTTP/1.1" 404 179
[2025-06-09 17:27:14,312] WARNING django.server "GET /static/main/webfonts/fa-solid-900.woff2 HTTP/1.1" 404 179
[2025-06-09 17:27:14,421] WARNING django.server "GET /static/main/webfonts/fa-solid-900.ttf HTTP/1.1" 404 179
[2025-06-09 17:27:59,523] WARNING django.server "GET /static/main/webfonts/fa-solid-900.woff2 HTTP/1.1" 404 179
[2025-06-09 17:27:59,632] WARNING django.server "GET /static/main/webfonts/fa-solid-900.ttf HTTP/1.1" 404 179
[2025-06-09 17:28:14,453] WARNING django.server "GET /static/main/webfonts/fa-solid-900.woff2 HTTP/1.1" 404 179
[2025-06-09 17:28:14,544] WARNING django.server "GET /static/main/webfonts/fa-solid-900.ttf HTTP/1.1" 404 179
[2025-06-09 17:28:17,196] WARNING custom_logger PageNotAnInteger: set to page 1
[2025-06-09 17:28:17,553] WARNING django.server "GET /static/main/webfonts/fa-solid-900.woff2 HTTP/1.1" 404 179
[2025-06-09 17:28:17,578] WARNING django.server "GET /static/main/webfonts/fa-solid-900.ttf HTTP/1.1" 404 179
[2025-06-09 17:28:20,846] WARNING django.server "GET /static/main/webfonts/fa-solid-900.woff2 HTTP/1.1" 404 179
[2025-06-09 17:28:20,942] WARNING django.server "GET /static/main/webfonts/fa-solid-900.ttf HTTP/1.1" 404 179
[2025-06-09 17:28:26,131] WARNING custom_logger PageNotAnInteger: set to page 1
[2025-06-09 17:28:26,793] WARNING django.server "GET /static/main/webfonts/fa-solid-900.woff2 HTTP/1.1" 404 179
[2025-06-09 17:28:26,898] WARNING django.server "GET /static/main/webfonts/fa-solid-900.ttf HTTP/1.1" 404 179
[2025-06-09 17:36:20,020] WARNING django.server "GET /static/main/webfonts/fa-solid-900.woff2 HTTP/1.1" 404 179
[2025-06-09 17:36:20,116] WARNING django.server "GET /static/main/webfonts/fa-solid-900.ttf HTTP/1.1" 404 179
[2025-06-09 17:47:31,306] WARNING django.server "GET /favicon.ico HTTP/1.1" 404 179
[2025-06-09 17:47:37,531] WARNING django.server "GET /static/main/webfonts/fa-solid-900.woff2 HTTP/1.1" 404 179
[2025-06-09 17:47:37,650] WARNING django.server "GET /static/main/webfonts/fa-solid-900.ttf HTTP/1.1" 404 179
[2025-06-09 17:48:00,977] WARNING django.server "GET /static/main/webfonts/fa-solid-900.woff2 HTTP/1.1" 404 179
[2025-06-09 17:48:01,122] WARNING django.server "GET /static/main/webfonts/fa-solid-900.ttf HTTP/1.1" 404 179
[2025-06-09 17:49:53,767] WARNING django.server "GET /static/main/webfonts/fa-solid-900.woff2 HTTP/1.1" 404 179
[2025-06-09 17:49:53,888] WARNING django.server "GET /static/main/webfonts/fa-solid-900.ttf HTTP/1.1" 404 179
[2025-06-09 17:50:03,622] WARNING django.server "GET /static/main/webfonts/fa-solid-900.woff2 HTTP/1.1" 404 179
[2025-06-09 17:50:03,739] WARNING django.server "GET /static/main/webfonts/fa-solid-900.ttf HTTP/1.1" 404 179
[2025-06-09 17:50:08,077] WARNING django.server "GET /static/main/webfonts/fa-solid-900.woff2 HTTP/1.1" 404 179
[2025-06-09 17:50:08,182] WARNING django.server "GET /static/main/webfonts/fa-solid-900.ttf HTTP/1.1" 404 179
[2025-06-09 17:53:09,177] WARNING django.server "GET /static/main/webfonts/fa-solid-900.woff2 HTTP/1.1" 404 179
[2025-06-09 17:53:09,306] WARNING django.server "GET /static/main/webfonts/fa-solid-900.ttf HTTP/1.1" 404 179
[2025-06-09 17:56:15,446] WARNING django.server "GET /static/main/webfonts/fa-solid-900.woff2 HTTP/1.1" 404 179
[2025-06-09 17:56:15,557] WARNING django.server "GET /static/main/webfonts/fa-solid-900.ttf HTTP/1.1" 404 179
[2025-06-09 17:56:26,580] WARNING django.server "GET /static/main/webfonts/fa-solid-900.woff2 HTTP/1.1" 404 179
[2025-06-09 17:56:26,688] WARNING django.server "GET /static/main/webfonts/fa-solid-900.ttf HTTP/1.1" 404 179
[2025-06-09 17:56:29,445] WARNING django.server "GET /static/main/webfonts/fa-solid-900.woff2 HTTP/1.1" 404 179
[2025-06-09 17:56:29,555] WARNING django.server "GET /static/main/webfonts/fa-solid-900.ttf HTTP/1.1" 404 179
[2025-06-09 18:04:29,672] WARNING django.server "GET /static/main/webfonts/fa-solid-900.woff2 HTTP/1.1" 404 179
[2025-06-09 18:04:29,786] WARNING django.server "GET /static/main/webfonts/fa-solid-900.ttf HTTP/1.1" 404 179
[2025-06-09 18:35:36,749] WARNING django.server "GET /static/main/webfonts/fa-solid-900.woff2 HTTP/1.1" 404 179
[2025-06-09 18:35:36,883] WARNING django.server "GET /static/main/webfonts/fa-solid-900.ttf HTTP/1.1" 404 179
[2025-06-09 18:35:36,964] WARNING django.server "GET /favicon.ico HTTP/1.1" 404 179
[2025-06-09 18:35:38,670] WARNING django.server "GET /static/main/webfonts/fa-solid-900.woff2 HTTP/1.1" 404 179
[2025-06-09 18:35:38,768] WARNING django.server "GET /static/main/webfonts/fa-solid-900.ttf HTTP/1.1" 404 179
[2025-06-09 18:35:43,150] WARNING django.server "GET /static/main/webfonts/fa-solid-900.woff2 HTTP/1.1" 404 179
[2025-06-09 18:35:43,254] WARNING django.server "GET /static/main/webfonts/fa-solid-900.ttf HTTP/1.1" 404 179
[2025-06-09 18:35:51,079] WARNING django.server "GET /static/main/webfonts/fa-solid-900.woff2 HTTP/1.1" 404 179
[2025-06-09 18:35:51,184] WARNING django.server "GET /static/main/webfonts/fa-solid-900.ttf HTTP/1.1" 404 179
[2025-06-09 18:35:53,126] WARNING django.server "GET /static/main/webfonts/fa-solid-900.woff2 HTTP/1.1" 404 179
[2025-06-09 18:35:53,240] WARNING django.server "GET /static/main/webfonts/fa-solid-900.ttf HTTP/1.1" 404 179
[2025-06-09 18:36:14,247] WARNING django.server "GET /static/main/webfonts/fa-solid-900.woff2 HTTP/1.1" 404 179
[2025-06-09 18:36:14,346] WARNING django.server "GET /static/main/webfonts/fa-solid-900.ttf HTTP/1.1" 404 179
[2025-06-09 18:36:30,655] WARNING django.server "GET /static/main/webfonts/fa-solid-900.woff2 HTTP/1.1" 404 179
[2025-06-09 18:36:30,810] WARNING django.server "GET /static/main/webfonts/fa-solid-900.ttf HTTP/1.1" 404 179
[2025-06-09 18:36:59,338] WARNING django.server "GET /static/main/webfonts/fa-solid-900.woff2 HTTP/1.1" 404 179
[2025-06-09 18:36:59,445] WARNING django.server "GET /static/main/webfonts/fa-solid-900.ttf HTTP/1.1" 404 179
[2025-06-09 18:37:07,172] WARNING django.server "GET /static/main/webfonts/fa-solid-900.woff2 HTTP/1.1" 404 179
[2025-06-09 18:37:07,329] WARNING django.server "GET /static/main/webfonts/fa-solid-900.ttf HTTP/1.1" 404 179
[2025-06-09 18:38:07,030] WARNING django.server "GET /static/main/webfonts/fa-solid-900.woff2 HTTP/1.1" 404 179
[2025-06-09 18:38:07,161] WARNING django.server "GET /static/main/webfonts/fa-solid-900.ttf HTTP/1.1" 404 179
[2025-06-09 18:38:16,114] WARNING custom_logger PageNotAnInteger: set to page 1
[2025-06-09 18:38:16,396] WARNING django.server "GET /static/main/webfonts/fa-solid-900.woff2 HTTP/1.1" 404 179
[2025-06-09 18:38:16,500] WARNING django.server "GET /static/main/webfonts/fa-solid-900.ttf HTTP/1.1" 404 179
[2025-06-09 18:38:18,223] WARNING custom_logger PageNotAnInteger: set to page 1
[2025-06-09 18:38:18,611] WARNING django.server "GET /static/main/webfonts/fa-solid-900.woff2 HTTP/1.1" 404 179
[2025-06-09 18:38:18,700] WARNING django.server "GET /static/main/webfonts/fa-solid-900.ttf HTTP/1.1" 404 179
[2025-06-09 18:38:21,681] WARNING django.server "GET /static/main/webfonts/fa-solid-900.woff2 HTTP/1.1" 404 179
[2025-06-09 18:38:21,781] WARNING django.server "GET /static/main/webfonts/fa-solid-900.ttf HTTP/1.1" 404 179
[2025-06-09 18:38:24,347] WARNING django.server "GET /static/main/webfonts/fa-solid-900.woff2 HTTP/1.1" 404 179
[2025-06-09 18:38:24,429] WARNING django.server "GET /static/main/webfonts/fa-solid-900.ttf HTTP/1.1" 404 179
[2025-06-09 18:39:05,055] WARNING django.server "GET /static/main/webfonts/fa-solid-900.woff2 HTTP/1.1" 404 179
[2025-06-09 18:39:05,180] WARNING django.server "GET /static/main/webfonts/fa-solid-900.ttf HTTP/1.1" 404 179
[2025-06-09 18:48:47,882] WARNING custom_logger PageNotAnInteger: set to page 1
[2025-06-09 18:48:48,484] WARNING django.server "GET /static/main/webfonts/fa-solid-900.woff2 HTTP/1.1" 404 179
[2025-06-09 18:48:48,608] WARNING django.server "GET /static/main/webfonts/fa-solid-900.ttf HTTP/1.1" 404 179
[2025-06-09 18:49:12,242] WARNING custom_logger PageNotAnInteger: set to page 1
[2025-06-09 18:49:12,536] WARNING django.server "GET /static/main/webfonts/fa-solid-900.woff2 HTTP/1.1" 404 179
[2025-06-09 18:49:12,641] WARNING django.server "GET /static/main/webfonts/fa-solid-900.ttf HTTP/1.1" 404 179
[2025-06-09 18:49:14,675] WARNING django.server "GET /static/main/webfonts/fa-solid-900.woff2 HTTP/1.1" 404 179
[2025-06-09 18:49:14,823] WARNING django.server "GET /static/main/webfonts/fa-solid-900.ttf HTTP/1.1" 404 179
[2025-06-09 20:13:43,979] WARNING custom_logger PageNotAnInteger: set to page 1
[2025-06-09 20:13:44,569] WARNING django.server "GET /static/main/webfonts/fa-solid-900.woff2 HTTP/1.1" 404 179
[2025-06-09 20:13:44,698] WARNING django.server "GET /static/main/webfonts/fa-solid-900.ttf HTTP/1.1" 404 179
[2025-06-09 20:14:24,580] WARNING custom_logger PageNotAnInteger: set to page 1
[2025-06-09 20:14:24,878] WARNING django.server "GET /static/main/webfonts/fa-solid-900.woff2 HTTP/1.1" 404 179
[2025-06-09 20:14:24,978] WARNING django.server "GET /static/main/webfonts/fa-solid-900.ttf HTTP/1.1" 404 179
[2025-06-09 20:14:32,090] WARNING django.server "GET /static/main/webfonts/fa-solid-900.woff2 HTTP/1.1" 404 179
[2025-06-09 20:14:32,247] WARNING django.server "GET /static/main/webfonts/fa-solid-900.ttf HTTP/1.1" 404 179
[2025-06-09 20:15:46,900] WARNING custom_logger PageNotAnInteger: set to page 1
[2025-06-09 20:15:47,296] WARNING django.server "GET /static/main/webfonts/fa-solid-900.woff2 HTTP/1.1" 404 179
[2025-06-09 20:15:47,414] WARNING django.server "GET /static/main/webfonts/fa-solid-900.ttf HTTP/1.1" 404 179
[2025-06-09 21:59:44,986] WARNING django.server "GET /static/main/webfonts/fa-solid-900.woff2 HTTP/1.1" 404 179
[2025-06-09 21:59:45,103] WARNING django.server "GET /static/main/webfonts/fa-solid-900.ttf HTTP/1.1" 404 179
[2025-06-09 21:59:56,847] WARNING custom_logger PageNotAnInteger: set to page 1
[2025-06-09 21:59:57,224] WARNING django.server "GET /static/main/webfonts/fa-solid-900.woff2 HTTP/1.1" 404 179
[2025-06-09 21:59:57,339] WARNING django.server "GET /static/main/webfonts/fa-solid-900.ttf HTTP/1.1" 404 179
[2025-06-09 22:26:06,070] WARNING django.server "GET /static/main/webfonts/fa-solid-900.woff2 HTTP/1.1" 404 179
[2025-06-09 22:26:06,187] WARNING django.server "GET /static/main/webfonts/fa-solid-900.ttf HTTP/1.1" 404 179
[2025-06-09 22:26:11,000] WARNING django.server "GET /static/main/webfonts/fa-solid-900.woff2 HTTP/1.1" 404 179
[2025-06-09 22:26:11,090] WARNING django.server "GET /static/main/webfonts/fa-solid-900.ttf HTTP/1.1" 404 179
[2025-06-09 22:31:43,893] WARNING django.server "GET /static/main/webfonts/fa-solid-900.woff2 HTTP/1.1" 404 179
[2025-06-09 22:31:43,996] WARNING django.server "GET /static/main/webfonts/fa-solid-900.ttf HTTP/1.1" 404 179
[2025-06-09 22:33:16,865] WARNING django.server "GET /static/main/webfonts/fa-solid-900.woff2 HTTP/1.1" 404 179
[2025-06-09 22:33:16,974] WARNING django.server "GET /static/main/webfonts/fa-solid-900.ttf HTTP/1.1" 404 179
[2025-06-09 22:38:12,637] WARNING django.server "GET /static/main/webfonts/fa-solid-900.woff2 HTTP/1.1" 404 179
[2025-06-09 22:38:12,755] WARNING django.server "GET /static/main/webfonts/fa-solid-900.ttf HTTP/1.1" 404 179
[2025-06-09 22:38:15,212] WARNING django.server "GET /static/main/webfonts/fa-solid-900.woff2 HTTP/1.1" 404 179
[2025-06-09 22:38:15,327] WARNING django.server "GET /static/main/webfonts/fa-solid-900.ttf HTTP/1.1" 404 179
[2025-06-09 22:38:21,917] WARNING django.server "GET /static/main/webfonts/fa-solid-900.woff2 HTTP/1.1" 404 179
[2025-06-09 22:38:22,041] WARNING django.server "GET /static/main/webfonts/fa-solid-900.ttf HTTP/1.1" 404 179
[2025-06-09 22:44:55,972] WARNING django.server "GET /static/main/webfonts/fa-solid-900.woff2 HTTP/1.1" 404 179
[2025-06-09 22:44:56,077] WARNING django.server "GET /static/main/webfonts/fa-solid-900.ttf HTTP/1.1" 404 179
[2025-06-09 23:07:35,209] WARNING django.server "GET /static/main/webfonts/fa-solid-900.woff2 HTTP/1.1" 404 179
[2025-06-09 23:07:35,318] WARNING django.server "GET /static/main/webfonts/fa-solid-900.ttf HTTP/1.1" 404 179
[2025-06-10 07:06:34,088] WARNING django.server "GET /static/main/webfonts/fa-solid-900.woff2 HTTP/1.1" 404 179
[2025-06-10 07:06:34,210] WARNING django.server "GET /static/main/webfonts/fa-solid-900.ttf HTTP/1.1" 404 179
[2025-06-10 07:06:34,324] WARNING django.server "GET /favicon.ico HTTP/1.1" 404 179
[2025-06-10 07:07:33,649] WARNING django.server "GET /static/main/webfonts/fa-solid-900.woff2 HTTP/1.1" 404 179
[2025-06-10 07:07:33,783] WARNING django.server "GET /static/main/webfonts/fa-solid-900.ttf HTTP/1.1" 404 179
[2025-06-10 07:09:59,633] WARNING django.server "GET /static/main/webfonts/fa-solid-900.woff2 HTTP/1.1" 404 179
[2025-06-10 07:09:59,717] WARNING django.server "GET /static/main/webfonts/fa-solid-900.ttf HTTP/1.1" 404 179
[2025-06-10 07:10:33,570] WARNING django.server "GET /static/main/webfonts/fa-solid-900.woff2 HTTP/1.1" 404 179
[2025-06-10 07:10:33,657] WARNING django.server "GET /static/main/webfonts/fa-solid-900.ttf HTTP/1.1" 404 179
[2025-06-10 07:10:35,906] WARNING django.server "GET /static/main/webfonts/fa-solid-900.woff2 HTTP/1.1" 404 179
[2025-06-10 07:10:35,996] WARNING django.server "GET /static/main/webfonts/fa-solid-900.ttf HTTP/1.1" 404 179
[2025-06-10 07:10:39,385] WARNING django.server "GET /static/main/webfonts/fa-solid-900.woff2 HTTP/1.1" 404 179
[2025-06-10 07:10:39,474] WARNING django.server "GET /static/main/webfonts/fa-solid-900.ttf HTTP/1.1" 404 179
[2025-06-10 07:10:40,676] WARNING django.server "GET /favicon.ico HTTP/1.1" 404 179
[2025-06-10 07:10:42,849] WARNING django.server "GET /static/main/webfonts/fa-solid-900.woff2 HTTP/1.1" 404 179
[2025-06-10 07:10:42,939] WARNING django.server "GET /static/main/webfonts/fa-solid-900.ttf HTTP/1.1" 404 179
[2025-06-10 07:10:44,611] WARNING django.server "GET /static/main/webfonts/fa-solid-900.woff2 HTTP/1.1" 404 179
[2025-06-10 07:10:44,705] WARNING django.server "GET /static/main/webfonts/fa-solid-900.ttf HTTP/1.1" 404 179
[2025-06-10 07:10:47,475] WARNING django.server "GET /static/main/webfonts/fa-solid-900.woff2 HTTP/1.1" 404 179
[2025-06-10 07:10:47,571] WARNING django.server "GET /static/main/webfonts/fa-solid-900.ttf HTTP/1.1" 404 179
[2025-06-10 07:10:49,362] WARNING django.server "GET /static/main/webfonts/fa-solid-900.woff2 HTTP/1.1" 404 179
[2025-06-10 07:10:49,459] WARNING django.server "GET /static/main/webfonts/fa-solid-900.ttf HTTP/1.1" 404 179
[2025-06-10 07:10:54,188] WARNING django.server "GET /static/main/webfonts/fa-solid-900.woff2 HTTP/1.1" 404 179
[2025-06-10 07:10:54,282] WARNING django.server "GET /static/main/webfonts/fa-solid-900.ttf HTTP/1.1" 404 179
[2025-06-10 07:10:56,290] WARNING django.server "GET /static/main/webfonts/fa-solid-900.woff2 HTTP/1.1" 404 179
[2025-06-10 07:10:56,385] WARNING django.server "GET /static/main/webfonts/fa-solid-900.ttf HTTP/1.1" 404 179
[2025-06-10 07:11:18,745] WARNING django.server "GET /static/main/webfonts/fa-solid-900.woff2 HTTP/1.1" 404 179
[2025-06-10 07:11:18,836] WARNING django.server "GET /static/main/webfonts/fa-solid-900.ttf HTTP/1.1" 404 179
[2025-06-10 07:11:20,504] WARNING django.server "GET /static/main/webfonts/fa-solid-900.woff2 HTTP/1.1" 404 179
[2025-06-10 07:11:20,594] WARNING django.server "GET /static/main/webfonts/fa-solid-900.ttf HTTP/1.1" 404 179
[2025-06-10 07:11:22,720] WARNING django.server "GET /static/main/webfonts/fa-solid-900.woff2 HTTP/1.1" 404 179
[2025-06-10 07:11:22,803] WARNING django.server "GET /static/main/webfonts/fa-solid-900.ttf HTTP/1.1" 404 179
[2025-06-10 07:11:24,808] WARNING django.server "GET /static/main/webfonts/fa-solid-900.woff2 HTTP/1.1" 404 179
[2025-06-10 07:11:24,895] WARNING django.server "GET /static/main/webfonts/fa-solid-900.ttf HTTP/1.1" 404 179
[2025-06-10 07:11:27,718] WARNING django.server "GET /static/main/webfonts/fa-solid-900.woff2 HTTP/1.1" 404 179
[2025-06-10 07:11:27,819] WARNING django.server "GET /static/main/webfonts/fa-solid-900.ttf HTTP/1.1" 404 179
[2025-06-10 07:11:29,455] WARNING django.server "GET /static/main/webfonts/fa-solid-900.woff2 HTTP/1.1" 404 179
[2025-06-10 07:11:29,545] WARNING django.server "GET /static/main/webfonts/fa-solid-900.ttf HTTP/1.1" 404 179
[2025-06-10 07:11:32,561] WARNING django.server "GET /static/main/webfonts/fa-solid-900.woff2 HTTP/1.1" 404 179
[2025-06-10 07:11:32,667] WARNING django.server "GET /static/main/webfonts/fa-solid-900.ttf HTTP/1.1" 404 179
[2025-06-10 07:11:33,880] WARNING django.server "GET /static/main/webfonts/fa-solid-900.woff2 HTTP/1.1" 404 179
[2025-06-10 07:11:33,966] WARNING django.server "GET /static/main/webfonts/fa-solid-900.ttf HTTP/1.1" 404 179
[2025-06-10 07:11:36,033] WARNING django.server "GET /static/main/webfonts/fa-solid-900.woff2 HTTP/1.1" 404 179
[2025-06-10 07:11:36,130] WARNING django.server "GET /static/main/webfonts/fa-solid-900.ttf HTTP/1.1" 404 179
[2025-06-10 07:11:38,181] WARNING django.server "GET /static/main/webfonts/fa-solid-900.woff2 HTTP/1.1" 404 179
[2025-06-10 07:11:38,270] WARNING django.server "GET /static/main/webfonts/fa-solid-900.ttf HTTP/1.1" 404 179
[2025-06-10 07:11:40,787] WARNING django.server "GET /static/main/webfonts/fa-solid-900.woff2 HTTP/1.1" 404 179
[2025-06-10 07:11:40,885] WARNING django.server "GET /static/main/webfonts/fa-solid-900.ttf HTTP/1.1" 404 179
[2025-06-10 07:11:43,251] WARNING django.server "GET /static/main/webfonts/fa-solid-900.woff2 HTTP/1.1" 404 179
[2025-06-10 07:11:43,352] WARNING django.server "GET /static/main/webfonts/fa-solid-900.ttf HTTP/1.1" 404 179
[2025-06-10 07:11:47,012] WARNING django.server "GET /static/main/webfonts/fa-solid-900.woff2 HTTP/1.1" 404 179
[2025-06-10 07:11:47,098] WARNING django.server "GET /static/main/webfonts/fa-solid-900.ttf HTTP/1.1" 404 179
[2025-06-10 07:11:49,032] WARNING django.server "GET /static/main/webfonts/fa-solid-900.woff2 HTTP/1.1" 404 179
[2025-06-10 07:11:49,136] WARNING django.server "GET /static/main/webfonts/fa-solid-900.ttf HTTP/1.1" 404 179
[2025-06-10 07:11:52,942] WARNING django.server "GET /static/main/webfonts/fa-solid-900.woff2 HTTP/1.1" 404 179
[2025-06-10 07:11:53,034] WARNING django.server "GET /static/main/webfonts/fa-solid-900.ttf HTTP/1.1" 404 179
[2025-06-10 07:11:55,065] WARNING django.server "GET /static/main/webfonts/fa-solid-900.woff2 HTTP/1.1" 404 179
[2025-06-10 07:11:55,168] WARNING django.server "GET /static/main/webfonts/fa-solid-900.ttf HTTP/1.1" 404 179
[2025-06-10 07:11:59,276] WARNING django.server "GET /static/main/webfonts/fa-solid-900.woff2 HTTP/1.1" 404 179
[2025-06-10 07:11:59,380] WARNING django.server "GET /static/main/webfonts/fa-solid-900.ttf HTTP/1.1" 404 179
[2025-06-10 07:12:03,739] WARNING django.server "GET /static/main/webfonts/fa-solid-900.woff2 HTTP/1.1" 404 179
[2025-06-10 07:12:03,836] WARNING django.server "GET /static/main/webfonts/fa-solid-900.ttf HTTP/1.1" 404 179
[2025-06-10 07:12:06,074] WARNING django.server "GET /static/main/webfonts/fa-solid-900.woff2 HTTP/1.1" 404 179
[2025-06-10 07:12:06,169] WARNING django.server "GET /static/main/webfonts/fa-solid-900.ttf HTTP/1.1" 404 179
[2025-06-10 07:12:08,922] WARNING django.server "GET /static/main/webfonts/fa-solid-900.woff2 HTTP/1.1" 404 179
[2025-06-10 07:12:09,022] WARNING django.server "GET /static/main/webfonts/fa-solid-900.ttf HTTP/1.1" 404 179
[2025-06-10 07:12:10,034] WARNING django.server "GET /static/main/webfonts/fa-solid-900.woff2 HTTP/1.1" 404 179
[2025-06-10 07:12:10,120] WARNING django.server "GET /static/main/webfonts/fa-solid-900.ttf HTTP/1.1" 404 179
[2025-06-10 07:12:13,646] WARNING django.server "GET /static/main/webfonts/fa-solid-900.woff2 HTTP/1.1" 404 179
[2025-06-10 07:12:13,733] WARNING django.server "GET /static/main/webfonts/fa-solid-900.ttf HTTP/1.1" 404 179
[2025-06-10 07:12:18,645] WARNING django.server "GET /static/main/webfonts/fa-solid-900.woff2 HTTP/1.1" 404 179
[2025-06-10 07:12:18,743] WARNING django.server "GET /static/main/webfonts/fa-solid-900.ttf HTTP/1.1" 404 179
[2025-06-10 09:10:39,654] WARNING django.server "GET /favicon.ico HTTP/1.1" 404 179
[2025-06-10 09:17:50,216] WARNING django.server "GET /static/main/webfonts/fa-solid-900.woff2 HTTP/1.1" 404 179
[2025-06-10 09:17:50,540] WARNING django.server "GET /static/main/webfonts/fa-solid-900.ttf HTTP/1.1" 404 179
[2025-06-10 09:17:52,786] WARNING django.server "GET /static/main/webfonts/fa-solid-900.woff2 HTTP/1.1" 404 179
[2025-06-10 09:17:52,862] WARNING django.server "GET /static/main/webfonts/fa-solid-900.ttf HTTP/1.1" 404 179
[2025-06-10 09:18:00,770] WARNING django.server "GET /favicon.ico HTTP/1.1" 404 179
[2025-06-10 09:22:11,475] WARNING django.server "GET /static/main/webfonts/fa-solid-900.woff2 HTTP/1.1" 404 179
[2025-06-10 09:22:11,710] WARNING django.server "GET /static/main/webfonts/fa-solid-900.ttf HTTP/1.1" 404 179
[2025-06-10 09:22:18,202] WARNING django.server "GET /static/main/webfonts/fa-solid-900.woff2 HTTP/1.1" 404 179
[2025-06-10 09:22:18,451] WARNING django.server "GET /static/main/webfonts/fa-solid-900.ttf HTTP/1.1" 404 179
[2025-06-10 09:32:52,578] WARNING django.server "GET /static/main/webfonts/fa-solid-900.woff2 HTTP/1.1" 404 179
[2025-06-10 09:32:52,713] WARNING django.server "GET /static/main/webfonts/fa-solid-900.ttf HTTP/1.1" 404 179
[2025-06-10 09:32:56,751] WARNING django.server "GET /static/main/webfonts/fa-solid-900.woff2 HTTP/1.1" 404 179
[2025-06-10 09:32:56,849] WARNING django.server "GET /static/main/webfonts/fa-solid-900.ttf HTTP/1.1" 404 179
[2025-06-10 09:59:36,420] WARNING django.server "GET /static/main/webfonts/fa-solid-900.woff2 HTTP/1.1" 404 179
[2025-06-10 09:59:36,538] WARNING django.server "GET /static/main/webfonts/fa-solid-900.ttf HTTP/1.1" 404 179
[2025-06-10 09:59:40,130] WARNING django.server "GET /static/main/webfonts/fa-solid-900.woff2 HTTP/1.1" 404 179
[2025-06-10 09:59:40,228] WARNING django.server "GET /static/main/webfonts/fa-solid-900.ttf HTTP/1.1" 404 179
[2025-06-10 10:00:39,074] WARNING django.server "GET /static/main/webfonts/fa-solid-900.woff2 HTTP/1.1" 404 179
[2025-06-10 10:00:39,158] WARNING django.server "GET /static/main/webfonts/fa-solid-900.ttf HTTP/1.1" 404 179
[2025-06-10 10:01:13,374] WARNING django.server "GET /static/main/webfonts/fa-solid-900.woff2 HTTP/1.1" 404 179
[2025-06-10 10:01:13,526] WARNING django.server "GET /static/main/webfonts/fa-solid-900.ttf HTTP/1.1" 404 179
[2025-06-10 10:02:05,263] WARNING django.server "POST /get_bom_details/ HTTP/1.1" 404 38
[2025-06-10 10:02:38,720] WARNING django.server "GET /static/main/webfonts/fa-solid-900.woff2 HTTP/1.1" 404 179
[2025-06-10 10:02:38,849] WARNING django.server "GET /static/main/webfonts/fa-solid-900.ttf HTTP/1.1" 404 179
[2025-06-10 10:03:43,036] WARNING django.server "POST /get_bom_details/ HTTP/1.1" 404 38
[2025-06-10 10:05:40,475] WARNING django.server "GET /static/main/webfonts/fa-solid-900.woff2 HTTP/1.1" 404 179
[2025-06-10 10:05:40,595] WARNING django.server "GET /static/main/webfonts/fa-solid-900.ttf HTTP/1.1" 404 179
[2025-06-10 10:07:59,911] WARNING django.server "GET /static/main/webfonts/fa-solid-900.woff2 HTTP/1.1" 404 179
[2025-06-10 10:08:00,055] WARNING django.server "GET /static/main/webfonts/fa-solid-900.ttf HTTP/1.1" 404 179
[2025-06-10 10:08:03,692] WARNING django.server "GET /static/main/webfonts/fa-solid-900.woff2 HTTP/1.1" 404 179
[2025-06-10 10:08:03,812] WARNING django.server "GET /static/main/webfonts/fa-solid-900.ttf HTTP/1.1" 404 179
[2025-06-10 10:08:58,475] WARNING django.server "GET /static/main/webfonts/fa-solid-900.woff2 HTTP/1.1" 404 179
[2025-06-10 10:08:58,520] WARNING django.server "GET /static/main/webfonts/fa-solid-900.ttf HTTP/1.1" 404 179
[2025-06-10 10:09:02,263] WARNING django.server "GET /static/main/webfonts/fa-solid-900.woff2 HTTP/1.1" 404 179
[2025-06-10 10:09:02,341] WARNING django.server "GET /static/main/webfonts/fa-solid-900.ttf HTTP/1.1" 404 179
[2025-06-10 10:10:01,490] WARNING django.server "GET /static/main/webfonts/fa-solid-900.woff2 HTTP/1.1" 404 179
[2025-06-10 10:10:01,737] WARNING django.server "GET /static/main/webfonts/fa-solid-900.ttf HTTP/1.1" 404 179
[2025-06-10 10:10:36,515] WARNING django.server "GET /static/main/webfonts/fa-solid-900.woff2 HTTP/1.1" 404 179
[2025-06-10 10:10:36,559] WARNING django.server "GET /static/main/webfonts/fa-solid-900.ttf HTTP/1.1" 404 179
[2025-06-10 10:10:38,681] WARNING custom_logger PageNotAnInteger: set to page 1
[2025-06-10 10:10:38,991] WARNING django.server "GET /static/main/webfonts/fa-solid-900.woff2 HTTP/1.1" 404 179
[2025-06-10 10:10:39,059] WARNING django.server "GET /static/main/webfonts/fa-solid-900.ttf HTTP/1.1" 404 179
[2025-06-10 10:10:42,947] WARNING django.server "GET /static/main/webfonts/fa-solid-900.woff2 HTTP/1.1" 404 179
[2025-06-10 10:10:43,093] WARNING django.server "GET /static/main/webfonts/fa-solid-900.ttf HTTP/1.1" 404 179
[2025-06-10 10:12:04,671] WARNING django.server "GET /static/main/webfonts/fa-solid-900.woff2 HTTP/1.1" 404 179
[2025-06-10 10:12:04,752] WARNING django.server "GET /static/main/webfonts/fa-solid-900.ttf HTTP/1.1" 404 179
[2025-06-10 10:14:33,780] WARNING django.server "POST /get_bom_details/ HTTP/1.1" 404 38
[2025-06-10 10:15:25,968] WARNING django.server "GET /static/main/webfonts/fa-solid-900.woff2 HTTP/1.1" 404 179
[2025-06-10 10:15:26,109] WARNING django.server "GET /static/main/webfonts/fa-solid-900.ttf HTTP/1.1" 404 179
[2025-06-10 10:26:03,115] WARNING django.server "GET /static/main/webfonts/fa-solid-900.woff2 HTTP/1.1" 404 179
[2025-06-10 10:26:03,196] WARNING django.server "GET /static/main/webfonts/fa-solid-900.ttf HTTP/1.1" 404 179
[2025-06-10 10:26:27,383] WARNING django.server "GET /static/main/webfonts/fa-solid-900.woff2 HTTP/1.1" 404 179
[2025-06-10 10:26:27,473] WARNING django.server "GET /static/main/webfonts/fa-solid-900.ttf HTTP/1.1" 404 179
[2025-06-10 10:26:41,425] WARNING django.server "GET /static/main/webfonts/fa-solid-900.woff2 HTTP/1.1" 404 179
[2025-06-10 10:26:41,538] WARNING django.server "GET /static/main/webfonts/fa-solid-900.ttf HTTP/1.1" 404 179
[2025-06-10 10:26:49,574] WARNING django.server "GET /static/main/webfonts/fa-solid-900.woff2 HTTP/1.1" 404 179
[2025-06-10 10:26:49,671] WARNING django.server "GET /static/main/webfonts/fa-solid-900.ttf HTTP/1.1" 404 179
[2025-06-10 10:26:51,184] WARNING django.server "GET /static/main/webfonts/fa-solid-900.woff2 HTTP/1.1" 404 179
[2025-06-10 10:26:51,289] WARNING django.server "GET /static/main/webfonts/fa-solid-900.ttf HTTP/1.1" 404 179
[2025-06-10 10:27:04,226] WARNING django.server "GET /static/main/webfonts/fa-solid-900.woff2 HTTP/1.1" 404 179
[2025-06-10 10:27:04,315] WARNING django.server "GET /static/main/webfonts/fa-solid-900.ttf HTTP/1.1" 404 179
[2025-06-10 10:27:07,758] WARNING django.server "GET /static/main/webfonts/fa-solid-900.woff2 HTTP/1.1" 404 179
[2025-06-10 10:27:07,848] WARNING django.server "GET /static/main/webfonts/fa-solid-900.ttf HTTP/1.1" 404 179
[2025-06-10 10:27:21,269] WARNING django.server "GET /static/main/webfonts/fa-solid-900.woff2 HTTP/1.1" 404 179
[2025-06-10 10:27:21,356] WARNING django.server "GET /static/main/webfonts/fa-solid-900.ttf HTTP/1.1" 404 179
[2025-06-10 10:27:25,348] WARNING django.server "GET /static/main/webfonts/fa-solid-900.woff2 HTTP/1.1" 404 179
[2025-06-10 10:27:25,429] WARNING django.server "GET /static/main/webfonts/fa-solid-900.ttf HTTP/1.1" 404 179
[2025-06-10 10:27:30,634] WARNING django.server "GET /static/main/webfonts/fa-solid-900.woff2 HTTP/1.1" 404 179
[2025-06-10 10:27:30,720] WARNING django.server "GET /static/main/webfonts/fa-solid-900.ttf HTTP/1.1" 404 179
[2025-06-10 10:27:37,199] WARNING django.server "GET /static/main/webfonts/fa-solid-900.woff2 HTTP/1.1" 404 179
[2025-06-10 10:27:37,263] WARNING django.server "GET /static/main/webfonts/fa-solid-900.ttf HTTP/1.1" 404 179
[2025-06-10 10:29:31,083] ERROR django.server "GET /search_equipment/ HTTP/1.1" 500 145
[2025-06-10 10:29:43,910] ERROR django.server "GET /search_equipment/ HTTP/1.1" 500 145
[2025-06-10 10:29:47,589] ERROR django.server "GET /search_equipment/?term=re HTTP/1.1" 500 145
[2025-06-10 10:29:48,323] ERROR django.server "GET /search_equipment/?term=re- HTTP/1.1" 500 145
[2025-06-10 10:29:50,412] ERROR django.server "GET /search_equipment/?term= HTTP/1.1" 500 145
[2025-06-10 10:29:55,249] ERROR django.server "GET /search_equipment/ HTTP/1.1" 500 145
[2025-06-10 10:30:00,842] ERROR django.server "GET /search_equipment/ HTTP/1.1" 500 145
[2025-06-10 10:30:06,017] ERROR django.server "GET /search_equipment/?term=RE HTTP/1.1" 500 145
[2025-06-10 10:30:07,060] ERROR django.server "GET /search_equipment/?term=RE- HTTP/1.1" 500 145
[2025-06-10 10:30:08,787] ERROR django.server "GET /search_equipment/?term=RE-150 HTTP/1.1" 500 145
[2025-06-10 10:30:08,941] ERROR django.server "GET /search_equipment/?term=RE-1508 HTTP/1.1" 500 145
[2025-06-10 10:30:12,852] ERROR django.server "GET /search_equipment/?term=1508RE- HTTP/1.1" 500 145
[2025-06-10 10:30:15,451] ERROR django.server "GET /search_equipment/?term= HTTP/1.1" 500 145
[2025-06-10 10:30:20,719] ERROR django.server "GET /search_equipment/ HTTP/1.1" 500 145
[2025-06-10 10:30:23,560] ERROR django.server "GET /search_equipment/?term=re HTTP/1.1" 500 145
[2025-06-10 10:33:33,859] WARNING django.server "GET /static/main/webfonts/fa-solid-900.woff2 HTTP/1.1" 404 179
[2025-06-10 10:33:34,056] WARNING django.server "GET /static/main/webfonts/fa-solid-900.ttf HTTP/1.1" 404 179
[2025-06-10 10:33:36,723] WARNING django.server "GET /static/main/webfonts/fa-solid-900.woff2 HTTP/1.1" 404 179
[2025-06-10 10:33:36,869] WARNING django.server "GET /static/main/webfonts/fa-solid-900.ttf HTTP/1.1" 404 179
[2025-06-10 10:34:26,287] WARNING django.server "GET /static/main/webfonts/fa-solid-900.woff2 HTTP/1.1" 404 179
[2025-06-10 10:34:26,381] WARNING django.server "GET /static/main/webfonts/fa-solid-900.ttf HTTP/1.1" 404 179
[2025-06-10 10:35:03,413] WARNING django.server "GET /static/main/webfonts/fa-solid-900.woff2 HTTP/1.1" 404 179
[2025-06-10 10:35:03,521] WARNING django.server "GET /static/main/webfonts/fa-solid-900.ttf HTTP/1.1" 404 179
[2025-06-10 10:35:05,149] WARNING django.server "GET /static/main/webfonts/fa-solid-900.woff2 HTTP/1.1" 404 179
[2025-06-10 10:35:05,233] WARNING django.server "GET /static/main/webfonts/fa-solid-900.ttf HTTP/1.1" 404 179
[2025-06-10 10:35:06,984] WARNING django.server "GET /static/main/webfonts/fa-solid-900.woff2 HTTP/1.1" 404 179
[2025-06-10 10:35:07,061] WARNING django.server "GET /static/main/webfonts/fa-solid-900.ttf HTTP/1.1" 404 179
[2025-06-10 10:46:58,455] WARNING django.server "GET /static/main/webfonts/fa-solid-900.woff2 HTTP/1.1" 404 179
[2025-06-10 10:46:58,564] WARNING django.server "GET /static/main/webfonts/fa-solid-900.ttf HTTP/1.1" 404 179
[2025-06-10 10:59:40,474] WARNING django.server "GET /static/main/webfonts/fa-solid-900.woff2 HTTP/1.1" 404 179
[2025-06-10 10:59:40,610] WARNING django.server "GET /static/main/webfonts/fa-solid-900.ttf HTTP/1.1" 404 179
[2025-06-10 10:59:43,149] WARNING django.server "GET /static/main/webfonts/fa-solid-900.woff2 HTTP/1.1" 404 179
[2025-06-10 10:59:43,247] WARNING django.server "GET /static/main/webfonts/fa-solid-900.ttf HTTP/1.1" 404 179
[2025-06-10 11:06:39,786] WARNING django.server "GET /favicon.ico HTTP/1.1" 404 179
[2025-06-10 11:06:45,760] WARNING django.server "GET /static/main/webfonts/fa-solid-900.woff2 HTTP/1.1" 404 179
[2025-06-10 11:06:45,836] WARNING django.server "GET /static/main/webfonts/fa-solid-900.ttf HTTP/1.1" 404 179
[2025-06-10 11:06:47,951] WARNING django.server "GET /static/main/webfonts/fa-solid-900.woff2 HTTP/1.1" 404 179
[2025-06-10 11:06:48,020] WARNING django.server "GET /static/main/webfonts/fa-solid-900.ttf HTTP/1.1" 404 179
[2025-06-10 11:06:56,025] WARNING django.server "GET /static/main/webfonts/fa-solid-900.woff2 HTTP/1.1" 404 179
[2025-06-10 11:06:56,140] WARNING django.server "GET /static/main/webfonts/fa-solid-900.ttf HTTP/1.1" 404 179
[2025-06-10 11:06:57,337] WARNING django.server "GET /static/main/webfonts/fa-solid-900.woff2 HTTP/1.1" 404 179
[2025-06-10 11:06:57,410] WARNING django.server "GET /static/main/webfonts/fa-solid-900.ttf HTTP/1.1" 404 179
[2025-06-10 11:10:32,204] WARNING django.server "GET /static/main/webfonts/fa-solid-900.woff2 HTTP/1.1" 404 179
[2025-06-10 11:10:32,438] WARNING django.server "GET /static/main/webfonts/fa-solid-900.ttf HTTP/1.1" 404 179
[2025-06-10 11:11:41,764] WARNING django.server "GET /favicon.ico HTTP/1.1" 404 179
[2025-06-10 11:12:01,683] WARNING django.server "GET /static/main/webfonts/fa-solid-900.woff2 HTTP/1.1" 404 179
[2025-06-10 11:12:01,902] WARNING django.server "GET /favicon.ico HTTP/1.1" 404 179
[2025-06-10 11:12:01,932] WARNING django.server "GET /static/main/webfonts/fa-solid-900.ttf HTTP/1.1" 404 179
[2025-06-10 11:12:09,892] WARNING django.server "GET /static/main/webfonts/fa-solid-900.woff2 HTTP/1.1" 404 179
[2025-06-10 11:12:10,073] WARNING django.server "GET /favicon.ico HTTP/1.1" 404 179
[2025-06-10 11:12:10,130] WARNING django.server "GET /static/main/webfonts/fa-solid-900.ttf HTTP/1.1" 404 179
[2025-06-10 11:12:13,638] WARNING django.server "GET /static/main/webfonts/fa-solid-900.woff2 HTTP/1.1" 404 179
[2025-06-10 11:12:13,882] WARNING django.server "GET /static/main/webfonts/fa-solid-900.ttf HTTP/1.1" 404 179
[2025-06-10 11:12:26,253] WARNING django.server "GET /static/main/webfonts/fa-solid-900.woff2 HTTP/1.1" 404 179
[2025-06-10 11:12:26,444] WARNING django.server "GET /favicon.ico HTTP/1.1" 404 179
[2025-06-10 11:12:26,488] WARNING django.server "GET /static/main/webfonts/fa-solid-900.ttf HTTP/1.1" 404 179
[2025-06-10 11:12:42,324] WARNING django.server "GET /static/main/webfonts/fa-solid-900.woff2 HTTP/1.1" 404 179
[2025-06-10 11:12:42,558] WARNING django.server "GET /static/main/webfonts/fa-solid-900.ttf HTTP/1.1" 404 179
[2025-06-10 11:16:26,749] WARNING django.server "GET /static/main/webfonts/fa-solid-900.woff2 HTTP/1.1" 404 179
[2025-06-10 11:16:26,880] WARNING django.server "GET /static/main/webfonts/fa-solid-900.ttf HTTP/1.1" 404 179
[2025-06-10 11:16:29,750] WARNING django.server "GET /static/main/webfonts/fa-solid-900.woff2 HTTP/1.1" 404 179
[2025-06-10 11:16:29,898] WARNING django.server "GET /static/main/webfonts/fa-solid-900.ttf HTTP/1.1" 404 179
[2025-06-10 11:17:39,530] WARNING django.server "GET /static/main/webfonts/fa-solid-900.woff2 HTTP/1.1" 404 179
[2025-06-10 11:17:39,776] WARNING django.server "GET /static/main/webfonts/fa-solid-900.ttf HTTP/1.1" 404 179
[2025-06-10 11:17:59,634] WARNING django.server "GET /static/main/webfonts/fa-solid-900.woff2 HTTP/1.1" 404 179
[2025-06-10 11:17:59,762] WARNING django.server "GET /static/main/webfonts/fa-solid-900.ttf HTTP/1.1" 404 179
[2025-06-10 11:18:50,971] WARNING django.server "GET /static/main/webfonts/fa-solid-900.woff2 HTTP/1.1" 404 179
[2025-06-10 11:18:51,212] WARNING django.server "GET /static/main/webfonts/fa-solid-900.ttf HTTP/1.1" 404 179
[2025-06-10 11:19:23,421] WARNING django.server "GET /static/main/webfonts/fa-solid-900.woff2 HTTP/1.1" 404 179
[2025-06-10 11:19:23,524] WARNING django.server "GET /static/main/webfonts/fa-solid-900.ttf HTTP/1.1" 404 179
[2025-06-10 11:19:50,157] WARNING django.server "GET /static/main/webfonts/fa-solid-900.woff2 HTTP/1.1" 404 179
[2025-06-10 11:19:50,388] WARNING django.server "GET /static/main/webfonts/fa-solid-900.ttf HTTP/1.1" 404 179
[2025-06-10 11:20:32,770] WARNING django.server "GET /static/main/webfonts/fa-solid-900.woff2 HTTP/1.1" 404 179
[2025-06-10 11:20:32,889] WARNING django.server "GET /static/main/webfonts/fa-solid-900.ttf HTTP/1.1" 404 179
[2025-06-10 11:27:10,131] WARNING django.server "GET /static/main/webfonts/fa-solid-900.woff2 HTTP/1.1" 404 179
[2025-06-10 11:27:10,250] WARNING django.server "GET /static/main/webfonts/fa-solid-900.ttf HTTP/1.1" 404 179
[2025-06-10 11:29:11,027] WARNING django.server "GET /static/main/webfonts/fa-solid-900.woff2 HTTP/1.1" 404 179
[2025-06-10 11:29:11,204] WARNING django.server "GET /static/main/webfonts/fa-solid-900.ttf HTTP/1.1" 404 179
[2025-06-10 11:30:44,959] WARNING django.server "POST /get_bom_details/ HTTP/1.1" 404 38
