INFO: Watching for file changes with StatReloader
INFO: "GET /indexpage/ HTTP/1.1" 200 23893
WARNING: "GET /static/main/webfonts/fa-solid-900.woff2 HTTP/1.1" 404 1857
WARNING: "GET /static/main/webfonts/fa-solid-900.ttf HTTP/1.1" 404 1851
INFO: "GET /vehicle_list/?reporting_date=&name_of_supplier=&material=&name_of_transporter=&status=Pending HTTP/1.1" 200 21623
WARNING: "GET /static/main/webfonts/fa-solid-900.woff2 HTTP/1.1" 404 1857
WARNING: "GET /static/main/webfonts/fa-solid-900.ttf HTTP/1.1" 404 1851
INFO: L:\oneSource_Live\oneSource\main\views.py changed, reloading.
INFO: Watching for file changes with StatReloader
INFO: "GET /vehicle_list/?reporting_date=&name_of_supplier=&material=&name_of_transporter=&status=Pending HTTP/1.1" 200 21623
WARNING: "GET /static/main/webfonts/fa-solid-900.woff2 HTTP/1.1" 404 1857
WARNING: "GET /static/main/webfonts/fa-solid-900.ttf HTTP/1.1" 404 1851
INFO: User 'vikas' accessed index page.
INFO: "GET /indexpage/ HTTP/1.1" 200 23893
WARNING: "GET /static/main/webfonts/fa-solid-900.woff2 HTTP/1.1" 404 1857
WARNING: "GET /static/main/webfonts/fa-solid-900.ttf HTTP/1.1" 404 1851
INFO: L:\oneSource_Live\oneSource\STORE\views.py changed, reloading.
INFO: Watching for file changes with StatReloader
INFO: Vehicle list viewed by taufik.s with filters: {'reporting_date': '', 'name_of_supplier': '', 'material': '', 'name_of_transporter': '', 'status': 'Pending'}
INFO: "GET /vehicle_list/?reporting_date=&name_of_supplier=&material=&name_of_transporter=&status=Pending HTTP/1.1" 200 21623
WARNING: "GET /static/main/webfonts/fa-solid-900.woff2 HTTP/1.1" 404 1857
WARNING: "GET /static/main/webfonts/fa-solid-900.ttf HTTP/1.1" 404 1851
INFO: User 'vikas' accessed index page.
INFO: "GET /indexpage/ HTTP/1.1" 200 23893
WARNING: "GET /static/main/webfonts/fa-solid-900.woff2 HTTP/1.1" 404 1857
WARNING: "GET /static/main/webfonts/fa-solid-900.ttf HTTP/1.1" 404 1851
INFO: User 'ocadmin' tried to access login page but is already authenticated.
INFO: "GET / HTTP/1.1" 302 0
INFO: User 'ocadmin' accessed index page.
INFO: "GET /indexpage/ HTTP/1.1" 200 23895
WARNING: "GET /static/main/webfonts/fa-solid-900.woff2 HTTP/1.1" 404 1857
WARNING: "GET /static/main/webfonts/fa-solid-900.ttf HTTP/1.1" 404 1851
INFO: User 'ocadmin' tried to access login page but is already authenticated.
INFO: "GET / HTTP/1.1" 302 0
INFO: User 'ocadmin' accessed index page.
INFO: "GET /indexpage/ HTTP/1.1" 200 23895
WARNING: "GET /static/main/webfonts/fa-solid-900.woff2 HTTP/1.1" 404 1857
WARNING: "GET /static/main/webfonts/fa-solid-900.ttf HTTP/1.1" 404 1851
INFO: "GET /attendance/summary/ HTTP/1.1" 200 26443
WARNING: "GET /static/main/webfonts/fa-solid-900.woff2 HTTP/1.1" 404 1857
WARNING: "GET /static/main/webfonts/fa-solid-900.ttf HTTP/1.1" 404 1851
INFO: "GET /attendance/summary/?start_date=2025-04-13&end_date=2025-04-16&company=&branch=&department=&shift_code= HTTP/1.1" 200 30518
WARNING: "GET /static/main/webfonts/fa-solid-900.woff2 HTTP/1.1" 404 1857
WARNING: "GET /static/main/webfonts/fa-solid-900.ttf HTTP/1.1" 404 1851
INFO: "GET /attendance/summary/APL%20%7C%20APL/?start_date=2025-04-13&end_date=2025-04-16&company=&branch=&department=&shift_code= HTTP/1.1" 200 62646
WARNING: "GET /static/main/webfonts/fa-solid-900.woff2 HTTP/1.1" 404 1857
WARNING: "GET /static/main/webfonts/fa-solid-900.ttf HTTP/1.1" 404 1851
INFO: User 'ocadmin' accessed index page.
INFO: "GET /indexpage/ HTTP/1.1" 200 23895
WARNING: "GET /static/main/webfonts/fa-solid-900.woff2 HTTP/1.1" 404 1857
WARNING: "GET /static/main/webfonts/fa-solid-900.ttf HTTP/1.1" 404 1851
INFO: User 'taufik.s' logged out.
INFO: "GET /userlogout/ HTTP/1.1" 302 0
INFO: "GET / HTTP/1.1" 200 5849
INFO: "GET /static/main/images/OC_white_logo.png HTTP/1.1" 304 0
WARNING: Invalid login form submitted.
INFO: "POST / HTTP/1.1" 200 5912
INFO: User 'sudarshan.j' logged in successfully.
INFO: "POST / HTTP/1.1" 302 0
INFO: User 'sudarshan.j' accessed index page.
INFO: "GET /indexpage/ HTTP/1.1" 200 9266
WARNING: "GET /static/main/webfonts/fa-solid-900.woff2 HTTP/1.1" 404 1857
WARNING: "GET /static/main/webfonts/fa-solid-900.ttf HTTP/1.1" 404 1851
INFO: Vehicle list viewed by sudarshan.j with filters: {'reporting_date': '', 'name_of_supplier': '', 'material': '', 'name_of_transporter': '', 'status': ''}
INFO: "GET /vehicle_list/ HTTP/1.1" 200 26099
WARNING: "GET /static/main/webfonts/fa-solid-900.woff2 HTTP/1.1" 404 1857
WARNING: "GET /static/main/webfonts/fa-solid-900.ttf HTTP/1.1" 404 1851
INFO: "GET /add_vehicle/ HTTP/1.1" 200 14309
WARNING: "GET /static/main/webfonts/fa-solid-900.woff2 HTTP/1.1" 404 1857
WARNING: "GET /static/main/webfonts/fa-solid-900.ttf HTTP/1.1" 404 1851
INFO: Found 1376 suppliers for search ''
INFO: "GET /search_supplier/ HTTP/1.1" 200 112196
INFO: Found 1376 suppliers for search ''
INFO: "GET /search_supplier/?term= HTTP/1.1" 200 112196
INFO: Found 0 suppliers for search 'J.V.CHEM (INDIA)'
INFO: "GET /search_supplier/?term=J.V.CHEM%20(INDIA) HTTP/1.1" 200 2
INFO: Found 0 suppliers for search 'J.V.CHEM '
INFO: "GET /search_supplier/?term=J.V.CHEM%20 HTTP/1.1" 200 2
INFO: Found 0 suppliers for search 'J.V.CHEM'
INFO: "GET /search_supplier/?term=J.V.CHEM HTTP/1.1" 200 2
INFO: Found 151 suppliers for search 'J'
INFO: "GET /search_supplier/?term=J HTTP/1.1" 200 12586
INFO: Found 25 suppliers for search 'J '
INFO: "GET /search_supplier/?term=J%20 HTTP/1.1" 200 1970
INFO: Found 1 suppliers for search 'J v'
INFO: "GET /search_supplier/?term=J%20v HTTP/1.1" 200 62
INFO: Found 7898 items for search ''
INFO: "GET /search_item/ HTTP/1.1" 200 876560
INFO: Found 9 items for search 'methano'
INFO: "GET /search_item/?term=methano HTTP/1.1" 200 720
INFO: Found 7898 items for search ''
INFO: "GET /search_item/?term= HTTP/1.1" 200 876560
INFO: Found 9 items for search 'methanol'
INFO: "GET /search_item/?term=methanol HTTP/1.1" 200 720
INFO: Found 7898 items for search ''
INFO: "GET /search_item/ HTTP/1.1" 200 876560
INFO: Found 14 items for search 'methan'
INFO: "GET /search_item/?term=methan HTTP/1.1" 200 1084
INFO: Found 14 items for search 'metha'
INFO: "GET /search_item/?term=metha HTTP/1.1" 200 1084
INFO: Found 5720 items for search 'm'
INFO: "GET /search_item/?term=m HTTP/1.1" 200 717380
INFO: Found 9 items for search 'methano'
INFO: "GET /search_item/?term=methano HTTP/1.1" 200 720
INFO: Found 9 items for search 'methanol'
INFO: "GET /search_item/?term=methanol HTTP/1.1" 200 720
INFO: Found 14 items for search 'metha'
INFO: "GET /search_item/?term=metha HTTP/1.1" 200 1084
INFO: Found 14 items for search 'methan'
INFO: "GET /search_item/?term=methan HTTP/1.1" 200 1084
INFO: Found 106 items for search 'meth'
INFO: "GET /search_item/?term=meth HTTP/1.1" 200 8972
INFO: Found 106 items for search 'meth'
INFO: "GET /search_item/?term=meth HTTP/1.1" 200 8972
INFO: Found 332 items for search 'met'
INFO: "GET /search_item/?term=met HTTP/1.1" 200 37024
INFO: Vehicle added by user: sudarshan.j
INFO: "POST /add_vehicle/ HTTP/1.1" 302 0
INFO: "GET /add_vehicle/ HTTP/1.1" 200 14894
WARNING: "GET /static/main/webfonts/fa-solid-900.woff2 HTTP/1.1" 404 1857
WARNING: "GET /static/main/webfonts/fa-solid-900.ttf HTTP/1.1" 404 1851
INFO: Vehicle list viewed by sudarshan.j with filters: {'reporting_date': '', 'name_of_supplier': '', 'material': '', 'name_of_transporter': '', 'status': ''}
INFO: "GET /vehicle_list/ HTTP/1.1" 200 26087
WARNING: "GET /static/main/webfonts/fa-solid-900.woff2 HTTP/1.1" 404 1857
WARNING: "GET /static/main/webfonts/fa-solid-900.ttf HTTP/1.1" 404 1851
INFO: "GET /add_vehicle/ HTTP/1.1" 200 14309
WARNING: "GET /static/main/webfonts/fa-solid-900.woff2 HTTP/1.1" 404 1857
WARNING: "GET /static/main/webfonts/fa-solid-900.ttf HTTP/1.1" 404 1851
INFO: Found 1376 suppliers for search ''
INFO: "GET /search_supplier/ HTTP/1.1" 200 112196
INFO: Found 11 suppliers for search 'maha'
INFO: "GET /search_supplier/?term=maha HTTP/1.1" 200 1006
INFO: Found 1 suppliers for search 'mahad'
INFO: "GET /search_supplier/?term=mahad HTTP/1.1" 200 80
INFO: Found 1 suppliers for search 'mahade'
INFO: "GET /search_supplier/?term=mahade HTTP/1.1" 200 80
INFO: Found 1 suppliers for search 'mahadev'
INFO: "GET /search_supplier/?term=mahadev HTTP/1.1" 200 80
INFO: Found 7898 items for search ''
INFO: "GET /search_item/ HTTP/1.1" 200 876560
INFO: Found 1 items for search 'cat-b'
INFO: "GET /search_item/?term=cat-b HTTP/1.1" 200 42
INFO: Found 10 items for search 'cat-'
INFO: "GET /search_item/?term=cat- HTTP/1.1" 200 406
INFO: Vehicle added by user: sudarshan.j
INFO: "POST /add_vehicle/ HTTP/1.1" 302 0
INFO: "GET /add_vehicle/ HTTP/1.1" 200 14894
WARNING: "GET /static/main/webfonts/fa-solid-900.woff2 HTTP/1.1" 404 1857
WARNING: "GET /static/main/webfonts/fa-solid-900.ttf HTTP/1.1" 404 1851
INFO: User 'sudarshan.j' tried to access login page but is already authenticated.
INFO: "GET / HTTP/1.1" 302 0
INFO: User 'sudarshan.j' accessed index page.
INFO: "GET /indexpage/ HTTP/1.1" 200 8857
WARNING: "GET /static/main/webfonts/fa-solid-900.woff2 HTTP/1.1" 404 1857
WARNING: "GET /static/main/webfonts/fa-solid-900.ttf HTTP/1.1" 404 1851
INFO: Vehicle list viewed by sudarshan.j with filters: {'reporting_date': '', 'name_of_supplier': '', 'material': '', 'name_of_transporter': '', 'status': ''}
INFO: "GET /vehicle_list/ HTTP/1.1" 200 26078
WARNING: "GET /static/main/webfonts/fa-solid-900.woff2 HTTP/1.1" 404 1857
WARNING: "GET /static/main/webfonts/fa-solid-900.ttf HTTP/1.1" 404 1851
INFO: User 'sudarshan.j' logged out.
INFO: "GET /userlogout/ HTTP/1.1" 302 0
INFO: "GET / HTTP/1.1" 200 5849
INFO: Found 122 items for search 'cat'
INFO: "GET /search_item/?term=cat HTTP/1.1" 200 17378
INFO: Found 838 items for search 'me'
INFO: "GET /search_item/?term=me HTTP/1.1" 200 111558
INFO: Found 838 items for search 'me'
INFO: "GET /search_item/?term=me HTTP/1.1" 200 111558
INFO: L:\oneSource_Live\oneSource\HR\models.py changed, reloading.
INFO: Watching for file changes with StatReloader
INFO: "GET / HTTP/1.1" 200 5406
INFO: User 'vikas' accessed index page.
INFO: "GET /indexpage/ HTTP/1.1" 200 23893
WARNING: "GET /static/main/webfonts/fa-solid-900.woff2 HTTP/1.1" 404 1857
WARNING: "GET /static/main/webfonts/fa-solid-900.ttf HTTP/1.1" 404 1851
INFO: "GET / HTTP/1.1" 200 5406
INFO: User 'taufik.s' logged in successfully.
INFO: "POST / HTTP/1.1" 302 0
INFO: User 'taufik.s' logged in successfully.
INFO: "POST / HTTP/1.1" 302 0
INFO: User 'taufik.s' accessed index page.
INFO: "GET /indexpage/ HTTP/1.1" 200 9263
WARNING: "GET /static/main/webfonts/fa-solid-900.woff2 HTTP/1.1" 404 1857
WARNING: "GET /static/main/webfonts/fa-solid-900.ttf HTTP/1.1" 404 1851
INFO: Vehicle list viewed by taufik.s with filters: {'reporting_date': '', 'name_of_supplier': '', 'material': '', 'name_of_transporter': '', 'status': ''}
INFO: "GET /vehicle_list/ HTTP/1.1" 200 26075
WARNING: "GET /static/main/webfonts/fa-solid-900.woff2 HTTP/1.1" 404 1857
WARNING: "GET /static/main/webfonts/fa-solid-900.ttf HTTP/1.1" 404 1851
INFO: "GET /vehicle/edit/2742/ HTTP/1.1" 200 14433
WARNING: "GET /static/main/webfonts/fa-solid-900.woff2 HTTP/1.1" 404 1857
WARNING: "GET /static/main/webfonts/fa-solid-900.ttf HTTP/1.1" 404 1851
INFO: Vehicle ID 2742 edited by taufik.s
INFO: "POST /vehicle/edit/2742/ HTTP/1.1" 302 0
INFO: Vehicle list viewed by taufik.s with filters: {'reporting_date': '', 'name_of_supplier': '', 'material': '', 'name_of_transporter': '', 'status': ''}
INFO: "GET /vehicle_list/ HTTP/1.1" 200 26658
WARNING: "GET /static/main/webfonts/fa-solid-900.woff2 HTTP/1.1" 404 1857
WARNING: "GET /static/main/webfonts/fa-solid-900.ttf HTTP/1.1" 404 1851
INFO: Vehicle list viewed by taufik.s with filters: {'reporting_date': '', 'name_of_supplier': '', 'material': '', 'name_of_transporter': '', 'status': 'Pending'}
INFO: "GET /vehicle_list/?reporting_date=&name_of_supplier=&material=&name_of_transporter=&status=Pending HTTP/1.1" 200 23001
WARNING: "GET /static/main/webfonts/fa-solid-900.woff2 HTTP/1.1" 404 1857
WARNING: "GET /static/main/webfonts/fa-solid-900.ttf HTTP/1.1" 404 1851
INFO: "GET /vehicle/edit/2741/ HTTP/1.1" 200 14456
WARNING: "GET /static/main/webfonts/fa-solid-900.woff2 HTTP/1.1" 404 1857
WARNING: "GET /static/main/webfonts/fa-solid-900.ttf HTTP/1.1" 404 1851
INFO: Vehicle ID 2741 edited by taufik.s
INFO: "POST /vehicle/edit/2741/ HTTP/1.1" 302 0
INFO: Vehicle list viewed by taufik.s with filters: {'reporting_date': '', 'name_of_supplier': '', 'material': '', 'name_of_transporter': '', 'status': ''}
INFO: "GET /vehicle_list/ HTTP/1.1" 200 26669
WARNING: "GET /static/main/webfonts/fa-solid-900.woff2 HTTP/1.1" 404 1857
WARNING: "GET /static/main/webfonts/fa-solid-900.ttf HTTP/1.1" 404 1851
INFO: Vehicle list viewed by taufik.s with filters: {'reporting_date': '', 'name_of_supplier': '', 'material': '', 'name_of_transporter': '', 'status': ''}
INFO: "GET /vehicle_list/?reporting_date=&name_of_supplier=&material=&name_of_transporter=&status= HTTP/1.1" 200 26097
WARNING: "GET /static/main/webfonts/fa-solid-900.woff2 HTTP/1.1" 404 1857
WARNING: "GET /static/main/webfonts/fa-solid-900.ttf HTTP/1.1" 404 1851
INFO: Vehicle list viewed by taufik.s with filters: {'reporting_date': '', 'name_of_supplier': '', 'material': '', 'name_of_transporter': '', 'status': 'Pending'}
INFO: "GET /vehicle_list/?reporting_date=&name_of_supplier=&material=&name_of_transporter=&status=Pending HTTP/1.1" 200 21595
WARNING: "GET /static/main/webfonts/fa-solid-900.woff2 HTTP/1.1" 404 1857
WARNING: "GET /static/main/webfonts/fa-solid-900.ttf HTTP/1.1" 404 1851
INFO: Vehicle list viewed by taufik.s with filters: {'reporting_date': '', 'name_of_supplier': '', 'material': '', 'name_of_transporter': '', 'status': 'Unloaded'}
INFO: "GET /vehicle_list/?reporting_date=&name_of_supplier=&material=&name_of_transporter=&status=Unloaded HTTP/1.1" 200 26155
WARNING: "GET /static/main/webfonts/fa-solid-900.woff2 HTTP/1.1" 404 1857
WARNING: "GET /static/main/webfonts/fa-solid-900.ttf HTTP/1.1" 404 1851
INFO: Vehicle list viewed by taufik.s with filters: {'reporting_date': '', 'name_of_supplier': '', 'material': '', 'name_of_transporter': '', 'status': 'Pending'}
INFO: "GET /vehicle_list/?reporting_date=&name_of_supplier=&material=&name_of_transporter=&status=Pending HTTP/1.1" 200 21595
WARNING: "GET /static/main/webfonts/fa-solid-900.woff2 HTTP/1.1" 404 1857
WARNING: "GET /static/main/webfonts/fa-solid-900.ttf HTTP/1.1" 404 1851
INFO: User 'taufik.s' logged out.
INFO: "GET /userlogout/ HTTP/1.1" 302 0
INFO: "GET / HTTP/1.1" 200 5849
