INFO: Watching for file changes with StatReloader
INFO: L:\oneSource_Live\oneSource\oneSource\urls.py changed, reloading.
INFO: Watching for file changes with StatReloader
INFO: L:\oneSource_Live\oneSource\oneSource\urls.py changed, reloading.
INFO: Watching for file changes with StatReloader
INFO: User 'ocadmin' tried to access login page but is already authenticated.
INFO: "GET / HTTP/1.1" 302 0
INFO: User 'ocadmin' accessed index page.
INFO: "GET /indexpage/ HTTP/1.1" 200 23209
INFO: "GET /static/main/css/fontawesome.css HTTP/1.1" 304 0
INFO: "GET /static/main/css/main.css HTTP/1.1" 304 0
INFO: "GET /static/main/images/OC.png HTTP/1.1" 304 0
INFO: "GET /static/main/images/HRModule.png HTTP/1.1" 304 0
INFO: "GET /static/main/css/navbar.css HTTP/1.1" 304 0
INFO: "GET /static/main/images/ProductionModule.png HTTP/1.1" 304 0
INFO: "GET /static/main/images/EHSModule.png HTTP/1.1" 304 0
INFO: "GET /static/main/js/fontawesome.js HTTP/1.1" 304 0
INFO: "GET /static/main/images/WarehouseModule.png HTTP/1.1" 304 0
INFO: "GET /static/main/js/navbar.js HTTP/1.1" 304 0
INFO: "GET /static/main/images/ETP%20Logo.png HTTP/1.1" 304 0
WARNING: "GET /static/main/images/UtilityModule.png HTTP/1.1" 404 179
WARNING: "GET /static/main/webfonts/fa-solid-900.woff2 HTTP/1.1" 404 179
WARNING: "GET /static/main/webfonts/fa-solid-900.ttf HTTP/1.1" 404 179
INFO: "GET /utility/records/ HTTP/1.1" 200 16712
WARNING: "GET /static/main/webfonts/fa-solid-900.woff2 HTTP/1.1" 404 179
WARNING: "GET /static/main/webfonts/fa-solid-900.ttf HTTP/1.1" 404 179
INFO: "GET /utility/consumption/ HTTP/1.1" 200 6666
WARNING: "GET /static/main/webfonts/fa-solid-900.woff2 HTTP/1.1" 404 179
WARNING: "GET /static/main/webfonts/fa-solid-900.ttf HTTP/1.1" 404 179
INFO: "GET /utility/records/ HTTP/1.1" 200 16712
WARNING: "GET /static/main/webfonts/fa-solid-900.woff2 HTTP/1.1" 404 179
WARNING: "GET /static/main/webfonts/fa-solid-900.ttf HTTP/1.1" 404 179
INFO: User 'ocadmin' accessed index page.
INFO: "GET /indexpage/ HTTP/1.1" 200 23209
WARNING: "GET /static/main/images/UtilityModule.png HTTP/1.1" 404 179
WARNING: "GET /static/main/webfonts/fa-solid-900.woff2 HTTP/1.1" 404 179
WARNING: "GET /static/main/webfonts/fa-solid-900.ttf HTTP/1.1" 404 179
INFO: User 'ocadmin' accessed index page.
INFO: "GET /indexpage/ HTTP/1.1" 200 23209
WARNING: "GET /static/main/images/UtilityModule.png HTTP/1.1" 404 179
WARNING: "GET /static/main/webfonts/fa-solid-900.woff2 HTTP/1.1" 404 179
WARNING: "GET /static/main/webfonts/fa-solid-900.ttf HTTP/1.1" 404 179
INFO: Watching for file changes with StatReloader
INFO: "GET /utility/records/ HTTP/1.1" 200 16712
INFO: "GET /static/main/css/fontawesome.css HTTP/1.1" 304 0
INFO: "GET /static/main/css/main.css HTTP/1.1" 304 0
INFO: "GET /static/main/js/fontawesome.js HTTP/1.1" 304 0
INFO: "GET /static/main/images/OC.png HTTP/1.1" 304 0
INFO: "GET /static/main/js/navbar.js HTTP/1.1" 304 0
INFO: "GET /static/main/css/navbar.css HTTP/1.1" 304 0
WARNING: "GET /static/main/webfonts/fa-solid-900.woff2 HTTP/1.1" 404 179
WARNING: "GET /static/main/webfonts/fa-solid-900.ttf HTTP/1.1" 404 179
INFO: Vehicle list viewed by sudarshan.j with filters: {'reporting_date': '', 'name_of_supplier': '', 'material': '', 'name_of_transporter': '', 'status': ''}
INFO: "GET /vehicle_list/?reporting_date=&name_of_supplier=&material=&name_of_transporter=&status= HTTP/1.1" 200 26780
INFO: "GET /static/main/css/fontawesome.css HTTP/1.1" 304 0
INFO: "GET /static/main/css/main.css HTTP/1.1" 304 0
INFO: "GET /static/main/css/navbar.css HTTP/1.1" 304 0
INFO: "GET /static/main/js/fontawesome.js HTTP/1.1" 304 0
INFO: "GET /static/main/images/OC.png HTTP/1.1" 304 0
INFO: "GET /static/main/js/navbar.js HTTP/1.1" 304 0
WARNING: "GET /static/main/webfonts/fa-solid-900.woff2 HTTP/1.1" 404 179
WARNING: "GET /static/main/webfonts/fa-solid-900.ttf HTTP/1.1" 404 179
INFO: User 'ocadmin' accessed index page.
INFO: "GET /indexpage/ HTTP/1.1" 200 23209
INFO: "GET /static/main/css/fontawesome.css HTTP/1.1" 304 0
INFO: "GET /static/main/images/HRModule.png HTTP/1.1" 304 0
INFO: "GET /static/main/images/OC.png HTTP/1.1" 304 0
INFO: "GET /static/main/css/navbar.css HTTP/1.1" 304 0
INFO: "GET /static/main/css/main.css HTTP/1.1" 304 0
INFO: "GET /static/main/images/EHSModule.png HTTP/1.1" 304 0
INFO: "GET /static/main/images/ProductionModule.png HTTP/1.1" 304 0
INFO: "GET /static/main/js/fontawesome.js HTTP/1.1" 304 0
INFO: "GET /static/main/images/WarehouseModule.png HTTP/1.1" 304 0
INFO: "GET /static/main/images/ETP%20Logo.png HTTP/1.1" 304 0
INFO: "GET /static/main/images/UtilityModule.png HTTP/1.1" 200 34526
INFO: "GET /static/main/js/navbar.js HTTP/1.1" 304 0
WARNING: "GET /static/main/webfonts/fa-solid-900.woff2 HTTP/1.1" 404 179
WARNING: "GET /static/main/webfonts/fa-solid-900.ttf HTTP/1.1" 404 179
INFO: "GET /view_downtime/ HTTP/1.1" 200 52014
WARNING: "GET /static/main/webfonts/fa-solid-900.woff2 HTTP/1.1" 404 179
WARNING: "GET /static/main/webfonts/fa-solid-900.ttf HTTP/1.1" 404 179
INFO: User 'ocadmin' accessed index page.
INFO: "GET /indexpage/ HTTP/1.1" 200 23209
WARNING: "GET /static/main/webfonts/fa-solid-900.woff2 HTTP/1.1" 404 179
WARNING: "GET /static/main/webfonts/fa-solid-900.ttf HTTP/1.1" 404 179
INFO: User 'sudarshan.j' logged out.
INFO: "GET /userlogout/ HTTP/1.1" 302 0
INFO: "GET / HTTP/1.1" 200 5659
INFO: "GET /static/main/images/OC_white_logo.png HTTP/1.1" 304 0
INFO: User 'ocadmin' tried to access login page but is already authenticated.
INFO: "GET / HTTP/1.1" 302 0
INFO: User 'ocadmin' accessed index page.
INFO: "GET /indexpage/ HTTP/1.1" 200 23379
INFO: "GET /static/main/css/fontawesome.css HTTP/1.1" 304 0
INFO: "GET /static/main/css/navbar.css HTTP/1.1" 304 0
INFO: "GET /static/main/css/main.css HTTP/1.1" 304 0
INFO: "GET /static/main/images/HRModule.png HTTP/1.1" 304 0
INFO: "GET /static/main/images/OC.png HTTP/1.1" 304 0
INFO: "GET /static/main/images/EHSModule.png HTTP/1.1" 304 0
INFO: "GET /static/main/images/ProductionModule.png HTTP/1.1" 304 0
INFO: "GET /static/main/images/WarehouseModule.png HTTP/1.1" 304 0
INFO: "GET /static/main/js/fontawesome.js HTTP/1.1" 304 0
INFO: "GET /static/main/js/navbar.js HTTP/1.1" 304 0
INFO: "GET /static/main/images/ETP%20Logo.png HTTP/1.1" 304 0
INFO: "GET /static/main/images/UtilityModule.png HTTP/1.1" 304 0
WARNING: "GET /static/main/webfonts/fa-solid-900.woff2 HTTP/1.1" 404 179
WARNING: "GET /static/main/webfonts/fa-solid-900.ttf HTTP/1.1" 404 179
INFO: "GET /admin/ HTTP/1.1" 200 19080
INFO: "GET /static/admin/css/base.css HTTP/1.1" 304 0
INFO: "GET /static/admin/css/nav_sidebar.css HTTP/1.1" 304 0
INFO: "GET /static/admin/css/responsive.css HTTP/1.1" 304 0
INFO: "GET /static/admin/css/dashboard.css HTTP/1.1" 304 0
INFO: "GET /static/admin/css/dark_mode.css HTTP/1.1" 304 0
INFO: "GET /static/admin/js/nav_sidebar.js HTTP/1.1" 304 0
INFO: "GET /static/admin/js/theme.js HTTP/1.1" 304 0
INFO: "GET /static/admin/img/icon-changelink.svg HTTP/1.1" 304 0
INFO: "GET /static/admin/img/icon-addlink.svg HTTP/1.1" 304 0
INFO: "GET /static/admin/img/icon-deletelink.svg HTTP/1.1" 304 0
INFO: "GET /admin/auth/user/ HTTP/1.1" 200 34104
INFO: "GET /static/admin/css/changelists.css HTTP/1.1" 304 0
INFO: "GET /static/admin/js/vendor/jquery/jquery.min.js HTTP/1.1" 304 0
INFO: "GET /static/admin/js/core.js HTTP/1.1" 304 0
INFO: "GET /static/admin/js/admin/RelatedObjectLookups.js HTTP/1.1" 304 0
INFO: "GET /static/admin/js/jquery.init.js HTTP/1.1" 304 0
INFO: "GET /static/admin/js/actions.js HTTP/1.1" 304 0
INFO: "GET /static/admin/js/vendor/xregexp/xregexp.min.js HTTP/1.1" 304 0
INFO: "GET /static/admin/js/prepopulate.js HTTP/1.1" 304 0
INFO: "GET /static/admin/js/urlify.js HTTP/1.1" 304 0
INFO: "GET /static/admin/img/search.svg HTTP/1.1" 304 0
INFO: "GET /static/admin/img/icon-yes.svg HTTP/1.1" 304 0
INFO: "GET /static/admin/img/icon-no.svg HTTP/1.1" 304 0
INFO: "GET /admin/jsi18n/ HTTP/1.1" 200 3342
INFO: "GET /static/admin/js/filters.js HTTP/1.1" 304 0
INFO: "GET /static/admin/img/tooltag-add.svg HTTP/1.1" 304 0
INFO: "GET /static/admin/img/sorting-icons.svg HTTP/1.1" 304 0
INFO: "GET /static/admin/img/icon-viewlink.svg HTTP/1.1" 304 0
INFO: "GET /admin/auth/group/ HTTP/1.1" 200 17095
INFO: "GET /admin/jsi18n/ HTTP/1.1" 200 3342
INFO: "GET /admin/auth/group/add/ HTTP/1.1" 200 26322
INFO: "GET /static/admin/css/forms.css HTTP/1.1" 304 0
INFO: "GET /static/admin/css/widgets.css HTTP/1.1" 304 0
INFO: "GET /static/admin/js/prepopulate_init.js HTTP/1.1" 304 0
INFO: "GET /static/admin/js/SelectFilter2.js HTTP/1.1" 304 0
INFO: "GET /static/admin/js/SelectBox.js HTTP/1.1" 304 0
INFO: "GET /admin/jsi18n/ HTTP/1.1" 200 3342
INFO: "GET /static/admin/js/change_form.js HTTP/1.1" 304 0
INFO: "GET /static/admin/img/icon-unknown.svg HTTP/1.1" 304 0
INFO: "GET /static/admin/img/selector-icons.svg HTTP/1.1" 304 0
INFO: "GET /static/admin/img/icon-unknown-alt.svg HTTP/1.1" 304 0
INFO: "POST /admin/auth/group/add/ HTTP/1.1" 302 0
INFO: "GET /admin/auth/group/ HTTP/1.1" 200 17550
INFO: "GET /admin/jsi18n/ HTTP/1.1" 200 3342
INFO: "GET /admin/auth/user/ HTTP/1.1" 200 34168
INFO: "GET /admin/jsi18n/ HTTP/1.1" 200 3342
INFO: "GET /admin/auth/user/2027/change/ HTTP/1.1" 200 36179
INFO: "GET /static/admin/js/calendar.js HTTP/1.1" 304 0
INFO: "GET /static/admin/js/admin/DateTimeShortcuts.js HTTP/1.1" 304 0
INFO: "GET /admin/jsi18n/ HTTP/1.1" 200 3342
INFO: "GET /static/admin/img/icon-calendar.svg HTTP/1.1" 304 0
INFO: "GET /static/admin/img/icon-clock.svg HTTP/1.1" 304 0
INFO: "POST /admin/auth/user/2027/change/ HTTP/1.1" 302 0
INFO: "GET /admin/auth/user/ HTTP/1.1" 200 34368
INFO: "GET /static/admin/css/base.css HTTP/1.1" 304 0
INFO: "GET /static/admin/css/dark_mode.css HTTP/1.1" 304 0
INFO: "GET /static/admin/css/nav_sidebar.css HTTP/1.1" 304 0
INFO: "GET /static/admin/js/vendor/jquery/jquery.min.js HTTP/1.1" 304 0
INFO: "GET /static/admin/css/changelists.css HTTP/1.1" 304 0
INFO: "GET /static/admin/js/admin/RelatedObjectLookups.js HTTP/1.1" 304 0
INFO: "GET /static/admin/js/urlify.js HTTP/1.1" 304 0
INFO: "GET /static/admin/js/actions.js HTTP/1.1" 304 0
INFO: "GET /static/admin/js/jquery.init.js HTTP/1.1" 304 0
INFO: "GET /static/admin/css/responsive.css HTTP/1.1" 304 0
INFO: "GET /static/admin/js/vendor/xregexp/xregexp.min.js HTTP/1.1" 304 0
INFO: "GET /static/admin/js/prepopulate.js HTTP/1.1" 304 0
INFO: "GET /static/admin/js/core.js HTTP/1.1" 304 0
INFO: "GET /static/admin/img/search.svg HTTP/1.1" 304 0
INFO: "GET /static/admin/img/icon-yes.svg HTTP/1.1" 304 0
INFO: "GET /static/admin/img/icon-no.svg HTTP/1.1" 304 0
INFO: "GET /admin/jsi18n/ HTTP/1.1" 200 3342
INFO: "GET /static/admin/js/theme.js HTTP/1.1" 304 0
INFO: "GET /static/admin/js/nav_sidebar.js HTTP/1.1" 304 0
INFO: "GET /static/admin/js/filters.js HTTP/1.1" 304 0
INFO: "GET /admin/auth/user/2026/change/ HTTP/1.1" 200 36168
INFO: "GET /static/admin/img/icon-addlink.svg HTTP/1.1" 304 0
INFO: "GET /admin/jsi18n/ HTTP/1.1" 200 3342
INFO: "POST /admin/auth/user/2026/change/ HTTP/1.1" 302 0
INFO: "GET /admin/auth/user/ HTTP/1.1" 200 34368
INFO: "GET /admin/jsi18n/ HTTP/1.1" 200 3342
INFO: "GET /admin/auth/user/2026/change/ HTTP/1.1" 200 36204
INFO: "GET /static/admin/css/forms.css HTTP/1.1" 304 0
INFO: "GET /static/admin/js/SelectBox.js HTTP/1.1" 304 0
INFO: "GET /static/admin/js/SelectFilter2.js HTTP/1.1" 304 0
INFO: "GET /static/admin/js/prepopulate_init.js HTTP/1.1" 304 0
INFO: "GET /static/admin/css/widgets.css HTTP/1.1" 304 0
INFO: "GET /static/admin/js/change_form.js HTTP/1.1" 304 0
INFO: "GET /admin/jsi18n/ HTTP/1.1" 200 3342
INFO: "GET /static/admin/img/icon-unknown.svg HTTP/1.1" 304 0
INFO: "GET /static/admin/img/selector-icons.svg HTTP/1.1" 304 0
INFO: "GET /static/admin/img/icon-unknown-alt.svg HTTP/1.1" 304 0
INFO: "POST /admin/auth/user/2026/change/ HTTP/1.1" 302 0
INFO: "GET /admin/auth/user/ HTTP/1.1" 200 34368
INFO: "GET /static/admin/css/base.css HTTP/1.1" 304 0
INFO: "GET /static/admin/css/dark_mode.css HTTP/1.1" 304 0
INFO: "GET /static/admin/css/nav_sidebar.css HTTP/1.1" 304 0
INFO: "GET /static/admin/js/jquery.init.js HTTP/1.1" 304 0
INFO: "GET /static/admin/js/core.js HTTP/1.1" 304 0
INFO: "GET /static/admin/css/changelists.css HTTP/1.1" 304 0
INFO: "GET /static/admin/js/vendor/jquery/jquery.min.js HTTP/1.1" 304 0
INFO: "GET /static/admin/js/actions.js HTTP/1.1" 304 0
INFO: "GET /static/admin/js/admin/RelatedObjectLookups.js HTTP/1.1" 304 0
INFO: "GET /static/admin/js/urlify.js HTTP/1.1" 304 0
INFO: "GET /static/admin/css/responsive.css HTTP/1.1" 304 0
INFO: "GET /static/admin/js/prepopulate.js HTTP/1.1" 304 0
INFO: "GET /static/admin/img/search.svg HTTP/1.1" 304 0
INFO: "GET /static/admin/img/icon-yes.svg HTTP/1.1" 304 0
INFO: "GET /static/admin/js/vendor/xregexp/xregexp.min.js HTTP/1.1" 304 0
INFO: "GET /static/admin/img/icon-no.svg HTTP/1.1" 304 0
INFO: "GET /static/admin/js/theme.js HTTP/1.1" 304 0
INFO: "GET /admin/jsi18n/ HTTP/1.1" 200 3342
INFO: "GET /static/admin/js/nav_sidebar.js HTTP/1.1" 304 0
INFO: "GET /static/admin/js/filters.js HTTP/1.1" 304 0
INFO: "GET /admin/auth/user/add/ HTTP/1.1" 200 17713
INFO: "GET /static/admin/css/base.css HTTP/1.1" 304 0
INFO: "GET /static/admin/js/vendor/jquery/jquery.min.js HTTP/1.1" 304 0
INFO: "GET /static/admin/css/dark_mode.css HTTP/1.1" 304 0
INFO: "GET /static/admin/css/nav_sidebar.css HTTP/1.1" 304 0
INFO: "GET /static/admin/js/jquery.init.js HTTP/1.1" 304 0
INFO: "GET /static/admin/css/forms.css HTTP/1.1" 304 0
INFO: "GET /static/admin/js/core.js HTTP/1.1" 304 0
INFO: "GET /static/admin/css/responsive.css HTTP/1.1" 304 0
INFO: "GET /static/admin/js/actions.js HTTP/1.1" 304 0
INFO: "GET /static/admin/js/admin/RelatedObjectLookups.js HTTP/1.1" 304 0
INFO: "GET /static/admin/js/vendor/xregexp/xregexp.min.js HTTP/1.1" 304 0
INFO: "GET /static/admin/js/urlify.js HTTP/1.1" 304 0
INFO: "GET /static/admin/js/prepopulate.js HTTP/1.1" 304 0
INFO: "GET /static/admin/js/prepopulate_init.js HTTP/1.1" 304 0
INFO: "GET /admin/jsi18n/ HTTP/1.1" 200 3342
INFO: "GET /static/admin/css/widgets.css HTTP/1.1" 304 0
INFO: "GET /static/admin/js/nav_sidebar.js HTTP/1.1" 304 0
INFO: "GET /static/admin/js/theme.js HTTP/1.1" 304 0
INFO: "GET /static/admin/js/change_form.js HTTP/1.1" 304 0
INFO: "POST /admin/auth/user/add/ HTTP/1.1" 302 0
INFO: "GET /admin/auth/user/2029/change/ HTTP/1.1" 200 36324
INFO: "GET /static/admin/css/base.css HTTP/1.1" 304 0
INFO: "GET /static/admin/css/nav_sidebar.css HTTP/1.1" 304 0
INFO: "GET /static/admin/css/dark_mode.css HTTP/1.1" 304 0
INFO: "GET /static/admin/css/forms.css HTTP/1.1" 304 0
INFO: "GET /static/admin/js/vendor/jquery/jquery.min.js HTTP/1.1" 304 0
INFO: "GET /static/admin/css/responsive.css HTTP/1.1" 304 0
INFO: "GET /static/admin/css/widgets.css HTTP/1.1" 304 0
INFO: "GET /admin/jsi18n/ HTTP/1.1" 200 3342
INFO: "GET /static/admin/js/calendar.js HTTP/1.1" 304 0
INFO: "GET /static/admin/js/jquery.init.js HTTP/1.1" 304 0
INFO: "GET /static/admin/js/admin/DateTimeShortcuts.js HTTP/1.1" 304 0
INFO: "GET /static/admin/js/core.js HTTP/1.1" 304 0
INFO: "GET /static/admin/js/admin/RelatedObjectLookups.js HTTP/1.1" 304 0
INFO: "GET /static/admin/js/SelectBox.js HTTP/1.1" 304 0
INFO: "GET /static/admin/js/SelectFilter2.js HTTP/1.1" 304 0
INFO: "GET /static/admin/js/actions.js HTTP/1.1" 304 0
INFO: "GET /static/admin/js/urlify.js HTTP/1.1" 304 0
INFO: "GET /static/admin/js/prepopulate.js HTTP/1.1" 304 0
INFO: "GET /static/admin/js/prepopulate_init.js HTTP/1.1" 304 0
INFO: "GET /static/admin/js/vendor/xregexp/xregexp.min.js HTTP/1.1" 304 0
INFO: "GET /static/admin/js/theme.js HTTP/1.1" 304 0
INFO: "GET /static/admin/js/nav_sidebar.js HTTP/1.1" 304 0
INFO: "GET /static/admin/img/icon-addlink.svg HTTP/1.1" 304 0
INFO: "GET /static/admin/js/change_form.js HTTP/1.1" 304 0
INFO: "GET /static/admin/img/icon-yes.svg HTTP/1.1" 304 0
INFO: "GET /static/admin/img/icon-unknown.svg HTTP/1.1" 304 0
INFO: "GET /static/admin/img/search.svg HTTP/1.1" 304 0
INFO: "GET /static/admin/img/selector-icons.svg HTTP/1.1" 304 0
INFO: "GET /static/admin/img/icon-unknown-alt.svg HTTP/1.1" 304 0
INFO: "GET /static/admin/img/icon-calendar.svg HTTP/1.1" 304 0
INFO: "GET /static/admin/img/icon-clock.svg HTTP/1.1" 304 0
INFO: "POST /admin/auth/user/2029/change/ HTTP/1.1" 302 0
INFO: "GET /admin/auth/user/ HTTP/1.1" 200 34854
INFO: "GET /static/admin/css/base.css HTTP/1.1" 304 0
INFO: "GET /static/admin/js/jquery.init.js HTTP/1.1" 304 0
INFO: "GET /static/admin/css/dark_mode.css HTTP/1.1" 304 0
INFO: "GET /static/admin/js/vendor/jquery/jquery.min.js HTTP/1.1" 304 0
INFO: "GET /static/admin/css/changelists.css HTTP/1.1" 304 0
INFO: "GET /static/admin/css/nav_sidebar.css HTTP/1.1" 304 0
INFO: "GET /static/admin/css/responsive.css HTTP/1.1" 304 0
INFO: "GET /static/admin/js/actions.js HTTP/1.1" 304 0
INFO: "GET /static/admin/js/admin/RelatedObjectLookups.js HTTP/1.1" 304 0
INFO: "GET /static/admin/js/core.js HTTP/1.1" 304 0
INFO: "GET /static/admin/js/urlify.js HTTP/1.1" 304 0
INFO: "GET /static/admin/js/prepopulate.js HTTP/1.1" 304 0
INFO: "GET /static/admin/js/vendor/xregexp/xregexp.min.js HTTP/1.1" 304 0
INFO: "GET /admin/jsi18n/ HTTP/1.1" 200 3342
INFO: "GET /static/admin/img/search.svg HTTP/1.1" 304 0
INFO: "GET /static/admin/img/icon-yes.svg HTTP/1.1" 304 0
INFO: "GET /static/admin/img/icon-no.svg HTTP/1.1" 304 0
INFO: "GET /static/admin/js/theme.js HTTP/1.1" 304 0
INFO: "GET /static/admin/js/filters.js HTTP/1.1" 304 0
INFO: "GET /static/admin/js/nav_sidebar.js HTTP/1.1" 304 0
INFO: "GET /static/admin/img/tooltag-add.svg HTTP/1.1" 304 0
INFO: "GET /static/admin/img/sorting-icons.svg HTTP/1.1" 304 0
INFO: "GET /static/admin/img/icon-viewlink.svg HTTP/1.1" 304 0
INFO: "POST /admin/logout/ HTTP/1.1" 302 0
INFO: "GET / HTTP/1.1" 200 5216
INFO: "GET /static/main/images/OC_white_logo.png HTTP/1.1" 304 0
INFO: User 'khairul.b' logged in successfully.
INFO: "POST / HTTP/1.1" 302 0
INFO: User 'khairul.b' accessed index page.
INFO: "GET /indexpage/ HTTP/1.1" 200 11235
INFO: "GET /static/main/css/fontawesome.css HTTP/1.1" 304 0
INFO: "GET /static/main/css/navbar.css HTTP/1.1" 304 0
INFO: "GET /static/main/css/main.css HTTP/1.1" 304 0
INFO: "GET /static/main/images/OC.png HTTP/1.1" 304 0
INFO: "GET /static/main/images/ProductionModule.png HTTP/1.1" 304 0
INFO: "GET /static/main/js/fontawesome.js HTTP/1.1" 304 0
INFO: "GET /static/main/images/UtilityModule.png HTTP/1.1" 304 0
INFO: "GET /static/main/js/navbar.js HTTP/1.1" 304 0
WARNING: "GET /static/main/webfonts/fa-solid-900.woff2 HTTP/1.1" 404 179
WARNING: "GET /static/main/webfonts/fa-solid-900.ttf HTTP/1.1" 404 179
INFO: "GET /add_downtime/ HTTP/1.1" 302 0
INFO: User 'khairul.b' accessed index page.
INFO: "GET /indexpage/ HTTP/1.1" 200 11261
WARNING: "GET /static/main/webfonts/fa-solid-900.woff2 HTTP/1.1" 404 179
WARNING: "GET /static/main/webfonts/fa-solid-900.ttf HTTP/1.1" 404 179
INFO: "GET /utility/entry/ HTTP/1.1" 200 29414
WARNING: "GET /static/main/webfonts/fa-solid-900.woff2 HTTP/1.1" 404 179
WARNING: "GET /static/main/webfonts/fa-solid-900.ttf HTTP/1.1" 404 179
INFO: "GET /utility/records/ HTTP/1.1" 200 9226
WARNING: "GET /static/main/webfonts/fa-solid-900.woff2 HTTP/1.1" 404 179
WARNING: "GET /static/main/webfonts/fa-solid-900.ttf HTTP/1.1" 404 179
INFO: "GET /utility/consumption/ HTTP/1.1" 200 6668
WARNING: "GET /static/main/webfonts/fa-solid-900.woff2 HTTP/1.1" 404 179
WARNING: "GET /static/main/webfonts/fa-solid-900.ttf HTTP/1.1" 404 179
INFO: User 'khairul.b' accessed index page.
INFO: "GET /indexpage/ HTTP/1.1" 200 10699
WARNING: "GET /static/main/webfonts/fa-solid-900.woff2 HTTP/1.1" 404 179
WARNING: "GET /static/main/webfonts/fa-solid-900.ttf HTTP/1.1" 404 179
INFO: "GET /add_downtime/ HTTP/1.1" 302 0
INFO: User 'khairul.b' accessed index page.
INFO: "GET /indexpage/ HTTP/1.1" 200 11261
INFO: "GET /static/main/css/fontawesome.css HTTP/1.1" 304 0
INFO: "GET /static/main/css/main.css HTTP/1.1" 304 0
INFO: "GET /static/main/css/navbar.css HTTP/1.1" 304 0
INFO: "GET /static/main/images/ProductionModule.png HTTP/1.1" 304 0
INFO: "GET /static/main/images/OC.png HTTP/1.1" 304 0
INFO: "GET /static/main/images/UtilityModule.png HTTP/1.1" 304 0
INFO: "GET /static/main/js/fontawesome.js HTTP/1.1" 304 0
INFO: "GET /static/main/js/navbar.js HTTP/1.1" 304 0
WARNING: "GET /static/main/webfonts/fa-solid-900.woff2 HTTP/1.1" 404 179
WARNING: "GET /static/main/webfonts/fa-solid-900.ttf HTTP/1.1" 404 179
INFO: "GET /add-effluent/ HTTP/1.1" 302 0
INFO: User 'khairul.b' accessed index page.
INFO: "GET /indexpage/ HTTP/1.1" 200 11261
WARNING: "GET /static/main/webfonts/fa-solid-900.woff2 HTTP/1.1" 404 179
WARNING: "GET /static/main/webfonts/fa-solid-900.ttf HTTP/1.1" 404 179
INFO: "GET /add-effluent/ HTTP/1.1" 302 0
INFO: User 'khairul.b' accessed index page.
INFO: "GET /indexpage/ HTTP/1.1" 200 11261
WARNING: "GET /static/main/webfonts/fa-solid-900.woff2 HTTP/1.1" 404 179
WARNING: "GET /static/main/webfonts/fa-solid-900.ttf HTTP/1.1" 404 179
INFO: "GET /utility/records/ HTTP/1.1" 200 9226
WARNING: "GET /static/main/webfonts/fa-solid-900.woff2 HTTP/1.1" 404 179
WARNING: "GET /static/main/webfonts/fa-solid-900.ttf HTTP/1.1" 404 179
INFO: User 'khairul.b' accessed index page.
INFO: "GET /indexpage/ HTTP/1.1" 200 10699
WARNING: "GET /static/main/webfonts/fa-solid-900.woff2 HTTP/1.1" 404 179
WARNING: "GET /static/main/webfonts/fa-solid-900.ttf HTTP/1.1" 404 179
INFO: "GET /add-effluent/ HTTP/1.1" 302 0
INFO: User 'khairul.b' accessed index page.
INFO: "GET /indexpage/ HTTP/1.1" 200 11261
WARNING: "GET /static/main/webfonts/fa-solid-900.woff2 HTTP/1.1" 404 179
WARNING: "GET /static/main/webfonts/fa-solid-900.ttf HTTP/1.1" 404 179
INFO: "GET /add-effluent/ HTTP/1.1" 302 0
INFO: User 'khairul.b' accessed index page.
INFO: "GET /indexpage/ HTTP/1.1" 200 11262
INFO: "GET /static/main/css/fontawesome.css HTTP/1.1" 304 0
INFO: "GET /static/main/css/main.css HTTP/1.1" 304 0
INFO: "GET /static/main/images/OC.png HTTP/1.1" 304 0
INFO: "GET /static/main/images/ProductionModule.png HTTP/1.1" 304 0
INFO: "GET /static/main/css/navbar.css HTTP/1.1" 304 0
INFO: "GET /static/main/js/fontawesome.js HTTP/1.1" 304 0
INFO: "GET /static/main/images/UtilityModule.png HTTP/1.1" 304 0
INFO: "GET /static/main/js/navbar.js HTTP/1.1" 304 0
WARNING: "GET /static/main/webfonts/fa-solid-900.woff2 HTTP/1.1" 404 179
WARNING: "GET /static/main/webfonts/fa-solid-900.ttf HTTP/1.1" 404 179
INFO: User 'khairul.b' accessed index page.
INFO: "GET /indexpage/ HTTP/1.1" 200 10700
WARNING: "GET /static/main/webfonts/fa-solid-900.woff2 HTTP/1.1" 404 179
WARNING: "GET /static/main/webfonts/fa-solid-900.ttf HTTP/1.1" 404 179
INFO: "GET /utility/entry/ HTTP/1.1" 200 29414
WARNING: "GET /static/main/webfonts/fa-solid-900.woff2 HTTP/1.1" 404 179
WARNING: "GET /static/main/webfonts/fa-solid-900.ttf HTTP/1.1" 404 179
INFO: "GET /utility/records/ HTTP/1.1" 200 9226
WARNING: "GET /static/main/webfonts/fa-solid-900.woff2 HTTP/1.1" 404 179
WARNING: "GET /static/main/webfonts/fa-solid-900.ttf HTTP/1.1" 404 179
INFO: User 'khairul.b' logged out.
INFO: "GET /userlogout/ HTTP/1.1" 302 0
INFO: "GET / HTTP/1.1" 200 5659
INFO: "GET /static/main/images/OC_white_logo.png HTTP/1.1" 304 0
INFO: User 'khairul.b' logged in successfully.
INFO: "POST / HTTP/1.1" 302 0
INFO: User 'khairul.b' accessed index page.
INFO: "GET /indexpage/ HTTP/1.1" 200 11236
WARNING: "GET /static/main/webfonts/fa-solid-900.woff2 HTTP/1.1" 404 179
WARNING: "GET /static/main/webfonts/fa-solid-900.ttf HTTP/1.1" 404 179
INFO: "GET /view_downtime/ HTTP/1.1" 200 34378
WARNING: "GET /static/main/webfonts/fa-solid-900.woff2 HTTP/1.1" 404 179
WARNING: "GET /static/main/webfonts/fa-solid-900.ttf HTTP/1.1" 404 179
INFO: "GET /view_downtime/?date_filter=&eqpt_id_filter=&product_name_filter=&downtime_dept_filter=MAINTENANCE&block_filter= HTTP/1.1" 200 34574
WARNING: "GET /static/main/webfonts/fa-solid-900.woff2 HTTP/1.1" 404 179
WARNING: "GET /static/main/webfonts/fa-solid-900.ttf HTTP/1.1" 404 179
INFO: "GET /downtime-chart/ HTTP/1.1" 200 19528
WARNING: "GET /static/main/webfonts/fa-solid-900.woff2 HTTP/1.1" 404 179
WARNING: "GET /static/main/webfonts/fa-solid-900.ttf HTTP/1.1" 404 179
INFO: "GET /downtime-chart/?downtime_dept=MAINTENANCE&block=&product_name=&idle=&period=MTD&start_date=2025-05-01&end_date=2025-05-30 HTTP/1.1" 200 19217
INFO: "GET /static/main/css/fontawesome.css HTTP/1.1" 304 0
INFO: "GET /static/main/css/main.css HTTP/1.1" 304 0
INFO: "GET /static/main/images/OC.png HTTP/1.1" 304 0
INFO: "GET /static/main/css/navbar.css HTTP/1.1" 304 0
INFO: "GET /static/main/js/fontawesome.js HTTP/1.1" 304 0
INFO: "GET /static/main/js/navbar.js HTTP/1.1" 304 0
WARNING: "GET /static/main/webfonts/fa-solid-900.woff2 HTTP/1.1" 404 179
WARNING: "GET /static/main/webfonts/fa-solid-900.ttf HTTP/1.1" 404 179
INFO: "GET /downtime-chart/ HTTP/1.1" 200 19528
WARNING: "GET /static/main/webfonts/fa-solid-900.woff2 HTTP/1.1" 404 179
WARNING: "GET /static/main/webfonts/fa-solid-900.ttf HTTP/1.1" 404 179
INFO: User 'khairul.b' logged out.
INFO: "GET /userlogout/ HTTP/1.1" 302 0
INFO: "GET / HTTP/1.1" 200 5659
INFO: "GET /static/main/images/OC_white_logo.png HTTP/1.1" 304 0
INFO: "GET /admin/auth/user/ HTTP/1.1" 302 0
INFO: "GET /admin/login/?next=/admin/auth/user/ HTTP/1.1" 200 4182
INFO: "GET /static/admin/css/base.css HTTP/1.1" 304 0
INFO: "GET /static/admin/css/dark_mode.css HTTP/1.1" 304 0
INFO: "GET /static/admin/css/nav_sidebar.css HTTP/1.1" 304 0
INFO: "GET /static/admin/js/theme.js HTTP/1.1" 304 0
INFO: "GET /static/admin/css/responsive.css HTTP/1.1" 304 0
INFO: "GET /static/admin/js/nav_sidebar.js HTTP/1.1" 304 0
INFO: "GET /static/admin/css/login.css HTTP/1.1" 200 958
INFO: "GET / HTTP/1.1" 200 5216
INFO: User 'ocadmin' logged in successfully.
INFO: "POST / HTTP/1.1" 302 0
INFO: User 'ocadmin' accessed index page.
INFO: "GET /indexpage/ HTTP/1.1" 200 23916
INFO: "GET /static/main/css/fontawesome.css HTTP/1.1" 304 0
INFO: "GET /static/main/images/OC.png HTTP/1.1" 304 0
INFO: "GET /static/main/css/navbar.css HTTP/1.1" 304 0
INFO: "GET /static/main/images/HRModule.png HTTP/1.1" 304 0
INFO: "GET /static/main/css/main.css HTTP/1.1" 304 0
INFO: "GET /static/main/images/EHSModule.png HTTP/1.1" 304 0
INFO: "GET /static/main/images/ProductionModule.png HTTP/1.1" 304 0
INFO: "GET /static/main/images/WarehouseModule.png HTTP/1.1" 304 0
INFO: "GET /static/main/js/fontawesome.js HTTP/1.1" 304 0
INFO: "GET /static/main/js/navbar.js HTTP/1.1" 304 0
INFO: "GET /static/main/images/ETP%20Logo.png HTTP/1.1" 304 0
INFO: "GET /static/main/images/UtilityModule.png HTTP/1.1" 304 0
WARNING: "GET /static/main/webfonts/fa-solid-900.woff2 HTTP/1.1" 404 179
WARNING: "GET /static/main/webfonts/fa-solid-900.ttf HTTP/1.1" 404 179
INFO: "GET /admin/ HTTP/1.1" 200 19283
INFO: "GET /static/admin/css/dashboard.css HTTP/1.1" 304 0
INFO: "GET /static/admin/img/icon-addlink.svg HTTP/1.1" 304 0
INFO: "GET /static/admin/img/icon-deletelink.svg HTTP/1.1" 304 0
INFO: "GET /static/admin/img/icon-changelink.svg HTTP/1.1" 304 0
INFO: "POST /admin/logout/ HTTP/1.1" 302 0
INFO: "GET / HTTP/1.1" 200 5216
INFO: User 'ocadmin' logged in successfully.
INFO: "POST / HTTP/1.1" 302 0
INFO: User 'ocadmin' accessed index page.
INFO: "GET /indexpage/ HTTP/1.1" 200 23916
WARNING: "GET /static/main/webfonts/fa-solid-900.woff2 HTTP/1.1" 404 179
WARNING: "GET /static/main/webfonts/fa-solid-900.ttf HTTP/1.1" 404 179
INFO: User 'ocadmin' logged out.
INFO: "GET /userlogout/ HTTP/1.1" 302 0
INFO: "GET / HTTP/1.1" 200 5659
INFO: "GET /static/main/images/OC_white_logo.png HTTP/1.1" 304 0
INFO: User 'dhiraj.m' tried to access login page but is already authenticated.
INFO: "GET / HTTP/1.1" 302 0
INFO: User 'dhiraj.m' accessed index page.
INFO: "GET /indexpage/ HTTP/1.1" 200 9415
INFO: "GET /static/main/css/fontawesome.css HTTP/1.1" 304 0
INFO: "GET /static/main/css/main.css HTTP/1.1" 304 0
INFO: "GET /static/main/css/navbar.css HTTP/1.1" 304 0
INFO: "GET /static/main/images/OC.png HTTP/1.1" 304 0
INFO: "GET /static/main/images/HRModule.png HTTP/1.1" 304 0
INFO: "GET /static/main/js/navbar.js HTTP/1.1" 304 0
INFO: "GET /static/main/js/fontawesome.js HTTP/1.1" 304 0
WARNING: "GET /static/main/webfonts/fa-solid-900.woff2 HTTP/1.1" 404 179
WARNING: "GET /static/main/webfonts/fa-solid-900.ttf HTTP/1.1" 404 179
WARNING: "GET /favicon.ico HTTP/1.1" 404 179
INFO: "GET /canteen-dashboard/ HTTP/1.1" 200 71348
INFO: "GET /static/main/css/fontawesome.css HTTP/1.1" 304 0
WARNING: "GET /static/main/webfonts/fa-solid-900.woff2 HTTP/1.1" 404 179
INFO: "GET /static/main/js/fontawesome.js HTTP/1.1" 304 0
WARNING: "GET /static/main/webfonts/fa-solid-900.ttf HTTP/1.1" 404 179
INFO: "GET /fetch-attendance/ HTTP/1.1" 200 41786
INFO: "GET /api/dashboard-data/ HTTP/1.1" 200 20257
INFO: "GET /fetch-attendance/ HTTP/1.1" 200 135
INFO: "GET /api/dashboard-data/ HTTP/1.1" 200 20257
INFO: "GET /canteen-dashboard/ HTTP/1.1" 200 71348
WARNING: "GET /static/main/webfonts/fa-solid-900.woff2 HTTP/1.1" 404 179
WARNING: "GET /static/main/webfonts/fa-solid-900.ttf HTTP/1.1" 404 179
INFO: "GET /fetch-attendance/ HTTP/1.1" 200 41911
INFO: "GET /canteen-attendance-summary/ HTTP/1.1" 200 955263
INFO: "GET /static/main/css/main.css HTTP/1.1" 304 0
INFO: "GET /static/main/images/OC.png HTTP/1.1" 304 0
INFO: "GET /static/main/css/navbar.css HTTP/1.1" 304 0
WARNING: "GET /static/main/webfonts/fa-solid-900.woff2 HTTP/1.1" 404 179
WARNING: "GET /static/main/webfonts/fa-solid-900.ttf HTTP/1.1" 404 179
INFO: "GET /attendance-list/ HTTP/1.1" 200 63975
WARNING: "GET /static/main/webfonts/fa-solid-900.woff2 HTTP/1.1" 404 179
INFO: "GET /static/main/js/navbar.js HTTP/1.1" 304 0
WARNING: "GET /static/main/webfonts/fa-solid-900.ttf HTTP/1.1" 404 179
INFO: "GET /fetch-attendance/ HTTP/1.1" 200 42031
INFO: "GET /attendance-list/?from_date=2025-05-30&to_date=2025-05-30&name=&department= HTTP/1.1" 200 64356
WARNING: "GET /static/main/webfonts/fa-solid-900.woff2 HTTP/1.1" 404 179
WARNING: "GET /static/main/webfonts/fa-solid-900.ttf HTTP/1.1" 404 179
INFO: "GET /attendance/xlsx/?from_date=2025-05-30&to_date=2025-05-30&name=&department= HTTP/1.1" 200 12241
INFO: "GET /canteen-dashboard/ HTTP/1.1" 200 71790
INFO: L:\oneSource_Live\oneSource\PRODUCTION\views.py changed, reloading.
INFO: Watching for file changes with StatReloader
INFO: "GET / HTTP/1.1" 200 5216
INFO: "GET /static/main/images/OC_white_logo.png HTTP/1.1" 304 0
INFO: User 'ocadmin' logged in successfully.
INFO: "POST / HTTP/1.1" 302 0
INFO: User 'ocadmin' accessed index page.
INFO: "GET /indexpage/ HTTP/1.1" 200 23916
INFO: "GET /static/main/css/fontawesome.css HTTP/1.1" 304 0
INFO: "GET /static/main/css/main.css HTTP/1.1" 304 0
INFO: "GET /static/main/css/navbar.css HTTP/1.1" 304 0
INFO: "GET /static/main/images/OC.png HTTP/1.1" 304 0
INFO: "GET /static/main/images/HRModule.png HTTP/1.1" 304 0
INFO: "GET /static/main/images/ProductionModule.png HTTP/1.1" 304 0
INFO: "GET /static/main/images/WarehouseModule.png HTTP/1.1" 304 0
INFO: "GET /static/main/js/fontawesome.js HTTP/1.1" 304 0
INFO: "GET /static/main/images/EHSModule.png HTTP/1.1" 304 0
INFO: "GET /static/main/js/navbar.js HTTP/1.1" 304 0
INFO: "GET /static/main/images/ETP%20Logo.png HTTP/1.1" 304 0
INFO: "GET /static/main/images/UtilityModule.png HTTP/1.1" 304 0
WARNING: "GET /static/main/webfonts/fa-solid-900.woff2 HTTP/1.1" 404 179
WARNING: "GET /static/main/webfonts/fa-solid-900.ttf HTTP/1.1" 404 179
INFO: "GET /view_downtime/ HTTP/1.1" 200 52184
WARNING: "GET /static/main/webfonts/fa-solid-900.woff2 HTTP/1.1" 404 179
WARNING: "GET /static/main/webfonts/fa-solid-900.ttf HTTP/1.1" 404 179
INFO: "GET /downtime-chart/ HTTP/1.1" 200 28686
WARNING: "GET /static/main/webfonts/fa-solid-900.woff2 HTTP/1.1" 404 179
WARNING: "GET /static/main/webfonts/fa-solid-900.ttf HTTP/1.1" 404 179
INFO: User 'ocadmin' tried to access login page but is already authenticated.
INFO: "GET / HTTP/1.1" 302 0
INFO: User 'ocadmin' accessed index page.
INFO: "GET /indexpage/ HTTP/1.1" 200 23380
INFO: "GET /static/main/css/fontawesome.css HTTP/1.1" 304 0
INFO: "GET /static/main/css/main.css HTTP/1.1" 304 0
INFO: "GET /static/main/css/navbar.css HTTP/1.1" 304 0
INFO: "GET /static/main/images/OC.png HTTP/1.1" 304 0
INFO: "GET /static/main/images/HRModule.png HTTP/1.1" 304 0
INFO: "GET /static/main/images/ProductionModule.png HTTP/1.1" 304 0
INFO: "GET /static/main/images/EHSModule.png HTTP/1.1" 304 0
INFO: "GET /static/main/images/WarehouseModule.png HTTP/1.1" 304 0
INFO: "GET /static/main/js/fontawesome.js HTTP/1.1" 304 0
INFO: "GET /static/main/js/navbar.js HTTP/1.1" 304 0
INFO: "GET /static/main/images/UtilityModule.png HTTP/1.1" 304 0
INFO: "GET /static/main/images/ETP%20Logo.png HTTP/1.1" 304 0
WARNING: "GET /static/main/webfonts/fa-solid-900.woff2 HTTP/1.1" 404 179
WARNING: "GET /static/main/webfonts/fa-solid-900.ttf HTTP/1.1" 404 179
INFO: User 'bhagavan.b' tried to access login page but is already authenticated.
INFO: "GET / HTTP/1.1" 302 0
INFO: User 'bhagavan.b' accessed index page.
INFO: "GET /indexpage/ HTTP/1.1" 200 10370
INFO: "GET /static/main/css/fontawesome.css HTTP/1.1" 304 0
INFO: "GET /static/main/css/main.css HTTP/1.1" 304 0
INFO: "GET /static/main/css/navbar.css HTTP/1.1" 304 0
INFO: "GET /static/main/images/EHSModule.png HTTP/1.1" 304 0
INFO: "GET /static/main/images/OC.png HTTP/1.1" 304 0
INFO: "GET /static/main/js/fontawesome.js HTTP/1.1" 304 0
INFO: "GET /static/main/js/navbar.js HTTP/1.1" 304 0
WARNING: "GET /static/main/webfonts/fa-solid-900.woff2 HTTP/1.1" 404 179
WARNING: "GET /static/main/webfonts/fa-solid-900.ttf HTTP/1.1" 404 179
WARNING: "GET /favicon.ico HTTP/1.1" 404 179
INFO: "GET /add_leading_record/ HTTP/1.1" 200 29570
INFO: "GET /static/leading/css/leading.css HTTP/1.1" 304 0
INFO: "GET /static/leading/js/leading.js HTTP/1.1" 304 0
WARNING: "GET /static/main/webfonts/fa-solid-900.woff2 HTTP/1.1" 404 179
WARNING: "GET /static/main/webfonts/fa-solid-900.ttf HTTP/1.1" 404 179
INFO: User 'bhagavan.b' viewed leading records page: 1 (records this page: 10)
INFO: "GET /view_leading/ HTTP/1.1" 200 32156
WARNING: "GET /static/main/webfonts/fa-solid-900.woff2 HTTP/1.1" 404 179
WARNING: "GET /static/main/webfonts/fa-solid-900.ttf HTTP/1.1" 404 179
INFO: User 'bhagavan.b' accessed edit page for Leading record (ID: 22626)
INFO: "GET /leading/22626/edit/ HTTP/1.1" 200 25608
WARNING: "GET /static/main/webfonts/fa-solid-900.woff2 HTTP/1.1" 404 179
WARNING: "GET /static/main/webfonts/fa-solid-900.ttf HTTP/1.1" 404 179
INFO: User 'bhagavan.b' tried to access login page but is already authenticated.
INFO: "GET / HTTP/1.1" 302 0
INFO: User 'bhagavan.b' accessed index page.
INFO: "GET /indexpage/ HTTP/1.1" 200 10370
INFO: "GET /static/main/css/fontawesome.css HTTP/1.1" 304 0
INFO: "GET /static/main/css/main.css HTTP/1.1" 304 0
INFO: "GET /static/main/css/navbar.css HTTP/1.1" 304 0
INFO: "GET /static/main/images/OC.png HTTP/1.1" 304 0
INFO: "GET /static/main/images/EHSModule.png HTTP/1.1" 304 0
INFO: "GET /static/main/js/fontawesome.js HTTP/1.1" 304 0
INFO: "GET /static/main/js/navbar.js HTTP/1.1" 304 0
WARNING: "GET /static/main/webfonts/fa-solid-900.woff2 HTTP/1.1" 404 179
WARNING: "GET /static/main/webfonts/fa-solid-900.ttf HTTP/1.1" 404 179
INFO: "GET /add_leading_record/ HTTP/1.1" 200 29570
INFO: "GET /static/leading/css/leading.css HTTP/1.1" 304 0
INFO: "GET /static/leading/js/leading.js HTTP/1.1" 304 0
WARNING: "GET /static/main/webfonts/fa-solid-900.woff2 HTTP/1.1" 404 179
WARNING: "GET /static/main/webfonts/fa-solid-900.ttf HTTP/1.1" 404 179
INFO: Leading record (ID: 22630) created by 'bhagavan.b' (5)
INFO: "POST /add_leading_record/ HTTP/1.1" 302 0
INFO: "GET /add_leading_record/ HTTP/1.1" 200 30025
INFO: "GET /static/main/css/main.css HTTP/1.1" 304 0
INFO: "GET /static/main/css/navbar.css HTTP/1.1" 304 0
INFO: "GET /static/main/css/fontawesome.css HTTP/1.1" 304 0
INFO: "GET /static/main/images/OC.png HTTP/1.1" 304 0
INFO: "GET /static/leading/css/leading.css HTTP/1.1" 304 0
WARNING: "GET /static/main/webfonts/fa-solid-900.woff2 HTTP/1.1" 404 179
INFO: "GET /static/main/js/fontawesome.js HTTP/1.1" 304 0
INFO: "GET /static/leading/js/leading.js HTTP/1.1" 304 0
INFO: "GET /static/main/js/navbar.js HTTP/1.1" 304 0
WARNING: "GET /static/main/webfonts/fa-solid-900.ttf HTTP/1.1" 404 179
INFO: Leading record (ID: 22631) created by 'bhagavan.b' (5)
INFO: "POST /add_leading_record/ HTTP/1.1" 302 0
INFO: "GET /add_leading_record/ HTTP/1.1" 200 30025
INFO: "GET /static/main/css/fontawesome.css HTTP/1.1" 304 0
INFO: "GET /static/main/css/navbar.css HTTP/1.1" 304 0
INFO: "GET /static/main/images/OC.png HTTP/1.1" 304 0
INFO: "GET /static/leading/css/leading.css HTTP/1.1" 304 0
INFO: "GET /static/main/css/main.css HTTP/1.1" 304 0
INFO: "GET /static/main/js/fontawesome.js HTTP/1.1" 304 0
INFO: "GET /static/leading/js/leading.js HTTP/1.1" 304 0
INFO: "GET /static/main/js/navbar.js HTTP/1.1" 304 0
WARNING: "GET /static/main/webfonts/fa-solid-900.woff2 HTTP/1.1" 404 179
WARNING: "GET /static/main/webfonts/fa-solid-900.ttf HTTP/1.1" 404 179
INFO: User 'bhagavan.b' viewed leading records page: 1 (records this page: 10)
INFO: "GET /view_leading/ HTTP/1.1" 200 32141
INFO: "GET /static/main/css/fontawesome.css HTTP/1.1" 304 0
INFO: "GET /static/main/css/navbar.css HTTP/1.1" 304 0
INFO: "GET /static/main/images/OC.png HTTP/1.1" 304 0
INFO: "GET /static/main/css/main.css HTTP/1.1" 304 0
INFO: "GET /static/main/js/fontawesome.js HTTP/1.1" 304 0
INFO: "GET /static/main/js/navbar.js HTTP/1.1" 304 0
WARNING: "GET /static/main/webfonts/fa-solid-900.woff2 HTTP/1.1" 404 179
WARNING: "GET /static/main/webfonts/fa-solid-900.ttf HTTP/1.1" 404 179
INFO: User 'bhagavan.b' accessed edit page for Leading record (ID: 22631)
INFO: "GET /leading/22631/edit/ HTTP/1.1" 200 25473
INFO: "GET /static/leading/js/leading.js HTTP/1.1" 304 0
INFO: "GET /static/leading/css/leading.css HTTP/1.1" 304 0
WARNING: "GET /static/main/webfonts/fa-solid-900.woff2 HTTP/1.1" 404 179
WARNING: "GET /static/main/webfonts/fa-solid-900.ttf HTTP/1.1" 404 179
INFO: User 'bhagavan.b' tried to access login page but is already authenticated.
INFO: "GET / HTTP/1.1" 302 0
INFO: User 'bhagavan.b' accessed index page.
INFO: "GET /indexpage/ HTTP/1.1" 200 10370
INFO: "GET /static/main/images/EHSModule.png HTTP/1.1" 304 0
WARNING: "GET /static/main/webfonts/fa-solid-900.woff2 HTTP/1.1" 404 179
WARNING: "GET /static/main/webfonts/fa-solid-900.ttf HTTP/1.1" 404 179
INFO: "GET /add_leading_record/ HTTP/1.1" 200 29570
WARNING: "GET /static/main/webfonts/fa-solid-900.woff2 HTTP/1.1" 404 179
WARNING: "GET /static/main/webfonts/fa-solid-900.ttf HTTP/1.1" 404 179
INFO: Leading record (ID: 22632) created by 'bhagavan.b' (5)
INFO: "POST /add_leading_record/ HTTP/1.1" 302 0
INFO: "GET /add_leading_record/ HTTP/1.1" 200 30025
INFO: "GET /static/main/css/navbar.css HTTP/1.1" 304 0
INFO: "GET /static/main/css/fontawesome.css HTTP/1.1" 304 0
INFO: "GET /static/main/css/main.css HTTP/1.1" 304 0
INFO: "GET /static/main/images/OC.png HTTP/1.1" 304 0
INFO: "GET /static/leading/css/leading.css HTTP/1.1" 304 0
INFO: "GET /static/main/js/fontawesome.js HTTP/1.1" 304 0
INFO: "GET /static/leading/js/leading.js HTTP/1.1" 304 0
INFO: "GET /static/main/js/navbar.js HTTP/1.1" 304 0
WARNING: "GET /static/main/webfonts/fa-solid-900.woff2 HTTP/1.1" 404 179
WARNING: "GET /static/main/webfonts/fa-solid-900.ttf HTTP/1.1" 404 179
INFO: Leading record (ID: 22633) created by 'bhagavan.b' (5)
INFO: "POST /add_leading_record/ HTTP/1.1" 302 0
INFO: "GET /add_leading_record/ HTTP/1.1" 200 30025
INFO: "GET /static/main/css/fontawesome.css HTTP/1.1" 304 0
INFO: "GET /static/main/css/main.css HTTP/1.1" 304 0
INFO: "GET /static/main/css/navbar.css HTTP/1.1" 304 0
INFO: "GET /static/main/images/OC.png HTTP/1.1" 304 0
INFO: "GET /static/leading/css/leading.css HTTP/1.1" 304 0
INFO: "GET /static/leading/js/leading.js HTTP/1.1" 304 0
WARNING: "GET /static/main/webfonts/fa-solid-900.woff2 HTTP/1.1" 404 179
INFO: "GET /static/main/js/fontawesome.js HTTP/1.1" 304 0
INFO: "GET /static/main/js/navbar.js HTTP/1.1" 304 0
WARNING: "GET /static/main/webfonts/fa-solid-900.ttf HTTP/1.1" 404 179
INFO: "GET / HTTP/1.1" 200 5216
INFO: "GET /static/main/images/OC_white_logo.png HTTP/1.1" 304 0
WARNING: "GET /favicon.ico HTTP/1.1" 404 179
INFO: User 'vikas.k' logged in successfully.
INFO: "POST / HTTP/1.1" 302 0
INFO: User 'vikas.k' accessed index page.
INFO: "GET /indexpage/ HTTP/1.1" 200 14298
INFO: "GET /static/main/css/main.css HTTP/1.1" 304 0
INFO: "GET /static/main/css/navbar.css HTTP/1.1" 304 0
INFO: "GET /static/main/images/EHSModule.png HTTP/1.1" 304 0
INFO: "GET /static/main/images/OC.png HTTP/1.1" 304 0
INFO: "GET /static/main/css/fontawesome.css HTTP/1.1" 304 0
INFO: "GET /static/main/js/fontawesome.js HTTP/1.1" 304 0
INFO: "GET /static/main/images/ETP%20Logo.png HTTP/1.1" 304 0
INFO: "GET /static/main/js/navbar.js HTTP/1.1" 304 0
WARNING: "GET /static/main/webfonts/fa-solid-900.woff2 HTTP/1.1" 404 179
WARNING: "GET /static/main/webfonts/fa-solid-900.ttf HTTP/1.1" 404 179
INFO: User 'vikas.k' accessed index page.
INFO: "GET /indexpage/ HTTP/1.1" 200 13762
INFO: "GET /static/main/css/fontawesome.css HTTP/1.1" 304 0
INFO: "GET /static/main/css/main.css HTTP/1.1" 304 0
INFO: "GET /static/main/css/navbar.css HTTP/1.1" 304 0
INFO: "GET /static/main/images/EHSModule.png HTTP/1.1" 304 0
INFO: "GET /static/main/images/OC.png HTTP/1.1" 304 0
INFO: "GET /static/main/images/ETP%20Logo.png HTTP/1.1" 304 0
INFO: "GET /static/main/js/fontawesome.js HTTP/1.1" 304 0
INFO: "GET /static/main/js/navbar.js HTTP/1.1" 304 0
WARNING: "GET /static/main/webfonts/fa-solid-900.woff2 HTTP/1.1" 404 179
WARNING: "GET /static/main/webfonts/fa-solid-900.ttf HTTP/1.1" 404 179
INFO: User 'vikas.k' accessed index page.
INFO: "GET /indexpage/ HTTP/1.1" 200 13762
INFO: "GET /static/main/css/fontawesome.css HTTP/1.1" 304 0
INFO: "GET /static/main/images/EHSModule.png HTTP/1.1" 304 0
INFO: "GET /static/main/css/main.css HTTP/1.1" 304 0
INFO: "GET /static/main/css/navbar.css HTTP/1.1" 304 0
INFO: "GET /static/main/images/OC.png HTTP/1.1" 304 0
INFO: "GET /static/main/images/ETP%20Logo.png HTTP/1.1" 304 0
INFO: "GET /static/main/js/fontawesome.js HTTP/1.1" 304 0
INFO: "GET /static/main/js/navbar.js HTTP/1.1" 304 0
WARNING: "GET /static/main/webfonts/fa-solid-900.woff2 HTTP/1.1" 404 179
WARNING: "GET /static/main/webfonts/fa-solid-900.ttf HTTP/1.1" 404 179
INFO: User 'vikas.k' viewed leading records page: 1 (records this page: 10)
INFO: "GET /view_leading/ HTTP/1.1" 200 34145
INFO: "GET /static/main/css/fontawesome.css HTTP/1.1" 304 0
INFO: "GET /static/main/images/OC.png HTTP/1.1" 304 0
INFO: "GET /static/main/css/main.css HTTP/1.1" 304 0
INFO: "GET /static/main/js/fontawesome.js HTTP/1.1" 304 0
INFO: "GET /static/main/css/navbar.css HTTP/1.1" 304 0
INFO: "GET /static/main/js/navbar.js HTTP/1.1" 304 0
WARNING: "GET /static/main/webfonts/fa-solid-900.woff2 HTTP/1.1" 404 179
WARNING: "GET /static/main/webfonts/fa-solid-900.ttf HTTP/1.1" 404 179
INFO: "GET /leading/22633/detail/ HTTP/1.1" 200 12718
INFO: "GET /static/main/css/fontawesome.css HTTP/1.1" 304 0
INFO: "GET /static/main/css/main.css HTTP/1.1" 304 0
INFO: "GET /static/main/js/fontawesome.js HTTP/1.1" 304 0
INFO: "GET /static/main/css/navbar.css HTTP/1.1" 304 0
INFO: "GET /static/main/images/OC.png HTTP/1.1" 304 0
INFO: "GET /static/main/js/navbar.js HTTP/1.1" 304 0
INFO: "GET /leading/22633/detail/ HTTP/1.1" 200 12718
WARNING: "GET /static/main/webfonts/fa-solid-900.woff2 HTTP/1.1" 404 179
WARNING: "GET /static/main/webfonts/fa-solid-900.ttf HTTP/1.1" 404 179
INFO: User 'vikas.k' viewed leading records page: 1 (records this page: 10)
INFO: "GET /view_leading/ HTTP/1.1" 200 34145
INFO: "GET /static/main/js/fontawesome.js HTTP/1.1" 304 0
INFO: "GET /static/main/css/fontawesome.css HTTP/1.1" 304 0
INFO: "GET /static/main/css/navbar.css HTTP/1.1" 304 0
INFO: "GET /static/main/images/OC.png HTTP/1.1" 304 0
INFO: "GET /static/main/css/main.css HTTP/1.1" 304 0
INFO: "GET /static/main/js/navbar.js HTTP/1.1" 304 0
WARNING: "GET /static/main/webfonts/fa-solid-900.woff2 HTTP/1.1" 404 179
WARNING: "GET /static/main/webfonts/fa-solid-900.ttf HTTP/1.1" 404 179
INFO: User 'vikas.k' viewed leading records page: 2 (records this page: 10)
INFO: "GET /view_leading/?page=2&date_filter=&department_filter= HTTP/1.1" 200 34495
INFO: "GET /static/main/css/fontawesome.css HTTP/1.1" 304 0
INFO: "GET /static/main/css/navbar.css HTTP/1.1" 304 0
INFO: "GET /static/main/images/OC.png HTTP/1.1" 304 0
INFO: "GET /static/main/css/main.css HTTP/1.1" 304 0
INFO: "GET /static/main/js/fontawesome.js HTTP/1.1" 304 0
INFO: "GET /static/main/js/navbar.js HTTP/1.1" 304 0
WARNING: "GET /static/main/webfonts/fa-solid-900.woff2 HTTP/1.1" 404 179
WARNING: "GET /static/main/webfonts/fa-solid-900.ttf HTTP/1.1" 404 179
INFO: "GET /leading/22623/detail/ HTTP/1.1" 200 12439
INFO: "GET /static/main/css/fontawesome.css HTTP/1.1" 304 0
INFO: "GET /static/main/css/navbar.css HTTP/1.1" 304 0
INFO: "GET /static/main/images/OC.png HTTP/1.1" 304 0
INFO: "GET /static/main/css/main.css HTTP/1.1" 304 0
INFO: "GET /static/main/js/fontawesome.js HTTP/1.1" 304 0
INFO: "GET /static/main/js/navbar.js HTTP/1.1" 304 0
INFO: "GET /leading/22623/detail/ HTTP/1.1" 200 12439
WARNING: "GET /static/main/webfonts/fa-solid-900.woff2 HTTP/1.1" 404 179
WARNING: "GET /static/main/webfonts/fa-solid-900.ttf HTTP/1.1" 404 179
INFO: User 'vikas.k' viewed leading records page: 1 (records this page: 10)
INFO: "GET /view_leading/ HTTP/1.1" 200 34145
INFO: "GET /static/main/css/fontawesome.css HTTP/1.1" 304 0
INFO: "GET /static/main/css/main.css HTTP/1.1" 304 0
INFO: "GET /static/main/js/fontawesome.js HTTP/1.1" 304 0
INFO: "GET /static/main/images/OC.png HTTP/1.1" 304 0
INFO: "GET /static/main/css/navbar.css HTTP/1.1" 304 0
INFO: "GET /static/main/js/navbar.js HTTP/1.1" 304 0
WARNING: "GET /static/main/webfonts/fa-solid-900.woff2 HTTP/1.1" 404 179
WARNING: "GET /static/main/webfonts/fa-solid-900.ttf HTTP/1.1" 404 179
INFO: "GET / HTTP/1.1" 200 5216
INFO: "GET /static/main/images/OC_white_logo.png HTTP/1.1" 304 0
WARNING: "GET /favicon.ico HTTP/1.1" 404 179
INFO: User 'sudarshan.j' logged in successfully.
INFO: "POST / HTTP/1.1" 302 0
INFO: User 'sudarshan.j' accessed index page.
INFO: "GET /indexpage/ HTTP/1.1" 200 9159
INFO: "GET /static/main/css/main.css HTTP/1.1" 304 0
INFO: "GET /static/main/css/fontawesome.css HTTP/1.1" 304 0
INFO: "GET /static/main/css/navbar.css HTTP/1.1" 304 0
INFO: "GET /static/main/images/WarehouseModule.png HTTP/1.1" 304 0
INFO: "GET /static/main/images/OC.png HTTP/1.1" 304 0
INFO: "GET /static/main/js/navbar.js HTTP/1.1" 304 0
INFO: "GET /static/main/js/fontawesome.js HTTP/1.1" 304 0
WARNING: "GET /static/main/webfonts/fa-solid-900.woff2 HTTP/1.1" 404 179
WARNING: "GET /static/main/webfonts/fa-solid-900.ttf HTTP/1.1" 404 179
INFO: Vehicle list viewed by sudarshan.j with filters: {'reporting_date': '', 'name_of_supplier': '', 'material': '', 'name_of_transporter': '', 'status': ''}
INFO: "GET /vehicle_list/ HTTP/1.1" 200 26780
WARNING: "GET /static/main/webfonts/fa-solid-900.woff2 HTTP/1.1" 404 179
WARNING: "GET /static/main/webfonts/fa-solid-900.ttf HTTP/1.1" 404 179
INFO: Vehicle list viewed by sudarshan.j with filters: {'reporting_date': '', 'name_of_supplier': '', 'material': '', 'name_of_transporter': '', 'status': ''}
INFO: "GET /vehicle_list/?reporting_date=&name_of_supplier=&material=&name_of_transporter=&status= HTTP/1.1" 200 26780
INFO: "GET /static/main/css/fontawesome.css HTTP/1.1" 304 0
INFO: "GET /static/main/css/main.css HTTP/1.1" 304 0
INFO: "GET /static/main/css/navbar.css HTTP/1.1" 304 0
INFO: "GET /static/main/images/OC.png HTTP/1.1" 304 0
INFO: "GET /static/main/js/fontawesome.js HTTP/1.1" 304 0
INFO: "GET /static/main/js/navbar.js HTTP/1.1" 304 0
WARNING: "GET /static/main/webfonts/fa-solid-900.woff2 HTTP/1.1" 404 179
WARNING: "GET /static/main/webfonts/fa-solid-900.ttf HTTP/1.1" 404 179
INFO: "GET /add_vehicle/ HTTP/1.1" 200 14150
INFO: "GET /static/store/js/vehicle_page.js HTTP/1.1" 304 0
INFO: "GET /static/store/css/store.css HTTP/1.1" 304 0
WARNING: "GET /static/main/webfonts/fa-solid-900.woff2 HTTP/1.1" 404 179
WARNING: "GET /static/main/webfonts/fa-solid-900.ttf HTTP/1.1" 404 179
INFO: Found 1413 suppliers for search ''
INFO: "GET /search_supplier/ HTTP/1.1" 200 115220
INFO: Found 1174 suppliers for search 'T'
INFO: "GET /search_supplier/?term=T HTTP/1.1" 200 99084
INFO: Found 1 suppliers for search 'TG'
INFO: "GET /search_supplier/?term=TG HTTP/1.1" 200 62
INFO: Found 1 suppliers for search 'TGV'
INFO: "GET /search_supplier/?term=TGV HTTP/1.1" 200 62
INFO: Found 216 items for search ''
INFO: "GET /search_item/ HTTP/1.1" 200 16822
INFO: Found 2 items for search 'HYDROCH'
INFO: "GET /search_item/?term=HYDROCH HTTP/1.1" 200 152
INFO: Vehicle added by user: sudarshan.j
INFO: "POST /add_vehicle/ HTTP/1.1" 302 0
INFO: "GET /add_vehicle/ HTTP/1.1" 200 14735
WARNING: "GET /static/main/webfonts/fa-solid-900.woff2 HTTP/1.1" 404 179
WARNING: "GET /static/main/webfonts/fa-solid-900.ttf HTTP/1.1" 404 179
INFO: User 'ocadmin' tried to access login page but is already authenticated.
INFO: "GET / HTTP/1.1" 302 0
INFO: User 'ocadmin' accessed index page.
INFO: "GET /indexpage/ HTTP/1.1" 200 23380
INFO: "GET /static/main/css/fontawesome.css HTTP/1.1" 304 0
INFO: "GET /static/main/images/HRModule.png HTTP/1.1" 304 0
INFO: "GET /static/main/images/OC.png HTTP/1.1" 304 0
INFO: "GET /static/main/css/navbar.css HTTP/1.1" 304 0
INFO: "GET /static/main/css/main.css HTTP/1.1" 304 0
INFO: "GET /static/main/images/ProductionModule.png HTTP/1.1" 304 0
INFO: "GET /static/main/images/EHSModule.png HTTP/1.1" 304 0
INFO: "GET /static/main/images/WarehouseModule.png HTTP/1.1" 304 0
INFO: "GET /static/main/js/fontawesome.js HTTP/1.1" 304 0
INFO: "GET /static/main/js/navbar.js HTTP/1.1" 304 0
INFO: "GET /static/main/images/ETP%20Logo.png HTTP/1.1" 304 0
INFO: "GET /static/main/images/UtilityModule.png HTTP/1.1" 304 0
WARNING: "GET /static/main/webfonts/fa-solid-900.woff2 HTTP/1.1" 404 179
WARNING: "GET /static/main/webfonts/fa-solid-900.ttf HTTP/1.1" 404 179
INFO: "GET /utility/entry/ HTTP/1.1" 200 37070
WARNING: "GET /static/main/webfonts/fa-solid-900.woff2 HTTP/1.1" 404 179
WARNING: "GET /static/main/webfonts/fa-solid-900.ttf HTTP/1.1" 404 179
INFO: "GET /utility/records/ HTTP/1.1" 200 16882
WARNING: "GET /static/main/webfonts/fa-solid-900.woff2 HTTP/1.1" 404 179
WARNING: "GET /static/main/webfonts/fa-solid-900.ttf HTTP/1.1" 404 179
INFO: "GET /utility/records/ HTTP/1.1" 200 16882
WARNING: "GET /static/main/webfonts/fa-solid-900.woff2 HTTP/1.1" 404 179
WARNING: "GET /static/main/webfonts/fa-solid-900.ttf HTTP/1.1" 404 179
INFO: "GET / HTTP/1.1" 200 5216
INFO: "GET /static/main/images/OC_white_logo.png HTTP/1.1" 304 0
WARNING: "GET /favicon.ico HTTP/1.1" 404 179
INFO: User 'yogesh.a' logged in successfully.
INFO: "POST / HTTP/1.1" 302 0
INFO: User 'yogesh.a' accessed index page.
INFO: "GET /indexpage/ HTTP/1.1" 200 10904
INFO: "GET /static/main/css/fontawesome.css HTTP/1.1" 304 0
INFO: "GET /static/main/css/main.css HTTP/1.1" 304 0
INFO: "GET /static/main/css/navbar.css HTTP/1.1" 304 0
INFO: "GET /static/main/images/OC.png HTTP/1.1" 304 0
INFO: "GET /static/main/images/EHSModule.png HTTP/1.1" 304 0
INFO: "GET /static/main/js/fontawesome.js HTTP/1.1" 304 0
INFO: "GET /static/main/js/navbar.js HTTP/1.1" 304 0
WARNING: "GET /static/main/webfonts/fa-solid-900.woff2 HTTP/1.1" 404 179
WARNING: "GET /static/main/webfonts/fa-solid-900.ttf HTTP/1.1" 404 179
INFO: User 'yogesh.a' viewed leading records page: 1 (records this page: 10)
INFO: "GET /view_leading/ HTTP/1.1" 200 29016
WARNING: "GET /static/main/webfonts/fa-solid-900.woff2 HTTP/1.1" 404 179
WARNING: "GET /static/main/webfonts/fa-solid-900.ttf HTTP/1.1" 404 179
INFO: User 'yogesh.a' accessed index page.
INFO: "GET /indexpage/ HTTP/1.1" 200 10368
WARNING: "GET /static/main/webfonts/fa-solid-900.woff2 HTTP/1.1" 404 179
WARNING: "GET /static/main/webfonts/fa-solid-900.ttf HTTP/1.1" 404 179
INFO: User 'yogesh.a' viewed leading records page: 1 (records this page: 10)
INFO: "GET /view_leading/ HTTP/1.1" 200 29016
WARNING: "GET /static/main/webfonts/fa-solid-900.woff2 HTTP/1.1" 404 179
WARNING: "GET /static/main/webfonts/fa-solid-900.ttf HTTP/1.1" 404 179
INFO: "GET /add_leading_record/ HTTP/1.1" 200 29282
INFO: "GET /static/leading/css/leading.css HTTP/1.1" 304 0
INFO: "GET /static/leading/js/leading.js HTTP/1.1" 304 0
WARNING: "GET /static/main/webfonts/fa-solid-900.woff2 HTTP/1.1" 404 179
WARNING: "GET /static/main/webfonts/fa-solid-900.ttf HTTP/1.1" 404 179
INFO: Leading record (ID: 22634) created by 'yogesh.a' (2028)
INFO: "POST /add_leading_record/ HTTP/1.1" 302 0
INFO: "GET /add_leading_record/ HTTP/1.1" 200 29737
INFO: "GET /static/main/css/fontawesome.css HTTP/1.1" 304 0
INFO: "GET /static/main/css/main.css HTTP/1.1" 304 0
INFO: "GET /static/main/css/navbar.css HTTP/1.1" 304 0
INFO: "GET /static/main/images/OC.png HTTP/1.1" 304 0
INFO: "GET /static/leading/css/leading.css HTTP/1.1" 304 0
INFO: "GET /static/leading/js/leading.js HTTP/1.1" 304 0
INFO: "GET /static/main/js/fontawesome.js HTTP/1.1" 304 0
INFO: "GET /static/main/js/navbar.js HTTP/1.1" 304 0
WARNING: "GET /static/main/webfonts/fa-solid-900.woff2 HTTP/1.1" 404 179
WARNING: "GET /static/main/webfonts/fa-solid-900.ttf HTTP/1.1" 404 179
INFO: L:\oneSource_Live\oneSource\UTILITY\admin.py changed, reloading.
