INFO: Watching for file changes with StatReloader
INFO: L:\oneSource_Live\oneSource\oneSource\settings.py changed, reloading.
INFO: Watching for file changes with StatReloader
INFO: User 'ocadmin' tried to access login page but is already authenticated.
INFO: "GET / HTTP/1.1" 302 0
INFO: User 'ocadmin' accessed index page.
INFO: "GET /indexpage/ HTTP/1.1" 200 23713
WARNING: "GET /static/main/webfonts/fa-solid-900.woff2 HTTP/1.1" 404 179
WARNING: "GET /static/main/webfonts/fa-solid-900.ttf HTTP/1.1" 404 179
WARNING: "GET /indexpage/abc HTTP/1.1" 404 179
INFO: User 'ocadmin' tried to access login page but is already authenticated.
INFO: "GET / HTTP/1.1" 302 0
INFO: User 'ocadmin' accessed index page.
INFO: "GET /indexpage/ HTTP/1.1" 200 23713
WARNING: "GET /static/main/webfonts/fa-solid-900.woff2 HTTP/1.1" 404 179
WARNING: "GET /static/main/webfonts/fa-solid-900.ttf HTTP/1.1" 404 179
INFO: User 'ocadmin' tried to access login page but is already authenticated.
INFO: "GET / HTTP/1.1" 302 0
INFO: User 'ocadmin' accessed index page.
INFO: "GET /indexpage/ HTTP/1.1" 200 23713
WARNING: "GET /static/main/webfonts/fa-solid-900.woff2 HTTP/1.1" 404 179
WARNING: "GET /static/main/webfonts/fa-solid-900.ttf HTTP/1.1" 404 179
INFO: "GET /admin/ HTTP/1.1" 200 17634
INFO: "POST /admin/logout/ HTTP/1.1" 302 0
INFO: "GET / HTTP/1.1" 200 5216
INFO: "GET /static/main/images/OC_white_logo.png HTTP/1.1" 200 1045138
INFO: User 'raju.r' logged in successfully.
INFO: "POST / HTTP/1.1" 302 0
INFO: User 'raju.r' accessed index page.
INFO: "GET /indexpage/ HTTP/1.1" 200 9639
WARNING: "GET /static/main/webfonts/fa-solid-900.woff2 HTTP/1.1" 404 179
WARNING: "GET /static/main/webfonts/fa-solid-900.ttf HTTP/1.1" 404 179
INFO: "GET /admin/ HTTP/1.1" 200 6168
INFO: "GET /admin/HR/dailyattendance/ HTTP/1.1" 200 156841
INFO: "GET /static/admin/js/vendor/jquery/jquery.min.js HTTP/1.1" 200 87533
INFO: "GET /static/admin/js/vendor/xregexp/xregexp.min.js HTTP/1.1" 200 163184
INFO: "GET /admin/HR/dailyattendance/16626/change/ HTTP/1.1" 200 23072
INFO: "GET /admin/jsi18n/ HTTP/1.1" 200 3342
INFO: "GET /admin/HR/dailyattendance/ HTTP/1.1" 200 156841
INFO: User 'raju.r' tried to access login page but is already authenticated.
INFO: "GET / HTTP/1.1" 302 0
INFO: User 'raju.r' accessed index page.
INFO: "GET /indexpage/ HTTP/1.1" 200 9230
WARNING: "GET /static/main/webfonts/fa-solid-900.woff2 HTTP/1.1" 404 179
WARNING: "GET /static/main/webfonts/fa-solid-900.ttf HTTP/1.1" 404 179
INFO: User 'raju.r' logged out.
INFO: "GET /userlogout/ HTTP/1.1" 302 0
INFO: "GET / HTTP/1.1" 200 5659
INFO: "GET /static/main/images/OC_white_logo.png HTTP/1.1" 304 0
INFO: "GET / HTTP/1.1" 200 5216
INFO: "GET /static/main/images/OC_white_logo.png HTTP/1.1" 304 0
INFO: User 'ocadmin' logged in successfully.
INFO: "POST / HTTP/1.1" 302 0
INFO: User 'ocadmin' accessed index page.
INFO: "GET /indexpage/ HTTP/1.1" 200 24122
WARNING: "GET /static/main/webfonts/fa-solid-900.woff2 HTTP/1.1" 404 179
WARNING: "GET /static/main/webfonts/fa-solid-900.ttf HTTP/1.1" 404 179
INFO: "GET /canteen_dashboard HTTP/1.1" 200 6004
INFO: "GET /api/dashboard-data/ HTTP/1.1" 200 67
INFO: "GET /api/dashboard-data/ HTTP/1.1" 200 67
INFO: "GET /api/dashboard-data/ HTTP/1.1" 200 67
INFO: "GET /api/dashboard-data/ HTTP/1.1" 200 67
INFO: "GET /api/dashboard-data/ HTTP/1.1" 200 67
INFO: "GET /api/dashboard-data/ HTTP/1.1" 200 67
INFO: "GET /api/dashboard-data/ HTTP/1.1" 200 67
INFO: "GET /api/dashboard-data/ HTTP/1.1" 200 67
INFO: "GET /api/dashboard-data/ HTTP/1.1" 200 67
INFO: "GET /api/dashboard-data/ HTTP/1.1" 200 67
INFO: "GET /api/dashboard-data/ HTTP/1.1" 200 67
INFO: User 'ocadmin' logged out.
INFO: "GET /userlogout/ HTTP/1.1" 302 0
INFO: "GET / HTTP/1.1" 200 5659
INFO: "GET /static/main/images/OC_white_logo.png HTTP/1.1" 304 0
INFO: "GET /canteen_dashboard HTTP/1.1" 200 6004
INFO: "GET /canteen_dashboard HTTP/1.1" 200 6004
INFO: "GET /api/dashboard-data/ HTTP/1.1" 200 67
INFO: "GET /api/dashboard-data/ HTTP/1.1" 200 67
INFO: "GET /api/dashboard-data/ HTTP/1.1" 200 67
INFO: "GET /api/dashboard-data/ HTTP/1.1" 200 67
INFO: "GET /api/dashboard-data/ HTTP/1.1" 200 67
INFO: "GET /api/dashboard-data/ HTTP/1.1" 200 67
INFO: "GET /api/dashboard-data/ HTTP/1.1" 200 67
INFO: "GET /api/dashboard-data/ HTTP/1.1" 200 67
INFO: "GET /api/dashboard-data/ HTTP/1.1" 200 67
INFO: "GET /api/dashboard-data/ HTTP/1.1" 200 67
INFO: "GET /api/dashboard-data/ HTTP/1.1" 200 67
INFO: "GET /api/dashboard-data/ HTTP/1.1" 200 67
INFO: "GET / HTTP/1.1" 200 5216
INFO: "GET /static/main/images/OC_white_logo.png HTTP/1.1" 304 0
INFO: User 'ocadmin' logged in successfully.
INFO: "POST / HTTP/1.1" 302 0
INFO: User 'ocadmin' accessed index page.
INFO: "GET /indexpage/ HTTP/1.1" 200 24122
WARNING: "GET /static/main/webfonts/fa-solid-900.woff2 HTTP/1.1" 404 179
WARNING: "GET /static/main/webfonts/fa-solid-900.ttf HTTP/1.1" 404 179
INFO: "GET /attendance/summary/ HTTP/1.1" 200 26254
WARNING: "GET /static/main/webfonts/fa-solid-900.woff2 HTTP/1.1" 404 179
WARNING: "GET /static/main/webfonts/fa-solid-900.ttf HTTP/1.1" 404 179
INFO: "GET /daily-check-in-summary/ HTTP/1.1" 200 9621
INFO: "GET /late-early-go-summary/ HTTP/1.1" 200 5218
INFO: "GET /on-duty-request-summary/ HTTP/1.1" 200 6510
WARNING: "GET /__reload__/events/ HTTP/1.1" 404 179
WARNING: "GET /__reload__/events/ HTTP/1.1" 404 179
WARNING: "GET /__reload__/events/ HTTP/1.1" 404 179
WARNING: "GET /__reload__/events/ HTTP/1.1" 404 179
WARNING: "GET /__reload__/events/ HTTP/1.1" 404 179
WARNING: "GET /__reload__/events/ HTTP/1.1" 404 179
WARNING: "GET /__reload__/events/ HTTP/1.1" 404 179
WARNING: "GET /__reload__/events/ HTTP/1.1" 404 179
WARNING: "GET /__reload__/events/ HTTP/1.1" 404 179
WARNING: "GET /__reload__/events/ HTTP/1.1" 404 179
INFO: L:\oneSource_Live\oneSource\HR\urls.py changed, reloading.
INFO: Watching for file changes with StatReloader
INFO: User 'ocadmin' tried to access login page but is already authenticated.
INFO: "GET / HTTP/1.1" 302 0
INFO: User 'ocadmin' accessed index page.
INFO: "GET /indexpage/ HTTP/1.1" 200 23713
WARNING: "GET /static/main/webfonts/fa-solid-900.woff2 HTTP/1.1" 404 179
WARNING: "GET /static/main/webfonts/fa-solid-900.ttf HTTP/1.1" 404 179
INFO: "GET /attendance/summary/ HTTP/1.1" 200 26254
WARNING: "GET /static/main/webfonts/fa-solid-900.woff2 HTTP/1.1" 404 179
WARNING: "GET /static/main/webfonts/fa-solid-900.ttf HTTP/1.1" 404 179
INFO: "GET /daily-check-in-summary/ HTTP/1.1" 200 9621
INFO: "GET /late-early-go-summary/ HTTP/1.1" 200 5520
INFO: "GET /on-duty-request-summary/ HTTP/1.1" 200 7028
INFO: "GET /on-duty-request-detail/Approved/?month=4&year=2025&company=&branch=&request_status= HTTP/1.1" 200 50922
INFO: "GET /on-duty-request-summary/ HTTP/1.1" 200 7028
INFO: "GET /on-duty-request-summary/ HTTP/1.1" 200 7004
INFO: "GET /late-early-go-summary/ HTTP/1.1" 200 5520
INFO: "GET /daily-check-in-summary/ HTTP/1.1" 200 9621
INFO: "GET /on-duty-request-summary/ HTTP/1.1" 200 7004
INFO: "GET /attendance/regulation/summary/ HTTP/1.1" 200 6485
INFO: "GET /late-early-go-summary/ HTTP/1.1" 200 5520
INFO: "GET /on-duty-request-summary/ HTTP/1.1" 200 7004
INFO: "GET /on-duty-request-detail/Approved/?month=4&year=2025&company=&branch=&request_status= HTTP/1.1" 200 50898
WARNING: "GET /__reload__/events/ HTTP/1.1" 404 179
WARNING: "GET /__reload__/events/ HTTP/1.1" 404 179
WARNING: "GET /__reload__/events/ HTTP/1.1" 404 179
INFO: "GET /on-duty-request-detail/Approved/?month=4&year=2025&company=&branch=&request_status= HTTP/1.1" 200 55074
INFO: "GET /on-duty-request-detail/Approved/?month=4&year=2025&company=&branch=&request_status= HTTP/1.1" 200 55074
WARNING: "GET /__reload__/events/ HTTP/1.1" 404 179
WARNING: "GET /__reload__/events/ HTTP/1.1" 404 179
WARNING: "GET /__reload__/events/ HTTP/1.1" 404 179
WARNING: "GET /__reload__/events/ HTTP/1.1" 404 179
WARNING: "GET /__reload__/events/ HTTP/1.1" 404 179
WARNING: "GET /__reload__/events/ HTTP/1.1" 404 179
WARNING: "GET /__reload__/events/ HTTP/1.1" 404 179
WARNING: "GET /__reload__/events/ HTTP/1.1" 404 179
WARNING: "GET /__reload__/events/ HTTP/1.1" 404 179
WARNING: "GET /__reload__/events/ HTTP/1.1" 404 179
INFO: L:\oneSource_Live\oneSource\oneSource\settings.py changed, reloading.
INFO: Watching for file changes with StatReloader
INFO: User 'ocadmin' tried to access login page but is already authenticated.
INFO: "GET / HTTP/1.1" 302 0
INFO: User 'ocadmin' accessed index page.
INFO: "GET /indexpage/ HTTP/1.1" 200 23713
WARNING: "GET /static/main/webfonts/fa-solid-900.woff2 HTTP/1.1" 404 179
WARNING: "GET /static/main/webfonts/fa-solid-900.ttf HTTP/1.1" 404 179
INFO: "GET /admin/ HTTP/1.1" 200 47671
WARNING: "GET /static/vendor/fontawesome-free/css/all.min.css HTTP/1.1" 404 179
WARNING: "GET /static/vendor/adminlte/css/adminlte.min.css HTTP/1.1" 404 179
WARNING: "GET /static/vendor/bootstrap/js/bootstrap.min.js HTTP/1.1" 404 179
WARNING: "GET /static/vendor/adminlte/img/AdminLTELogo.png HTTP/1.1" 404 179
WARNING: "GET /static/vendor/adminlte/js/adminlte.min.js HTTP/1.1" 404 179
WARNING: "GET /static/jazzmin/css/main.css HTTP/1.1" 404 179
WARNING: "GET /static/jazzmin/js/main.js HTTP/1.1" 404 179
WARNING: "GET /static/vendor/adminlte/img/AdminLTELogo.png HTTP/1.1" 404 179
INFO: "GET /admin/ HTTP/1.1" 200 47671
WARNING: "GET /static/vendor/fontawesome-free/css/all.min.css HTTP/1.1" 404 179
WARNING: "GET /static/jazzmin/css/main.css HTTP/1.1" 404 179
WARNING: "GET /static/vendor/adminlte/img/AdminLTELogo.png HTTP/1.1" 404 179
WARNING: "GET /static/vendor/adminlte/css/adminlte.min.css HTTP/1.1" 404 179
WARNING: "GET /static/vendor/adminlte/js/adminlte.min.js HTTP/1.1" 404 179
WARNING: "GET /static/vendor/bootstrap/js/bootstrap.min.js HTTP/1.1" 404 179
WARNING: "GET /static/jazzmin/js/main.js HTTP/1.1" 404 179
INFO: - Broken pipe from ('192.168.1.253', 65252)
INFO: L:\oneSource_Live\oneSource\oneSource\settings.py changed, reloading.
INFO: Watching for file changes with StatReloader
INFO: User 'ocadmin' tried to access login page but is already authenticated.
INFO: "GET / HTTP/1.1" 302 0
INFO: User 'ocadmin' accessed index page.
INFO: "GET /indexpage/ HTTP/1.1" 200 23713
WARNING: "GET /static/main/webfonts/fa-solid-900.woff2 HTTP/1.1" 404 179
WARNING: "GET /static/main/webfonts/fa-solid-900.ttf HTTP/1.1" 404 179
INFO: "GET /admin/ HTTP/1.1" 200 17634
WARNING: "GET /__reload__/events/ HTTP/1.1" 404 179
WARNING: "GET /__reload__/events/ HTTP/1.1" 404 179
WARNING: "GET /__reload__/events/ HTTP/1.1" 404 179
INFO: User 'ocadmin' tried to access login page but is already authenticated.
INFO: "GET / HTTP/1.1" 302 0
INFO: User 'ocadmin' accessed index page.
INFO: "GET /indexpage/ HTTP/1.1" 200 23713
WARNING: "GET /static/main/webfonts/fa-solid-900.woff2 HTTP/1.1" 404 179
WARNING: "GET /static/main/webfonts/fa-solid-900.ttf HTTP/1.1" 404 179
INFO: Vehicle list viewed by ocadmin with filters: {'reporting_date': '', 'name_of_supplier': '', 'material': '', 'name_of_transporter': '', 'status': ''}
INFO: "GET /vehicle_list/ HTTP/1.1" 200 40225
WARNING: "GET /static/main/webfonts/fa-solid-900.woff2 HTTP/1.1" 404 179
WARNING: "GET /static/main/webfonts/fa-solid-900.ttf HTTP/1.1" 404 179
WARNING: "GET /__reload__/events/ HTTP/1.1" 404 179
WARNING: "GET /__reload__/events/ HTTP/1.1" 404 179
WARNING: "GET /__reload__/events/ HTTP/1.1" 404 179
WARNING: "GET /__reload__/events/ HTTP/1.1" 404 179
WARNING: "GET /__reload__/events/ HTTP/1.1" 404 179
WARNING: "GET /__reload__/events/ HTTP/1.1" 404 179
WARNING: "GET /__reload__/events/ HTTP/1.1" 404 179
WARNING: "GET /__reload__/events/ HTTP/1.1" 404 179
WARNING: "GET /__reload__/events/ HTTP/1.1" 404 179
INFO: User 'ocadmin' tried to access login page but is already authenticated.
INFO: "GET / HTTP/1.1" 302 0
INFO: User 'ocadmin' accessed index page.
INFO: "GET /indexpage/ HTTP/1.1" 200 23713
WARNING: "GET /static/main/webfonts/fa-solid-900.woff2 HTTP/1.1" 404 179
WARNING: "GET /static/main/webfonts/fa-solid-900.ttf HTTP/1.1" 404 179
INFO: "GET /admin/ HTTP/1.1" 200 17634
INFO: "GET /admin/HR/dailyattendance/ HTTP/1.1" 200 183082
INFO: "GET /static/admin/js/vendor/jquery/jquery.min.js HTTP/1.1" 304 0
INFO: "GET /static/admin/js/vendor/xregexp/xregexp.min.js HTTP/1.1" 304 0
INFO: "GET /admin/jsi18n/ HTTP/1.1" 200 3342
INFO: "GET /admin/HR/dailyattendance/import/ HTTP/1.1" 200 13953
INFO: "GET /admin/jsi18n/ HTTP/1.1" 200 3342
INFO: "POST /admin/HR/dailyattendance/import/ HTTP/1.1" 200 858376
INFO: "GET /admin/jsi18n/ HTTP/1.1" 200 3342
INFO: "POST /admin/HR/dailyattendance/process_import/ HTTP/1.1" 302 0
INFO: "GET /admin/HR/dailyattendance/ HTTP/1.1" 200 183363
INFO: "GET /admin/jsi18n/ HTTP/1.1" 200 3342
INFO: "GET /admin/HR/late_early_go/ HTTP/1.1" 200 13572
INFO: "GET /admin/jsi18n/ HTTP/1.1" 200 3342
INFO: "GET /admin/HR/late_early_go/import/ HTTP/1.1" 200 13760
INFO: "GET /admin/jsi18n/ HTTP/1.1" 200 3342
INFO: "POST /admin/HR/late_early_go/import/ HTTP/1.1" 200 286264
INFO: "GET /admin/jsi18n/ HTTP/1.1" 200 3342
INFO: "POST /admin/HR/late_early_go/process_import/ HTTP/1.1" 302 0
INFO: "GET /admin/HR/late_early_go/ HTTP/1.1" 200 106676
INFO: "GET /admin/jsi18n/ HTTP/1.1" 200 3342
INFO: "GET /admin/HR/dailycheckin/ HTTP/1.1" 200 111284
INFO: "GET /static/admin/js/vendor/jquery/jquery.min.js HTTP/1.1" 304 0
INFO: "GET /static/admin/js/vendor/xregexp/xregexp.min.js HTTP/1.1" 304 0
INFO: "GET /admin/jsi18n/ HTTP/1.1" 200 3342
INFO: "GET /admin/HR/dailycheckin/import/ HTTP/1.1" 200 13769
INFO: "GET /admin/jsi18n/ HTTP/1.1" 200 3342
INFO: "POST /admin/HR/dailycheckin/import/ HTTP/1.1" 200 482141
INFO: "GET /admin/jsi18n/ HTTP/1.1" 200 3342
INFO: "POST /admin/HR/dailycheckin/process_import/ HTTP/1.1" 302 0
INFO: "GET /admin/HR/dailycheckin/ HTTP/1.1" 200 112391
INFO: "GET /admin/jsi18n/ HTTP/1.1" 200 3342
INFO: "GET /admin/HR/on_duty_request/ HTTP/1.1" 200 59773
INFO: "GET /admin/jsi18n/ HTTP/1.1" 200 3342
INFO: "GET /admin/HR/on_duty_request/import/ HTTP/1.1" 200 13988
INFO: "GET /admin/jsi18n/ HTTP/1.1" 200 3342
INFO: "POST /admin/HR/on_duty_request/import/ HTTP/1.1" 200 152497
INFO: "GET /admin/jsi18n/ HTTP/1.1" 200 3342
INFO: "POST /admin/HR/on_duty_request/process_import/ HTTP/1.1" 302 0
INFO: "GET /admin/HR/on_duty_request/ HTTP/1.1" 200 66148
INFO: "GET /static/admin/js/vendor/xregexp/xregexp.min.js HTTP/1.1" 304 0
INFO: "GET /static/admin/js/vendor/jquery/jquery.min.js HTTP/1.1" 304 0
INFO: "GET /admin/jsi18n/ HTTP/1.1" 200 3342
INFO: "GET /admin/HR/on_duty_request/117/change/ HTTP/1.1" 200 33166
INFO: "GET /admin/jsi18n/ HTTP/1.1" 200 3342
INFO: "GET /admin/HR/on_duty_request/ HTTP/1.1" 200 65963
INFO: "GET /static/admin/js/vendor/jquery/jquery.min.js HTTP/1.1" 304 0
INFO: "GET /static/admin/js/vendor/xregexp/xregexp.min.js HTTP/1.1" 304 0
INFO: "GET /admin/jsi18n/ HTTP/1.1" 200 3342
INFO: User 'ocadmin' tried to access login page but is already authenticated.
INFO: "GET / HTTP/1.1" 302 0
INFO: User 'ocadmin' accessed index page.
INFO: "GET /indexpage/ HTTP/1.1" 200 23713
WARNING: "GET /static/main/webfonts/fa-solid-900.woff2 HTTP/1.1" 404 179
WARNING: "GET /static/main/webfonts/fa-solid-900.ttf HTTP/1.1" 404 179
INFO: "GET /attendance/summary/ HTTP/1.1" 200 26254
WARNING: "GET /static/main/webfonts/fa-solid-900.woff2 HTTP/1.1" 404 179
WARNING: "GET /static/main/webfonts/fa-solid-900.ttf HTTP/1.1" 404 179
INFO: "GET /daily-check-in-summary/ HTTP/1.1" 200 10151
INFO: "GET /check-in-status/No/?from_date=2025-04-18&to_date=2025-04-18 HTTP/1.1" 200 129236
INFO: "GET /attendance/summary/ HTTP/1.1" 200 26254
WARNING: "GET /static/main/webfonts/fa-solid-900.woff2 HTTP/1.1" 404 179
WARNING: "GET /static/main/webfonts/fa-solid-900.ttf HTTP/1.1" 404 179
INFO: "GET /daily-check-in-summary/ HTTP/1.1" 200 10151
INFO: "GET /late-early-go-summary/ HTTP/1.1" 200 7876
INFO: "GET /on-duty-request-summary/ HTTP/1.1" 200 7004
INFO: "GET /attendance/summary/ HTTP/1.1" 200 26254
WARNING: "GET /static/main/webfonts/fa-solid-900.woff2 HTTP/1.1" 404 179
WARNING: "GET /static/main/webfonts/fa-solid-900.ttf HTTP/1.1" 404 179
WARNING: "GET /__reload__/events/ HTTP/1.1" 404 179
WARNING: "GET /__reload__/events/ HTTP/1.1" 404 179
WARNING: "GET /__reload__/events/ HTTP/1.1" 404 179
INFO: "GET /admin/ HTTP/1.1" 200 17680
INFO: "POST /admin/logout/ HTTP/1.1" 302 0
INFO: "GET / HTTP/1.1" 200 5216
INFO: "GET /static/main/images/OC_white_logo.png HTTP/1.1" 304 0
INFO: User 'anand.k' logged in successfully.
INFO: "POST / HTTP/1.1" 302 0
INFO: User 'anand.k' accessed index page.
INFO: "GET /indexpage/ HTTP/1.1" 200 9640
WARNING: "GET /static/main/webfonts/fa-solid-900.woff2 HTTP/1.1" 404 179
WARNING: "GET /static/main/webfonts/fa-solid-900.ttf HTTP/1.1" 404 179
WARNING: "GET /__reload__/events/ HTTP/1.1" 404 179
INFO: "GET /attendance/summary/ HTTP/1.1" 200 17396
WARNING: "GET /static/main/webfonts/fa-solid-900.woff2 HTTP/1.1" 404 179
WARNING: "GET /static/main/webfonts/fa-solid-900.ttf HTTP/1.1" 404 179
WARNING: "GET /__reload__/events/ HTTP/1.1" 404 179
INFO: "GET /daily-check-in-summary/ HTTP/1.1" 200 10151
WARNING: "GET /__reload__/events/ HTTP/1.1" 404 179
INFO: "GET /attendance/summary/ HTTP/1.1" 200 17396
WARNING: "GET /static/main/webfonts/fa-solid-900.woff2 HTTP/1.1" 404 179
WARNING: "GET /static/main/webfonts/fa-solid-900.ttf HTTP/1.1" 404 179
WARNING: "GET /__reload__/events/ HTTP/1.1" 404 179
INFO: "GET /daily-check-in-summary/ HTTP/1.1" 200 10151
INFO: "GET /on-duty-request-summary/ HTTP/1.1" 200 7004
INFO: "GET /late-early-go-summary/ HTTP/1.1" 200 7876
INFO: "GET /attendance/regulation/summary/ HTTP/1.1" 200 6485
INFO: "GET /attendance/regulation/summary/ HTTP/1.1" 200 6485
INFO: "GET /attendance/regulation/summary/ HTTP/1.1" 200 6485
INFO: "GET /on-duty-request-summary/ HTTP/1.1" 200 7004
INFO: "GET /on-duty-request-summary/ HTTP/1.1" 200 7004
INFO: "GET /on-duty-request-summary/ HTTP/1.1" 200 7004
WARNING: "GET /__reload__/events/ HTTP/1.1" 404 179
INFO: "GET /on-duty-request-summary/ HTTP/1.1" 200 7004
INFO: "GET /attendance/summary/ HTTP/1.1" 200 17396
WARNING: "GET /static/main/webfonts/fa-solid-900.woff2 HTTP/1.1" 404 179
WARNING: "GET /static/main/webfonts/fa-solid-900.ttf HTTP/1.1" 404 179
WARNING: "GET /__reload__/events/ HTTP/1.1" 404 179
INFO: "GET /view_hr_records/ HTTP/1.1" 200 16068
WARNING: "GET /static/main/webfonts/fa-solid-900.woff2 HTTP/1.1" 404 179
WARNING: "GET /static/main/webfonts/fa-solid-900.ttf HTTP/1.1" 404 179
WARNING: "GET /__reload__/events/ HTTP/1.1" 404 179
INFO: "GET /create_hr/ HTTP/1.1" 302 0
INFO: User 'anand.k' accessed index page.
INFO: "GET /indexpage/ HTTP/1.1" 200 9662
WARNING: "GET /static/main/webfonts/fa-solid-900.woff2 HTTP/1.1" 404 179
WARNING: "GET /static/main/webfonts/fa-solid-900.ttf HTTP/1.1" 404 179
WARNING: "GET /__reload__/events/ HTTP/1.1" 404 179
INFO: "GET /create_hr/ HTTP/1.1" 302 0
INFO: User 'anand.k' accessed index page.
INFO: "GET /indexpage/ HTTP/1.1" 200 9662
WARNING: "GET /static/main/webfonts/fa-solid-900.woff2 HTTP/1.1" 404 179
WARNING: "GET /static/main/webfonts/fa-solid-900.ttf HTTP/1.1" 404 179
INFO: "GET /admin/ HTTP/1.1" 200 7272
INFO: "GET /admin/CANTEEN/employee/ HTTP/1.1" 200 39325
INFO: "GET /static/admin/js/vendor/jquery/jquery.min.js HTTP/1.1" 304 0
INFO: "GET /static/admin/js/vendor/xregexp/xregexp.min.js HTTP/1.1" 304 0
INFO: "GET /admin/CANTEEN/shift/ HTTP/1.1" 200 12285
INFO: User 'anand.k' tried to access login page but is already authenticated.
INFO: "GET / HTTP/1.1" 302 0
INFO: User 'anand.k' accessed index page.
INFO: "GET /indexpage/ HTTP/1.1" 200 9231
WARNING: "GET /static/main/webfonts/fa-solid-900.woff2 HTTP/1.1" 404 179
WARNING: "GET /static/main/webfonts/fa-solid-900.ttf HTTP/1.1" 404 179
INFO: "GET /canteen_dashboard HTTP/1.1" 200 6004
INFO: User 'anand.k' logged out.
INFO: "GET /userlogout/ HTTP/1.1" 302 0
INFO: "GET / HTTP/1.1" 200 5659
INFO: "GET /static/main/images/OC_white_logo.png HTTP/1.1" 304 0
INFO: User 'ocadmin' logged in successfully.
INFO: "POST / HTTP/1.1" 302 0
INFO: User 'ocadmin' accessed index page.
INFO: "GET /indexpage/ HTTP/1.1" 200 24122
WARNING: "GET /static/main/webfonts/fa-solid-900.woff2 HTTP/1.1" 404 179
WARNING: "GET /static/main/webfonts/fa-solid-900.ttf HTTP/1.1" 404 179
INFO: "GET /admin/ HTTP/1.1" 200 17680
INFO: "GET /admin/auth/user/ HTTP/1.1" 200 24927
INFO: "GET /static/admin/js/vendor/jquery/jquery.min.js HTTP/1.1" 304 0
INFO: "GET /static/admin/js/vendor/xregexp/xregexp.min.js HTTP/1.1" 304 0
INFO: "GET /admin/jsi18n/ HTTP/1.1" 200 3342
INFO: "GET /admin/auth/user/16/change/ HTTP/1.1" 200 32812
INFO: "GET /admin/jsi18n/ HTTP/1.1" 200 3342
WARNING: "GET /__reload__/events/ HTTP/1.1" 404 179
WARNING: "GET /__reload__/events/ HTTP/1.1" 404 179
WARNING: "GET /__reload__/events/ HTTP/1.1" 404 179
WARNING: "GET /__reload__/events/ HTTP/1.1" 404 179
WARNING: "GET /__reload__/events/ HTTP/1.1" 404 179
WARNING: "GET /__reload__/events/ HTTP/1.1" 404 179
INFO: "POST /admin/auth/user/16/change/ HTTP/1.1" 302 0
INFO: "GET /admin/auth/user/ HTTP/1.1" 200 25123
INFO: "GET /static/admin/js/vendor/jquery/jquery.min.js HTTP/1.1" 304 0
INFO: "GET /static/admin/js/vendor/xregexp/xregexp.min.js HTTP/1.1" 304 0
INFO: "GET /admin/jsi18n/ HTTP/1.1" 200 3342
INFO: "GET /admin/auth/user/17/change/ HTTP/1.1" 200 32783
INFO: "GET /admin/jsi18n/ HTTP/1.1" 200 3342
INFO: "POST /admin/auth/user/17/change/ HTTP/1.1" 302 0
INFO: "GET /admin/auth/user/ HTTP/1.1" 200 25125
INFO: "GET /static/admin/js/vendor/jquery/jquery.min.js HTTP/1.1" 304 0
INFO: "GET /static/admin/js/vendor/xregexp/xregexp.min.js HTTP/1.1" 304 0
INFO: "GET /admin/jsi18n/ HTTP/1.1" 200 3342
INFO: "POST /admin/logout/ HTTP/1.1" 302 0
INFO: "GET / HTTP/1.1" 200 5216
INFO: "GET /static/main/images/OC_white_logo.png HTTP/1.1" 304 0
INFO: User 'vitthal.t' logged in successfully.
INFO: "POST / HTTP/1.1" 302 0
INFO: User 'vitthal.t' accessed index page.
INFO: "GET /indexpage/ HTTP/1.1" 200 9642
INFO: "GET /static/main/css/navbar.css HTTP/1.1" 200 380
INFO: "GET /static/main/js/navbar.js HTTP/1.1" 200 516
WARNING: "GET /static/main/webfonts/fa-solid-900.woff2 HTTP/1.1" 404 179
WARNING: "GET /static/main/webfonts/fa-solid-900.ttf HTTP/1.1" 404 179
INFO: "GET /attendance/summary/ HTTP/1.1" 200 17398
WARNING: "GET /static/main/webfonts/fa-solid-900.woff2 HTTP/1.1" 404 179
WARNING: "GET /static/main/webfonts/fa-solid-900.ttf HTTP/1.1" 404 179
INFO: "GET /daily-check-in-summary/ HTTP/1.1" 200 10151
INFO: "GET /attendance/summary/ HTTP/1.1" 200 17398
WARNING: "GET /static/main/webfonts/fa-solid-900.woff2 HTTP/1.1" 404 179
WARNING: "GET /static/main/webfonts/fa-solid-900.ttf HTTP/1.1" 404 179
INFO: "GET /attendance/summary/?start_date=2025-04-16&end_date=2025-04-18&company=&branch=&department=&shift_code= HTTP/1.1" 200 20938
WARNING: "GET /static/main/webfonts/fa-solid-900.woff2 HTTP/1.1" 404 179
WARNING: "GET /static/main/webfonts/fa-solid-900.ttf HTTP/1.1" 404 179
INFO: User 'vitthal.t' logged out.
INFO: "GET /userlogout/ HTTP/1.1" 302 0
INFO: "GET / HTTP/1.1" 200 5659
INFO: "GET /static/main/images/OC_white_logo.png HTTP/1.1" 304 0
WARNING: "GET /__reload__/events/ HTTP/1.1" 404 179
WARNING: "GET /__reload__/events/ HTTP/1.1" 404 179
WARNING: "GET /__reload__/events/ HTTP/1.1" 404 179
WARNING: "GET /__reload__/events/ HTTP/1.1" 404 179
INFO: "GET / HTTP/1.1" 200 5216
INFO: "GET /static/main/images/OC_white_logo.png HTTP/1.1" 304 0
WARNING: "GET /__reload__/events/ HTTP/1.1" 404 179
WARNING: "GET /__reload__/events/ HTTP/1.1" 404 179
WARNING: "GET /__reload__/events/ HTTP/1.1" 404 179
INFO: User 'smruti.s' logged in successfully.
INFO: "POST / HTTP/1.1" 302 0
INFO: User 'smruti.s' accessed index page.
INFO: "GET /indexpage/ HTTP/1.1" 200 9641
INFO: "GET /static/main/css/navbar.css HTTP/1.1" 304 0
INFO: "GET /static/main/js/navbar.js HTTP/1.1" 304 0
WARNING: "GET /static/main/webfonts/fa-solid-900.woff2 HTTP/1.1" 404 179
WARNING: "GET /static/main/webfonts/fa-solid-900.ttf HTTP/1.1" 404 179
INFO: "GET /attendance/summary/ HTTP/1.1" 200 17397
WARNING: "GET /static/main/webfonts/fa-solid-900.woff2 HTTP/1.1" 404 179
WARNING: "GET /static/main/webfonts/fa-solid-900.ttf HTTP/1.1" 404 179
WARNING: "GET /__reload__/events/ HTTP/1.1" 404 179
INFO: "GET /daily-check-in-summary/ HTTP/1.1" 200 10151
INFO: "GET /daily-check-in-summary/ HTTP/1.1" 200 10151
INFO: "GET /on-duty-request-summary/ HTTP/1.1" 200 7004
WARNING: "GET /__reload__/events/ HTTP/1.1" 404 179
INFO: "GET /late-early-go-summary/ HTTP/1.1" 200 7876
INFO: "GET /daily-check-in-summary/ HTTP/1.1" 200 10151
WARNING: "GET /__reload__/events/ HTTP/1.1" 404 179
INFO: "GET /late-early-go-summary/ HTTP/1.1" 200 7876
INFO: "GET /on-duty-request-summary/ HTTP/1.1" 200 7004
INFO: "GET /attendance/regulation/summary/ HTTP/1.1" 200 6485
INFO: "GET /attendance/regulation/summary/?month=2&year=2025&date=&company=&branch=&department= HTTP/1.1" 200 6481
INFO: "GET /attendance/regulation/summary/?month=2&year=2025&date=&company=&branch=&department= HTTP/1.1" 200 6481
INFO: "GET /attendance/regulation/summary/?month=1&year=2025&date=&company=&branch=&department= HTTP/1.1" 200 6481
INFO: "GET /attendance/regulation/summary/?month=3&year=2025&date=&company=&branch=&department= HTTP/1.1" 200 6481
INFO: "GET /attendance/regulation/summary/ HTTP/1.1" 200 6485
INFO: "GET /attendance/summary/ HTTP/1.1" 200 17397
WARNING: "GET /static/main/webfonts/fa-solid-900.woff2 HTTP/1.1" 404 179
WARNING: "GET /static/main/webfonts/fa-solid-900.ttf HTTP/1.1" 404 179
INFO: User 'smruti.s' logged out.
INFO: "GET /userlogout/ HTTP/1.1" 302 0
INFO: "GET / HTTP/1.1" 200 5659
INFO: "GET /static/main/images/OC_white_logo.png HTTP/1.1" 304 0
INFO: "GET / HTTP/1.1" 200 5216
INFO: "GET /static/main/images/OC_white_logo.png HTTP/1.1" 304 0
INFO: User 'ocadmin' logged in successfully.
INFO: "POST / HTTP/1.1" 302 0
INFO: User 'ocadmin' accessed index page.
INFO: "GET /indexpage/ HTTP/1.1" 200 24122
INFO: "GET /static/main/css/navbar.css HTTP/1.1" 304 0
INFO: "GET /static/main/js/navbar.js HTTP/1.1" 304 0
WARNING: "GET /static/main/webfonts/fa-solid-900.woff2 HTTP/1.1" 404 179
WARNING: "GET /static/main/webfonts/fa-solid-900.ttf HTTP/1.1" 404 179
INFO: Vehicle list viewed by ocadmin with filters: {'reporting_date': '', 'name_of_supplier': '', 'material': '', 'name_of_transporter': '', 'status': ''}
INFO: "GET /vehicle_list/ HTTP/1.1" 200 40225
WARNING: "GET /static/main/webfonts/fa-solid-900.woff2 HTTP/1.1" 404 179
WARNING: "GET /static/main/webfonts/fa-solid-900.ttf HTTP/1.1" 404 179
INFO: Vehicle list viewed by ocadmin with filters: {'reporting_date': '', 'name_of_supplier': '', 'material': '', 'name_of_transporter': '', 'status': ''}
INFO: "GET /vehicle_list/ HTTP/1.1" 200 40243
INFO: "GET /static/main/css/navbar.css HTTP/1.1" 304 0
INFO: "GET /static/main/js/navbar.js HTTP/1.1" 304 0
WARNING: "GET /static/main/webfonts/fa-solid-900.woff2 HTTP/1.1" 404 179
WARNING: "GET /static/main/webfonts/fa-solid-900.ttf HTTP/1.1" 404 179
INFO: Vehicle list viewed by ocadmin with filters: {'reporting_date': '', 'name_of_supplier': '', 'material': '', 'name_of_transporter': '', 'status': ''}
INFO: "GET /vehicle_list/ HTTP/1.1" 200 40243
WARNING: "GET /static/main/webfonts/fa-solid-900.woff2 HTTP/1.1" 404 179
WARNING: "GET /static/main/webfonts/fa-solid-900.ttf HTTP/1.1" 404 179
INFO: Vehicle list viewed by ocadmin with filters: {'reporting_date': '', 'name_of_supplier': '', 'material': '', 'name_of_transporter': '', 'status': ''}
INFO: "GET /vehicle_list/ HTTP/1.1" 200 40243
WARNING: "GET /static/main/webfonts/fa-solid-900.woff2 HTTP/1.1" 404 179
WARNING: "GET /static/main/webfonts/fa-solid-900.ttf HTTP/1.1" 404 179
INFO: Vehicle list viewed by ocadmin with filters: {'reporting_date': '', 'name_of_supplier': '', 'material': '', 'name_of_transporter': '', 'status': ''}
INFO: "GET /vehicle_list/ HTTP/1.1" 200 40423
WARNING: "GET /static/main/webfonts/fa-solid-900.woff2 HTTP/1.1" 404 179
WARNING: "GET /static/main/webfonts/fa-solid-900.ttf HTTP/1.1" 404 179
INFO: "GET /add_vehicle/ HTTP/1.1" 200 14119
INFO: "GET /static/main/css/main.css HTTP/1.1" 200 0
INFO: "GET /static/main/css/navbar.css HTTP/1.1" 200 380
INFO: "GET /static/main/js/navbar.js HTTP/1.1" 200 516
WARNING: "GET /static/main/webfonts/fa-solid-900.woff2 HTTP/1.1" 404 179
WARNING: "GET /static/main/webfonts/fa-solid-900.ttf HTTP/1.1" 404 179
INFO: Found 1376 suppliers for search ''
INFO: "GET /search_supplier/ HTTP/1.1" 200 112196
INFO: Found 762 suppliers for search 'M'
INFO: "GET /search_supplier/?term=M HTTP/1.1" 200 63734
INFO: Found 0 suppliers for search 'M J'
INFO: "GET /search_supplier/?term=M%20J HTTP/1.1" 200 2
INFO: Found 1376 suppliers for search ''
INFO: "GET /search_supplier/?term= HTTP/1.1" 200 112196
INFO: Found 762 suppliers for search 'M'
INFO: "GET /search_supplier/?term=M HTTP/1.1" 200 63734
INFO: Found 5 suppliers for search 'M.'
INFO: "GET /search_supplier/?term=M. HTTP/1.1" 200 360
INFO: Found 0 suppliers for search 'M.J'
INFO: "GET /search_supplier/?term=M.J HTTP/1.1" 200 2
INFO: Found 5 suppliers for search 'M.'
INFO: "GET /search_supplier/?term=M. HTTP/1.1" 200 360
INFO: Found 7898 items for search ''
INFO: "GET /search_item/ HTTP/1.1" 200 876560
INFO: Found 6043 items for search 'T'
INFO: "GET /search_item/?term=T HTTP/1.1" 200 721834
INFO: Found 10 items for search 'TOLUENE'
INFO: "GET /search_item/?term=TOLUENE HTTP/1.1" 200 688
INFO: Found 10 items for search 'TOLUE'
INFO: "GET /search_item/?term=TOLUE HTTP/1.1" 200 688
INFO: Found 6043 items for search 'T'
INFO: "GET /search_item/?term=T HTTP/1.1" 200 721834
INFO: Found 7898 items for search ''
INFO: "GET /search_item/?term= HTTP/1.1" 200 876560
INFO: Found 17 items for search 'TOL'
INFO: "GET /search_item/?term=TOL HTTP/1.1" 200 1204
INFO: Found 7898 items for search ''
INFO: "GET /search_item/ HTTP/1.1" 200 876560
INFO: Found 7898 items for search ''
INFO: "GET /search_item/ HTTP/1.1" 200 876560
INFO: Found 11 items for search 'TOLU'
INFO: "GET /search_item/?term=TOLU HTTP/1.1" 200 758
INFO: Found 7898 items for search ''
INFO: "GET /search_item/ HTTP/1.1" 200 876560
INFO: Found 10 items for search 'TOLUENE'
INFO: "GET /search_item/?term=TOLUENE HTTP/1.1" 200 688
INFO: Found 11 items for search 'TOLU'
INFO: "GET /search_item/?term=TOLU HTTP/1.1" 200 758
INFO: Found 17 items for search 'TOL'
INFO: "GET /search_item/?term=TOL HTTP/1.1" 200 1204
INFO: Found 17 items for search 'TOL'
INFO: "GET /search_item/?term=TOL HTTP/1.1" 200 1204
INFO: Found 10 items for search 'TOLUENE'
INFO: "GET /search_item/?term=TOLUENE HTTP/1.1" 200 688
INFO: Found 17 items for search 'TOL'
INFO: "GET /search_item/?term=TOL HTTP/1.1" 200 1204
INFO: Found 10 items for search 'TOLUENE'
INFO: "GET /search_item/?term=TOLUENE HTTP/1.1" 200 688
INFO: Vehicle added by user: sudarshan.j
INFO: "POST /add_vehicle/ HTTP/1.1" 302 0
INFO: "GET /add_vehicle/ HTTP/1.1" 200 14704
INFO: "GET /static/main/css/main.css HTTP/1.1" 304 0
INFO: "GET /static/main/css/navbar.css HTTP/1.1" 304 0
INFO: "GET /static/main/js/navbar.js HTTP/1.1" 304 0
WARNING: "GET /static/main/webfonts/fa-solid-900.woff2 HTTP/1.1" 404 179
WARNING: "GET /static/main/webfonts/fa-solid-900.ttf HTTP/1.1" 404 179
INFO: Found 1376 suppliers for search ''
INFO: "GET /search_supplier/ HTTP/1.1" 200 112196
INFO: Found 0 suppliers for search 'LEI'
INFO: "GET /search_supplier/?term=LEI HTTP/1.1" 200 2
INFO: Found 90 suppliers for search 'LE'
INFO: "GET /search_supplier/?term=LE HTTP/1.1" 200 7724
INFO: Found 3 suppliers for search 'LEO'
INFO: "GET /search_supplier/?term=LEO HTTP/1.1" 200 200
INFO: Found 7898 items for search ''
INFO: "GET /search_item/ HTTP/1.1" 200 876560
INFO: Found 0 items for search 'POTASIIU'
INFO: "GET /search_item/?term=POTASIIU HTTP/1.1" 200 2
INFO: Found 0 items for search 'POTASIIUM'
INFO: "GET /search_item/?term=POTASIIUM HTTP/1.1" 200 2
INFO: Found 1 items for search 'POTASI'
INFO: "GET /search_item/?term=POTASI HTTP/1.1" 200 70
INFO: Found 24 items for search 'POTAS'
INFO: "GET /search_item/?term=POTAS HTTP/1.1" 200 1772
INFO: Found 24 items for search 'POTA'
INFO: "GET /search_item/?term=POTA HTTP/1.1" 200 1772
INFO: Found 4 items for search 'POTASSIUM CA'
INFO: "GET /search_item/?term=POTASSIUM%20CA HTTP/1.1" 200 308
INFO: Found 6 items for search 'POTASSIUM C'
INFO: "GET /search_item/?term=POTASSIUM%20C HTTP/1.1" 200 428
INFO: Found 24 items for search 'POTAS'
INFO: "GET /search_item/?term=POTAS HTTP/1.1" 200 1772
INFO: Found 22 items for search 'POTASSI'
INFO: "GET /search_item/?term=POTASSI HTTP/1.1" 200 1636
INFO: Found 22 items for search 'POTASS'
INFO: "GET /search_item/?term=POTASS HTTP/1.1" 200 1636
INFO: Vehicle added by user: sudarshan.j
INFO: "POST /add_vehicle/ HTTP/1.1" 302 0
INFO: "GET /add_vehicle/ HTTP/1.1" 200 14704
INFO: "GET /static/main/css/main.css HTTP/1.1" 304 0
INFO: "GET /static/main/css/navbar.css HTTP/1.1" 304 0
INFO: "GET /static/main/js/navbar.js HTTP/1.1" 304 0
WARNING: "GET /static/main/webfonts/fa-solid-900.woff2 HTTP/1.1" 404 179
WARNING: "GET /static/main/webfonts/fa-solid-900.ttf HTTP/1.1" 404 179
INFO: User 'sudarshan.j' tried to access login page but is already authenticated.
INFO: "GET / HTTP/1.1" 302 0
INFO: User 'sudarshan.j' accessed index page.
INFO: "GET /indexpage/ HTTP/1.1" 200 8667
WARNING: "GET /static/main/webfonts/fa-solid-900.woff2 HTTP/1.1" 404 179
WARNING: "GET /static/main/webfonts/fa-solid-900.ttf HTTP/1.1" 404 179
INFO: Vehicle list viewed by sudarshan.j with filters: {'reporting_date': '', 'name_of_supplier': '', 'material': '', 'name_of_transporter': '', 'status': ''}
INFO: "GET /vehicle_list/ HTTP/1.1" 200 25606
WARNING: "GET /static/main/webfonts/fa-solid-900.woff2 HTTP/1.1" 404 179
WARNING: "GET /static/main/webfonts/fa-solid-900.ttf HTTP/1.1" 404 179
INFO: Vehicle list viewed by sudarshan.j with filters: {'reporting_date': '', 'name_of_supplier': '', 'material': '', 'name_of_transporter': '', 'status': 'Pending'}
INFO: "GET /vehicle_list/?reporting_date=&name_of_supplier=&material=&name_of_transporter=&status=Pending HTTP/1.1" 200 18347
WARNING: "GET /static/main/webfonts/fa-solid-900.woff2 HTTP/1.1" 404 179
WARNING: "GET /static/main/webfonts/fa-solid-900.ttf HTTP/1.1" 404 179
INFO: Vehicle ID 10001 viewed by sudarshan.j
INFO: "GET /vehicle/view/10001/ HTTP/1.1" 200 8322
WARNING: "GET /static/main/webfonts/fa-solid-900.woff2 HTTP/1.1" 404 179
WARNING: "GET /static/main/webfonts/fa-solid-900.ttf HTTP/1.1" 404 179
INFO: "GET /vehicle/edit/10001/ HTTP/1.1" 200 14229
WARNING: "GET /static/main/webfonts/fa-solid-900.woff2 HTTP/1.1" 404 179
WARNING: "GET /static/main/webfonts/fa-solid-900.ttf HTTP/1.1" 404 179
INFO: Vehicle ID 10001 edited by sudarshan.j
INFO: "POST /vehicle/edit/10001/ HTTP/1.1" 302 0
INFO: Vehicle list viewed by sudarshan.j with filters: {'reporting_date': '', 'name_of_supplier': '', 'material': '', 'name_of_transporter': '', 'status': ''}
INFO: "GET /vehicle_list/ HTTP/1.1" 200 26189
INFO: "GET /static/main/css/main.css HTTP/1.1" 304 0
INFO: "GET /static/main/css/navbar.css HTTP/1.1" 304 0
INFO: "GET /static/main/js/navbar.js HTTP/1.1" 304 0
WARNING: "GET /static/main/webfonts/fa-solid-900.woff2 HTTP/1.1" 404 179
WARNING: "GET /static/main/webfonts/fa-solid-900.ttf HTTP/1.1" 404 179
INFO: Found 838 items for search 'TO'
INFO: "GET /search_item/?term=TO HTTP/1.1" 200 110162
INFO: Found 838 items for search 'TO'
INFO: "GET /search_item/?term=TO HTTP/1.1" 200 110162
INFO: Found 838 items for search 'TO'
INFO: "GET /search_item/?term=TO HTTP/1.1" 200 110162
INFO: User 'bhagavan.b' tried to access login page but is already authenticated.
INFO: "GET / HTTP/1.1" 302 0
INFO: User 'bhagavan.b' accessed index page.
INFO: "GET /indexpage/ HTTP/1.1" 200 9666
INFO: "GET /static/main/css/navbar.css HTTP/1.1" 200 380
INFO: "GET /static/main/js/navbar.js HTTP/1.1" 200 516
WARNING: "GET /static/main/webfonts/fa-solid-900.woff2 HTTP/1.1" 404 179
WARNING: "GET /static/main/webfonts/fa-solid-900.ttf HTTP/1.1" 404 179
WARNING: "GET /favicon.ico HTTP/1.1" 404 179
INFO: User 'bhagavan.b' tried to access login page but is already authenticated.
INFO: "GET / HTTP/1.1" 302 0
INFO: User 'bhagavan.b' accessed index page.
INFO: "GET /indexpage/ HTTP/1.1" 200 9666
INFO: "GET /static/main/css/navbar.css HTTP/1.1" 304 0
INFO: "GET /static/main/js/navbar.js HTTP/1.1" 304 0
WARNING: "GET /static/main/webfonts/fa-solid-900.woff2 HTTP/1.1" 404 179
WARNING: "GET /static/main/webfonts/fa-solid-900.ttf HTTP/1.1" 404 179
INFO: "GET /add_leading_record/ HTTP/1.1" 200 21584
INFO: "GET /static/main/css/navbar.css HTTP/1.1" 304 0
INFO: "GET /static/leading/css/leading.css HTTP/1.1" 200 0
INFO: "GET /static/leading/js/leading.js HTTP/1.1" 200 994
INFO: "GET /static/main/js/navbar.js HTTP/1.1" 304 0
WARNING: "GET /static/main/webfonts/fa-solid-900.woff2 HTTP/1.1" 404 179
WARNING: "GET /static/main/webfonts/fa-solid-900.ttf HTTP/1.1" 404 179
INFO: "GET /view_leading/ HTTP/1.1" 200 30889
WARNING: "GET /static/main/webfonts/fa-solid-900.woff2 HTTP/1.1" 404 179
WARNING: "GET /static/main/webfonts/fa-solid-900.ttf HTTP/1.1" 404 179
INFO: "GET /leading/2213/detail/ HTTP/1.1" 200 10094
INFO: "GET /leading/2213/detail/ HTTP/1.1" 200 10094
WARNING: "GET /static/main/webfonts/fa-solid-900.woff2 HTTP/1.1" 404 179
WARNING: "GET /static/main/webfonts/fa-solid-900.ttf HTTP/1.1" 404 179
INFO: "GET /view_leading/ HTTP/1.1" 200 30889
WARNING: "GET /static/main/webfonts/fa-solid-900.woff2 HTTP/1.1" 404 179
WARNING: "GET /static/main/webfonts/fa-solid-900.ttf HTTP/1.1" 404 179
INFO: "GET /leading/2212/detail/ HTTP/1.1" 200 10141
INFO: "GET /leading/2212/detail/ HTTP/1.1" 200 10141
WARNING: "GET /static/main/webfonts/fa-solid-900.woff2 HTTP/1.1" 404 179
WARNING: "GET /static/main/webfonts/fa-solid-900.ttf HTTP/1.1" 404 179
INFO: "GET /view_leading/ HTTP/1.1" 200 30889
WARNING: "GET /static/main/webfonts/fa-solid-900.woff2 HTTP/1.1" 404 179
WARNING: "GET /static/main/webfonts/fa-solid-900.ttf HTTP/1.1" 404 179
INFO: "GET /leading/2213/detail/ HTTP/1.1" 200 10094
INFO: "GET /static/main/css/navbar.css HTTP/1.1" 304 0
INFO: "GET /static/main/js/navbar.js HTTP/1.1" 304 0
INFO: "GET /leading/2213/detail/ HTTP/1.1" 200 10094
WARNING: "GET /static/main/webfonts/fa-solid-900.woff2 HTTP/1.1" 404 179
WARNING: "GET /static/main/webfonts/fa-solid-900.ttf HTTP/1.1" 404 179
INFO: "GET /leading/2212/detail/ HTTP/1.1" 200 10141
INFO: "GET /leading/2212/detail/ HTTP/1.1" 200 10141
WARNING: "GET /static/main/webfonts/fa-solid-900.woff2 HTTP/1.1" 404 179
WARNING: "GET /static/main/webfonts/fa-solid-900.ttf HTTP/1.1" 404 179
INFO: "GET /view_leading/ HTTP/1.1" 200 30889
WARNING: "GET /static/main/webfonts/fa-solid-900.woff2 HTTP/1.1" 404 179
WARNING: "GET /static/main/webfonts/fa-solid-900.ttf HTTP/1.1" 404 179
INFO: "GET /add_leading_record/ HTTP/1.1" 200 21584
INFO: "GET /static/leading/css/leading.css HTTP/1.1" 304 0
INFO: "GET /static/leading/js/leading.js HTTP/1.1" 304 0
WARNING: "GET /static/main/webfonts/fa-solid-900.woff2 HTTP/1.1" 404 179
WARNING: "GET /static/main/webfonts/fa-solid-900.ttf HTTP/1.1" 404 179
INFO: "POST /add_leading_record/ HTTP/1.1" 302 0
INFO: "GET /add_leading_record/ HTTP/1.1" 200 22039
INFO: "GET /static/main/css/navbar.css HTTP/1.1" 304 0
INFO: "GET /static/leading/css/leading.css HTTP/1.1" 304 0
INFO: "GET /static/leading/js/leading.js HTTP/1.1" 304 0
INFO: "GET /static/main/js/navbar.js HTTP/1.1" 304 0
WARNING: "GET /static/main/webfonts/fa-solid-900.woff2 HTTP/1.1" 404 179
WARNING: "GET /static/main/webfonts/fa-solid-900.ttf HTTP/1.1" 404 179
WARNING: "GET /view HTTP/1.1" 404 179
WARNING: "GET /favicon.ico HTTP/1.1" 404 179
INFO: User 'raju.r' tried to access login page but is already authenticated.
INFO: "GET / HTTP/1.1" 302 0
INFO: User 'raju.r' accessed index page.
INFO: "GET /indexpage/ HTTP/1.1" 200 9230
INFO: "GET /static/main/css/main.css HTTP/1.1" 200 0
INFO: "GET /static/main/css/navbar.css HTTP/1.1" 200 380
INFO: "GET /static/main/js/navbar.js HTTP/1.1" 200 516
WARNING: "GET /static/main/webfonts/fa-solid-900.woff2 HTTP/1.1" 404 179
WARNING: "GET /static/main/webfonts/fa-solid-900.ttf HTTP/1.1" 404 179
INFO: "GET /attendance/summary/ HTTP/1.1" 200 17395
WARNING: "GET /static/main/webfonts/fa-solid-900.woff2 HTTP/1.1" 404 179
WARNING: "GET /static/main/webfonts/fa-solid-900.ttf HTTP/1.1" 404 179
INFO: "GET /daily-check-in-summary/ HTTP/1.1" 200 10151
INFO: "GET /check-in-status/No/?from_date=2025-04-18&to_date=2025-04-18 HTTP/1.1" 200 129236
INFO: "GET /late-early-go-summary/ HTTP/1.1" 200 7876
INFO: "GET /late-early-go-summary/?from_date=2025-04-01&to_date=2025-04-18&company=&department=&branch=&shift_code= HTTP/1.1" 200 8542
INFO: "GET /late-early-go-detail/Early/?from_date=2025-04-01&to_date=2025-04-18&company=&department=&branch=&shift_code= HTTP/1.1" 200 86565
INFO: "GET /late-early-go-detail/Early/?from_date=2025-04-01&to_date=2025-04-18&company=&department=&branch=&shift_code= HTTP/1.1" 200 86565
INFO: "GET /late-early-go-detail/Early/?from_date=2025-04-01&to_date=2025-04-18&company=&department=&branch=&shift_code= HTTP/1.1" 200 86565
INFO: "GET /daily-check-in-summary/ HTTP/1.1" 200 10151
INFO: "GET /daily-check-in-summary/ HTTP/1.1" 200 10151
INFO: "GET /daily-check-in-summary/ HTTP/1.1" 200 10151
INFO: "GET /attendance/regulation/summary/ HTTP/1.1" 200 6485
INFO: "GET /attendance/regulation/summary/ HTTP/1.1" 200 6485
INFO: "GET /daily-check-in-summary/ HTTP/1.1" 200 10151
INFO: "GET /late-early-go-summary/ HTTP/1.1" 200 7876
INFO: "GET /on-duty-request-summary/ HTTP/1.1" 200 7004
INFO: "GET /on-duty-request-summary/ HTTP/1.1" 200 7004
INFO: "GET /on-duty-request-summary/ HTTP/1.1" 200 7004
INFO: "GET /on-duty-request-summary/ HTTP/1.1" 200 7004
INFO: "GET /on-duty-request-summary/ HTTP/1.1" 200 7004
INFO: "GET /attendance/summary/ HTTP/1.1" 200 17395
INFO: "GET /static/main/css/main.css HTTP/1.1" 304 0
INFO: "GET /static/main/css/navbar.css HTTP/1.1" 304 0
INFO: "GET /static/main/js/navbar.js HTTP/1.1" 304 0
WARNING: "GET /static/main/webfonts/fa-solid-900.woff2 HTTP/1.1" 404 179
WARNING: "GET /static/main/webfonts/fa-solid-900.ttf HTTP/1.1" 404 179
INFO: User 'raju.r' accessed index page.
INFO: "GET /indexpage/ HTTP/1.1" 200 9230
WARNING: "GET /static/main/webfonts/fa-solid-900.woff2 HTTP/1.1" 404 179
WARNING: "GET /static/main/webfonts/fa-solid-900.ttf HTTP/1.1" 404 179
INFO: "GET /admin/ HTTP/1.1" 200 6168
INFO: "GET /static/admin/css/base.css HTTP/1.1" 200 21544
INFO: "GET /static/admin/css/dark_mode.css HTTP/1.1" 200 2682
INFO: "GET /static/admin/css/nav_sidebar.css HTTP/1.1" 200 2810
INFO: "GET /static/admin/css/dashboard.css HTTP/1.1" 200 441
INFO: "GET /static/admin/js/nav_sidebar.js HTTP/1.1" 200 3063
INFO: "GET /static/admin/css/responsive.css HTTP/1.1" 200 17905
INFO: "GET /static/admin/js/theme.js HTTP/1.1" 200 1943
INFO: "GET /static/admin/img/icon-addlink.svg HTTP/1.1" 200 331
INFO: "GET /static/admin/img/icon-viewlink.svg HTTP/1.1" 200 581
INFO: "GET /static/admin/img/icon-changelink.svg HTTP/1.1" 200 380
INFO: "GET /admin/HR/dailyattendance/ HTTP/1.1" 200 156937
INFO: "GET /static/admin/css/changelists.css HTTP/1.1" 200 6811
INFO: "GET /static/admin/js/core.js HTTP/1.1" 200 6208
INFO: "GET /static/admin/js/admin/RelatedObjectLookups.js HTTP/1.1" 200 9042
INFO: "GET /static/admin/js/jquery.init.js HTTP/1.1" 200 347
INFO: "GET /static/admin/js/actions.js HTTP/1.1" 200 8067
INFO: "GET /static/admin/js/urlify.js HTTP/1.1" 200 7887
INFO: "GET /static/admin/js/prepopulate.js HTTP/1.1" 200 1531
INFO: "GET /static/admin/js/vendor/jquery/jquery.min.js HTTP/1.1" 200 87533
INFO: "GET /static/admin/img/search.svg HTTP/1.1" 200 458
INFO: "GET /static/admin/js/vendor/xregexp/xregexp.min.js HTTP/1.1" 200 163184
INFO: "GET /static/admin/js/filters.js HTTP/1.1" 200 978
INFO: "GET /static/admin/img/tooltag-add.svg HTTP/1.1" 200 331
INFO: "GET /static/admin/img/sorting-icons.svg HTTP/1.1" 200 1097
INFO: "GET /admin/HR/dailyattendance/import/ HTTP/1.1" 200 8356
INFO: "GET /static/admin/css/forms.css HTTP/1.1" 200 9090
INFO: "GET /static/import_export/import.css HTTP/1.1" 200 3342
INFO: "GET /static/import_export/guess_format.js HTTP/1.1" 200 711
INFO: "GET /admin/jsi18n/ HTTP/1.1" 200 3342
INFO: "GET /static/admin/css/widgets.css HTTP/1.1" 200 11800
INFO: "POST /admin/HR/dailyattendance/import/ HTTP/1.1" 200 8458773
INFO: "GET /static/admin/css/base.css HTTP/1.1" 304 0
INFO: "GET /static/admin/css/dark_mode.css HTTP/1.1" 304 0
INFO: "GET /static/admin/css/nav_sidebar.css HTTP/1.1" 304 0
INFO: "GET /static/admin/css/forms.css HTTP/1.1" 304 0
INFO: "GET /static/import_export/import.css HTTP/1.1" 304 0
INFO: "GET /static/admin/css/responsive.css HTTP/1.1" 304 0
INFO: "GET /static/admin/css/widgets.css HTTP/1.1" 304 0
INFO: "GET /admin/jsi18n/ HTTP/1.1" 200 3342
INFO: "GET /static/admin/js/theme.js HTTP/1.1" 304 0
INFO: "GET /static/admin/js/nav_sidebar.js HTTP/1.1" 304 0
INFO: User 'ocadmin' tried to access login page but is already authenticated.
INFO: "GET / HTTP/1.1" 302 0
INFO: User 'ocadmin' accessed index page.
INFO: "GET /indexpage/ HTTP/1.1" 200 23713
INFO: "GET /static/main/css/navbar.css HTTP/1.1" 304 0
INFO: "GET /static/main/js/navbar.js HTTP/1.1" 304 0
WARNING: "GET /static/main/webfonts/fa-solid-900.woff2 HTTP/1.1" 404 179
WARNING: "GET /static/main/webfonts/fa-solid-900.ttf HTTP/1.1" 404 179
INFO: "GET /admin/ HTTP/1.1" 200 17598
INFO: "GET /admin/auth/user/ HTTP/1.1" 200 24927
INFO: "GET /static/admin/js/vendor/jquery/jquery.min.js HTTP/1.1" 304 0
INFO: "GET /static/admin/js/vendor/xregexp/xregexp.min.js HTTP/1.1" 304 0
INFO: "GET /admin/jsi18n/ HTTP/1.1" 200 3342
INFO: "GET /admin/auth/user/6/change/ HTTP/1.1" 200 32778
INFO: "GET /admin/jsi18n/ HTTP/1.1" 200 3342
INFO: "POST /admin/HR/dailyattendance/process_import/ HTTP/1.1" 302 0
INFO: "POST /admin/auth/user/6/change/ HTTP/1.1" 302 0
INFO: "GET /admin/auth/user/ HTTP/1.1" 200 25121
INFO: "GET /static/admin/js/vendor/jquery/jquery.min.js HTTP/1.1" 304 0
INFO: "GET /static/admin/js/vendor/xregexp/xregexp.min.js HTTP/1.1" 304 0
INFO: "GET /admin/jsi18n/ HTTP/1.1" 200 3342
ERROR: "POST /admin/HR/dailyattendance/process_import/ HTTP/1.1" 500 145
ERROR: "POST /admin/HR/dailyattendance/process_import/ HTTP/1.1" 500 145
INFO: "GET /admin/HR/dailyattendance/import/ HTTP/1.1" 200 9635
INFO: "POST /admin/HR/dailyattendance/import/ HTTP/1.1" 200 6313990
INFO: "GET /static/admin/css/base.css HTTP/1.1" 304 0
INFO: "GET /static/admin/css/nav_sidebar.css HTTP/1.1" 304 0
INFO: "GET /static/admin/css/forms.css HTTP/1.1" 304 0
INFO: "GET /static/import_export/import.css HTTP/1.1" 304 0
INFO: "GET /static/admin/css/dark_mode.css HTTP/1.1" 304 0
INFO: "GET /static/admin/css/responsive.css HTTP/1.1" 304 0
INFO: "GET /static/admin/css/widgets.css HTTP/1.1" 304 0
INFO: "GET /admin/jsi18n/ HTTP/1.1" 200 3342
INFO: "GET /static/admin/js/theme.js HTTP/1.1" 304 0
INFO: "GET /static/admin/js/nav_sidebar.js HTTP/1.1" 304 0
INFO: "POST /admin/HR/dailyattendance/process_import/ HTTP/1.1" 302 0
INFO: "GET /admin/HR/dailyattendance/ HTTP/1.1" 200 158486
INFO: "GET /static/admin/js/admin/RelatedObjectLookups.js HTTP/1.1" 304 0
INFO: "GET /static/admin/js/core.js HTTP/1.1" 304 0
INFO: "GET /static/admin/css/changelists.css HTTP/1.1" 304 0
INFO: "GET /static/admin/js/jquery.init.js HTTP/1.1" 304 0
INFO: "GET /static/admin/js/vendor/jquery/jquery.min.js HTTP/1.1" 304 0
INFO: "GET /static/admin/js/actions.js HTTP/1.1" 304 0
INFO: "GET /static/admin/js/urlify.js HTTP/1.1" 304 0
INFO: "GET /static/admin/js/prepopulate.js HTTP/1.1" 304 0
INFO: "GET /static/admin/js/vendor/xregexp/xregexp.min.js HTTP/1.1" 304 0
INFO: "GET /static/admin/img/search.svg HTTP/1.1" 304 0
INFO: "GET /static/admin/js/filters.js HTTP/1.1" 304 0
INFO: "GET /static/admin/img/icon-yes.svg HTTP/1.1" 200 436
INFO: "GET /static/admin/img/sorting-icons.svg HTTP/1.1" 304 0
INFO: "GET /static/admin/img/tooltag-add.svg HTTP/1.1" 304 0
INFO: "GET /static/admin/img/icon-viewlink.svg HTTP/1.1" 304 0
INFO: User 'raju.r' tried to access login page but is already authenticated.
INFO: "GET / HTTP/1.1" 302 0
INFO: User 'raju.r' accessed index page.
INFO: "GET /indexpage/ HTTP/1.1" 200 9230
INFO: "GET /static/main/css/navbar.css HTTP/1.1" 304 0
INFO: "GET /static/main/css/main.css HTTP/1.1" 304 0
INFO: "GET /static/main/js/navbar.js HTTP/1.1" 304 0
WARNING: "GET /static/main/webfonts/fa-solid-900.woff2 HTTP/1.1" 404 179
WARNING: "GET /static/main/webfonts/fa-solid-900.ttf HTTP/1.1" 404 179
INFO: Vehicle list viewed by sudarshan.j with filters: {'reporting_date': '', 'name_of_supplier': '', 'material': '', 'name_of_transporter': '', 'status': 'Pending'}
INFO: "GET /vehicle_list/?reporting_date=&name_of_supplier=&material=&name_of_transporter=&status=Pending HTTP/1.1" 200 16988
INFO: "GET /static/main/css/main.css HTTP/1.1" 304 0
INFO: "GET /static/main/css/navbar.css HTTP/1.1" 304 0
INFO: "GET /static/main/js/navbar.js HTTP/1.1" 304 0
WARNING: "GET /static/main/webfonts/fa-solid-900.woff2 HTTP/1.1" 404 179
WARNING: "GET /static/main/webfonts/fa-solid-900.ttf HTTP/1.1" 404 179
INFO: "GET /attendance/summary/ HTTP/1.1" 200 17395
WARNING: "GET /static/main/webfonts/fa-solid-900.woff2 HTTP/1.1" 404 179
WARNING: "GET /static/main/webfonts/fa-solid-900.ttf HTTP/1.1" 404 179
INFO: "GET /daily-check-in-summary/ HTTP/1.1" 200 10151
INFO: Vehicle ID 10005 viewed by sudarshan.j
INFO: "GET /vehicle/view/10005/ HTTP/1.1" 200 8331
WARNING: "GET /static/main/webfonts/fa-solid-900.woff2 HTTP/1.1" 404 179
WARNING: "GET /static/main/webfonts/fa-solid-900.ttf HTTP/1.1" 404 179
INFO: "GET /attendance/summary/ HTTP/1.1" 200 17395
WARNING: "GET /static/main/webfonts/fa-solid-900.woff2 HTTP/1.1" 404 179
WARNING: "GET /static/main/webfonts/fa-solid-900.ttf HTTP/1.1" 404 179
INFO: "GET /vehicle/edit/10005/ HTTP/1.1" 200 14255
WARNING: "GET /static/main/webfonts/fa-solid-900.woff2 HTTP/1.1" 404 179
WARNING: "GET /static/main/webfonts/fa-solid-900.ttf HTTP/1.1" 404 179
INFO: "GET /attendance/summary/?start_date=2025-04-17&end_date=2025-04-17&company=&branch=&department=&shift_code= HTTP/1.1" 200 20932
WARNING: "GET /static/main/webfonts/fa-solid-900.woff2 HTTP/1.1" 404 179
WARNING: "GET /static/main/webfonts/fa-solid-900.ttf HTTP/1.1" 404 179
INFO: "GET /attendance/summary/?start_date=2025-04-17&end_date=2025-04-17&company=OC+Specialities+Pvt.Ltd&branch=Solapur&department=&shift_code= HTTP/1.1" 200 20600
WARNING: "GET /static/main/webfonts/fa-solid-900.woff2 HTTP/1.1" 404 179
WARNING: "GET /static/main/webfonts/fa-solid-900.ttf HTTP/1.1" 404 179
INFO: Vehicle ID 10005 edited by sudarshan.j
INFO: "POST /vehicle/edit/10005/ HTTP/1.1" 302 0
INFO: Vehicle list viewed by sudarshan.j with filters: {'reporting_date': '', 'name_of_supplier': '', 'material': '', 'name_of_transporter': '', 'status': ''}
INFO: "GET /vehicle_list/ HTTP/1.1" 200 26200
WARNING: "GET /static/main/webfonts/fa-solid-900.woff2 HTTP/1.1" 404 179
WARNING: "GET /static/main/webfonts/fa-solid-900.ttf HTTP/1.1" 404 179
INFO: "GET /vehicle/edit/10004/ HTTP/1.1" 200 14206
WARNING: "GET /static/main/webfonts/fa-solid-900.woff2 HTTP/1.1" 404 179
WARNING: "GET /static/main/webfonts/fa-solid-900.ttf HTTP/1.1" 404 179
INFO: Vehicle ID 10004 edited by sudarshan.j
INFO: "POST /vehicle/edit/10004/ HTTP/1.1" 302 0
INFO: Vehicle list viewed by sudarshan.j with filters: {'reporting_date': '', 'name_of_supplier': '', 'material': '', 'name_of_transporter': '', 'status': ''}
INFO: "GET /vehicle_list/ HTTP/1.1" 200 26211
WARNING: "GET /static/main/webfonts/fa-solid-900.woff2 HTTP/1.1" 404 179
WARNING: "GET /static/main/webfonts/fa-solid-900.ttf HTTP/1.1" 404 179
INFO: Vehicle list viewed by sudarshan.j with filters: {'reporting_date': '', 'name_of_supplier': '', 'material': '', 'name_of_transporter': '', 'status': 'Pending'}
INFO: "GET /vehicle_list/?reporting_date=&name_of_supplier=&material=&name_of_transporter=&status=Pending HTTP/1.1" 200 14256
WARNING: "GET /static/main/webfonts/fa-solid-900.woff2 HTTP/1.1" 404 179
WARNING: "GET /static/main/webfonts/fa-solid-900.ttf HTTP/1.1" 404 179
INFO: User 'ocadmin' tried to access login page but is already authenticated.
INFO: "GET / HTTP/1.1" 302 0
INFO: User 'ocadmin' accessed index page.
INFO: "GET /indexpage/ HTTP/1.1" 200 23713
INFO: "GET /static/main/css/navbar.css HTTP/1.1" 304 0
INFO: "GET /static/main/js/navbar.js HTTP/1.1" 304 0
WARNING: "GET /static/main/webfonts/fa-solid-900.woff2 HTTP/1.1" 404 179
WARNING: "GET /static/main/webfonts/fa-solid-900.ttf HTTP/1.1" 404 179
INFO: "GET /attendance/summary/ HTTP/1.1" 200 26254
WARNING: "GET /static/main/webfonts/fa-solid-900.woff2 HTTP/1.1" 404 179
WARNING: "GET /static/main/webfonts/fa-solid-900.ttf HTTP/1.1" 404 179
INFO: "GET /attendance/summary/?start_date=2025-04-01&end_date=2025-04-01&company=&branch=&department=&shift_code= HTTP/1.1" 200 30322
WARNING: "GET /static/main/webfonts/fa-solid-900.woff2 HTTP/1.1" 404 179
WARNING: "GET /static/main/webfonts/fa-solid-900.ttf HTTP/1.1" 404 179
INFO: "GET /attendance/summary/?start_date=2025-04-01&end_date=2025-04-01&company=&branch=Solapur&department=&shift_code= HTTP/1.1" 200 30386
WARNING: "GET /static/main/webfonts/fa-solid-900.woff2 HTTP/1.1" 404 179
WARNING: "GET /static/main/webfonts/fa-solid-900.ttf HTTP/1.1" 404 179
INFO: "GET /attendance/summary/?start_date=2025-04-01&end_date=2025-04-01&company=OC+Specialities+Pvt.Ltd&branch=Solapur&department=&shift_code= HTTP/1.1" 200 30578
WARNING: "GET /static/main/webfonts/fa-solid-900.woff2 HTTP/1.1" 404 179
WARNING: "GET /static/main/webfonts/fa-solid-900.ttf HTTP/1.1" 404 179
INFO: "GET /attendance/summary/APL%20%7C%20APL/?start_date=2025-04-01&end_date=2025-04-01&company=OC%20Specialities%20Pvt.Ltd&branch=Solapur&department=&shift_code= HTTP/1.1" 200 57355
WARNING: "GET /static/main/webfonts/fa-solid-900.woff2 HTTP/1.1" 404 179
WARNING: "GET /static/main/webfonts/fa-solid-900.ttf HTTP/1.1" 404 179
INFO: "GET /attendance/summary/ HTTP/1.1" 200 26254
INFO: "GET /static/main/css/navbar.css HTTP/1.1" 304 0
INFO: "GET /static/main/js/navbar.js HTTP/1.1" 304 0
WARNING: "GET /static/main/webfonts/fa-solid-900.woff2 HTTP/1.1" 404 179
WARNING: "GET /static/main/webfonts/fa-solid-900.ttf HTTP/1.1" 404 179
INFO: "GET /attendance/summary/?start_date=2025-04-02&end_date=2025-04-02&company=&branch=&department=&shift_code= HTTP/1.1" 200 29788
WARNING: "GET /static/main/webfonts/fa-solid-900.woff2 HTTP/1.1" 404 179
WARNING: "GET /static/main/webfonts/fa-solid-900.ttf HTTP/1.1" 404 179
INFO: "GET /attendance/summary/?start_date=2025-04-02&end_date=2025-04-02&company=&branch=Solapur&department=&shift_code= HTTP/1.1" 200 29845
WARNING: "GET /static/main/webfonts/fa-solid-900.woff2 HTTP/1.1" 404 179
WARNING: "GET /static/main/webfonts/fa-solid-900.ttf HTTP/1.1" 404 179
INFO: "GET /daily-check-in-summary/ HTTP/1.1" 200 10151
INFO: "GET /attendance/summary/ HTTP/1.1" 200 26254
WARNING: "GET /static/main/webfonts/fa-solid-900.woff2 HTTP/1.1" 404 179
WARNING: "GET /static/main/webfonts/fa-solid-900.ttf HTTP/1.1" 404 179
INFO: "GET /attendance/summary/?start_date=2025-04-17&end_date=2025-04-17&company=&branch=&department=&shift_code= HTTP/1.1" 200 29791
WARNING: "GET /static/main/webfonts/fa-solid-900.woff2 HTTP/1.1" 404 179
WARNING: "GET /static/main/webfonts/fa-solid-900.ttf HTTP/1.1" 404 179
INFO: "GET /attendance/summary/?start_date=2025-04-17&end_date=2025-04-17&company=&branch=Solapur&department=&shift_code= HTTP/1.1" 200 29313
WARNING: "GET /static/main/webfonts/fa-solid-900.woff2 HTTP/1.1" 404 179
WARNING: "GET /static/main/webfonts/fa-solid-900.ttf HTTP/1.1" 404 179
INFO: "GET /attendance/summary/ HTTP/1.1" 200 26254
INFO: "GET /static/main/css/navbar.css HTTP/1.1" 304 0
INFO: "GET /static/main/js/navbar.js HTTP/1.1" 304 0
WARNING: "GET /static/main/webfonts/fa-solid-900.woff2 HTTP/1.1" 404 179
WARNING: "GET /static/main/webfonts/fa-solid-900.ttf HTTP/1.1" 404 179
INFO: "GET /daily-check-in-summary/ HTTP/1.1" 200 10151
INFO: "GET /daily-check-in-summary/ HTTP/1.1" 200 10151
INFO: "GET /check-in-status/No/?from_date=2025-04-18&to_date=2025-04-18 HTTP/1.1" 200 129236
INFO: "GET /check-in-status/No/?from_date=2025-04-18&to_date=2025-04-18 HTTP/1.1" 200 129236
INFO: "GET /attendance/summary/ HTTP/1.1" 200 26254
WARNING: "GET /static/main/webfonts/fa-solid-900.woff2 HTTP/1.1" 404 179
WARNING: "GET /static/main/webfonts/fa-solid-900.ttf HTTP/1.1" 404 179
INFO: "GET /admin/ HTTP/1.1" 200 17554
INFO: Vehicle list viewed by sudarshan.j with filters: {'reporting_date': '', 'name_of_supplier': '', 'material': '', 'name_of_transporter': 'NAVNEET ROADLINES', 'status': 'Pending'}
INFO: "GET /vehicle_list/?reporting_date=&name_of_supplier=&material=&name_of_transporter=NAVNEET+ROADLINES&status=Pending HTTP/1.1" 200 11716
INFO: "GET /static/main/css/main.css HTTP/1.1" 304 0
INFO: "GET /static/main/css/navbar.css HTTP/1.1" 304 0
INFO: "GET /static/main/js/navbar.js HTTP/1.1" 304 0
WARNING: "GET /static/main/webfonts/fa-solid-900.woff2 HTTP/1.1" 404 179
WARNING: "GET /static/main/webfonts/fa-solid-900.ttf HTTP/1.1" 404 179
INFO: Vehicle list viewed by sudarshan.j with filters: {'reporting_date': '', 'name_of_supplier': '', 'material': '', 'name_of_transporter': '', 'status': 'Pending'}
INFO: "GET /vehicle_list/?reporting_date=&name_of_supplier=&material=&name_of_transporter=&status=Pending HTTP/1.1" 200 14256
WARNING: "GET /static/main/webfonts/fa-solid-900.woff2 HTTP/1.1" 404 179
WARNING: "GET /static/main/webfonts/fa-solid-900.ttf HTTP/1.1" 404 179
WARNING: "GET /view HTTP/1.1" 404 179
WARNING: "GET /view HTTP/1.1" 404 179
WARNING: "GET /view HTTP/1.1" 404 179
WARNING: "GET /view HTTP/1.1" 404 179
WARNING: "GET /view HTTP/1.1" 404 179
WARNING: "GET /view HTTP/1.1" 404 179
WARNING: "GET /view HTTP/1.1" 404 179
WARNING: "GET /view HTTP/1.1" 404 179
WARNING: "GET /view HTTP/1.1" 404 179
INFO: User 'raju.r' tried to access login page but is already authenticated.
INFO: "GET / HTTP/1.1" 302 0
INFO: User 'raju.r' accessed index page.
INFO: "GET /indexpage/ HTTP/1.1" 200 9230
INFO: "GET /static/main/css/main.css HTTP/1.1" 304 0
INFO: "GET /static/main/css/navbar.css HTTP/1.1" 304 0
INFO: "GET /static/main/js/navbar.js HTTP/1.1" 304 0
WARNING: "GET /static/main/webfonts/fa-solid-900.woff2 HTTP/1.1" 404 179
WARNING: "GET /static/main/webfonts/fa-solid-900.ttf HTTP/1.1" 404 179
INFO: "GET /attendance/summary/ HTTP/1.1" 200 17395
WARNING: "GET /static/main/webfonts/fa-solid-900.woff2 HTTP/1.1" 404 179
WARNING: "GET /static/main/webfonts/fa-solid-900.ttf HTTP/1.1" 404 179
INFO: "GET /attendance/summary/?start_date=2025-04-17&end_date=2025-04-17&company=OC+Specialities+Pvt.Ltd&branch=Solapur&department=&shift_code= HTTP/1.1" 200 20600
WARNING: "GET /static/main/webfonts/fa-solid-900.woff2 HTTP/1.1" 404 179
WARNING: "GET /static/main/webfonts/fa-solid-900.ttf HTTP/1.1" 404 179
INFO: "GET /admin/ HTTP/1.1" 200 11924
INFO: "GET /static/admin/css/base.css HTTP/1.1" 304 0
INFO: "GET /static/admin/css/nav_sidebar.css HTTP/1.1" 304 0
INFO: "GET /static/admin/css/dark_mode.css HTTP/1.1" 304 0
INFO: "GET /static/admin/css/dashboard.css HTTP/1.1" 304 0
INFO: "GET /static/admin/css/responsive.css HTTP/1.1" 304 0
INFO: "GET /static/admin/js/theme.js HTTP/1.1" 304 0
INFO: "GET /static/admin/js/nav_sidebar.js HTTP/1.1" 304 0
INFO: "GET /static/admin/img/icon-changelink.svg HTTP/1.1" 304 0
INFO: "GET /static/admin/img/icon-viewlink.svg HTTP/1.1" 304 0
INFO: "GET /static/admin/img/icon-addlink.svg HTTP/1.1" 304 0
INFO: "GET /admin/HR/dailycheckin/ HTTP/1.1" 200 87532
INFO: "GET /static/admin/js/vendor/jquery/jquery.min.js HTTP/1.1" 304 0
INFO: "GET /static/admin/js/core.js HTTP/1.1" 304 0
INFO: "GET /static/admin/js/actions.js HTTP/1.1" 304 0
INFO: "GET /static/admin/js/admin/RelatedObjectLookups.js HTTP/1.1" 304 0
INFO: "GET /static/admin/js/jquery.init.js HTTP/1.1" 304 0
INFO: "GET /static/admin/css/changelists.css HTTP/1.1" 304 0
INFO: "GET /static/admin/js/prepopulate.js HTTP/1.1" 304 0
INFO: "GET /static/admin/js/vendor/xregexp/xregexp.min.js HTTP/1.1" 304 0
INFO: "GET /static/admin/js/urlify.js HTTP/1.1" 304 0
INFO: "GET /static/admin/img/search.svg HTTP/1.1" 304 0
INFO: "GET /static/admin/js/filters.js HTTP/1.1" 304 0
INFO: "GET /static/admin/img/tooltag-add.svg HTTP/1.1" 304 0
INFO: "GET /admin/HR/dailyattendance/ HTTP/1.1" 200 158300
INFO: "GET /static/admin/img/sorting-icons.svg HTTP/1.1" 304 0
INFO: User 'raju.r' tried to access login page but is already authenticated.
INFO: "GET / HTTP/1.1" 302 0
INFO: User 'raju.r' accessed index page.
INFO: "GET /indexpage/ HTTP/1.1" 200 9230
INFO: "GET /static/main/css/navbar.css HTTP/1.1" 304 0
INFO: "GET /static/main/js/navbar.js HTTP/1.1" 304 0
INFO: "GET /static/main/css/main.css HTTP/1.1" 304 0
WARNING: "GET /static/main/webfonts/fa-solid-900.woff2 HTTP/1.1" 404 179
WARNING: "GET /static/main/webfonts/fa-solid-900.ttf HTTP/1.1" 404 179
INFO: "GET /attendance/summary/ HTTP/1.1" 200 17395
WARNING: "GET /static/main/webfonts/fa-solid-900.woff2 HTTP/1.1" 404 179
WARNING: "GET /static/main/webfonts/fa-solid-900.ttf HTTP/1.1" 404 179
INFO: "GET /attendance/summary/?start_date=2025-04-01&end_date=2025-04-01&company=&branch=&department=&shift_code= HTTP/1.1" 200 21463
WARNING: "GET /static/main/webfonts/fa-solid-900.woff2 HTTP/1.1" 404 179
WARNING: "GET /static/main/webfonts/fa-solid-900.ttf HTTP/1.1" 404 179
INFO: "GET /attendance/summary/?start_date=2025-04-01&end_date=2025-04-01&company=&branch=Solapur&department=&shift_code= HTTP/1.1" 200 21527
WARNING: "GET /static/main/webfonts/fa-solid-900.woff2 HTTP/1.1" 404 179
WARNING: "GET /static/main/webfonts/fa-solid-900.ttf HTTP/1.1" 404 179
INFO: "GET /attendance/summary/APL%20%7C%20APL/?start_date=2025-04-01&end_date=2025-04-01&company=&branch=Solapur&department=&shift_code= HTTP/1.1" 200 48174
WARNING: "GET /static/main/webfonts/fa-solid-900.woff2 HTTP/1.1" 404 179
WARNING: "GET /static/main/webfonts/fa-solid-900.ttf HTTP/1.1" 404 179
INFO: User 'bhagavan.b' tried to access login page but is already authenticated.
INFO: "GET / HTTP/1.1" 302 0
INFO: User 'bhagavan.b' accessed index page.
INFO: "GET /indexpage/ HTTP/1.1" 200 9666
INFO: "GET /static/main/css/main.css HTTP/1.1" 200 0
INFO: "GET /static/main/css/navbar.css HTTP/1.1" 200 380
INFO: "GET /static/main/js/navbar.js HTTP/1.1" 200 516
WARNING: "GET /static/main/webfonts/fa-solid-900.woff2 HTTP/1.1" 404 179
WARNING: "GET /static/main/webfonts/fa-solid-900.ttf HTTP/1.1" 404 179
WARNING: "GET /favicon.ico HTTP/1.1" 404 179
INFO: "GET /vehicle/edit/2732/ HTTP/1.1" 200 14247
INFO: "GET /static/main/css/main.css HTTP/1.1" 304 0
INFO: "GET /static/main/js/navbar.js HTTP/1.1" 304 0
INFO: "GET /static/main/css/navbar.css HTTP/1.1" 304 0
WARNING: "GET /static/main/webfonts/fa-solid-900.woff2 HTTP/1.1" 404 179
WARNING: "GET /static/main/webfonts/fa-solid-900.ttf HTTP/1.1" 404 179
INFO: Vehicle ID 2732 edited by sudarshan.j
INFO: "POST /vehicle/edit/2732/ HTTP/1.1" 302 0
INFO: Vehicle list viewed by sudarshan.j with filters: {'reporting_date': '', 'name_of_supplier': '', 'material': '', 'name_of_transporter': '', 'status': ''}
INFO: "GET /vehicle_list/ HTTP/1.1" 200 26211
WARNING: "GET /static/main/webfonts/fa-solid-900.woff2 HTTP/1.1" 404 179
WARNING: "GET /static/main/webfonts/fa-solid-900.ttf HTTP/1.1" 404 179
INFO: Vehicle list viewed by sudarshan.j with filters: {'reporting_date': '', 'name_of_supplier': '', 'material': '', 'name_of_transporter': '', 'status': 'Pending'}
INFO: "GET /vehicle_list/?reporting_date=&name_of_supplier=&material=&name_of_transporter=&status=Pending HTTP/1.1" 200 12890
WARNING: "GET /static/main/webfonts/fa-solid-900.woff2 HTTP/1.1" 404 179
WARNING: "GET /static/main/webfonts/fa-solid-900.ttf HTTP/1.1" 404 179
INFO: User 'sudarshan.j' tried to access login page but is already authenticated.
INFO: "GET / HTTP/1.1" 302 0
INFO: User 'sudarshan.j' accessed index page.
INFO: "GET /indexpage/ HTTP/1.1" 200 8667
INFO: "GET /static/main/css/main.css HTTP/1.1" 304 0
INFO: "GET /static/main/css/navbar.css HTTP/1.1" 304 0
INFO: "GET /static/main/js/navbar.js HTTP/1.1" 304 0
WARNING: "GET /static/main/webfonts/fa-solid-900.woff2 HTTP/1.1" 404 179
WARNING: "GET /static/main/webfonts/fa-solid-900.ttf HTTP/1.1" 404 179
INFO: User 'sudarshan.j' logged out.
INFO: "GET /userlogout/ HTTP/1.1" 302 0
INFO: "GET / HTTP/1.1" 200 5659
INFO: "GET /static/main/images/OC_white_logo.png HTTP/1.1" 304 0
INFO: "POST /add_leading_record/ HTTP/1.1" 302 0
INFO: "GET /add_leading_record/ HTTP/1.1" 200 22039
INFO: "GET /static/main/css/navbar.css HTTP/1.1" 304 0
INFO: "GET /static/leading/css/leading.css HTTP/1.1" 304 0
INFO: "GET /static/leading/js/leading.js HTTP/1.1" 304 0
INFO: "GET /static/main/js/navbar.js HTTP/1.1" 304 0
WARNING: "GET /static/main/webfonts/fa-solid-900.woff2 HTTP/1.1" 404 179
WARNING: "GET /static/main/webfonts/fa-solid-900.ttf HTTP/1.1" 404 179
INFO: User 'ocadmin' tried to access login page but is already authenticated.
INFO: "GET / HTTP/1.1" 302 0
INFO: User 'ocadmin' accessed index page.
INFO: "GET /indexpage/ HTTP/1.1" 200 23713
INFO: "GET /static/main/css/main.css HTTP/1.1" 200 0
WARNING: "GET /static/main/webfonts/fa-solid-900.woff2 HTTP/1.1" 404 179
WARNING: "GET /static/main/webfonts/fa-solid-900.ttf HTTP/1.1" 404 179
WARNING: "GET /favicon.ico HTTP/1.1" 404 179
INFO: "GET /admin/ HTTP/1.1" 200 17554
INFO: Watching for file changes with StatReloader
INFO: "GET /admin/ HTTP/1.1" 200 17554
INFO: L:\oneSource_Live\oneSource\oneSource\settings.py changed, reloading.
INFO: Watching for file changes with StatReloader
INFO: "GET /admin/ HTTP/1.1" 200 49149
WARNING: "GET /static/vendor/fontawesome-free/css/all.min.css HTTP/1.1" 404 179
WARNING: "GET /static/jazzmin/css/main.css HTTP/1.1" 404 179
WARNING: "GET /static/vendor/adminlte/css/adminlte.min.css HTTP/1.1" 404 179
WARNING: "GET /static/vendor/adminlte/img/AdminLTELogo.png HTTP/1.1" 404 179
WARNING: "GET /static/vendor/adminlte/js/adminlte.min.js HTTP/1.1" 404 179
WARNING: "GET /static/vendor/bootstrap/js/bootstrap.min.js HTTP/1.1" 404 179
WARNING: "GET /static/jazzmin/js/main.js HTTP/1.1" 404 179
WARNING: "GET /static/vendor/adminlte/img/AdminLTELogo.png HTTP/1.1" 404 179
INFO: "GET /admin/ HTTP/1.1" 200 49149
WARNING: "GET /static/vendor/adminlte/css/adminlte.min.css HTTP/1.1" 404 179
WARNING: "GET /static/vendor/fontawesome-free/css/all.min.css HTTP/1.1" 404 179
WARNING: "GET /static/jazzmin/css/main.css HTTP/1.1" 404 179
WARNING: "GET /static/vendor/adminlte/img/AdminLTELogo.png HTTP/1.1" 404 179
WARNING: "GET /static/vendor/bootstrap/js/bootstrap.min.js HTTP/1.1" 404 179
WARNING: "GET /static/vendor/adminlte/js/adminlte.min.js HTTP/1.1" 404 179
WARNING: "GET /static/jazzmin/js/main.js HTTP/1.1" 404 179
INFO: Watching for file changes with StatReloader
INFO: User 'ocadmin' tried to access login page but is already authenticated.
INFO: "GET / HTTP/1.1" 302 0
INFO: User 'ocadmin' accessed index page.
INFO: "GET /indexpage/ HTTP/1.1" 200 23713
INFO: "GET /static/main/css/main.css HTTP/1.1" 304 0
WARNING: "GET /static/main/webfonts/fa-solid-900.woff2 HTTP/1.1" 404 179
WARNING: "GET /static/main/webfonts/fa-solid-900.ttf HTTP/1.1" 404 179
INFO: "GET /admin/ HTTP/1.1" 200 49149
INFO: "GET /static/jazzmin/css/main.css HTTP/1.1" 200 16969
INFO: "GET /static/vendor/fontawesome-free/css/all.min.css HTTP/1.1" 200 103009
INFO: "GET /static/vendor/adminlte/img/AdminLTELogo.png HTTP/1.1" 200 2637
INFO: "GET /static/vendor/bootstrap/js/bootstrap.min.js HTTP/1.1" 200 62440
INFO: "GET /static/vendor/adminlte/js/adminlte.min.js HTTP/1.1" 200 44244
INFO: "GET /static/jazzmin/js/main.js HTTP/1.1" 200 2391
INFO: "GET /static/vendor/adminlte/css/adminlte.min.css HTTP/1.1" 200 1382975
INFO: "GET /static/vendor/fontawesome-free/webfonts/fa-regular-400.woff2 HTTP/1.1" 200 25392
INFO: "GET /static/vendor/fontawesome-free/webfonts/fa-solid-900.woff2 HTTP/1.1" 200 156400
INFO: "GET /admin/HR/attendanceregulation/ HTTP/1.1" 200 21938
INFO: "GET /static/vendor/select2/css/select2.min.css HTTP/1.1" 200 16264
INFO: "GET /admin/jsi18n/ HTTP/1.1" 200 3342
INFO: "GET /static/admin/js/vendor/jquery/jquery.min.js HTTP/1.1" 200 87533
INFO: "GET /static/jazzmin/js/change_list.js HTTP/1.1" 200 2252
INFO: "GET /static/vendor/select2/js/select2.min.js HTTP/1.1" 200 73170
INFO: "GET /static/admin/js/vendor/xregexp/xregexp.min.js HTTP/1.1" 200 163184
INFO: "GET /admin/HR/dailyattendance/ HTTP/1.1" 200 215389
INFO: "GET /admin/jsi18n/ HTTP/1.1" 200 3342
INFO: "GET /admin/HR/dailyattendance/import/ HTTP/1.1" 200 22186
INFO: "GET /static/vendor/fontawesome-free/css/all.min.css HTTP/1.1" 304 0
INFO: "GET /static/vendor/adminlte/css/adminlte.min.css HTTP/1.1" 304 0
INFO: "GET /static/jazzmin/css/main.css HTTP/1.1" 304 0
INFO: "GET /static/vendor/adminlte/img/AdminLTELogo.png HTTP/1.1" 304 0
INFO: "GET /static/vendor/bootstrap/js/bootstrap.min.js HTTP/1.1" 304 0
INFO: "GET /static/jazzmin/js/main.js HTTP/1.1" 304 0
INFO: "GET /static/vendor/adminlte/js/adminlte.min.js HTTP/1.1" 304 0
INFO: "GET /static/jazzmin/js/change_form.js HTTP/1.1" 200 6052
INFO: "GET /admin/ HTTP/1.1" 200 49149
INFO: "GET /admin/auth/user/1/change/ HTTP/1.1" 200 44219
INFO: "GET /static/vendor/select2/css/select2.min.css HTTP/1.1" 304 0
INFO: "GET /static/admin/js/vendor/xregexp/xregexp.min.js HTTP/1.1" 304 0
INFO: "GET /static/admin/js/vendor/jquery/jquery.min.js HTTP/1.1" 304 0
INFO: "GET /admin/jsi18n/ HTTP/1.1" 200 3342
INFO: "GET /static/vendor/select2/js/select2.min.js HTTP/1.1" 304 0
INFO: "GET /admin/ HTTP/1.1" 200 49149
INFO: "GET /admin/auth/user/1/change/ HTTP/1.1" 200 44219
INFO: "GET /admin/jsi18n/ HTTP/1.1" 200 3342
INFO: "GET /admin/ HTTP/1.1" 200 49149
INFO: "GET /admin/ HTTP/1.1" 200 49149
INFO: "GET /static/vendor/fontawesome-free/css/all.min.css HTTP/1.1" 304 0
INFO: "GET /static/jazzmin/css/main.css HTTP/1.1" 304 0
INFO: "GET /static/vendor/adminlte/css/adminlte.min.css HTTP/1.1" 304 0
INFO: "GET /static/vendor/adminlte/img/AdminLTELogo.png HTTP/1.1" 304 0
INFO: "GET /static/vendor/bootstrap/js/bootstrap.min.js HTTP/1.1" 304 0
INFO: "GET /static/vendor/adminlte/js/adminlte.min.js HTTP/1.1" 304 0
INFO: "GET /static/jazzmin/js/main.js HTTP/1.1" 304 0
INFO: Watching for file changes with StatReloader
INFO: "GET /admin/ HTTP/1.1" 200 17554
INFO: User 'ocadmin' tried to access login page but is already authenticated.
INFO: "GET / HTTP/1.1" 302 0
INFO: User 'ocadmin' accessed index page.
INFO: "GET /indexpage/ HTTP/1.1" 200 23713
INFO: "GET /static/main/css/main.css HTTP/1.1" 304 0
WARNING: "GET /static/main/webfonts/fa-solid-900.woff2 HTTP/1.1" 404 179
WARNING: "GET /static/main/webfonts/fa-solid-900.ttf HTTP/1.1" 404 179
INFO: L:\oneSource_Live\oneSource\HR\models.py changed, reloading.
INFO: Watching for file changes with StatReloader
INFO: Watching for file changes with StatReloader
INFO: L:\oneSource_Live\oneSource\HR\admin.py changed, reloading.
INFO: Watching for file changes with StatReloader
INFO: User 'ocadmin' accessed index page.
INFO: "GET /indexpage/ HTTP/1.1" 200 23713
INFO: "GET /static/main/css/main.css HTTP/1.1" 304 0
WARNING: "GET /static/main/webfonts/fa-solid-900.woff2 HTTP/1.1" 404 179
WARNING: "GET /static/main/webfonts/fa-solid-900.ttf HTTP/1.1" 404 179
INFO: "GET /admin/ HTTP/1.1" 200 18886
INFO: "GET /admin/auth/user/ HTTP/1.1" 200 25860
INFO: "GET /admin/jsi18n/ HTTP/1.1" 200 3342
INFO: "GET /static/admin/js/vendor/jquery/jquery.min.js HTTP/1.1" 304 0
INFO: "GET /static/admin/js/vendor/xregexp/xregexp.min.js HTTP/1.1" 304 0
INFO: "GET /admin/auth/user/6/change/ HTTP/1.1" 200 34740
INFO: "GET /admin/jsi18n/ HTTP/1.1" 200 3342
INFO: "POST /admin/auth/user/6/change/ HTTP/1.1" 302 0
INFO: "GET /admin/auth/user/ HTTP/1.1" 200 26054
INFO: "GET /static/admin/js/vendor/jquery/jquery.min.js HTTP/1.1" 304 0
INFO: "GET /admin/jsi18n/ HTTP/1.1" 200 3342
INFO: "GET /static/admin/js/vendor/xregexp/xregexp.min.js HTTP/1.1" 304 0
INFO: "GET /admin/auth/user/14/change/ HTTP/1.1" 200 34699
INFO: "GET /admin/jsi18n/ HTTP/1.1" 200 3342
INFO: "POST /admin/auth/user/14/change/ HTTP/1.1" 302 0
INFO: "GET /admin/auth/user/ HTTP/1.1" 200 26057
INFO: "GET /static/admin/js/vendor/jquery/jquery.min.js HTTP/1.1" 304 0
INFO: "GET /static/admin/js/vendor/xregexp/xregexp.min.js HTTP/1.1" 304 0
INFO: "GET /admin/jsi18n/ HTTP/1.1" 200 3342
INFO: "GET /admin/auth/user/16/change/ HTTP/1.1" 200 34675
INFO: "GET /admin/jsi18n/ HTTP/1.1" 200 3342
INFO: "POST /admin/auth/user/16/change/ HTTP/1.1" 302 0
INFO: "GET /admin/auth/user/ HTTP/1.1" 200 26056
INFO: "GET /admin/jsi18n/ HTTP/1.1" 200 3342
INFO: "GET /admin/auth/user/17/change/ HTTP/1.1" 200 34709
INFO: "GET /admin/jsi18n/ HTTP/1.1" 200 3342
INFO: "POST /admin/auth/user/17/change/ HTTP/1.1" 302 0
INFO: "GET /admin/auth/user/ HTTP/1.1" 200 26058
INFO: "GET /static/admin/js/vendor/jquery/jquery.min.js HTTP/1.1" 304 0
INFO: "GET /admin/jsi18n/ HTTP/1.1" 200 3342
INFO: "GET /static/admin/js/vendor/xregexp/xregexp.min.js HTTP/1.1" 304 0
INFO: "GET /admin/auth/user/1013/change/ HTTP/1.1" 200 34709
INFO: "GET /admin/jsi18n/ HTTP/1.1" 200 3342
INFO: "POST /admin/auth/user/1013/change/ HTTP/1.1" 302 0
INFO: "GET /admin/auth/user/ HTTP/1.1" 200 26059
INFO: "GET /static/admin/js/vendor/jquery/jquery.min.js HTTP/1.1" 304 0
INFO: "GET /admin/jsi18n/ HTTP/1.1" 200 3342
INFO: "GET /static/admin/js/vendor/xregexp/xregexp.min.js HTTP/1.1" 304 0
INFO: "GET /admin/auth/user/14/change/ HTTP/1.1" 200 34825
INFO: "GET /admin/jsi18n/ HTTP/1.1" 200 3342
INFO: "POST /admin/auth/user/14/change/ HTTP/1.1" 302 0
INFO: "GET /admin/auth/user/ HTTP/1.1" 200 26057
INFO: "GET /static/admin/js/vendor/jquery/jquery.min.js HTTP/1.1" 304 0
INFO: "GET /admin/jsi18n/ HTTP/1.1" 200 3342
INFO: "GET /static/admin/js/vendor/xregexp/xregexp.min.js HTTP/1.1" 304 0
INFO: "GET /admin/auth/user/16/change/ HTTP/1.1" 200 34738
INFO: "GET /admin/jsi18n/ HTTP/1.1" 200 3342
INFO: "GET /admin/auth/user/ HTTP/1.1" 200 25860
INFO: "GET /admin/jsi18n/ HTTP/1.1" 200 3342
INFO: "GET /admin/auth/user/17/change/ HTTP/1.1" 200 34736
INFO: "GET /admin/jsi18n/ HTTP/1.1" 200 3342
INFO: "POST /admin/auth/user/17/change/ HTTP/1.1" 302 0
INFO: "GET /admin/auth/user/ HTTP/1.1" 200 26058
INFO: "GET /admin/jsi18n/ HTTP/1.1" 200 3342
INFO: "GET /admin/CANTEEN/attendance/ HTTP/1.1" 200 16392
INFO: "GET /admin/jsi18n/ HTTP/1.1" 200 3342
INFO: "GET /admin/CANTEEN/attendance/import/ HTTP/1.1" 200 14436
INFO: "GET /admin/jsi18n/ HTTP/1.1" 200 3342
INFO: "POST /admin/logout/ HTTP/1.1" 302 0
INFO: "GET / HTTP/1.1" 200 5216
INFO: - Broken pipe from ('192.168.1.1', 64544)
INFO: User 'ocadmin' tried to access login page but is already authenticated.
INFO: "GET / HTTP/1.1" 302 0
INFO: User 'ocadmin' accessed index page.
INFO: "GET /indexpage/ HTTP/1.1" 200 23713
INFO: "GET /static/main/css/navbar.css HTTP/1.1" 304 0
INFO: "GET /static/main/js/navbar.js HTTP/1.1" 304 0
WARNING: "GET /static/main/webfonts/fa-solid-900.woff2 HTTP/1.1" 404 179
WARNING: "GET /static/main/webfonts/fa-solid-900.ttf HTTP/1.1" 404 179
INFO: User 'ocadmin' accessed index page.
INFO: "GET /indexpage/ HTTP/1.1" 200 23713
INFO: "GET /static/main/css/navbar.css HTTP/1.1" 304 0
INFO: "GET /static/main/js/navbar.js HTTP/1.1" 304 0
WARNING: "GET /static/main/webfonts/fa-solid-900.woff2 HTTP/1.1" 404 179
WARNING: "GET /static/main/webfonts/fa-solid-900.ttf HTTP/1.1" 404 179
INFO: User 'ocadmin' tried to access login page but is already authenticated.
INFO: "GET / HTTP/1.1" 302 0
INFO: User 'ocadmin' accessed index page.
INFO: "GET /indexpage/ HTTP/1.1" 200 23713
WARNING: "GET /static/main/webfonts/fa-solid-900.woff2 HTTP/1.1" 404 179
WARNING: "GET /static/main/webfonts/fa-solid-900.ttf HTTP/1.1" 404 179
INFO: User 'bhagavan.b' tried to access login page but is already authenticated.
INFO: "GET / HTTP/1.1" 302 0
INFO: User 'bhagavan.b' accessed index page.
INFO: "GET /indexpage/ HTTP/1.1" 200 9666
INFO: "GET /static/main/css/navbar.css HTTP/1.1" 304 0
INFO: "GET /static/main/js/navbar.js HTTP/1.1" 304 0
WARNING: "GET /static/main/webfonts/fa-solid-900.woff2 HTTP/1.1" 404 179
WARNING: "GET /static/main/webfonts/fa-solid-900.ttf HTTP/1.1" 404 179
WARNING: "GET /favicon.ico HTTP/1.1" 404 179
INFO: "GET /view_leading/ HTTP/1.1" 200 30898
WARNING: "GET /static/main/webfonts/fa-solid-900.woff2 HTTP/1.1" 404 179
WARNING: "GET /static/main/webfonts/fa-solid-900.ttf HTTP/1.1" 404 179
INFO: "GET /leading/12188/detail/ HTTP/1.1" 200 10168
INFO: "GET /leading/12188/detail/ HTTP/1.1" 200 10168
WARNING: "GET /static/main/webfonts/fa-solid-900.woff2 HTTP/1.1" 404 179
WARNING: "GET /static/main/webfonts/fa-solid-900.ttf HTTP/1.1" 404 179
INFO: "GET /add_leading_record/ HTTP/1.1" 200 21584
INFO: "GET /static/leading/css/leading.css HTTP/1.1" 304 0
INFO: "GET /static/leading/js/leading.js HTTP/1.1" 304 0
WARNING: "GET /static/main/webfonts/fa-solid-900.woff2 HTTP/1.1" 404 179
WARNING: "GET /static/main/webfonts/fa-solid-900.ttf HTTP/1.1" 404 179
INFO: "POST /add_leading_record/ HTTP/1.1" 302 0
INFO: "GET /add_leading_record/ HTTP/1.1" 200 22039
INFO: "GET /static/main/css/navbar.css HTTP/1.1" 304 0
INFO: "GET /static/leading/css/leading.css HTTP/1.1" 304 0
INFO: "GET /static/leading/js/leading.js HTTP/1.1" 304 0
INFO: "GET /static/main/js/navbar.js HTTP/1.1" 304 0
WARNING: "GET /static/main/webfonts/fa-solid-900.woff2 HTTP/1.1" 404 179
WARNING: "GET /static/main/webfonts/fa-solid-900.ttf HTTP/1.1" 404 179
INFO: "POST /add_leading_record/ HTTP/1.1" 302 0
INFO: "GET /add_leading_record/ HTTP/1.1" 200 22039
WARNING: "GET /static/main/webfonts/fa-solid-900.woff2 HTTP/1.1" 404 179
WARNING: "GET /static/main/webfonts/fa-solid-900.ttf HTTP/1.1" 404 179
INFO: "POST /add_leading_record/ HTTP/1.1" 302 0
INFO: "GET /add_leading_record/ HTTP/1.1" 200 22039
INFO: "GET /static/main/css/navbar.css HTTP/1.1" 304 0
INFO: "GET /static/leading/css/leading.css HTTP/1.1" 304 0
INFO: "GET /static/leading/js/leading.js HTTP/1.1" 304 0
INFO: "GET /static/main/js/navbar.js HTTP/1.1" 304 0
WARNING: "GET /static/main/webfonts/fa-solid-900.woff2 HTTP/1.1" 404 179
WARNING: "GET /static/main/webfonts/fa-solid-900.ttf HTTP/1.1" 404 179
INFO: "POST /add_leading_record/ HTTP/1.1" 200 22276
INFO: "GET /static/main/css/navbar.css HTTP/1.1" 304 0
INFO: "GET /static/leading/css/leading.css HTTP/1.1" 304 0
INFO: "GET /static/leading/js/leading.js HTTP/1.1" 304 0
INFO: "GET /static/main/js/navbar.js HTTP/1.1" 304 0
WARNING: "GET /static/main/webfonts/fa-solid-900.woff2 HTTP/1.1" 404 179
WARNING: "GET /static/main/webfonts/fa-solid-900.ttf HTTP/1.1" 404 179
INFO: "POST /add_leading_record/ HTTP/1.1" 302 0
INFO: "GET /add_leading_record/ HTTP/1.1" 200 22039
WARNING: "GET /static/main/webfonts/fa-solid-900.woff2 HTTP/1.1" 404 179
WARNING: "GET /static/main/webfonts/fa-solid-900.ttf HTTP/1.1" 404 179
INFO: User 'bhagavan.b' tried to access login page but is already authenticated.
INFO: "GET / HTTP/1.1" 302 0
INFO: User 'bhagavan.b' accessed index page.
INFO: "GET /indexpage/ HTTP/1.1" 200 9666
INFO: "GET /static/main/css/navbar.css HTTP/1.1" 304 0
INFO: "GET /static/main/js/navbar.js HTTP/1.1" 304 0
WARNING: "GET /static/main/webfonts/fa-solid-900.woff2 HTTP/1.1" 404 179
WARNING: "GET /static/main/webfonts/fa-solid-900.ttf HTTP/1.1" 404 179
INFO: "GET /view_leading/ HTTP/1.1" 200 30931
WARNING: "GET /static/main/webfonts/fa-solid-900.woff2 HTTP/1.1" 404 179
WARNING: "GET /static/main/webfonts/fa-solid-900.ttf HTTP/1.1" 404 179
INFO: "GET /leading/12192/detail/ HTTP/1.1" 200 10147
INFO: "GET /leading/12192/detail/ HTTP/1.1" 200 10147
WARNING: "GET /static/main/webfonts/fa-solid-900.woff2 HTTP/1.1" 404 179
WARNING: "GET /static/main/webfonts/fa-solid-900.ttf HTTP/1.1" 404 179
INFO: "GET / HTTP/1.1" 200 5216
INFO: "GET /static/main/images/OC_white_logo.png HTTP/1.1" 200 1045138
WARNING: "GET /favicon.ico HTTP/1.1" 404 179
INFO: User 'vikas.k' logged in successfully.
INFO: "POST / HTTP/1.1" 302 0
INFO: User 'vikas.k' accessed index page.
INFO: "GET /indexpage/ HTTP/1.1" 200 9200
INFO: "GET /static/main/css/navbar.css HTTP/1.1" 200 380
INFO: "GET /static/main/images/ETP%20Module.png HTTP/1.1" 200 610
INFO: "GET /static/main/js/navbar.js HTTP/1.1" 200 516
WARNING: "GET /static/main/webfonts/fa-solid-900.woff2 HTTP/1.1" 404 179
WARNING: "GET /static/main/webfonts/fa-solid-900.ttf HTTP/1.1" 404 179
INFO: User 'vikas.k' tried to access login page but is already authenticated.
INFO: "GET / HTTP/1.1" 302 0
INFO: User 'vikas.k' accessed index page.
INFO: "GET /indexpage/ HTTP/1.1" 200 8791
INFO: "GET /static/main/images/ETP%20Module.png HTTP/1.1" 304 0
INFO: "GET /static/main/css/navbar.css HTTP/1.1" 304 0
INFO: "GET /static/main/js/navbar.js HTTP/1.1" 304 0
WARNING: "GET /static/main/webfonts/fa-solid-900.woff2 HTTP/1.1" 404 179
WARNING: "GET /static/main/webfonts/fa-solid-900.ttf HTTP/1.1" 404 179
INFO: "GET /view_leading/ HTTP/1.1" 200 30931
INFO: "GET /static/main/css/navbar.css HTTP/1.1" 304 0
INFO: "GET /static/main/js/navbar.js HTTP/1.1" 304 0
WARNING: "GET /static/main/webfonts/fa-solid-900.woff2 HTTP/1.1" 404 179
WARNING: "GET /static/main/webfonts/fa-solid-900.ttf HTTP/1.1" 404 179
INFO: "GET /add_leading_record/ HTTP/1.1" 200 21584
INFO: "GET /static/leading/js/leading.js HTTP/1.1" 304 0
INFO: "GET /static/leading/css/leading.css HTTP/1.1" 304 0
WARNING: "GET /static/main/webfonts/fa-solid-900.woff2 HTTP/1.1" 404 179
WARNING: "GET /static/main/webfonts/fa-solid-900.ttf HTTP/1.1" 404 179
INFO: User 'vikas.k' tried to access login page but is already authenticated.
INFO: "GET / HTTP/1.1" 302 0
INFO: User 'vikas.k' accessed index page.
INFO: "GET /indexpage/ HTTP/1.1" 200 8791
INFO: "GET /static/main/css/navbar.css HTTP/1.1" 304 0
INFO: "GET /static/main/images/ETP%20Module.png HTTP/1.1" 304 0
INFO: "GET /static/main/js/navbar.js HTTP/1.1" 304 0
WARNING: "GET /static/main/webfonts/fa-solid-900.woff2 HTTP/1.1" 404 179
WARNING: "GET /static/main/webfonts/fa-solid-900.ttf HTTP/1.1" 404 179
INFO: User 'ocadmin' tried to access login page but is already authenticated.
INFO: "GET / HTTP/1.1" 302 0
INFO: User 'ocadmin' accessed index page.
INFO: "GET /indexpage/ HTTP/1.1" 200 23713
INFO: "GET /static/main/css/navbar.css HTTP/1.1" 304 0
INFO: "GET /static/main/js/navbar.js HTTP/1.1" 304 0
WARNING: "GET /static/main/webfonts/fa-solid-900.woff2 HTTP/1.1" 404 179
WARNING: "GET /static/main/webfonts/fa-solid-900.ttf HTTP/1.1" 404 179
INFO: "POST /add_leading_record/ HTTP/1.1" 302 0
INFO: "GET /add_leading_record/ HTTP/1.1" 200 22039
INFO: "GET /static/main/css/navbar.css HTTP/1.1" 304 0
INFO: "GET /static/leading/css/leading.css HTTP/1.1" 304 0
INFO: "GET /static/leading/js/leading.js HTTP/1.1" 304 0
INFO: "GET /static/main/js/navbar.js HTTP/1.1" 304 0
WARNING: "GET /static/main/webfonts/fa-solid-900.woff2 HTTP/1.1" 404 179
WARNING: "GET /static/main/webfonts/fa-solid-900.ttf HTTP/1.1" 404 179
INFO: "POST /add_leading_record/ HTTP/1.1" 302 0
INFO: "GET /add_leading_record/ HTTP/1.1" 200 22039
INFO: "GET /static/main/css/navbar.css HTTP/1.1" 304 0
INFO: "GET /static/leading/css/leading.css HTTP/1.1" 304 0
INFO: "GET /static/leading/js/leading.js HTTP/1.1" 304 0
INFO: "GET /static/main/js/navbar.js HTTP/1.1" 304 0
WARNING: "GET /static/main/webfonts/fa-solid-900.woff2 HTTP/1.1" 404 179
WARNING: "GET /static/main/webfonts/fa-solid-900.ttf HTTP/1.1" 404 179
INFO: "POST /add_leading_record/ HTTP/1.1" 302 0
INFO: "GET /add_leading_record/ HTTP/1.1" 200 22039
INFO: "GET /static/main/css/navbar.css HTTP/1.1" 304 0
INFO: "GET /static/leading/css/leading.css HTTP/1.1" 304 0
INFO: "GET /static/leading/js/leading.js HTTP/1.1" 304 0
INFO: "GET /static/main/js/navbar.js HTTP/1.1" 304 0
WARNING: "GET /static/main/webfonts/fa-solid-900.woff2 HTTP/1.1" 404 179
WARNING: "GET /static/main/webfonts/fa-solid-900.ttf HTTP/1.1" 404 179
INFO: "POST /add_leading_record/ HTTP/1.1" 302 0
INFO: "GET /add_leading_record/ HTTP/1.1" 200 22039
INFO: "GET /static/main/css/navbar.css HTTP/1.1" 304 0
INFO: "GET /static/leading/css/leading.css HTTP/1.1" 304 0
INFO: "GET /static/leading/js/leading.js HTTP/1.1" 304 0
INFO: "GET /static/main/js/navbar.js HTTP/1.1" 304 0
WARNING: "GET /static/main/webfonts/fa-solid-900.woff2 HTTP/1.1" 404 179
WARNING: "GET /static/main/webfonts/fa-solid-900.ttf HTTP/1.1" 404 179
INFO: "GET / HTTP/1.1" 200 5216
INFO: "GET /static/main/images/OC_white_logo.png HTTP/1.1" 304 0
WARNING: "GET /favicon.ico HTTP/1.1" 404 179
INFO: User 'taufik.s' logged in successfully.
INFO: "POST / HTTP/1.1" 302 0
INFO: User 'taufik.s' logged in successfully.
INFO: "POST / HTTP/1.1" 302 0
INFO: User 'taufik.s' accessed index page.
INFO: "GET /indexpage/ HTTP/1.1" 200 9073
INFO: "GET /static/main/css/navbar.css HTTP/1.1" 304 0
INFO: "GET /static/main/css/main.css HTTP/1.1" 304 0
INFO: "GET /static/main/js/navbar.js HTTP/1.1" 304 0
WARNING: "GET /static/main/webfonts/fa-solid-900.woff2 HTTP/1.1" 404 179
WARNING: "GET /static/main/webfonts/fa-solid-900.ttf HTTP/1.1" 404 179
INFO: Vehicle list viewed by taufik.s with filters: {'reporting_date': '', 'name_of_supplier': '', 'material': '', 'name_of_transporter': '', 'status': ''}
INFO: "GET /vehicle_list/ HTTP/1.1" 200 25636
WARNING: "GET /static/main/webfonts/fa-solid-900.woff2 HTTP/1.1" 404 179
WARNING: "GET /static/main/webfonts/fa-solid-900.ttf HTTP/1.1" 404 179
INFO: Vehicle list viewed by taufik.s with filters: {'reporting_date': '', 'name_of_supplier': '', 'material': '', 'name_of_transporter': '', 'status': 'Pending'}
INFO: "GET /vehicle_list/?reporting_date=&name_of_supplier=&material=&name_of_transporter=&status=Pending HTTP/1.1" 200 12887
WARNING: "GET /static/main/webfonts/fa-solid-900.woff2 HTTP/1.1" 404 179
WARNING: "GET /static/main/webfonts/fa-solid-900.ttf HTTP/1.1" 404 179
INFO: "POST /add_leading_record/ HTTP/1.1" 200 22216
INFO: "GET /static/main/css/navbar.css HTTP/1.1" 304 0
INFO: "GET /static/leading/css/leading.css HTTP/1.1" 304 0
INFO: "GET /static/leading/js/leading.js HTTP/1.1" 304 0
INFO: "GET /static/main/js/navbar.js HTTP/1.1" 304 0
WARNING: "GET /static/main/webfonts/fa-solid-900.woff2 HTTP/1.1" 404 179
WARNING: "GET /static/main/webfonts/fa-solid-900.ttf HTTP/1.1" 404 179
INFO: "POST /add_leading_record/ HTTP/1.1" 302 0
INFO: "GET /add_leading_record/ HTTP/1.1" 200 22039
WARNING: "GET /static/main/webfonts/fa-solid-900.woff2 HTTP/1.1" 404 179
WARNING: "GET /static/main/webfonts/fa-solid-900.ttf HTTP/1.1" 404 179
INFO: "GET / HTTP/1.1" 200 5216
INFO: "GET /static/main/images/OC_white_logo.png HTTP/1.1" 200 1045138
WARNING: "GET /favicon.ico HTTP/1.1" 404 179
INFO: User 'ocadmin' logged in successfully.
INFO: "POST / HTTP/1.1" 302 0
INFO: User 'ocadmin' accessed index page.
INFO: "GET /indexpage/ HTTP/1.1" 200 24122
INFO: "GET /static/main/css/fontawesome.css HTTP/1.1" 200 73890
INFO: "GET /static/main/css/main.css HTTP/1.1" 200 0
INFO: "GET /static/main/images/OC.png HTTP/1.1" 200 2701
INFO: "GET /static/main/css/navbar.css HTTP/1.1" 200 380
INFO: "GET /static/main/images/HRModule.png HTTP/1.1" 200 31588
INFO: "GET /static/main/images/WarehouseModule.png HTTP/1.1" 200 3306
INFO: "GET /static/main/images/QualityControlModule.png HTTP/1.1" 200 18411
INFO: "GET /static/main/images/ProductionModule.png HTTP/1.1" 200 24454
INFO: "GET /static/main/js/navbar.js HTTP/1.1" 200 516
INFO: "GET /static/main/images/ETP%20Module.png HTTP/1.1" 200 610
INFO: "GET /static/main/js/fontawesome.js HTTP/1.1" 200 1530755
INFO: "GET /static/main/images/EHSModule.png HTTP/1.1" 200 112111
WARNING: "GET /static/main/webfonts/fa-solid-900.woff2 HTTP/1.1" 404 179
WARNING: "GET /static/main/webfonts/fa-solid-900.ttf HTTP/1.1" 404 179
INFO: "GET /attendance/summary/ HTTP/1.1" 200 26254
WARNING: "GET /static/main/webfonts/fa-solid-900.woff2 HTTP/1.1" 404 179
WARNING: "GET /static/main/webfonts/fa-solid-900.ttf HTTP/1.1" 404 179
INFO: User 'ocadmin' logged out.
INFO: "GET /userlogout/ HTTP/1.1" 302 0
INFO: "GET / HTTP/1.1" 200 5659
INFO: "POST /add_leading_record/ HTTP/1.1" 302 0
INFO: "GET /add_leading_record/ HTTP/1.1" 200 22039
INFO: "GET /static/main/css/navbar.css HTTP/1.1" 304 0
INFO: "GET /static/leading/css/leading.css HTTP/1.1" 304 0
INFO: "GET /static/leading/js/leading.js HTTP/1.1" 304 0
INFO: "GET /static/main/js/navbar.js HTTP/1.1" 304 0
WARNING: "GET /static/main/webfonts/fa-solid-900.woff2 HTTP/1.1" 404 179
WARNING: "GET /static/main/webfonts/fa-solid-900.ttf HTTP/1.1" 404 179
INFO: "POST /add_leading_record/ HTTP/1.1" 302 0
INFO: "GET /add_leading_record/ HTTP/1.1" 200 22039
INFO: "GET /static/main/css/navbar.css HTTP/1.1" 304 0
INFO: "GET /static/leading/css/leading.css HTTP/1.1" 304 0
INFO: "GET /static/main/js/navbar.js HTTP/1.1" 304 0
INFO: "GET /static/leading/js/leading.js HTTP/1.1" 304 0
WARNING: "GET /static/main/webfonts/fa-solid-900.woff2 HTTP/1.1" 404 179
WARNING: "GET /static/main/webfonts/fa-solid-900.ttf HTTP/1.1" 404 179
INFO: "POST /add_leading_record/ HTTP/1.1" 302 0
INFO: "GET /add_leading_record/ HTTP/1.1" 200 22039
INFO: "GET /static/main/css/navbar.css HTTP/1.1" 304 0
INFO: "GET /static/leading/css/leading.css HTTP/1.1" 304 0
INFO: "GET /static/leading/js/leading.js HTTP/1.1" 304 0
INFO: "GET /static/main/js/navbar.js HTTP/1.1" 304 0
WARNING: "GET /static/main/webfonts/fa-solid-900.woff2 HTTP/1.1" 404 179
WARNING: "GET /static/main/webfonts/fa-solid-900.ttf HTTP/1.1" 404 179
INFO: Vehicle list viewed by taufik.s with filters: {'reporting_date': '', 'name_of_supplier': '', 'material': '', 'name_of_transporter': '', 'status': 'Pending'}
INFO: "GET /vehicle_list/?reporting_date=&name_of_supplier=&material=&name_of_transporter=&status=Pending HTTP/1.1" 200 12887
INFO: "GET /static/main/css/main.css HTTP/1.1" 304 0
INFO: "GET /static/main/js/navbar.js HTTP/1.1" 304 0
INFO: "GET /static/main/css/navbar.css HTTP/1.1" 304 0
WARNING: "GET /static/main/webfonts/fa-solid-900.woff2 HTTP/1.1" 404 179
WARNING: "GET /static/main/webfonts/fa-solid-900.ttf HTTP/1.1" 404 179
INFO: Vehicle list viewed by taufik.s with filters: {'reporting_date': '', 'name_of_supplier': '', 'material': '', 'name_of_transporter': '', 'status': 'Unloaded'}
INFO: "GET /vehicle_list/?reporting_date=&name_of_supplier=&material=&name_of_transporter=&status=Unloaded HTTP/1.1" 200 25652
WARNING: "GET /static/main/webfonts/fa-solid-900.woff2 HTTP/1.1" 404 179
WARNING: "GET /static/main/webfonts/fa-solid-900.ttf HTTP/1.1" 404 179
INFO: Vehicle list viewed by taufik.s with filters: {'reporting_date': '2025-01-01', 'name_of_supplier': '', 'material': 'toluene', 'name_of_transporter': '', 'status': 'Unloaded'}
INFO: "GET /vehicle_list/?reporting_date=2025-01-01&name_of_supplier=&material=toluene&name_of_transporter=&status=Unloaded HTTP/1.1" 200 11714
WARNING: "GET /static/main/webfonts/fa-solid-900.woff2 HTTP/1.1" 404 179
WARNING: "GET /static/main/webfonts/fa-solid-900.ttf HTTP/1.1" 404 179
INFO: Vehicle list viewed by taufik.s with filters: {'reporting_date': '2025-01-01', 'name_of_supplier': '', 'material': 'toluene', 'name_of_transporter': '', 'status': 'Unloaded'}
INFO: "GET /vehicle_list/?reporting_date=2025-01-01&name_of_supplier=&material=toluene&name_of_transporter=&status=Unloaded HTTP/1.1" 200 11714
WARNING: "GET /static/main/webfonts/fa-solid-900.woff2 HTTP/1.1" 404 179
WARNING: "GET /static/main/webfonts/fa-solid-900.ttf HTTP/1.1" 404 179
INFO: 0 vehicle records exported to Excel by taufik.s
INFO: "GET /vehicles/download/?reporting_date=2025-01-01&name_of_supplier=&material=toluene&name_of_transporter=&status=Unloaded HTTP/1.1" 200 5086
INFO: Vehicle list viewed by taufik.s with filters: {'reporting_date': '', 'name_of_supplier': '', 'material': '', 'name_of_transporter': '', 'status': ''}
INFO: "GET /vehicle_list/ HTTP/1.1" 200 25636
INFO: "GET /static/main/css/main.css HTTP/1.1" 304 0
INFO: "GET /static/main/css/navbar.css HTTP/1.1" 304 0
INFO: "GET /static/main/js/navbar.js HTTP/1.1" 304 0
WARNING: "GET /static/main/webfonts/fa-solid-900.woff2 HTTP/1.1" 404 179
WARNING: "GET /static/main/webfonts/fa-solid-900.ttf HTTP/1.1" 404 179
INFO: Vehicle list viewed by taufik.s with filters: {'reporting_date': '', 'name_of_supplier': '', 'material': 'toluene', 'name_of_transporter': '', 'status': ''}
INFO: "GET /vehicle_list/?reporting_date=&name_of_supplier=&material=toluene&name_of_transporter=&status= HTTP/1.1" 200 25403
WARNING: "GET /static/main/webfonts/fa-solid-900.woff2 HTTP/1.1" 404 179
WARNING: "GET /static/main/webfonts/fa-solid-900.ttf HTTP/1.1" 404 179
INFO: 137 vehicle records exported to Excel by taufik.s
INFO: "GET /vehicles/download/?reporting_date=&name_of_supplier=&material=toluene&name_of_transporter=&status= HTTP/1.1" 200 15892
INFO: Vehicle list viewed by taufik.s with filters: {'reporting_date': '', 'name_of_supplier': '', 'material': '2,6 dich', 'name_of_transporter': '', 'status': ''}
INFO: "GET /vehicle_list/?reporting_date=&name_of_supplier=&material=2%2C6+dich&name_of_transporter=&status= HTTP/1.1" 200 25558
INFO: "GET /static/main/css/main.css HTTP/1.1" 304 0
INFO: "GET /static/main/js/navbar.js HTTP/1.1" 304 0
INFO: "GET /static/main/css/navbar.css HTTP/1.1" 304 0
WARNING: "GET /static/main/webfonts/fa-solid-900.woff2 HTTP/1.1" 404 179
WARNING: "GET /static/main/webfonts/fa-solid-900.ttf HTTP/1.1" 404 179
INFO: Vehicle list viewed by taufik.s with filters: {'reporting_date': '2025-01-01', 'name_of_supplier': '', 'material': '2,6 dich', 'name_of_transporter': '', 'status': ''}
INFO: "GET /vehicle_list/?reporting_date=2025-01-01&name_of_supplier=&material=2%2C6+dich&name_of_transporter=&status= HTTP/1.1" 200 11700
WARNING: "GET /static/main/webfonts/fa-solid-900.woff2 HTTP/1.1" 404 179
WARNING: "GET /static/main/webfonts/fa-solid-900.ttf HTTP/1.1" 404 179
INFO: L:\oneSource_Live\oneSource\HR\scheduler.py changed, reloading.
