[2025-04-18 10:26:05,939] WARNING django.server "GET /static/main/webfonts/fa-solid-900.woff2 HTTP/1.1" 404 179
[2025-04-18 10:26:06,090] WARNING django.server "GET /static/main/webfonts/fa-solid-900.ttf HTTP/1.1" 404 179
[2025-04-18 10:26:10,864] WARNING django.server "GET /indexpage/abc HTTP/1.1" 404 179
[2025-04-18 10:39:33,401] WARNING django.server "GET /static/main/webfonts/fa-solid-900.woff2 HTTP/1.1" 404 179
[2025-04-18 10:39:33,418] WARNING django.server "GET /static/main/webfonts/fa-solid-900.ttf HTTP/1.1" 404 179
[2025-04-18 10:44:45,286] WARNING django.server "GET /static/main/webfonts/fa-solid-900.woff2 HTTP/1.1" 404 179
[2025-04-18 10:44:45,382] WARNING django.server "GET /static/main/webfonts/fa-solid-900.ttf HTTP/1.1" 404 179
[2025-04-18 10:45:14,649] WARNING django.server "GET /static/main/webfonts/fa-solid-900.woff2 HTTP/1.1" 404 179
[2025-04-18 10:45:14,722] WARNING django.server "GET /static/main/webfonts/fa-solid-900.ttf HTTP/1.1" 404 179
[2025-04-18 10:46:24,889] WARNING django.server "GET /static/main/webfonts/fa-solid-900.woff2 HTTP/1.1" 404 179
[2025-04-18 10:46:24,954] WARNING django.server "GET /static/main/webfonts/fa-solid-900.ttf HTTP/1.1" 404 179
[2025-04-18 11:00:28,348] WARNING django.server "GET /static/main/webfonts/fa-solid-900.woff2 HTTP/1.1" 404 179
[2025-04-18 11:00:28,425] WARNING django.server "GET /static/main/webfonts/fa-solid-900.ttf HTTP/1.1" 404 179
[2025-04-18 11:03:13,441] WARNING django.server "GET /static/main/webfonts/fa-solid-900.woff2 HTTP/1.1" 404 179
[2025-04-18 11:03:13,555] WARNING django.server "GET /static/main/webfonts/fa-solid-900.ttf HTTP/1.1" 404 179
[2025-04-18 11:03:22,037] WARNING django.server "GET /static/main/webfonts/fa-solid-900.woff2 HTTP/1.1" 404 179
[2025-04-18 11:03:22,124] WARNING django.server "GET /static/main/webfonts/fa-solid-900.ttf HTTP/1.1" 404 179
[2025-04-18 11:05:27,084] WARNING django.server "GET /__reload__/events/ HTTP/1.1" 404 179
[2025-04-18 11:05:30,102] WARNING django.server "GET /__reload__/events/ HTTP/1.1" 404 179
[2025-04-18 11:05:33,118] WARNING django.server "GET /__reload__/events/ HTTP/1.1" 404 179
[2025-04-18 11:05:36,236] WARNING django.server "GET /__reload__/events/ HTTP/1.1" 404 179
[2025-04-18 11:05:39,249] WARNING django.server "GET /__reload__/events/ HTTP/1.1" 404 179
[2025-04-18 11:05:42,277] WARNING django.server "GET /__reload__/events/ HTTP/1.1" 404 179
[2025-04-18 11:05:45,303] WARNING django.server "GET /__reload__/events/ HTTP/1.1" 404 179
[2025-04-18 11:05:48,413] WARNING django.server "GET /__reload__/events/ HTTP/1.1" 404 179
[2025-04-18 11:05:51,437] WARNING django.server "GET /__reload__/events/ HTTP/1.1" 404 179
[2025-04-18 11:05:54,456] WARNING django.server "GET /__reload__/events/ HTTP/1.1" 404 179
[2025-04-18 11:07:29,775] WARNING django.server "GET /static/main/webfonts/fa-solid-900.woff2 HTTP/1.1" 404 179
[2025-04-18 11:07:29,837] WARNING django.server "GET /static/main/webfonts/fa-solid-900.ttf HTTP/1.1" 404 179
[2025-04-18 11:07:32,856] WARNING django.server "GET /static/main/webfonts/fa-solid-900.woff2 HTTP/1.1" 404 179
[2025-04-18 11:07:32,967] WARNING django.server "GET /static/main/webfonts/fa-solid-900.ttf HTTP/1.1" 404 179
[2025-04-18 11:13:55,309] WARNING django.server "GET /__reload__/events/ HTTP/1.1" 404 179
[2025-04-18 11:13:58,330] WARNING django.server "GET /__reload__/events/ HTTP/1.1" 404 179
[2025-04-18 11:14:01,346] WARNING django.server "GET /__reload__/events/ HTTP/1.1" 404 179
[2025-04-18 11:21:18,006] WARNING django.server "GET /__reload__/events/ HTTP/1.1" 404 179
[2025-04-18 11:21:21,026] WARNING django.server "GET /__reload__/events/ HTTP/1.1" 404 179
[2025-04-18 11:21:24,046] WARNING django.server "GET /__reload__/events/ HTTP/1.1" 404 179
[2025-04-18 11:29:55,828] WARNING django.server "GET /__reload__/events/ HTTP/1.1" 404 179
[2025-04-18 11:29:58,843] WARNING django.server "GET /__reload__/events/ HTTP/1.1" 404 179
[2025-04-18 11:30:01,862] WARNING django.server "GET /__reload__/events/ HTTP/1.1" 404 179
[2025-04-18 11:30:04,883] WARNING django.server "GET /__reload__/events/ HTTP/1.1" 404 179
[2025-04-18 11:30:07,903] WARNING django.server "GET /__reload__/events/ HTTP/1.1" 404 179
[2025-04-18 11:30:10,924] WARNING django.server "GET /__reload__/events/ HTTP/1.1" 404 179
[2025-04-18 11:30:13,944] WARNING django.server "GET /__reload__/events/ HTTP/1.1" 404 179
[2025-04-18 11:41:34,449] WARNING django.server "GET /static/main/webfonts/fa-solid-900.woff2 HTTP/1.1" 404 179
[2025-04-18 11:41:34,508] WARNING django.server "GET /static/main/webfonts/fa-solid-900.ttf HTTP/1.1" 404 179
[2025-04-18 11:41:38,205] WARNING django.server "GET /static/vendor/fontawesome-free/css/all.min.css HTTP/1.1" 404 179
[2025-04-18 11:41:38,209] WARNING django.server "GET /static/vendor/adminlte/css/adminlte.min.css HTTP/1.1" 404 179
[2025-04-18 11:41:38,242] WARNING django.server "GET /static/vendor/bootstrap/js/bootstrap.min.js HTTP/1.1" 404 179
[2025-04-18 11:41:38,246] WARNING django.server "GET /static/vendor/adminlte/img/AdminLTELogo.png HTTP/1.1" 404 179
[2025-04-18 11:41:38,249] WARNING django.server "GET /static/vendor/adminlte/js/adminlte.min.js HTTP/1.1" 404 179
[2025-04-18 11:41:38,253] WARNING django.server "GET /static/jazzmin/css/main.css HTTP/1.1" 404 179
[2025-04-18 11:41:38,262] WARNING django.server "GET /static/jazzmin/js/main.js HTTP/1.1" 404 179
[2025-04-18 11:41:38,449] WARNING django.server "GET /static/vendor/adminlte/img/AdminLTELogo.png HTTP/1.1" 404 179
[2025-04-18 11:41:40,743] WARNING django.server "GET /static/vendor/fontawesome-free/css/all.min.css HTTP/1.1" 404 179
[2025-04-18 11:41:40,744] WARNING django.server "GET /static/jazzmin/css/main.css HTTP/1.1" 404 179
[2025-04-18 11:41:40,751] WARNING django.server "GET /static/vendor/adminlte/img/AdminLTELogo.png HTTP/1.1" 404 179
[2025-04-18 11:41:40,755] WARNING django.server "GET /static/vendor/adminlte/css/adminlte.min.css HTTP/1.1" 404 179
[2025-04-18 11:41:40,756] WARNING django.server "GET /static/vendor/adminlte/js/adminlte.min.js HTTP/1.1" 404 179
[2025-04-18 11:41:40,767] WARNING django.server "GET /static/jazzmin/js/main.js HTTP/1.1" 404 179
[2025-04-18 11:41:40,757] WARNING django.server "GET /static/vendor/bootstrap/js/bootstrap.min.js HTTP/1.1" 404 179
[2025-04-18 11:42:19,079] WARNING django.server "GET /static/main/webfonts/fa-solid-900.woff2 HTTP/1.1" 404 179
[2025-04-18 11:42:19,163] WARNING django.server "GET /static/main/webfonts/fa-solid-900.ttf HTTP/1.1" 404 179
[2025-04-18 11:42:39,903] WARNING django.server "GET /__reload__/events/ HTTP/1.1" 404 179
[2025-04-18 11:42:42,957] WARNING django.server "GET /__reload__/events/ HTTP/1.1" 404 179
[2025-04-18 11:42:45,976] WARNING django.server "GET /__reload__/events/ HTTP/1.1" 404 179
[2025-04-18 11:45:07,333] WARNING django.server "GET /static/main/webfonts/fa-solid-900.woff2 HTTP/1.1" 404 179
[2025-04-18 11:45:07,473] WARNING django.server "GET /static/main/webfonts/fa-solid-900.ttf HTTP/1.1" 404 179
[2025-04-18 11:45:10,552] WARNING django.server "GET /static/main/webfonts/fa-solid-900.woff2 HTTP/1.1" 404 179
[2025-04-18 11:45:10,606] WARNING django.server "GET /static/main/webfonts/fa-solid-900.ttf HTTP/1.1" 404 179
[2025-04-18 11:56:28,520] WARNING django.server "GET /__reload__/events/ HTTP/1.1" 404 179
[2025-04-18 11:56:31,536] WARNING django.server "GET /__reload__/events/ HTTP/1.1" 404 179
[2025-04-18 11:56:34,563] WARNING django.server "GET /__reload__/events/ HTTP/1.1" 404 179
[2025-04-18 12:01:26,751] WARNING django.server "GET /__reload__/events/ HTTP/1.1" 404 179
[2025-04-18 12:01:29,767] WARNING django.server "GET /__reload__/events/ HTTP/1.1" 404 179
[2025-04-18 12:01:32,786] WARNING django.server "GET /__reload__/events/ HTTP/1.1" 404 179
[2025-04-18 12:16:19,938] WARNING django.server "GET /__reload__/events/ HTTP/1.1" 404 179
[2025-04-18 12:16:22,956] WARNING django.server "GET /__reload__/events/ HTTP/1.1" 404 179
[2025-04-18 12:16:25,975] WARNING django.server "GET /__reload__/events/ HTTP/1.1" 404 179
[2025-04-18 12:17:05,365] WARNING django.server "GET /static/main/webfonts/fa-solid-900.woff2 HTTP/1.1" 404 179
[2025-04-18 12:17:05,502] WARNING django.server "GET /static/main/webfonts/fa-solid-900.ttf HTTP/1.1" 404 179
[2025-04-18 12:22:05,206] WARNING django.server "GET /static/main/webfonts/fa-solid-900.woff2 HTTP/1.1" 404 179
[2025-04-18 12:22:05,257] WARNING django.server "GET /static/main/webfonts/fa-solid-900.ttf HTTP/1.1" 404 179
[2025-04-18 12:22:08,345] WARNING django.server "GET /static/main/webfonts/fa-solid-900.woff2 HTTP/1.1" 404 179
[2025-04-18 12:22:08,373] WARNING django.server "GET /static/main/webfonts/fa-solid-900.ttf HTTP/1.1" 404 179
[2025-04-18 12:22:21,793] WARNING django.server "GET /static/main/webfonts/fa-solid-900.woff2 HTTP/1.1" 404 179
[2025-04-18 12:22:21,858] WARNING django.server "GET /static/main/webfonts/fa-solid-900.ttf HTTP/1.1" 404 179
[2025-04-18 12:22:44,976] WARNING django.server "GET /static/main/webfonts/fa-solid-900.woff2 HTTP/1.1" 404 179
[2025-04-18 12:22:45,061] WARNING django.server "GET /static/main/webfonts/fa-solid-900.ttf HTTP/1.1" 404 179
[2025-04-18 12:27:17,630] WARNING django.server "GET /__reload__/events/ HTTP/1.1" 404 179
[2025-04-18 12:27:20,650] WARNING django.server "GET /__reload__/events/ HTTP/1.1" 404 179
[2025-04-18 12:27:23,668] WARNING django.server "GET /__reload__/events/ HTTP/1.1" 404 179
[2025-04-18 12:28:11,483] WARNING django.server "GET /static/main/webfonts/fa-solid-900.woff2 HTTP/1.1" 404 179
[2025-04-18 12:28:11,579] WARNING django.server "GET /static/main/webfonts/fa-solid-900.ttf HTTP/1.1" 404 179
[2025-04-18 12:28:23,363] WARNING django.server "GET /__reload__/events/ HTTP/1.1" 404 179
[2025-04-18 12:28:24,181] WARNING django.server "GET /static/main/webfonts/fa-solid-900.woff2 HTTP/1.1" 404 179
[2025-04-18 12:28:24,246] WARNING django.server "GET /static/main/webfonts/fa-solid-900.ttf HTTP/1.1" 404 179
[2025-04-18 12:28:26,394] WARNING django.server "GET /__reload__/events/ HTTP/1.1" 404 179
[2025-04-18 12:28:29,409] WARNING django.server "GET /__reload__/events/ HTTP/1.1" 404 179
[2025-04-18 12:28:32,068] WARNING django.server "GET /static/main/webfonts/fa-solid-900.woff2 HTTP/1.1" 404 179
[2025-04-18 12:28:32,207] WARNING django.server "GET /static/main/webfonts/fa-solid-900.ttf HTTP/1.1" 404 179
[2025-04-18 12:28:32,427] WARNING django.server "GET /__reload__/events/ HTTP/1.1" 404 179
[2025-04-18 12:28:44,718] WARNING django.server "GET /__reload__/events/ HTTP/1.1" 404 179
[2025-04-18 12:28:46,401] WARNING django.server "GET /static/main/webfonts/fa-solid-900.woff2 HTTP/1.1" 404 179
[2025-04-18 12:28:46,509] WARNING django.server "GET /static/main/webfonts/fa-solid-900.ttf HTTP/1.1" 404 179
[2025-04-18 12:28:47,738] WARNING django.server "GET /__reload__/events/ HTTP/1.1" 404 179
[2025-04-18 12:28:49,463] WARNING django.server "GET /static/main/webfonts/fa-solid-900.woff2 HTTP/1.1" 404 179
[2025-04-18 12:28:49,480] WARNING django.server "GET /static/main/webfonts/fa-solid-900.ttf HTTP/1.1" 404 179
[2025-04-18 12:28:50,759] WARNING django.server "GET /__reload__/events/ HTTP/1.1" 404 179
[2025-04-18 12:28:51,586] WARNING django.server "GET /static/main/webfonts/fa-solid-900.woff2 HTTP/1.1" 404 179
[2025-04-18 12:28:51,664] WARNING django.server "GET /static/main/webfonts/fa-solid-900.ttf HTTP/1.1" 404 179
[2025-04-18 12:28:53,776] WARNING django.server "GET /__reload__/events/ HTTP/1.1" 404 179
[2025-04-18 12:28:54,918] WARNING django.server "GET /static/main/webfonts/fa-solid-900.woff2 HTTP/1.1" 404 179
[2025-04-18 12:28:55,019] WARNING django.server "GET /static/main/webfonts/fa-solid-900.ttf HTTP/1.1" 404 179
[2025-04-18 12:29:18,224] WARNING django.server "GET /static/main/webfonts/fa-solid-900.woff2 HTTP/1.1" 404 179
[2025-04-18 12:29:18,313] WARNING django.server "GET /static/main/webfonts/fa-solid-900.ttf HTTP/1.1" 404 179
[2025-04-18 12:29:44,066] WARNING django.server "GET /static/main/webfonts/fa-solid-900.woff2 HTTP/1.1" 404 179
[2025-04-18 12:29:44,166] WARNING django.server "GET /static/main/webfonts/fa-solid-900.ttf HTTP/1.1" 404 179
[2025-04-18 12:30:39,578] WARNING django.server "GET /__reload__/events/ HTTP/1.1" 404 179
[2025-04-18 12:30:42,602] WARNING django.server "GET /__reload__/events/ HTTP/1.1" 404 179
[2025-04-18 12:30:45,626] WARNING django.server "GET /__reload__/events/ HTTP/1.1" 404 179
[2025-04-18 12:31:06,206] WARNING django.server "GET /__reload__/events/ HTTP/1.1" 404 179
[2025-04-18 12:31:09,222] WARNING django.server "GET /__reload__/events/ HTTP/1.1" 404 179
[2025-04-18 12:31:12,243] WARNING django.server "GET /__reload__/events/ HTTP/1.1" 404 179
[2025-04-18 12:33:56,820] WARNING django.server "GET /static/main/webfonts/fa-solid-900.woff2 HTTP/1.1" 404 179
[2025-04-18 12:33:56,850] WARNING django.server "GET /static/main/webfonts/fa-solid-900.ttf HTTP/1.1" 404 179
[2025-04-18 12:34:00,754] WARNING django.server "GET /static/main/webfonts/fa-solid-900.woff2 HTTP/1.1" 404 179
[2025-04-18 12:34:00,883] WARNING django.server "GET /static/main/webfonts/fa-solid-900.ttf HTTP/1.1" 404 179
[2025-04-18 12:34:05,381] WARNING django.server "GET /static/main/webfonts/fa-solid-900.woff2 HTTP/1.1" 404 179
[2025-04-18 12:34:05,396] WARNING django.server "GET /static/main/webfonts/fa-solid-900.ttf HTTP/1.1" 404 179
[2025-04-18 12:34:09,693] WARNING django.server "GET /static/main/webfonts/fa-solid-900.woff2 HTTP/1.1" 404 179
[2025-04-18 12:34:09,728] WARNING django.server "GET /static/main/webfonts/fa-solid-900.ttf HTTP/1.1" 404 179
[2025-04-18 12:37:05,551] WARNING django.server "GET /__reload__/events/ HTTP/1.1" 404 179
[2025-04-18 12:37:08,729] WARNING django.server "GET /__reload__/events/ HTTP/1.1" 404 179
[2025-04-18 12:37:11,750] WARNING django.server "GET /__reload__/events/ HTTP/1.1" 404 179
[2025-04-18 12:37:14,766] WARNING django.server "GET /__reload__/events/ HTTP/1.1" 404 179
[2025-04-18 12:37:25,143] WARNING django.server "GET /__reload__/events/ HTTP/1.1" 404 179
[2025-04-18 12:37:28,163] WARNING django.server "GET /__reload__/events/ HTTP/1.1" 404 179
[2025-04-18 12:37:31,183] WARNING django.server "GET /__reload__/events/ HTTP/1.1" 404 179
[2025-04-18 12:37:39,467] WARNING django.server "GET /static/main/webfonts/fa-solid-900.woff2 HTTP/1.1" 404 179
[2025-04-18 12:37:39,516] WARNING django.server "GET /static/main/webfonts/fa-solid-900.ttf HTTP/1.1" 404 179
[2025-04-18 12:37:42,752] WARNING django.server "GET /static/main/webfonts/fa-solid-900.woff2 HTTP/1.1" 404 179
[2025-04-18 12:37:42,832] WARNING django.server "GET /static/main/webfonts/fa-solid-900.ttf HTTP/1.1" 404 179
[2025-04-18 12:37:44,552] WARNING django.server "GET /__reload__/events/ HTTP/1.1" 404 179
[2025-04-18 12:37:47,566] WARNING django.server "GET /__reload__/events/ HTTP/1.1" 404 179
[2025-04-18 12:37:50,593] WARNING django.server "GET /__reload__/events/ HTTP/1.1" 404 179
[2025-04-18 12:38:08,373] WARNING django.server "GET /static/main/webfonts/fa-solid-900.woff2 HTTP/1.1" 404 179
[2025-04-18 12:38:08,464] WARNING django.server "GET /static/main/webfonts/fa-solid-900.ttf HTTP/1.1" 404 179
[2025-04-18 13:05:35,713] WARNING django.server "GET /static/main/webfonts/fa-solid-900.woff2 HTTP/1.1" 404 179
[2025-04-18 13:05:35,802] WARNING django.server "GET /static/main/webfonts/fa-solid-900.ttf HTTP/1.1" 404 179
[2025-04-18 13:05:38,000] WARNING django.server "GET /static/main/webfonts/fa-solid-900.woff2 HTTP/1.1" 404 179
[2025-04-18 13:05:38,035] WARNING django.server "GET /static/main/webfonts/fa-solid-900.ttf HTTP/1.1" 404 179
[2025-04-18 13:06:44,192] WARNING django.server "GET /static/main/webfonts/fa-solid-900.woff2 HTTP/1.1" 404 179
[2025-04-18 13:06:44,224] WARNING django.server "GET /static/main/webfonts/fa-solid-900.ttf HTTP/1.1" 404 179
[2025-04-18 13:06:47,305] WARNING django.server "GET /static/main/webfonts/fa-solid-900.woff2 HTTP/1.1" 404 179
[2025-04-18 13:06:47,456] WARNING django.server "GET /static/main/webfonts/fa-solid-900.ttf HTTP/1.1" 404 179
[2025-04-18 13:06:53,070] WARNING django.server "GET /static/main/webfonts/fa-solid-900.woff2 HTTP/1.1" 404 179
[2025-04-18 13:06:53,202] WARNING django.server "GET /static/main/webfonts/fa-solid-900.ttf HTTP/1.1" 404 179
[2025-04-18 13:07:26,841] WARNING django.server "GET /static/main/webfonts/fa-solid-900.woff2 HTTP/1.1" 404 179
[2025-04-18 13:07:26,881] WARNING django.server "GET /static/main/webfonts/fa-solid-900.ttf HTTP/1.1" 404 179
[2025-04-18 14:12:10,414] WARNING django.server "GET /static/main/webfonts/fa-solid-900.woff2 HTTP/1.1" 404 179
[2025-04-18 14:12:10,605] WARNING django.server "GET /static/main/webfonts/fa-solid-900.ttf HTTP/1.1" 404 179
[2025-04-18 14:15:12,057] WARNING django.server "GET /static/main/webfonts/fa-solid-900.woff2 HTTP/1.1" 404 179
[2025-04-18 14:15:12,181] WARNING django.server "GET /static/main/webfonts/fa-solid-900.ttf HTTP/1.1" 404 179
[2025-04-18 14:17:07,133] WARNING django.server "GET /static/main/webfonts/fa-solid-900.woff2 HTTP/1.1" 404 179
[2025-04-18 14:17:07,242] WARNING django.server "GET /static/main/webfonts/fa-solid-900.ttf HTTP/1.1" 404 179
[2025-04-18 14:17:10,728] WARNING django.server "GET /static/main/webfonts/fa-solid-900.woff2 HTTP/1.1" 404 179
[2025-04-18 14:17:10,828] WARNING django.server "GET /static/main/webfonts/fa-solid-900.ttf HTTP/1.1" 404 179
[2025-04-18 14:17:11,830] WARNING django.server "GET /static/main/webfonts/fa-solid-900.woff2 HTTP/1.1" 404 179
[2025-04-18 14:17:11,929] WARNING django.server "GET /static/main/webfonts/fa-solid-900.ttf HTTP/1.1" 404 179
[2025-04-18 14:17:14,930] WARNING django.server "GET /static/main/webfonts/fa-solid-900.woff2 HTTP/1.1" 404 179
[2025-04-18 14:17:15,030] WARNING django.server "GET /static/main/webfonts/fa-solid-900.ttf HTTP/1.1" 404 179
[2025-04-18 14:17:27,465] WARNING django.server "GET /static/main/webfonts/fa-solid-900.woff2 HTTP/1.1" 404 179
[2025-04-18 14:17:27,576] WARNING django.server "GET /static/main/webfonts/fa-solid-900.ttf HTTP/1.1" 404 179
[2025-04-18 14:17:29,687] WARNING django.server "GET /static/main/webfonts/fa-solid-900.woff2 HTTP/1.1" 404 179
[2025-04-18 14:17:29,821] WARNING django.server "GET /static/main/webfonts/fa-solid-900.ttf HTTP/1.1" 404 179
[2025-04-18 14:18:47,419] WARNING django.server "GET /static/main/webfonts/fa-solid-900.woff2 HTTP/1.1" 404 179
[2025-04-18 14:18:47,519] WARNING django.server "GET /static/main/webfonts/fa-solid-900.ttf HTTP/1.1" 404 179
[2025-04-18 14:23:19,993] WARNING django.server "GET /static/main/webfonts/fa-solid-900.woff2 HTTP/1.1" 404 179
[2025-04-18 14:23:20,208] WARNING django.server "GET /static/main/webfonts/fa-solid-900.ttf HTTP/1.1" 404 179
[2025-04-18 14:23:20,323] WARNING django.server "GET /favicon.ico HTTP/1.1" 404 179
[2025-04-18 14:34:19,048] WARNING django.server "GET /static/main/webfonts/fa-solid-900.woff2 HTTP/1.1" 404 179
[2025-04-18 14:34:19,200] WARNING django.server "GET /static/main/webfonts/fa-solid-900.ttf HTTP/1.1" 404 179
[2025-04-18 14:57:25,050] WARNING django.server "GET /static/main/webfonts/fa-solid-900.woff2 HTTP/1.1" 404 179
[2025-04-18 14:57:25,192] WARNING django.server "GET /static/main/webfonts/fa-solid-900.ttf HTTP/1.1" 404 179
[2025-04-18 14:57:29,090] WARNING django.server "GET /static/main/webfonts/fa-solid-900.woff2 HTTP/1.1" 404 179
[2025-04-18 14:57:29,202] WARNING django.server "GET /static/main/webfonts/fa-solid-900.ttf HTTP/1.1" 404 179
[2025-04-18 14:57:33,719] WARNING django.server "GET /static/main/webfonts/fa-solid-900.woff2 HTTP/1.1" 404 179
[2025-04-18 14:57:33,859] WARNING django.server "GET /static/main/webfonts/fa-solid-900.ttf HTTP/1.1" 404 179
[2025-04-18 14:57:41,162] WARNING django.server "GET /static/main/webfonts/fa-solid-900.woff2 HTTP/1.1" 404 179
[2025-04-18 14:57:41,275] WARNING django.server "GET /static/main/webfonts/fa-solid-900.ttf HTTP/1.1" 404 179
[2025-04-18 14:57:42,977] WARNING django.server "GET /static/main/webfonts/fa-solid-900.woff2 HTTP/1.1" 404 179
[2025-04-18 14:57:43,097] WARNING django.server "GET /static/main/webfonts/fa-solid-900.ttf HTTP/1.1" 404 179
[2025-04-18 14:57:48,805] WARNING django.server "GET /static/main/webfonts/fa-solid-900.woff2 HTTP/1.1" 404 179
[2025-04-18 14:57:48,914] WARNING django.server "GET /static/main/webfonts/fa-solid-900.ttf HTTP/1.1" 404 179
[2025-04-18 14:58:35,868] WARNING django.server "GET /static/main/webfonts/fa-solid-900.woff2 HTTP/1.1" 404 179
[2025-04-18 14:58:36,000] WARNING django.server "GET /static/main/webfonts/fa-solid-900.ttf HTTP/1.1" 404 179
[2025-04-18 14:58:39,944] WARNING django.server "GET /static/main/webfonts/fa-solid-900.woff2 HTTP/1.1" 404 179
[2025-04-18 14:58:40,094] WARNING django.server "GET /static/main/webfonts/fa-solid-900.ttf HTTP/1.1" 404 179
[2025-04-18 14:58:54,097] WARNING django.server "GET /static/main/webfonts/fa-solid-900.woff2 HTTP/1.1" 404 179
[2025-04-18 14:58:54,196] WARNING django.server "GET /static/main/webfonts/fa-solid-900.ttf HTTP/1.1" 404 179
[2025-04-18 14:58:55,567] WARNING django.server "GET /static/main/webfonts/fa-solid-900.woff2 HTTP/1.1" 404 179
[2025-04-18 14:58:55,712] WARNING django.server "GET /static/main/webfonts/fa-solid-900.ttf HTTP/1.1" 404 179
[2025-04-18 15:04:45,064] WARNING django.server "GET /static/main/webfonts/fa-solid-900.woff2 HTTP/1.1" 404 179
[2025-04-18 15:04:45,185] WARNING django.server "GET /static/main/webfonts/fa-solid-900.ttf HTTP/1.1" 404 179
[2025-04-18 15:24:00,239] WARNING django.server "GET /view HTTP/1.1" 404 179
[2025-04-18 15:24:00,462] WARNING django.server "GET /favicon.ico HTTP/1.1" 404 179
[2025-04-18 15:24:12,579] WARNING django.server "GET /static/main/webfonts/fa-solid-900.woff2 HTTP/1.1" 404 179
[2025-04-18 15:24:12,700] WARNING django.server "GET /static/main/webfonts/fa-solid-900.ttf HTTP/1.1" 404 179
[2025-04-18 15:24:29,652] WARNING django.server "GET /static/main/webfonts/fa-solid-900.woff2 HTTP/1.1" 404 179
[2025-04-18 15:24:29,778] WARNING django.server "GET /static/main/webfonts/fa-solid-900.ttf HTTP/1.1" 404 179
[2025-04-18 15:30:17,804] WARNING django.server "GET /static/main/webfonts/fa-solid-900.woff2 HTTP/1.1" 404 179
[2025-04-18 15:30:17,909] WARNING django.server "GET /static/main/webfonts/fa-solid-900.ttf HTTP/1.1" 404 179
[2025-04-18 15:30:19,900] WARNING django.server "GET /static/main/webfonts/fa-solid-900.woff2 HTTP/1.1" 404 179
[2025-04-18 15:30:20,023] WARNING django.server "GET /static/main/webfonts/fa-solid-900.ttf HTTP/1.1" 404 179
[2025-04-18 15:34:08,686] WARNING django.server "GET /static/main/webfonts/fa-solid-900.woff2 HTTP/1.1" 404 179
[2025-04-18 15:34:08,755] WARNING django.server "GET /static/main/webfonts/fa-solid-900.ttf HTTP/1.1" 404 179
[2025-04-18 15:35:27,762] ERROR django.server "POST /admin/HR/dailyattendance/process_import/ HTTP/1.1" 500 145
[2025-04-18 15:35:40,945] ERROR django.server "POST /admin/HR/dailyattendance/process_import/ HTTP/1.1" 500 145
[2025-04-18 15:37:49,630] WARNING django.server "GET /static/main/webfonts/fa-solid-900.woff2 HTTP/1.1" 404 179
[2025-04-18 15:37:49,753] WARNING django.server "GET /static/main/webfonts/fa-solid-900.ttf HTTP/1.1" 404 179
[2025-04-18 15:37:51,076] WARNING django.server "GET /static/main/webfonts/fa-solid-900.woff2 HTTP/1.1" 404 179
[2025-04-18 15:37:51,216] WARNING django.server "GET /static/main/webfonts/fa-solid-900.ttf HTTP/1.1" 404 179
[2025-04-18 15:37:52,447] WARNING django.server "GET /static/main/webfonts/fa-solid-900.woff2 HTTP/1.1" 404 179
[2025-04-18 15:37:52,608] WARNING django.server "GET /static/main/webfonts/fa-solid-900.ttf HTTP/1.1" 404 179
[2025-04-18 15:37:55,620] WARNING django.server "GET /static/main/webfonts/fa-solid-900.woff2 HTTP/1.1" 404 179
[2025-04-18 15:37:55,725] WARNING django.server "GET /static/main/webfonts/fa-solid-900.ttf HTTP/1.1" 404 179
[2025-04-18 15:37:56,017] WARNING django.server "GET /static/main/webfonts/fa-solid-900.woff2 HTTP/1.1" 404 179
[2025-04-18 15:37:56,123] WARNING django.server "GET /static/main/webfonts/fa-solid-900.ttf HTTP/1.1" 404 179
[2025-04-18 15:37:57,231] WARNING django.server "GET /static/main/webfonts/fa-solid-900.woff2 HTTP/1.1" 404 179
[2025-04-18 15:37:57,348] WARNING django.server "GET /static/main/webfonts/fa-solid-900.ttf HTTP/1.1" 404 179
[2025-04-18 15:38:02,044] WARNING django.server "GET /static/main/webfonts/fa-solid-900.woff2 HTTP/1.1" 404 179
[2025-04-18 15:38:02,151] WARNING django.server "GET /static/main/webfonts/fa-solid-900.ttf HTTP/1.1" 404 179
[2025-04-18 15:38:07,206] WARNING django.server "GET /static/main/webfonts/fa-solid-900.woff2 HTTP/1.1" 404 179
[2025-04-18 15:38:07,308] WARNING django.server "GET /static/main/webfonts/fa-solid-900.ttf HTTP/1.1" 404 179
[2025-04-18 15:38:13,122] WARNING django.server "GET /static/main/webfonts/fa-solid-900.woff2 HTTP/1.1" 404 179
[2025-04-18 15:38:13,257] WARNING django.server "GET /static/main/webfonts/fa-solid-900.ttf HTTP/1.1" 404 179
[2025-04-18 15:38:20,130] WARNING django.server "GET /static/main/webfonts/fa-solid-900.woff2 HTTP/1.1" 404 179
[2025-04-18 15:38:20,245] WARNING django.server "GET /static/main/webfonts/fa-solid-900.ttf HTTP/1.1" 404 179
[2025-04-18 15:38:33,597] WARNING django.server "GET /static/main/webfonts/fa-solid-900.woff2 HTTP/1.1" 404 179
[2025-04-18 15:38:33,712] WARNING django.server "GET /static/main/webfonts/fa-solid-900.ttf HTTP/1.1" 404 179
[2025-04-18 15:38:37,482] WARNING django.server "GET /static/main/webfonts/fa-solid-900.woff2 HTTP/1.1" 404 179
[2025-04-18 15:38:37,593] WARNING django.server "GET /static/main/webfonts/fa-solid-900.ttf HTTP/1.1" 404 179
[2025-04-18 15:50:17,004] WARNING django.server "GET /static/main/webfonts/fa-solid-900.woff2 HTTP/1.1" 404 179
[2025-04-18 15:50:17,119] WARNING django.server "GET /static/main/webfonts/fa-solid-900.ttf HTTP/1.1" 404 179
[2025-04-18 15:50:19,629] WARNING django.server "GET /static/main/webfonts/fa-solid-900.woff2 HTTP/1.1" 404 179
[2025-04-18 15:50:19,734] WARNING django.server "GET /static/main/webfonts/fa-solid-900.ttf HTTP/1.1" 404 179
[2025-04-18 15:50:28,408] WARNING django.server "GET /static/main/webfonts/fa-solid-900.woff2 HTTP/1.1" 404 179
[2025-04-18 15:50:28,510] WARNING django.server "GET /static/main/webfonts/fa-solid-900.ttf HTTP/1.1" 404 179
[2025-04-18 15:50:32,515] WARNING django.server "GET /static/main/webfonts/fa-solid-900.woff2 HTTP/1.1" 404 179
[2025-04-18 15:50:32,632] WARNING django.server "GET /static/main/webfonts/fa-solid-900.ttf HTTP/1.1" 404 179
[2025-04-18 15:50:34,894] WARNING django.server "GET /static/main/webfonts/fa-solid-900.woff2 HTTP/1.1" 404 179
[2025-04-18 15:50:35,015] WARNING django.server "GET /static/main/webfonts/fa-solid-900.ttf HTTP/1.1" 404 179
[2025-04-18 15:50:45,658] WARNING django.server "GET /static/main/webfonts/fa-solid-900.woff2 HTTP/1.1" 404 179
[2025-04-18 15:50:45,788] WARNING django.server "GET /static/main/webfonts/fa-solid-900.ttf HTTP/1.1" 404 179
[2025-04-18 15:51:26,541] WARNING django.server "GET /static/main/webfonts/fa-solid-900.woff2 HTTP/1.1" 404 179
[2025-04-18 15:51:26,605] WARNING django.server "GET /static/main/webfonts/fa-solid-900.ttf HTTP/1.1" 404 179
[2025-04-18 15:51:32,828] WARNING django.server "GET /static/main/webfonts/fa-solid-900.woff2 HTTP/1.1" 404 179
[2025-04-18 15:51:32,860] WARNING django.server "GET /static/main/webfonts/fa-solid-900.ttf HTTP/1.1" 404 179
[2025-04-18 15:51:37,907] WARNING django.server "GET /static/main/webfonts/fa-solid-900.woff2 HTTP/1.1" 404 179
[2025-04-18 15:51:37,957] WARNING django.server "GET /static/main/webfonts/fa-solid-900.ttf HTTP/1.1" 404 179
[2025-04-18 15:52:14,400] WARNING django.server "GET /static/main/webfonts/fa-solid-900.woff2 HTTP/1.1" 404 179
[2025-04-18 15:52:14,425] WARNING django.server "GET /static/main/webfonts/fa-solid-900.ttf HTTP/1.1" 404 179
[2025-04-18 15:52:21,309] WARNING django.server "GET /static/main/webfonts/fa-solid-900.woff2 HTTP/1.1" 404 179
[2025-04-18 15:52:21,336] WARNING django.server "GET /static/main/webfonts/fa-solid-900.ttf HTTP/1.1" 404 179
[2025-04-18 15:52:24,582] WARNING django.server "GET /static/main/webfonts/fa-solid-900.woff2 HTTP/1.1" 404 179
[2025-04-18 15:52:24,723] WARNING django.server "GET /static/main/webfonts/fa-solid-900.ttf HTTP/1.1" 404 179
[2025-04-18 15:53:25,304] WARNING django.server "GET /static/main/webfonts/fa-solid-900.woff2 HTTP/1.1" 404 179
[2025-04-18 15:53:25,332] WARNING django.server "GET /static/main/webfonts/fa-solid-900.ttf HTTP/1.1" 404 179
[2025-04-18 15:54:03,115] WARNING django.server "GET /static/main/webfonts/fa-solid-900.woff2 HTTP/1.1" 404 179
[2025-04-18 15:54:03,146] WARNING django.server "GET /static/main/webfonts/fa-solid-900.ttf HTTP/1.1" 404 179
[2025-04-18 16:31:47,077] WARNING django.server "GET /static/main/webfonts/fa-solid-900.woff2 HTTP/1.1" 404 179
[2025-04-18 16:31:47,194] WARNING django.server "GET /static/main/webfonts/fa-solid-900.ttf HTTP/1.1" 404 179
[2025-04-18 16:31:51,978] WARNING django.server "GET /static/main/webfonts/fa-solid-900.woff2 HTTP/1.1" 404 179
[2025-04-18 16:31:52,099] WARNING django.server "GET /static/main/webfonts/fa-solid-900.ttf HTTP/1.1" 404 179
[2025-04-18 16:43:18,821] WARNING django.server "GET /view HTTP/1.1" 404 179
[2025-04-18 16:43:22,312] WARNING django.server "GET /view HTTP/1.1" 404 179
[2025-04-18 16:43:24,424] WARNING django.server "GET /view HTTP/1.1" 404 179
[2025-04-18 16:43:24,584] WARNING django.server "GET /view HTTP/1.1" 404 179
[2025-04-18 16:43:24,734] WARNING django.server "GET /view HTTP/1.1" 404 179
[2025-04-18 16:43:25,295] WARNING django.server "GET /view HTTP/1.1" 404 179
[2025-04-18 16:43:25,463] WARNING django.server "GET /view HTTP/1.1" 404 179
[2025-04-18 16:43:25,607] WARNING django.server "GET /view HTTP/1.1" 404 179
[2025-04-18 16:43:25,782] WARNING django.server "GET /view HTTP/1.1" 404 179
[2025-04-18 16:43:50,972] WARNING django.server "GET /static/main/webfonts/fa-solid-900.woff2 HTTP/1.1" 404 179
[2025-04-18 16:43:51,067] WARNING django.server "GET /static/main/webfonts/fa-solid-900.ttf HTTP/1.1" 404 179
[2025-04-18 16:44:03,964] WARNING django.server "GET /static/main/webfonts/fa-solid-900.woff2 HTTP/1.1" 404 179
[2025-04-18 16:44:04,038] WARNING django.server "GET /static/main/webfonts/fa-solid-900.ttf HTTP/1.1" 404 179
[2025-04-18 16:44:14,069] WARNING django.server "GET /static/main/webfonts/fa-solid-900.woff2 HTTP/1.1" 404 179
[2025-04-18 16:44:14,157] WARNING django.server "GET /static/main/webfonts/fa-solid-900.ttf HTTP/1.1" 404 179
[2025-04-18 16:46:37,069] WARNING django.server "GET /static/main/webfonts/fa-solid-900.woff2 HTTP/1.1" 404 179
[2025-04-18 16:46:37,155] WARNING django.server "GET /static/main/webfonts/fa-solid-900.ttf HTTP/1.1" 404 179
[2025-04-18 16:46:39,801] WARNING django.server "GET /static/main/webfonts/fa-solid-900.woff2 HTTP/1.1" 404 179
[2025-04-18 16:46:39,882] WARNING django.server "GET /static/main/webfonts/fa-solid-900.ttf HTTP/1.1" 404 179
[2025-04-18 16:46:48,393] WARNING django.server "GET /static/main/webfonts/fa-solid-900.woff2 HTTP/1.1" 404 179
[2025-04-18 16:46:48,472] WARNING django.server "GET /static/main/webfonts/fa-solid-900.ttf HTTP/1.1" 404 179
[2025-04-18 16:46:50,909] WARNING django.server "GET /static/main/webfonts/fa-solid-900.woff2 HTTP/1.1" 404 179
[2025-04-18 16:46:50,995] WARNING django.server "GET /static/main/webfonts/fa-solid-900.ttf HTTP/1.1" 404 179
[2025-04-18 16:46:52,499] WARNING django.server "GET /static/main/webfonts/fa-solid-900.woff2 HTTP/1.1" 404 179
[2025-04-18 16:46:52,577] WARNING django.server "GET /static/main/webfonts/fa-solid-900.ttf HTTP/1.1" 404 179
[2025-04-18 16:56:43,799] WARNING django.server "GET /static/main/webfonts/fa-solid-900.woff2 HTTP/1.1" 404 179
[2025-04-18 16:56:43,922] WARNING django.server "GET /static/main/webfonts/fa-solid-900.ttf HTTP/1.1" 404 179
[2025-04-18 16:56:44,040] WARNING django.server "GET /favicon.ico HTTP/1.1" 404 179
[2025-04-18 17:47:18,947] WARNING django.server "GET /static/main/webfonts/fa-solid-900.woff2 HTTP/1.1" 404 179
[2025-04-18 17:47:19,052] WARNING django.server "GET /static/main/webfonts/fa-solid-900.ttf HTTP/1.1" 404 179
[2025-04-18 17:47:33,184] WARNING django.server "GET /static/main/webfonts/fa-solid-900.woff2 HTTP/1.1" 404 179
[2025-04-18 17:47:33,299] WARNING django.server "GET /static/main/webfonts/fa-solid-900.ttf HTTP/1.1" 404 179
[2025-04-18 17:47:35,778] WARNING django.server "GET /static/main/webfonts/fa-solid-900.woff2 HTTP/1.1" 404 179
[2025-04-18 17:47:35,884] WARNING django.server "GET /static/main/webfonts/fa-solid-900.ttf HTTP/1.1" 404 179
[2025-04-18 18:07:22,573] WARNING django.server "GET /static/main/webfonts/fa-solid-900.woff2 HTTP/1.1" 404 179
[2025-04-18 18:07:22,680] WARNING django.server "GET /static/main/webfonts/fa-solid-900.ttf HTTP/1.1" 404 179
[2025-04-18 18:14:59,796] WARNING django.server "GET /static/main/webfonts/fa-solid-900.woff2 HTTP/1.1" 404 179
[2025-04-18 18:14:59,930] WARNING django.server "GET /static/main/webfonts/fa-solid-900.ttf HTTP/1.1" 404 179
[2025-04-18 22:04:28,021] WARNING django.server "GET /static/main/webfonts/fa-solid-900.woff2 HTTP/1.1" 404 179
[2025-04-18 22:04:28,212] WARNING django.server "GET /static/main/webfonts/fa-solid-900.ttf HTTP/1.1" 404 179
[2025-04-18 22:04:28,412] WARNING django.server "GET /favicon.ico HTTP/1.1" 404 179
[2025-04-18 22:07:00,060] WARNING django.server "GET /static/vendor/fontawesome-free/css/all.min.css HTTP/1.1" 404 179
[2025-04-18 22:07:00,263] WARNING django.server "GET /static/jazzmin/css/main.css HTTP/1.1" 404 179
[2025-04-18 22:07:00,264] WARNING django.server "GET /static/vendor/adminlte/css/adminlte.min.css HTTP/1.1" 404 179
[2025-04-18 22:07:00,624] WARNING django.server "GET /static/vendor/adminlte/img/AdminLTELogo.png HTTP/1.1" 404 179
[2025-04-18 22:07:00,638] WARNING django.server "GET /static/vendor/adminlte/js/adminlte.min.js HTTP/1.1" 404 179
[2025-04-18 22:07:00,641] WARNING django.server "GET /static/vendor/bootstrap/js/bootstrap.min.js HTTP/1.1" 404 179
[2025-04-18 22:07:00,641] WARNING django.server "GET /static/jazzmin/js/main.js HTTP/1.1" 404 179
[2025-04-18 22:07:00,856] WARNING django.server "GET /static/vendor/adminlte/img/AdminLTELogo.png HTTP/1.1" 404 179
[2025-04-18 22:07:02,620] WARNING django.server "GET /static/vendor/adminlte/css/adminlte.min.css HTTP/1.1" 404 179
[2025-04-18 22:07:02,621] WARNING django.server "GET /static/vendor/fontawesome-free/css/all.min.css HTTP/1.1" 404 179
[2025-04-18 22:07:02,621] WARNING django.server "GET /static/jazzmin/css/main.css HTTP/1.1" 404 179
[2025-04-18 22:07:03,041] WARNING django.server "GET /static/vendor/adminlte/img/AdminLTELogo.png HTTP/1.1" 404 179
[2025-04-18 22:07:03,042] WARNING django.server "GET /static/vendor/bootstrap/js/bootstrap.min.js HTTP/1.1" 404 179
[2025-04-18 22:07:03,112] WARNING django.server "GET /static/vendor/adminlte/js/adminlte.min.js HTTP/1.1" 404 179
[2025-04-18 22:07:03,112] WARNING django.server "GET /static/jazzmin/js/main.js HTTP/1.1" 404 179
[2025-04-18 22:07:26,583] WARNING django.server "GET /static/main/webfonts/fa-solid-900.woff2 HTTP/1.1" 404 179
[2025-04-18 22:07:26,765] WARNING django.server "GET /static/main/webfonts/fa-solid-900.ttf HTTP/1.1" 404 179
[2025-04-18 22:11:01,114] WARNING django.server "GET /static/main/webfonts/fa-solid-900.woff2 HTTP/1.1" 404 179
[2025-04-18 22:11:01,288] WARNING django.server "GET /static/main/webfonts/fa-solid-900.ttf HTTP/1.1" 404 179
[2025-04-18 22:18:46,705] WARNING django.server "GET /static/main/webfonts/fa-solid-900.woff2 HTTP/1.1" 404 179
[2025-04-18 22:18:46,875] WARNING django.server "GET /static/main/webfonts/fa-solid-900.ttf HTTP/1.1" 404 179
[2025-04-18 22:27:19,966] WARNING django.server "GET /static/main/webfonts/fa-solid-900.woff2 HTTP/1.1" 404 179
[2025-04-18 22:27:20,108] WARNING django.server "GET /static/main/webfonts/fa-solid-900.ttf HTTP/1.1" 404 179
[2025-04-18 22:30:22,621] WARNING django.server "GET /static/main/webfonts/fa-solid-900.woff2 HTTP/1.1" 404 179
[2025-04-18 22:30:22,664] WARNING django.server "GET /static/main/webfonts/fa-solid-900.ttf HTTP/1.1" 404 179
[2025-04-18 22:30:43,258] WARNING django.server "GET /static/main/webfonts/fa-solid-900.woff2 HTTP/1.1" 404 179
[2025-04-18 22:30:43,373] WARNING django.server "GET /static/main/webfonts/fa-solid-900.ttf HTTP/1.1" 404 179
[2025-04-19 10:45:21,619] WARNING django.server "GET /static/main/webfonts/fa-solid-900.woff2 HTTP/1.1" 404 179
[2025-04-19 10:45:21,757] WARNING django.server "GET /static/main/webfonts/fa-solid-900.ttf HTTP/1.1" 404 179
[2025-04-19 10:45:22,162] WARNING django.server "GET /favicon.ico HTTP/1.1" 404 179
[2025-04-19 10:45:23,758] WARNING django.server "GET /static/main/webfonts/fa-solid-900.woff2 HTTP/1.1" 404 179
[2025-04-19 10:45:23,859] WARNING django.server "GET /static/main/webfonts/fa-solid-900.ttf HTTP/1.1" 404 179
[2025-04-19 10:45:25,780] WARNING django.server "GET /static/main/webfonts/fa-solid-900.woff2 HTTP/1.1" 404 179
[2025-04-19 10:45:25,887] WARNING django.server "GET /static/main/webfonts/fa-solid-900.ttf HTTP/1.1" 404 179
[2025-04-19 10:45:54,084] WARNING django.server "GET /static/main/webfonts/fa-solid-900.woff2 HTTP/1.1" 404 179
[2025-04-19 10:45:54,246] WARNING django.server "GET /static/main/webfonts/fa-solid-900.ttf HTTP/1.1" 404 179
[2025-04-19 10:49:06,977] WARNING django.server "GET /static/main/webfonts/fa-solid-900.woff2 HTTP/1.1" 404 179
[2025-04-19 10:49:07,097] WARNING django.server "GET /static/main/webfonts/fa-solid-900.ttf HTTP/1.1" 404 179
[2025-04-19 10:50:03,177] WARNING django.server "GET /static/main/webfonts/fa-solid-900.woff2 HTTP/1.1" 404 179
[2025-04-19 10:50:03,300] WARNING django.server "GET /static/main/webfonts/fa-solid-900.ttf HTTP/1.1" 404 179
[2025-04-19 10:58:31,352] WARNING django.server "GET /static/main/webfonts/fa-solid-900.woff2 HTTP/1.1" 404 179
[2025-04-19 10:58:31,462] WARNING django.server "GET /static/main/webfonts/fa-solid-900.ttf HTTP/1.1" 404 179
[2025-04-19 10:59:48,812] WARNING django.server "GET /static/main/webfonts/fa-solid-900.woff2 HTTP/1.1" 404 179
[2025-04-19 10:59:48,926] WARNING django.server "GET /static/main/webfonts/fa-solid-900.ttf HTTP/1.1" 404 179
[2025-04-19 11:00:14,531] WARNING django.server "GET /static/main/webfonts/fa-solid-900.woff2 HTTP/1.1" 404 179
[2025-04-19 11:00:14,689] WARNING django.server "GET /static/main/webfonts/fa-solid-900.ttf HTTP/1.1" 404 179
[2025-04-19 11:57:42,982] WARNING django.server "GET /static/main/webfonts/fa-solid-900.woff2 HTTP/1.1" 404 179
[2025-04-19 11:57:43,116] WARNING django.server "GET /static/main/webfonts/fa-solid-900.ttf HTTP/1.1" 404 179
[2025-04-19 11:57:44,995] WARNING django.server "GET /static/main/webfonts/fa-solid-900.woff2 HTTP/1.1" 404 179
[2025-04-19 11:57:45,099] WARNING django.server "GET /static/main/webfonts/fa-solid-900.ttf HTTP/1.1" 404 179
[2025-04-19 11:57:50,395] WARNING django.server "GET /static/main/webfonts/fa-solid-900.woff2 HTTP/1.1" 404 179
[2025-04-19 11:57:50,513] WARNING django.server "GET /static/main/webfonts/fa-solid-900.ttf HTTP/1.1" 404 179
[2025-04-19 11:58:50,645] WARNING django.server "GET /favicon.ico HTTP/1.1" 404 179
[2025-04-19 11:58:57,601] WARNING django.server "GET /static/main/webfonts/fa-solid-900.woff2 HTTP/1.1" 404 179
[2025-04-19 11:58:57,730] WARNING django.server "GET /static/main/webfonts/fa-solid-900.ttf HTTP/1.1" 404 179
[2025-04-19 12:00:52,291] WARNING django.server "GET /static/main/webfonts/fa-solid-900.woff2 HTTP/1.1" 404 179
[2025-04-19 12:00:52,408] WARNING django.server "GET /static/main/webfonts/fa-solid-900.ttf HTTP/1.1" 404 179
[2025-04-19 12:01:35,905] WARNING django.server "GET /static/main/webfonts/fa-solid-900.woff2 HTTP/1.1" 404 179
[2025-04-19 12:01:36,041] WARNING django.server "GET /static/main/webfonts/fa-solid-900.ttf HTTP/1.1" 404 179
[2025-04-19 12:01:39,294] WARNING django.server "GET /static/main/webfonts/fa-solid-900.woff2 HTTP/1.1" 404 179
[2025-04-19 12:01:39,492] WARNING django.server "GET /static/main/webfonts/fa-solid-900.ttf HTTP/1.1" 404 179
[2025-04-19 12:01:53,213] WARNING django.server "GET /static/main/webfonts/fa-solid-900.woff2 HTTP/1.1" 404 179
[2025-04-19 12:01:53,347] WARNING django.server "GET /static/main/webfonts/fa-solid-900.ttf HTTP/1.1" 404 179
[2025-04-19 12:02:04,689] WARNING django.server "GET /static/main/webfonts/fa-solid-900.woff2 HTTP/1.1" 404 179
[2025-04-19 12:02:04,830] WARNING django.server "GET /static/main/webfonts/fa-solid-900.ttf HTTP/1.1" 404 179
[2025-04-19 12:06:33,088] WARNING django.server "GET /static/main/webfonts/fa-solid-900.woff2 HTTP/1.1" 404 179
[2025-04-19 12:06:33,218] WARNING django.server "GET /static/main/webfonts/fa-solid-900.ttf HTTP/1.1" 404 179
[2025-04-19 12:14:28,097] WARNING django.server "GET /static/main/webfonts/fa-solid-900.woff2 HTTP/1.1" 404 179
[2025-04-19 12:14:28,247] WARNING django.server "GET /static/main/webfonts/fa-solid-900.ttf HTTP/1.1" 404 179
[2025-04-19 12:15:36,167] WARNING django.server "GET /static/main/webfonts/fa-solid-900.woff2 HTTP/1.1" 404 179
[2025-04-19 12:15:36,271] WARNING django.server "GET /static/main/webfonts/fa-solid-900.ttf HTTP/1.1" 404 179
[2025-04-19 12:17:19,698] WARNING django.server "GET /static/main/webfonts/fa-solid-900.woff2 HTTP/1.1" 404 179
[2025-04-19 12:17:19,806] WARNING django.server "GET /static/main/webfonts/fa-solid-900.ttf HTTP/1.1" 404 179
[2025-04-19 12:17:55,917] WARNING django.server "GET /favicon.ico HTTP/1.1" 404 179
[2025-04-19 12:18:13,204] WARNING django.server "GET /static/main/webfonts/fa-solid-900.woff2 HTTP/1.1" 404 179
[2025-04-19 12:18:13,313] WARNING django.server "GET /static/main/webfonts/fa-solid-900.ttf HTTP/1.1" 404 179
[2025-04-19 12:18:19,563] WARNING django.server "GET /static/main/webfonts/fa-solid-900.woff2 HTTP/1.1" 404 179
[2025-04-19 12:18:19,666] WARNING django.server "GET /static/main/webfonts/fa-solid-900.ttf HTTP/1.1" 404 179
[2025-04-19 12:18:22,703] WARNING django.server "GET /static/main/webfonts/fa-solid-900.woff2 HTTP/1.1" 404 179
[2025-04-19 12:18:22,802] WARNING django.server "GET /static/main/webfonts/fa-solid-900.ttf HTTP/1.1" 404 179
[2025-04-19 12:26:21,735] WARNING django.server "GET /static/main/webfonts/fa-solid-900.woff2 HTTP/1.1" 404 179
[2025-04-19 12:26:21,865] WARNING django.server "GET /static/main/webfonts/fa-solid-900.ttf HTTP/1.1" 404 179
[2025-04-19 12:26:30,886] WARNING django.server "GET /static/main/webfonts/fa-solid-900.woff2 HTTP/1.1" 404 179
[2025-04-19 12:26:31,002] WARNING django.server "GET /static/main/webfonts/fa-solid-900.ttf HTTP/1.1" 404 179
[2025-04-19 12:26:44,213] WARNING django.server "GET /favicon.ico HTTP/1.1" 404 179
[2025-04-19 12:27:19,903] WARNING django.server "GET /static/main/webfonts/fa-solid-900.woff2 HTTP/1.1" 404 179
[2025-04-19 12:27:19,987] WARNING django.server "GET /static/main/webfonts/fa-solid-900.ttf HTTP/1.1" 404 179
[2025-04-19 12:27:25,524] WARNING django.server "GET /static/main/webfonts/fa-solid-900.woff2 HTTP/1.1" 404 179
[2025-04-19 12:27:25,626] WARNING django.server "GET /static/main/webfonts/fa-solid-900.ttf HTTP/1.1" 404 179
[2025-04-19 12:27:31,812] WARNING django.server "GET /static/main/webfonts/fa-solid-900.woff2 HTTP/1.1" 404 179
[2025-04-19 12:27:31,921] WARNING django.server "GET /static/main/webfonts/fa-solid-900.ttf HTTP/1.1" 404 179
[2025-04-19 12:29:07,906] WARNING django.server "GET /static/main/webfonts/fa-solid-900.woff2 HTTP/1.1" 404 179
[2025-04-19 12:29:08,028] WARNING django.server "GET /static/main/webfonts/fa-solid-900.ttf HTTP/1.1" 404 179
[2025-04-19 12:32:25,062] WARNING django.server "GET /static/main/webfonts/fa-solid-900.woff2 HTTP/1.1" 404 179
[2025-04-19 12:32:25,218] WARNING django.server "GET /static/main/webfonts/fa-solid-900.ttf HTTP/1.1" 404 179
[2025-04-19 12:52:36,540] WARNING django.server "GET /static/main/webfonts/fa-solid-900.woff2 HTTP/1.1" 404 179
[2025-04-19 12:52:36,676] WARNING django.server "GET /static/main/webfonts/fa-solid-900.ttf HTTP/1.1" 404 179
[2025-04-19 12:52:46,110] WARNING django.server "GET /static/main/webfonts/fa-solid-900.woff2 HTTP/1.1" 404 179
[2025-04-19 12:52:46,223] WARNING django.server "GET /static/main/webfonts/fa-solid-900.ttf HTTP/1.1" 404 179
[2025-04-19 12:53:12,603] WARNING django.server "GET /static/main/webfonts/fa-solid-900.woff2 HTTP/1.1" 404 179
[2025-04-19 12:53:12,713] WARNING django.server "GET /static/main/webfonts/fa-solid-900.ttf HTTP/1.1" 404 179
[2025-04-19 12:53:24,262] WARNING django.server "GET /static/main/webfonts/fa-solid-900.woff2 HTTP/1.1" 404 179
[2025-04-19 12:53:24,393] WARNING django.server "GET /static/main/webfonts/fa-solid-900.ttf HTTP/1.1" 404 179
[2025-04-19 12:53:48,356] WARNING django.server "GET /static/main/webfonts/fa-solid-900.woff2 HTTP/1.1" 404 179
[2025-04-19 12:53:48,475] WARNING django.server "GET /static/main/webfonts/fa-solid-900.ttf HTTP/1.1" 404 179
[2025-04-19 12:54:03,139] WARNING django.server "GET /static/main/webfonts/fa-solid-900.woff2 HTTP/1.1" 404 179
[2025-04-19 12:54:03,268] WARNING django.server "GET /static/main/webfonts/fa-solid-900.ttf HTTP/1.1" 404 179
[2025-04-19 12:56:36,342] WARNING django.server "GET /static/main/webfonts/fa-solid-900.woff2 HTTP/1.1" 404 179
[2025-04-19 12:56:36,452] WARNING django.server "GET /static/main/webfonts/fa-solid-900.ttf HTTP/1.1" 404 179
[2025-04-19 12:56:58,553] WARNING django.server "GET /static/main/webfonts/fa-solid-900.woff2 HTTP/1.1" 404 179
[2025-04-19 12:56:58,675] WARNING django.server "GET /static/main/webfonts/fa-solid-900.ttf HTTP/1.1" 404 179
