[2025-04-19 13:34:41,921] WARNING django.server "GET /static/main/webfonts/fa-solid-900.woff2 HTTP/1.1" 404 179
[2025-04-19 13:34:42,053] WARNING django.server "GET /static/main/webfonts/fa-solid-900.ttf HTTP/1.1" 404 179
[2025-04-19 13:34:55,288] WARNING django.server "GET /static/main/webfonts/fa-solid-900.woff2 HTTP/1.1" 404 179
[2025-04-19 13:34:55,417] WARNING django.server "GET /static/main/webfonts/fa-solid-900.ttf HTTP/1.1" 404 179
[2025-04-19 13:35:02,848] WARNING django.server "GET /static/main/webfonts/fa-solid-900.woff2 HTTP/1.1" 404 179
[2025-04-19 13:35:02,958] WARNING django.server "GET /static/main/webfonts/fa-solid-900.ttf HTTP/1.1" 404 179
[2025-04-19 13:35:05,536] WARNING django.server "GET /static/main/webfonts/fa-solid-900.woff2 HTTP/1.1" 404 179
[2025-04-19 13:35:05,657] WARNING django.server "GET /static/main/webfonts/fa-solid-900.ttf HTTP/1.1" 404 179
[2025-04-19 13:35:08,921] WARNING django.server "GET /static/main/webfonts/fa-solid-900.woff2 HTTP/1.1" 404 179
[2025-04-19 13:35:09,034] WARNING django.server "GET /static/main/webfonts/fa-solid-900.ttf HTTP/1.1" 404 179
[2025-04-19 13:36:13,431] WARNING django.server "GET /static/main/webfonts/fa-solid-900.woff2 HTTP/1.1" 404 179
[2025-04-19 13:36:13,541] WARNING django.server "GET /static/main/webfonts/fa-solid-900.ttf HTTP/1.1" 404 179
[2025-04-19 13:37:58,562] WARNING custom_logger Invalid vehicle form submitted by taufik.s
[2025-04-19 13:37:58,872] WARNING django.server "GET /static/main/webfonts/fa-solid-900.woff2 HTTP/1.1" 404 179
[2025-04-19 13:37:59,000] WARNING django.server "GET /static/main/webfonts/fa-solid-900.ttf HTTP/1.1" 404 179
[2025-04-19 13:38:27,070] WARNING custom_logger Invalid vehicle form submitted by taufik.s
[2025-04-19 13:38:27,202] WARNING django.server "GET /static/main/webfonts/fa-solid-900.woff2 HTTP/1.1" 404 179
[2025-04-19 13:38:27,314] WARNING django.server "GET /static/main/webfonts/fa-solid-900.ttf HTTP/1.1" 404 179
[2025-04-19 13:39:07,541] WARNING django.server "GET /static/main/webfonts/fa-solid-900.woff2 HTTP/1.1" 404 179
[2025-04-19 13:39:07,669] WARNING django.server "GET /static/main/webfonts/fa-solid-900.ttf HTTP/1.1" 404 179
[2025-04-19 13:39:10,096] WARNING django.server "GET /static/main/webfonts/fa-solid-900.woff2 HTTP/1.1" 404 179
[2025-04-19 13:39:10,218] WARNING django.server "GET /static/main/webfonts/fa-solid-900.ttf HTTP/1.1" 404 179
[2025-04-19 13:55:07,826] WARNING django.server "GET /static/main/webfonts/fa-solid-900.woff2 HTTP/1.1" 404 179
[2025-04-19 13:55:07,954] WARNING django.server "GET /static/main/webfonts/fa-solid-900.ttf HTTP/1.1" 404 179
[2025-04-19 13:55:23,118] WARNING django.server "GET /static/main/webfonts/fa-solid-900.woff2 HTTP/1.1" 404 179
[2025-04-19 13:55:23,222] WARNING django.server "GET /static/main/webfonts/fa-solid-900.ttf HTTP/1.1" 404 179
[2025-04-19 13:55:27,286] WARNING django.server "GET /static/main/webfonts/fa-solid-900.woff2 HTTP/1.1" 404 179
[2025-04-19 13:55:27,410] WARNING django.server "GET /static/main/webfonts/fa-solid-900.ttf HTTP/1.1" 404 179
[2025-04-19 13:55:29,614] WARNING django.server "GET /static/main/webfonts/fa-solid-900.woff2 HTTP/1.1" 404 179
[2025-04-19 13:55:29,740] WARNING django.server "GET /static/main/webfonts/fa-solid-900.ttf HTTP/1.1" 404 179
[2025-04-19 13:55:31,096] WARNING django.server "GET /static/main/webfonts/fa-solid-900.woff2 HTTP/1.1" 404 179
[2025-04-19 13:55:31,202] WARNING django.server "GET /static/main/webfonts/fa-solid-900.ttf HTTP/1.1" 404 179
[2025-04-19 13:56:28,454] WARNING django.server "GET /static/main/webfonts/fa-solid-900.woff2 HTTP/1.1" 404 179
[2025-04-19 13:56:28,570] WARNING django.server "GET /static/main/webfonts/fa-solid-900.ttf HTTP/1.1" 404 179
[2025-04-19 14:00:22,182] WARNING django.server "GET /static/main/webfonts/fa-solid-900.woff2 HTTP/1.1" 404 179
[2025-04-19 14:00:22,298] WARNING django.server "GET /static/main/webfonts/fa-solid-900.ttf HTTP/1.1" 404 179
[2025-04-19 14:00:31,628] WARNING django.server "GET /static/main/webfonts/fa-solid-900.woff2 HTTP/1.1" 404 179
[2025-04-19 14:00:31,734] WARNING django.server "GET /static/main/webfonts/fa-solid-900.ttf HTTP/1.1" 404 179
[2025-04-19 14:02:39,913] WARNING django.server "GET /static/main/webfonts/fa-solid-900.woff2 HTTP/1.1" 404 179
[2025-04-19 14:02:40,016] WARNING django.server "GET /static/main/webfonts/fa-solid-900.ttf HTTP/1.1" 404 179
[2025-04-19 14:18:25,511] WARNING django.server "GET /static/main/webfonts/fa-solid-900.woff2 HTTP/1.1" 404 179
[2025-04-19 14:18:25,808] WARNING django.server "GET /static/main/webfonts/fa-solid-900.ttf HTTP/1.1" 404 179
[2025-04-19 14:19:16,118] WARNING django.server "GET /static/main/webfonts/fa-solid-900.woff2 HTTP/1.1" 404 179
[2025-04-19 14:19:16,226] WARNING django.server "GET /static/main/webfonts/fa-solid-900.ttf HTTP/1.1" 404 179
[2025-04-19 14:19:19,847] WARNING django.server "GET /static/main/webfonts/fa-solid-900.woff2 HTTP/1.1" 404 179
[2025-04-19 14:19:19,981] WARNING django.server "GET /static/main/webfonts/fa-solid-900.ttf HTTP/1.1" 404 179
[2025-04-19 14:19:22,447] WARNING django.server "GET /static/main/webfonts/fa-solid-900.woff2 HTTP/1.1" 404 179
[2025-04-19 14:19:22,575] WARNING django.server "GET /static/main/webfonts/fa-solid-900.ttf HTTP/1.1" 404 179
[2025-04-19 14:21:53,655] WARNING django.server "GET /static/main/webfonts/fa-solid-900.woff2 HTTP/1.1" 404 179
[2025-04-19 14:21:53,680] WARNING django.server "GET /static/main/webfonts/fa-solid-900.ttf HTTP/1.1" 404 179
[2025-04-19 14:22:22,598] WARNING django.server "GET /static/main/webfonts/fa-solid-900.woff2 HTTP/1.1" 404 179
[2025-04-19 14:22:22,691] WARNING django.server "GET /static/main/webfonts/fa-solid-900.ttf HTTP/1.1" 404 179
[2025-04-19 14:38:12,918] WARNING django.server "GET /static/main/webfonts/fa-solid-900.woff2 HTTP/1.1" 404 179
[2025-04-19 14:38:13,031] WARNING django.server "GET /static/main/webfonts/fa-solid-900.ttf HTTP/1.1" 404 179
[2025-04-19 14:38:14,642] WARNING django.server "GET /static/main/webfonts/fa-solid-900.woff2 HTTP/1.1" 404 179
[2025-04-19 14:38:14,751] WARNING django.server "GET /static/main/webfonts/fa-solid-900.ttf HTTP/1.1" 404 179
[2025-04-19 14:38:16,410] WARNING django.server "GET /static/main/webfonts/fa-solid-900.woff2 HTTP/1.1" 404 179
[2025-04-19 14:38:16,536] WARNING django.server "GET /static/main/webfonts/fa-solid-900.ttf HTTP/1.1" 404 179
[2025-04-19 14:39:15,724] WARNING django.server "GET /static/main/webfonts/fa-solid-900.woff2 HTTP/1.1" 404 179
[2025-04-19 14:39:15,827] WARNING django.server "GET /static/main/webfonts/fa-solid-900.ttf HTTP/1.1" 404 179
[2025-04-19 14:40:10,211] WARNING django.server "GET /static/main/webfonts/fa-solid-900.woff2 HTTP/1.1" 404 179
[2025-04-19 14:40:10,321] WARNING django.server "GET /static/main/webfonts/fa-solid-900.ttf HTTP/1.1" 404 179
[2025-04-19 14:40:12,421] WARNING django.server "GET /static/main/webfonts/fa-solid-900.woff2 HTTP/1.1" 404 179
[2025-04-19 14:40:12,525] WARNING django.server "GET /static/main/webfonts/fa-solid-900.ttf HTTP/1.1" 404 179
[2025-04-19 14:40:15,582] WARNING django.server "GET /static/main/webfonts/fa-solid-900.woff2 HTTP/1.1" 404 179
[2025-04-19 14:40:15,702] WARNING django.server "GET /static/main/webfonts/fa-solid-900.ttf HTTP/1.1" 404 179
[2025-04-19 14:41:01,229] WARNING django.server "GET /static/main/webfonts/fa-solid-900.woff2 HTTP/1.1" 404 179
[2025-04-19 14:41:01,336] WARNING django.server "GET /static/main/webfonts/fa-solid-900.ttf HTTP/1.1" 404 179
[2025-04-19 14:41:08,495] WARNING django.server "GET /favicon.ico HTTP/1.1" 404 179
[2025-04-19 14:41:13,022] WARNING django.server "GET /static/main/webfonts/fa-solid-900.woff2 HTTP/1.1" 404 179
[2025-04-19 14:41:13,111] WARNING django.server "GET /static/main/webfonts/fa-solid-900.ttf HTTP/1.1" 404 179
[2025-04-19 14:41:15,531] WARNING django.server "GET /static/main/webfonts/fa-solid-900.woff2 HTTP/1.1" 404 179
[2025-04-19 14:41:15,624] WARNING django.server "GET /static/main/webfonts/fa-solid-900.ttf HTTP/1.1" 404 179
[2025-04-19 14:43:04,598] WARNING custom_logger Invalid vehicle form submitted by taufik.s
[2025-04-19 14:43:04,938] WARNING django.server "GET /static/main/webfonts/fa-solid-900.woff2 HTTP/1.1" 404 179
[2025-04-19 14:43:05,049] WARNING django.server "GET /static/main/webfonts/fa-solid-900.ttf HTTP/1.1" 404 179
[2025-04-19 14:43:41,585] WARNING custom_logger Invalid vehicle form submitted by taufik.s
[2025-04-19 14:43:41,734] WARNING django.server "GET /static/main/webfonts/fa-solid-900.woff2 HTTP/1.1" 404 179
[2025-04-19 14:43:41,872] WARNING django.server "GET /static/main/webfonts/fa-solid-900.ttf HTTP/1.1" 404 179
[2025-04-19 14:44:11,839] WARNING django.server "GET /static/main/webfonts/fa-solid-900.woff2 HTTP/1.1" 404 179
[2025-04-19 14:44:11,954] WARNING django.server "GET /static/main/webfonts/fa-solid-900.ttf HTTP/1.1" 404 179
[2025-04-19 14:44:37,444] WARNING django.server "GET /static/main/webfonts/fa-solid-900.woff2 HTTP/1.1" 404 179
[2025-04-19 14:44:37,571] WARNING django.server "GET /static/main/webfonts/fa-solid-900.ttf HTTP/1.1" 404 179
[2025-04-19 14:46:19,330] WARNING django.server "GET /static/main/webfonts/fa-solid-900.woff2 HTTP/1.1" 404 1857
[2025-04-19 14:46:19,394] WARNING django.server "GET /static/main/webfonts/fa-solid-900.ttf HTTP/1.1" 404 1851
[2025-04-19 14:49:46,538] WARNING custom_logger Invalid vehicle form submitted by taufik.s
[2025-04-19 14:49:46,878] WARNING django.server "GET /static/main/webfonts/fa-solid-900.woff2 HTTP/1.1" 404 1857
[2025-04-19 14:49:46,968] WARNING django.server "GET /static/main/webfonts/fa-solid-900.ttf HTTP/1.1" 404 1851
[2025-04-19 14:50:27,671] WARNING django.server "GET /favicon.ico HTTP/1.1" 404 15866
[2025-04-19 14:50:30,736] WARNING django.server "GET /abc HTTP/1.1" 404 15842
[2025-04-19 14:50:35,607] WARNING django.server "GET /static/main/webfonts/fa-solid-900.woff2 HTTP/1.1" 404 1857
[2025-04-19 14:50:36,230] WARNING django.server "GET /static/main/webfonts/fa-solid-900.ttf HTTP/1.1" 404 1851
[2025-04-19 14:51:06,109] WARNING django.server "GET /__reload__/events/ HTTP/1.1" 404 179
[2025-04-19 14:51:06,124] WARNING django.server "GET /__reload__/events/ HTTP/1.1" 404 179
[2025-04-19 14:51:06,271] WARNING django.server "GET /__reload__/events/ HTTP/1.1" 404 179
[2025-04-19 14:51:06,350] WARNING django.server "GET /__reload__/events/ HTTP/1.1" 404 179
[2025-04-19 14:51:06,431] WARNING django.server "GET /__reload__/events/ HTTP/1.1" 404 179
[2025-04-19 14:51:06,567] WARNING django.server "GET /__reload__/events/ HTTP/1.1" 404 179
[2025-04-19 14:51:06,605] WARNING django.server "GET /__reload__/events/ HTTP/1.1" 404 179
[2025-04-19 14:51:06,764] WARNING django.server "GET /__reload__/events/ HTTP/1.1" 404 179
[2025-04-19 14:51:06,768] WARNING django.server "GET /__reload__/events/ HTTP/1.1" 404 179
[2025-04-19 14:51:06,924] WARNING django.server "GET /__reload__/events/ HTTP/1.1" 404 179
[2025-04-19 14:51:06,990] WARNING django.server "GET /__reload__/events/ HTTP/1.1" 404 179
[2025-04-19 14:51:07,117] WARNING django.server "GET /__reload__/events/ HTTP/1.1" 404 179
[2025-04-19 14:51:07,208] WARNING django.server "GET /__reload__/events/ HTTP/1.1" 404 179
[2025-04-19 14:51:07,289] WARNING django.server "GET /__reload__/events/ HTTP/1.1" 404 179
[2025-04-19 14:51:07,421] WARNING django.server "GET /__reload__/events/ HTTP/1.1" 404 179
[2025-04-19 14:51:07,449] WARNING django.server "GET /__reload__/events/ HTTP/1.1" 404 179
[2025-04-19 14:51:07,628] WARNING django.server "GET /__reload__/events/ HTTP/1.1" 404 179
[2025-04-19 14:51:07,632] WARNING django.server "GET /__reload__/events/ HTTP/1.1" 404 179
[2025-04-19 14:51:07,803] WARNING django.server "GET /__reload__/events/ HTTP/1.1" 404 179
[2025-04-19 14:51:07,848] WARNING django.server "GET /__reload__/events/ HTTP/1.1" 404 179
[2025-04-19 14:51:07,976] WARNING django.server "GET /__reload__/events/ HTTP/1.1" 404 179
[2025-04-19 14:51:08,068] WARNING django.server "GET /__reload__/events/ HTTP/1.1" 404 179
[2025-04-19 14:51:08,232] WARNING django.server "GET /__reload__/events/ HTTP/1.1" 404 179
[2025-04-19 14:51:08,278] WARNING django.server "GET /__reload__/events/ HTTP/1.1" 404 179
[2025-04-19 14:51:08,391] WARNING django.server "GET /__reload__/events/ HTTP/1.1" 404 179
[2025-04-19 14:51:08,489] WARNING django.server "GET /__reload__/events/ HTTP/1.1" 404 179
[2025-04-19 14:51:08,550] WARNING django.server "GET /__reload__/events/ HTTP/1.1" 404 179
[2025-04-19 14:51:08,709] WARNING django.server "GET /__reload__/events/ HTTP/1.1" 404 179
[2025-04-19 14:51:08,727] WARNING django.server "GET /__reload__/events/ HTTP/1.1" 404 179
[2025-04-19 14:51:08,886] WARNING django.server "GET /__reload__/events/ HTTP/1.1" 404 179
[2025-04-19 14:51:08,940] WARNING django.server "GET /__reload__/events/ HTTP/1.1" 404 179
[2025-04-19 14:51:09,045] WARNING django.server "GET /__reload__/events/ HTTP/1.1" 404 179
[2025-04-19 14:51:09,158] WARNING django.server "GET /__reload__/events/ HTTP/1.1" 404 179
[2025-04-19 14:51:09,204] WARNING django.server "GET /__reload__/events/ HTTP/1.1" 404 179
[2025-04-19 14:51:09,359] WARNING django.server "GET /__reload__/events/ HTTP/1.1" 404 179
[2025-04-19 14:51:09,578] WARNING django.server "GET /__reload__/events/ HTTP/1.1" 404 179
[2025-04-19 14:51:09,589] WARNING django.server "GET /__reload__/events/ HTTP/1.1" 404 179
[2025-04-19 14:51:09,799] WARNING django.server "GET /__reload__/events/ HTTP/1.1" 404 179
[2025-04-19 14:51:09,969] WARNING django.server "GET /__reload__/events/ HTTP/1.1" 404 179
[2025-04-19 14:51:10,019] WARNING django.server "GET /__reload__/events/ HTTP/1.1" 404 179
[2025-04-19 14:51:10,338] WARNING django.server "GET /__reload__/events/ HTTP/1.1" 404 179
[2025-04-19 14:51:10,439] WARNING django.server "GET /__reload__/events/ HTTP/1.1" 404 179
[2025-04-19 14:51:10,721] WARNING django.server "GET /__reload__/events/ HTTP/1.1" 404 179
[2025-04-19 14:51:10,849] WARNING django.server "GET /__reload__/events/ HTTP/1.1" 404 179
[2025-04-19 14:51:11,102] WARNING django.server "GET /__reload__/events/ HTTP/1.1" 404 179
[2025-04-19 14:51:11,270] WARNING django.server "GET /__reload__/events/ HTTP/1.1" 404 179
[2025-04-19 14:51:11,485] WARNING django.server "GET /__reload__/events/ HTTP/1.1" 404 179
[2025-04-19 14:51:11,680] WARNING django.server "GET /__reload__/events/ HTTP/1.1" 404 179
[2025-04-19 14:51:11,868] WARNING django.server "GET /__reload__/events/ HTTP/1.1" 404 179
[2025-04-19 14:51:12,119] WARNING django.server "GET /__reload__/events/ HTTP/1.1" 404 179
[2025-04-19 14:51:12,251] WARNING django.server "GET /__reload__/events/ HTTP/1.1" 404 179
[2025-04-19 14:51:12,530] WARNING django.server "GET /__reload__/events/ HTTP/1.1" 404 179
[2025-04-19 14:51:12,618] WARNING django.server "GET /__reload__/events/ HTTP/1.1" 404 179
[2025-04-19 14:51:12,932] WARNING django.server "GET /__reload__/events/ HTTP/1.1" 404 179
[2025-04-19 14:51:13,002] WARNING django.server "GET /__reload__/events/ HTTP/1.1" 404 179
[2025-04-19 14:51:13,366] WARNING django.server "GET /__reload__/events/ HTTP/1.1" 404 179
[2025-04-19 14:51:13,372] WARNING django.server "GET /__reload__/events/ HTTP/1.1" 404 179
[2025-04-19 14:51:13,723] WARNING django.server "GET /__reload__/events/ HTTP/1.1" 404 179
[2025-04-19 14:51:13,782] WARNING django.server "GET /__reload__/events/ HTTP/1.1" 404 179
[2025-04-19 14:51:14,081] WARNING django.server "GET /__reload__/events/ HTTP/1.1" 404 179
[2025-04-19 14:51:14,205] WARNING django.server "GET /__reload__/events/ HTTP/1.1" 404 179
[2025-04-19 14:51:14,455] WARNING django.server "GET /__reload__/events/ HTTP/1.1" 404 179
[2025-04-19 14:51:14,613] WARNING django.server "GET /__reload__/events/ HTTP/1.1" 404 179
[2025-04-19 14:51:14,817] WARNING django.server "GET /__reload__/events/ HTTP/1.1" 404 179
[2025-04-19 14:51:15,022] WARNING django.server "GET /__reload__/events/ HTTP/1.1" 404 179
[2025-04-19 14:51:15,183] WARNING django.server "GET /__reload__/events/ HTTP/1.1" 404 179
[2025-04-19 14:51:15,443] WARNING django.server "GET /__reload__/events/ HTTP/1.1" 404 179
[2025-04-19 14:51:15,558] WARNING django.server "GET /__reload__/events/ HTTP/1.1" 404 179
[2025-04-19 14:51:15,673] WARNING django.server "GET /abc HTTP/1.1" 404 179
[2025-04-19 14:51:15,861] WARNING django.server "GET /__reload__/events/ HTTP/1.1" 404 179
[2025-04-19 14:51:16,263] WARNING django.server "GET /__reload__/events/ HTTP/1.1" 404 179
[2025-04-19 14:51:16,674] WARNING django.server "GET /__reload__/events/ HTTP/1.1" 404 179
[2025-04-19 14:51:17,094] WARNING django.server "GET /__reload__/events/ HTTP/1.1" 404 179
[2025-04-19 14:51:17,504] WARNING django.server "GET /__reload__/events/ HTTP/1.1" 404 179
[2025-04-19 14:51:17,914] WARNING django.server "GET /__reload__/events/ HTTP/1.1" 404 179
[2025-04-19 14:51:18,325] WARNING django.server "GET /__reload__/events/ HTTP/1.1" 404 179
[2025-04-19 14:51:19,433] WARNING django.server "GET /__reload__/events/ HTTP/1.1" 404 179
[2025-04-19 14:51:20,546] WARNING django.server "GET /__reload__/events/ HTTP/1.1" 404 179
[2025-04-19 14:51:21,655] WARNING django.server "GET /__reload__/events/ HTTP/1.1" 404 179
[2025-04-19 14:51:22,776] WARNING django.server "GET /__reload__/events/ HTTP/1.1" 404 179
[2025-04-19 14:51:23,888] WARNING django.server "GET /__reload__/events/ HTTP/1.1" 404 179
[2025-04-19 14:51:25,008] WARNING django.server "GET /__reload__/events/ HTTP/1.1" 404 179
[2025-04-19 14:51:26,129] WARNING django.server "GET /__reload__/events/ HTTP/1.1" 404 179
[2025-04-19 14:51:27,251] WARNING django.server "GET /__reload__/events/ HTTP/1.1" 404 179
[2025-04-19 14:51:28,361] WARNING django.server "GET /__reload__/events/ HTTP/1.1" 404 179
[2025-04-19 14:51:29,472] WARNING django.server "GET /__reload__/events/ HTTP/1.1" 404 179
[2025-04-19 14:51:30,604] WARNING django.server "GET /__reload__/events/ HTTP/1.1" 404 179
[2025-04-19 14:51:31,744] WARNING django.server "GET /__reload__/events/ HTTP/1.1" 404 179
[2025-04-19 14:51:32,864] WARNING django.server "GET /__reload__/events/ HTTP/1.1" 404 179
[2025-04-19 14:51:33,985] WARNING django.server "GET /__reload__/events/ HTTP/1.1" 404 179
[2025-04-19 14:51:35,094] WARNING django.server "GET /__reload__/events/ HTTP/1.1" 404 179
[2025-04-19 14:51:36,225] WARNING django.server "GET /__reload__/events/ HTTP/1.1" 404 179
[2025-04-19 14:51:37,368] WARNING django.server "GET /__reload__/events/ HTTP/1.1" 404 179
[2025-04-19 14:51:38,478] WARNING django.server "GET /__reload__/events/ HTTP/1.1" 404 179
[2025-04-19 14:51:39,610] WARNING django.server "GET /__reload__/events/ HTTP/1.1" 404 179
[2025-04-19 14:51:40,730] WARNING django.server "GET /__reload__/events/ HTTP/1.1" 404 179
[2025-04-19 14:51:43,861] WARNING django.server "GET /__reload__/events/ HTTP/1.1" 404 179
[2025-04-19 14:51:46,973] WARNING django.server "GET /__reload__/events/ HTTP/1.1" 404 179
[2025-04-19 14:51:50,087] WARNING django.server "GET /__reload__/events/ HTTP/1.1" 404 179
[2025-04-19 14:51:53,196] WARNING django.server "GET /__reload__/events/ HTTP/1.1" 404 179
[2025-04-19 14:51:56,333] WARNING django.server "GET /__reload__/events/ HTTP/1.1" 404 179
[2025-04-19 14:51:59,458] WARNING django.server "GET /__reload__/events/ HTTP/1.1" 404 179
[2025-04-19 14:52:02,577] WARNING django.server "GET /__reload__/events/ HTTP/1.1" 404 179
[2025-04-19 14:52:05,688] WARNING django.server "GET /__reload__/events/ HTTP/1.1" 404 179
[2025-04-19 14:52:08,811] WARNING django.server "GET /__reload__/events/ HTTP/1.1" 404 179
[2025-04-19 14:52:11,932] WARNING django.server "GET /__reload__/events/ HTTP/1.1" 404 179
[2025-04-19 14:52:15,048] WARNING django.server "GET /__reload__/events/ HTTP/1.1" 404 179
[2025-04-19 14:52:18,168] WARNING django.server "GET /__reload__/events/ HTTP/1.1" 404 179
[2025-04-19 14:52:21,273] WARNING django.server "GET /__reload__/events/ HTTP/1.1" 404 179
[2025-04-19 14:52:24,385] WARNING django.server "GET /__reload__/events/ HTTP/1.1" 404 179
[2025-04-19 14:52:27,497] WARNING django.server "GET /__reload__/events/ HTTP/1.1" 404 179
[2025-04-19 14:52:30,617] WARNING django.server "GET /__reload__/events/ HTTP/1.1" 404 179
[2025-04-19 14:52:33,724] WARNING django.server "GET /__reload__/events/ HTTP/1.1" 404 179
[2025-04-19 14:52:36,844] WARNING django.server "GET /__reload__/events/ HTTP/1.1" 404 179
[2025-04-19 14:52:39,953] WARNING django.server "GET /__reload__/events/ HTTP/1.1" 404 179
[2025-04-19 14:52:43,070] WARNING django.server "GET /__reload__/events/ HTTP/1.1" 404 179
[2025-04-19 14:52:46,184] WARNING django.server "GET /__reload__/events/ HTTP/1.1" 404 179
[2025-04-19 14:52:49,295] WARNING django.server "GET /__reload__/events/ HTTP/1.1" 404 179
[2025-04-19 14:52:52,426] WARNING django.server "GET /__reload__/events/ HTTP/1.1" 404 179
[2025-04-19 14:52:55,537] WARNING django.server "GET /__reload__/events/ HTTP/1.1" 404 179
[2025-04-19 14:52:58,648] WARNING django.server "GET /__reload__/events/ HTTP/1.1" 404 179
[2025-04-19 14:53:01,765] WARNING django.server "GET /__reload__/events/ HTTP/1.1" 404 179
[2025-04-19 14:53:04,879] WARNING django.server "GET /__reload__/events/ HTTP/1.1" 404 179
[2025-04-19 14:53:07,990] WARNING django.server "GET /__reload__/events/ HTTP/1.1" 404 179
[2025-04-19 14:53:11,108] WARNING django.server "GET /__reload__/events/ HTTP/1.1" 404 179
[2025-04-19 14:53:14,217] WARNING django.server "GET /__reload__/events/ HTTP/1.1" 404 179
[2025-04-19 14:53:17,332] WARNING django.server "GET /__reload__/events/ HTTP/1.1" 404 179
[2025-04-19 14:53:20,435] WARNING django.server "GET /__reload__/events/ HTTP/1.1" 404 179
[2025-04-19 14:53:23,549] WARNING django.server "GET /__reload__/events/ HTTP/1.1" 404 179
[2025-04-19 14:53:26,685] WARNING django.server "GET /__reload__/events/ HTTP/1.1" 404 179
[2025-04-19 14:53:29,789] WARNING django.server "GET /__reload__/events/ HTTP/1.1" 404 179
[2025-04-19 14:53:32,895] WARNING django.server "GET /__reload__/events/ HTTP/1.1" 404 179
[2025-04-19 14:53:36,009] WARNING django.server "GET /__reload__/events/ HTTP/1.1" 404 179
[2025-04-19 14:53:39,126] WARNING django.server "GET /__reload__/events/ HTTP/1.1" 404 179
[2025-04-19 14:53:42,244] WARNING django.server "GET /__reload__/events/ HTTP/1.1" 404 179
[2025-04-19 14:53:45,347] WARNING django.server "GET /__reload__/events/ HTTP/1.1" 404 179
[2025-04-19 14:53:48,465] WARNING django.server "GET /__reload__/events/ HTTP/1.1" 404 179
[2025-04-19 14:53:51,576] WARNING django.server "GET /__reload__/events/ HTTP/1.1" 404 179
[2025-04-19 14:53:54,682] WARNING django.server "GET /__reload__/events/ HTTP/1.1" 404 179
[2025-04-19 14:53:57,796] WARNING django.server "GET /__reload__/events/ HTTP/1.1" 404 179
[2025-04-19 14:54:00,912] WARNING django.server "GET /__reload__/events/ HTTP/1.1" 404 179
[2025-04-19 14:54:04,015] WARNING django.server "GET /__reload__/events/ HTTP/1.1" 404 179
[2025-04-19 14:54:07,127] WARNING django.server "GET /__reload__/events/ HTTP/1.1" 404 179
[2025-04-19 14:54:10,247] WARNING django.server "GET /__reload__/events/ HTTP/1.1" 404 179
[2025-04-19 14:54:13,356] WARNING django.server "GET /__reload__/events/ HTTP/1.1" 404 179
[2025-04-19 14:54:16,460] WARNING django.server "GET /__reload__/events/ HTTP/1.1" 404 179
[2025-04-19 14:54:19,573] WARNING django.server "GET /__reload__/events/ HTTP/1.1" 404 179
[2025-04-19 14:54:22,688] WARNING django.server "GET /__reload__/events/ HTTP/1.1" 404 179
[2025-04-19 14:54:25,797] WARNING django.server "GET /__reload__/events/ HTTP/1.1" 404 179
[2025-04-19 14:54:28,919] WARNING django.server "GET /__reload__/events/ HTTP/1.1" 404 179
[2025-04-19 14:54:32,031] WARNING django.server "GET /__reload__/events/ HTTP/1.1" 404 179
[2025-04-19 14:54:35,148] WARNING django.server "GET /__reload__/events/ HTTP/1.1" 404 179
[2025-04-19 14:54:38,269] WARNING django.server "GET /__reload__/events/ HTTP/1.1" 404 179
[2025-04-19 14:54:41,391] WARNING django.server "GET /__reload__/events/ HTTP/1.1" 404 179
[2025-04-19 14:54:44,495] WARNING django.server "GET /__reload__/events/ HTTP/1.1" 404 179
[2025-04-19 14:54:47,617] WARNING django.server "GET /__reload__/events/ HTTP/1.1" 404 179
[2025-04-19 14:54:50,741] WARNING django.server "GET /__reload__/events/ HTTP/1.1" 404 179
[2025-04-19 14:54:53,853] WARNING django.server "GET /__reload__/events/ HTTP/1.1" 404 179
[2025-04-19 14:54:56,964] WARNING django.server "GET /__reload__/events/ HTTP/1.1" 404 179
[2025-04-19 14:55:00,086] WARNING django.server "GET /__reload__/events/ HTTP/1.1" 404 179
[2025-04-19 14:55:03,198] WARNING django.server "GET /__reload__/events/ HTTP/1.1" 404 179
[2025-04-19 14:55:06,321] WARNING django.server "GET /__reload__/events/ HTTP/1.1" 404 179
[2025-04-19 14:55:09,424] WARNING django.server "GET /__reload__/events/ HTTP/1.1" 404 179
[2025-04-19 14:55:12,535] WARNING django.server "GET /__reload__/events/ HTTP/1.1" 404 179
[2025-04-19 14:55:15,647] WARNING django.server "GET /__reload__/events/ HTTP/1.1" 404 179
[2025-04-19 14:55:18,759] WARNING django.server "GET /__reload__/events/ HTTP/1.1" 404 179
[2025-04-19 14:55:21,870] WARNING django.server "GET /__reload__/events/ HTTP/1.1" 404 179
[2025-04-19 14:55:24,982] WARNING django.server "GET /__reload__/events/ HTTP/1.1" 404 179
[2025-04-19 14:55:28,104] WARNING django.server "GET /__reload__/events/ HTTP/1.1" 404 179
[2025-04-19 14:55:31,216] WARNING django.server "GET /__reload__/events/ HTTP/1.1" 404 179
[2025-04-19 14:55:34,339] WARNING django.server "GET /__reload__/events/ HTTP/1.1" 404 179
[2025-04-19 14:55:37,462] WARNING django.server "GET /__reload__/events/ HTTP/1.1" 404 179
[2025-04-19 14:55:39,333] WARNING django.server "GET /static/main/webfonts/fa-solid-900.woff2 HTTP/1.1" 404 179
[2025-04-19 14:55:39,407] WARNING django.server "GET /static/main/webfonts/fa-solid-900.ttf HTTP/1.1" 404 179
[2025-04-19 14:55:40,595] WARNING django.server "GET /__reload__/events/ HTTP/1.1" 404 179
[2025-04-19 14:55:43,717] WARNING django.server "GET /__reload__/events/ HTTP/1.1" 404 179
[2025-04-19 14:55:46,839] WARNING django.server "GET /__reload__/events/ HTTP/1.1" 404 179
[2025-04-19 14:55:49,951] WARNING django.server "GET /__reload__/events/ HTTP/1.1" 404 179
[2025-04-19 14:55:52,750] WARNING django.server "GET /static/main/webfonts/fa-solid-900.woff2 HTTP/1.1" 404 179
[2025-04-19 14:55:52,761] WARNING django.server "GET /static/main/webfonts/fa-solid-900.ttf HTTP/1.1" 404 179
[2025-04-19 14:55:53,061] WARNING django.server "GET /__reload__/events/ HTTP/1.1" 404 179
[2025-04-19 14:55:56,174] WARNING django.server "GET /__reload__/events/ HTTP/1.1" 404 179
[2025-04-19 14:55:58,815] WARNING django.server "GET /static/main/webfonts/fa-solid-900.woff2 HTTP/1.1" 404 179
[2025-04-19 14:55:58,876] WARNING django.server "GET /static/main/webfonts/fa-solid-900.ttf HTTP/1.1" 404 179
[2025-04-19 14:55:59,277] WARNING django.server "GET /__reload__/events/ HTTP/1.1" 404 179
[2025-04-19 14:56:02,391] WARNING django.server "GET /__reload__/events/ HTTP/1.1" 404 179
[2025-04-19 14:56:05,773] WARNING django.server "GET /__reload__/events/ HTTP/1.1" 404 179
[2025-04-19 14:56:06,841] WARNING django.server "GET /static/main/webfonts/fa-solid-900.woff2 HTTP/1.1" 404 179
[2025-04-19 14:56:06,945] WARNING django.server "GET /static/main/webfonts/fa-solid-900.ttf HTTP/1.1" 404 179
[2025-04-19 15:19:02,817] WARNING django.server "GET /static/main/webfonts/fa-solid-900.woff2 HTTP/1.1" 404 179
[2025-04-19 15:19:02,933] WARNING django.server "GET /static/main/webfonts/fa-solid-900.ttf HTTP/1.1" 404 179
[2025-04-19 15:19:12,141] WARNING django.server "GET /static/main/webfonts/fa-solid-900.woff2 HTTP/1.1" 404 179
[2025-04-19 15:19:12,256] WARNING django.server "GET /static/main/webfonts/fa-solid-900.ttf HTTP/1.1" 404 179
[2025-04-19 15:19:15,059] WARNING django.server "GET /static/main/webfonts/fa-solid-900.woff2 HTTP/1.1" 404 179
[2025-04-19 15:19:15,164] WARNING django.server "GET /static/main/webfonts/fa-solid-900.ttf HTTP/1.1" 404 179
[2025-04-19 15:19:21,534] WARNING django.server "GET /static/main/webfonts/fa-solid-900.woff2 HTTP/1.1" 404 179
[2025-04-19 15:19:21,650] WARNING django.server "GET /static/main/webfonts/fa-solid-900.ttf HTTP/1.1" 404 179
[2025-04-19 15:19:29,077] WARNING django.server "GET /static/main/webfonts/fa-solid-900.woff2 HTTP/1.1" 404 179
[2025-04-19 15:19:29,185] WARNING django.server "GET /static/main/webfonts/fa-solid-900.ttf HTTP/1.1" 404 179
[2025-04-19 15:20:25,172] WARNING django.server "GET /static/main/webfonts/fa-solid-900.woff2 HTTP/1.1" 404 179
[2025-04-19 15:20:25,290] WARNING django.server "GET /static/main/webfonts/fa-solid-900.ttf HTTP/1.1" 404 179
[2025-04-19 15:20:31,442] WARNING django.server "GET /static/main/webfonts/fa-solid-900.woff2 HTTP/1.1" 404 179
[2025-04-19 15:20:31,549] WARNING django.server "GET /static/main/webfonts/fa-solid-900.ttf HTTP/1.1" 404 179
[2025-04-19 15:20:34,858] WARNING django.server "GET /static/main/webfonts/fa-solid-900.woff2 HTTP/1.1" 404 179
[2025-04-19 15:20:34,968] WARNING django.server "GET /static/main/webfonts/fa-solid-900.ttf HTTP/1.1" 404 179
[2025-04-19 15:20:48,347] WARNING django.server "GET /static/main/webfonts/fa-solid-900.woff2 HTTP/1.1" 404 179
[2025-04-19 15:20:48,449] WARNING django.server "GET /static/main/webfonts/fa-solid-900.ttf HTTP/1.1" 404 179
[2025-04-19 15:20:51,337] WARNING django.server "GET /static/main/webfonts/fa-solid-900.woff2 HTTP/1.1" 404 179
[2025-04-19 15:20:51,449] WARNING django.server "GET /static/main/webfonts/fa-solid-900.ttf HTTP/1.1" 404 179
[2025-04-19 15:39:37,081] WARNING django.server "GET /static/main/webfonts/fa-solid-900.woff2 HTTP/1.1" 404 179
[2025-04-19 15:39:37,157] WARNING django.server "GET /static/main/webfonts/fa-solid-900.ttf HTTP/1.1" 404 179
[2025-04-19 15:39:43,995] WARNING django.server "GET /static/main/webfonts/fa-solid-900.woff2 HTTP/1.1" 404 179
[2025-04-19 15:39:44,055] WARNING django.server "GET /static/main/webfonts/fa-solid-900.ttf HTTP/1.1" 404 179
[2025-04-19 15:40:00,534] WARNING django.server "GET /static/main/webfonts/fa-solid-900.woff2 HTTP/1.1" 404 179
[2025-04-19 15:40:00,542] WARNING django.server "GET /static/main/webfonts/fa-solid-900.ttf HTTP/1.1" 404 179
[2025-04-19 15:43:45,792] WARNING django.server "GET /static/main/webfonts/fa-solid-900.woff2 HTTP/1.1" 404 179
[2025-04-19 15:43:45,882] WARNING django.server "GET /static/main/webfonts/fa-solid-900.ttf HTTP/1.1" 404 179
[2025-04-19 16:23:48,930] WARNING django.server "GET /static/main/webfonts/fa-solid-900.woff2 HTTP/1.1" 404 179
[2025-04-19 16:23:49,050] WARNING django.server "GET /static/main/webfonts/fa-solid-900.ttf HTTP/1.1" 404 179
[2025-04-19 16:23:51,834] WARNING django.server "GET /static/main/webfonts/fa-solid-900.woff2 HTTP/1.1" 404 179
[2025-04-19 16:23:51,885] WARNING django.server "GET /static/main/webfonts/fa-solid-900.ttf HTTP/1.1" 404 179
[2025-04-19 16:25:28,611] WARNING django.server "GET /static/main/webfonts/fa-solid-900.woff2 HTTP/1.1" 404 179
[2025-04-19 16:25:28,653] WARNING django.server "GET /static/main/webfonts/fa-solid-900.ttf HTTP/1.1" 404 179
[2025-04-19 16:25:34,022] WARNING django.server "GET /static/main/webfonts/fa-solid-900.woff2 HTTP/1.1" 404 179
[2025-04-19 16:25:34,107] WARNING django.server "GET /static/main/webfonts/fa-solid-900.ttf HTTP/1.1" 404 179
[2025-04-19 16:26:32,220] WARNING django.server "GET /static/main/webfonts/fa-solid-900.woff2 HTTP/1.1" 404 179
[2025-04-19 16:26:32,343] WARNING django.server "GET /static/main/webfonts/fa-solid-900.ttf HTTP/1.1" 404 179
[2025-04-19 16:26:56,288] WARNING django.server "GET /static/main/webfonts/fa-solid-900.woff2 HTTP/1.1" 404 179
[2025-04-19 16:26:56,320] WARNING django.server "GET /static/main/webfonts/fa-solid-900.ttf HTTP/1.1" 404 179
[2025-04-19 16:27:53,545] WARNING django.server "GET /static/main/webfonts/fa-solid-900.woff2 HTTP/1.1" 404 179
[2025-04-19 16:27:53,658] WARNING django.server "GET /static/main/webfonts/fa-solid-900.ttf HTTP/1.1" 404 179
[2025-04-19 16:27:55,437] WARNING django.server "GET /static/main/webfonts/fa-solid-900.woff2 HTTP/1.1" 404 179
[2025-04-19 16:27:55,538] WARNING django.server "GET /static/main/webfonts/fa-solid-900.ttf HTTP/1.1" 404 179
[2025-04-19 16:28:05,801] WARNING django.server "GET /static/main/webfonts/fa-solid-900.woff2 HTTP/1.1" 404 179
[2025-04-19 16:28:05,911] WARNING django.server "GET /static/main/webfonts/fa-solid-900.ttf HTTP/1.1" 404 179
[2025-04-19 16:28:11,663] WARNING django.server "GET /static/main/webfonts/fa-solid-900.woff2 HTTP/1.1" 404 179
[2025-04-19 16:28:11,771] WARNING django.server "GET /static/main/webfonts/fa-solid-900.ttf HTTP/1.1" 404 179
[2025-04-19 16:28:32,807] WARNING django.server "GET /static/main/webfonts/fa-solid-900.woff2 HTTP/1.1" 404 179
[2025-04-19 16:28:32,925] WARNING django.server "GET /static/main/webfonts/fa-solid-900.ttf HTTP/1.1" 404 179
[2025-04-19 16:29:33,428] ERROR custom_logger Error while updating vehicle ID 10010 by taufik.s
Traceback (most recent call last):
  File "L:\oneSource_Live\venv\Lib\site-packages\django\db\backends\utils.py", line 105, in _execute
    return self.cursor.execute(sql, params)
           ~~~~~~~~~~~~~~~~~~~^^^^^^^^^^^^^
  File "L:\oneSource_Live\venv\Lib\site-packages\mssql\base.py", line 677, in execute
    return self.cursor.execute(sql, params)
           ~~~~~~~~~~~~~~~~~~~^^^^^^^^^^^^^
pyodbc.IntegrityError: ('23000', "[23000] [Microsoft][ODBC Driver 17 for SQL Server][SQL Server]Cannot insert the value NULL into column 'qty', table 'oneSource_Live.dbo.vehicle'; column does not allow nulls. UPDATE fails. (515) (SQLExecDirectW); [23000] [Microsoft][ODBC Driver 17 for SQL Server][SQL Server]The statement has been terminated. (3621)")

The above exception was the direct cause of the following exception:

Traceback (most recent call last):
  File "L:\oneSource_Live\oneSource\STORE\views.py", line 177, in edit_vehicle
    form.save()
    ~~~~~~~~~^^
  File "L:\oneSource_Live\venv\Lib\site-packages\django\forms\models.py", line 552, in save
    self.instance.save()
    ~~~~~~~~~~~~~~~~~~^^
  File "L:\oneSource_Live\venv\Lib\site-packages\django\db\models\base.py", line 822, in save
    self.save_base(
    ~~~~~~~~~~~~~~^
        using=using,
        ^^^^^^^^^^^^
    ...<2 lines>...
        update_fields=update_fields,
        ^^^^^^^^^^^^^^^^^^^^^^^^^^^^
    )
    ^
  File "L:\oneSource_Live\venv\Lib\site-packages\django\db\models\base.py", line 909, in save_base
    updated = self._save_table(
        raw,
    ...<4 lines>...
        update_fields,
    )
  File "L:\oneSource_Live\venv\Lib\site-packages\django\db\models\base.py", line 1040, in _save_table
    updated = self._do_update(
        base_qs, using, pk_val, values, update_fields, forced_update
    )
  File "L:\oneSource_Live\venv\Lib\site-packages\django\db\models\base.py", line 1105, in _do_update
    return filtered._update(values) > 0
           ~~~~~~~~~~~~~~~~^^^^^^^^
  File "L:\oneSource_Live\venv\Lib\site-packages\django\db\models\query.py", line 1278, in _update
    return query.get_compiler(self.db).execute_sql(CURSOR)
           ~~~~~~~~~~~~~~~~~~~~~~~~~~~~~~~~~~~~~~~^^^^^^^^
  File "L:\oneSource_Live\venv\Lib\site-packages\django\db\models\sql\compiler.py", line 1990, in execute_sql
    cursor = super().execute_sql(result_type)
  File "L:\oneSource_Live\venv\Lib\site-packages\django\db\models\sql\compiler.py", line 1562, in execute_sql
    cursor.execute(sql, params)
    ~~~~~~~~~~~~~~^^^^^^^^^^^^^
  File "L:\oneSource_Live\venv\Lib\site-packages\django\db\backends\utils.py", line 79, in execute
    return self._execute_with_wrappers(
           ~~~~~~~~~~~~~~~~~~~~~~~~~~~^
        sql, params, many=False, executor=self._execute
        ^^^^^^^^^^^^^^^^^^^^^^^^^^^^^^^^^^^^^^^^^^^^^^^
    )
    ^
  File "L:\oneSource_Live\venv\Lib\site-packages\django\db\backends\utils.py", line 92, in _execute_with_wrappers
    return executor(sql, params, many, context)
  File "L:\oneSource_Live\venv\Lib\site-packages\django\db\backends\utils.py", line 100, in _execute
    with self.db.wrap_database_errors:
         ^^^^^^^^^^^^^^^^^^^^^^^^^^^^
  File "L:\oneSource_Live\venv\Lib\site-packages\django\db\utils.py", line 91, in __exit__
    raise dj_exc_value.with_traceback(traceback) from exc_value
  File "L:\oneSource_Live\venv\Lib\site-packages\django\db\backends\utils.py", line 105, in _execute
    return self.cursor.execute(sql, params)
           ~~~~~~~~~~~~~~~~~~~^^^^^^^^^^^^^
  File "L:\oneSource_Live\venv\Lib\site-packages\mssql\base.py", line 677, in execute
    return self.cursor.execute(sql, params)
           ~~~~~~~~~~~~~~~~~~~^^^^^^^^^^^^^
django.db.utils.IntegrityError: ('23000', "[23000] [Microsoft][ODBC Driver 17 for SQL Server][SQL Server]Cannot insert the value NULL into column 'qty', table 'oneSource_Live.dbo.vehicle'; column does not allow nulls. UPDATE fails. (515) (SQLExecDirectW); [23000] [Microsoft][ODBC Driver 17 for SQL Server][SQL Server]The statement has been terminated. (3621)")
[2025-04-19 16:29:33,705] WARNING django.server "GET /static/main/webfonts/fa-solid-900.woff2 HTTP/1.1" 404 179
[2025-04-19 16:29:33,814] WARNING django.server "GET /static/main/webfonts/fa-solid-900.ttf HTTP/1.1" 404 179
[2025-04-19 16:29:40,324] WARNING django.server "GET /static/main/webfonts/fa-solid-900.woff2 HTTP/1.1" 404 179
[2025-04-19 16:29:40,730] WARNING django.server "GET /static/main/webfonts/fa-solid-900.ttf HTTP/1.1" 404 179
[2025-04-19 16:30:30,125] WARNING django.server "GET /static/main/webfonts/fa-solid-900.woff2 HTTP/1.1" 404 179
[2025-04-19 16:30:30,232] WARNING django.server "GET /static/main/webfonts/fa-solid-900.ttf HTTP/1.1" 404 179
[2025-04-19 16:30:41,766] WARNING django.server "GET /static/main/webfonts/fa-solid-900.woff2 HTTP/1.1" 404 179
[2025-04-19 16:30:41,868] WARNING django.server "GET /static/main/webfonts/fa-solid-900.ttf HTTP/1.1" 404 179
[2025-04-19 16:30:44,317] WARNING django.server "GET /static/main/webfonts/fa-solid-900.woff2 HTTP/1.1" 404 179
[2025-04-19 16:30:44,422] WARNING django.server "GET /static/main/webfonts/fa-solid-900.ttf HTTP/1.1" 404 179
[2025-04-19 16:38:54,331] WARNING django.server "GET /static/main/webfonts/fa-solid-900.woff2 HTTP/1.1" 404 179
[2025-04-19 16:38:54,455] WARNING django.server "GET /static/main/webfonts/fa-solid-900.ttf HTTP/1.1" 404 179
[2025-04-19 16:38:58,821] WARNING django.server "GET /static/main/webfonts/fa-solid-900.woff2 HTTP/1.1" 404 179
[2025-04-19 16:38:58,937] WARNING django.server "GET /static/main/webfonts/fa-solid-900.ttf HTTP/1.1" 404 179
[2025-04-19 16:39:00,582] WARNING django.server "GET /static/main/webfonts/fa-solid-900.woff2 HTTP/1.1" 404 179
[2025-04-19 16:39:00,609] WARNING django.server "GET /static/main/webfonts/fa-solid-900.ttf HTTP/1.1" 404 179
[2025-04-19 16:39:12,236] WARNING django.server "GET /static/main/webfonts/fa-solid-900.woff2 HTTP/1.1" 404 179
[2025-04-19 16:39:12,269] WARNING django.server "GET /static/main/webfonts/fa-solid-900.ttf HTTP/1.1" 404 179
[2025-04-19 16:39:28,201] WARNING django.server "GET /static/main/webfonts/fa-solid-900.woff2 HTTP/1.1" 404 179
[2025-04-19 16:39:28,333] WARNING django.server "GET /static/main/webfonts/fa-solid-900.ttf HTTP/1.1" 404 179
[2025-04-19 16:41:22,343] WARNING django.server "GET /static/main/webfonts/fa-solid-900.woff2 HTTP/1.1" 404 179
[2025-04-19 16:41:22,526] WARNING django.server "GET /static/main/webfonts/fa-solid-900.ttf HTTP/1.1" 404 179
[2025-04-19 16:41:24,544] WARNING django.server "GET /static/main/webfonts/fa-solid-900.woff2 HTTP/1.1" 404 179
[2025-04-19 16:41:24,596] WARNING django.server "GET /static/main/webfonts/fa-solid-900.ttf HTTP/1.1" 404 179
[2025-04-19 16:41:37,104] ERROR custom_logger Vehicle ID 10010 not found for editing by taufik.s
Traceback (most recent call last):
  File "L:\oneSource_Live\venv\Lib\site-packages\django\shortcuts.py", line 86, in get_object_or_404
    return queryset.get(*args, **kwargs)
           ~~~~~~~~~~~~^^^^^^^^^^^^^^^^^
  File "L:\oneSource_Live\venv\Lib\site-packages\django\db\models\query.py", line 649, in get
    raise self.model.DoesNotExist(
        "%s matching query does not exist." % self.model._meta.object_name
    )
STORE.models.Vehicle.DoesNotExist: Vehicle matching query does not exist.

During handling of the above exception, another exception occurred:

Traceback (most recent call last):
  File "L:\oneSource_Live\oneSource\STORE\views.py", line 167, in edit_vehicle
    vehicle = get_object_or_404(Vehicle, id=vehicle_id)
  File "L:\oneSource_Live\venv\Lib\site-packages\django\shortcuts.py", line 88, in get_object_or_404
    raise Http404(
        "No %s matches the given query." % queryset.model._meta.object_name
    )
django.http.response.Http404: No Vehicle matches the given query.
[2025-04-19 16:41:37,593] WARNING django.server "GET /static/main/webfonts/fa-solid-900.woff2 HTTP/1.1" 404 179
[2025-04-19 16:41:37,702] WARNING django.server "GET /static/main/webfonts/fa-solid-900.ttf HTTP/1.1" 404 179
[2025-04-19 16:41:48,152] WARNING django.server "GET /static/main/webfonts/fa-solid-900.woff2 HTTP/1.1" 404 179
[2025-04-19 16:41:48,259] WARNING django.server "GET /static/main/webfonts/fa-solid-900.ttf HTTP/1.1" 404 179
[2025-04-19 16:41:57,925] WARNING django.server "GET /static/main/webfonts/fa-solid-900.woff2 HTTP/1.1" 404 179
[2025-04-19 16:41:58,023] WARNING django.server "GET /static/main/webfonts/fa-solid-900.ttf HTTP/1.1" 404 179
[2025-04-19 16:42:31,367] WARNING django.server "GET /static/main/webfonts/fa-solid-900.woff2 HTTP/1.1" 404 179
[2025-04-19 16:42:31,471] WARNING django.server "GET /static/main/webfonts/fa-solid-900.ttf HTTP/1.1" 404 179
[2025-04-19 16:42:34,388] WARNING django.server "GET /static/main/webfonts/fa-solid-900.woff2 HTTP/1.1" 404 179
[2025-04-19 16:42:34,502] WARNING django.server "GET /static/main/webfonts/fa-solid-900.ttf HTTP/1.1" 404 179
[2025-04-19 17:48:02,223] WARNING django.server "GET /static/main/webfonts/fa-solid-900.woff2 HTTP/1.1" 404 179
[2025-04-19 17:48:02,359] WARNING django.server "GET /static/main/webfonts/fa-solid-900.ttf HTTP/1.1" 404 179
[2025-04-19 17:48:03,649] WARNING django.server "GET /static/main/webfonts/fa-solid-900.woff2 HTTP/1.1" 404 179
[2025-04-19 17:48:03,756] WARNING django.server "GET /static/main/webfonts/fa-solid-900.ttf HTTP/1.1" 404 179
[2025-04-19 17:48:06,513] WARNING django.server "GET /static/main/webfonts/fa-solid-900.woff2 HTTP/1.1" 404 179
[2025-04-19 17:48:06,628] WARNING django.server "GET /static/main/webfonts/fa-solid-900.ttf HTTP/1.1" 404 179
[2025-04-19 17:48:10,709] WARNING django.server "GET /static/main/webfonts/fa-solid-900.woff2 HTTP/1.1" 404 179
[2025-04-19 17:48:10,818] WARNING django.server "GET /static/main/webfonts/fa-solid-900.ttf HTTP/1.1" 404 179
[2025-04-19 17:48:30,573] WARNING django.server "GET /static/main/webfonts/fa-solid-900.woff2 HTTP/1.1" 404 179
[2025-04-19 17:48:30,694] WARNING django.server "GET /static/main/webfonts/fa-solid-900.ttf HTTP/1.1" 404 179
[2025-04-19 17:48:36,484] WARNING django.server "GET /static/main/webfonts/fa-solid-900.woff2 HTTP/1.1" 404 179
[2025-04-19 17:48:36,606] WARNING django.server "GET /static/main/webfonts/fa-solid-900.ttf HTTP/1.1" 404 179
[2025-04-19 17:48:57,381] WARNING django.server "GET /static/main/webfonts/fa-solid-900.woff2 HTTP/1.1" 404 179
[2025-04-19 17:48:57,603] WARNING django.server "GET /static/main/webfonts/fa-solid-900.ttf HTTP/1.1" 404 179
[2025-04-19 17:49:02,646] WARNING django.server "GET /static/main/webfonts/fa-solid-900.woff2 HTTP/1.1" 404 179
[2025-04-19 17:49:02,756] WARNING django.server "GET /static/main/webfonts/fa-solid-900.ttf HTTP/1.1" 404 179
[2025-04-19 17:49:06,825] WARNING django.server "GET /static/main/webfonts/fa-solid-900.woff2 HTTP/1.1" 404 179
[2025-04-19 17:49:06,937] WARNING django.server "GET /static/main/webfonts/fa-solid-900.ttf HTTP/1.1" 404 179
[2025-04-19 17:49:16,307] WARNING django.server "GET /static/main/webfonts/fa-solid-900.woff2 HTTP/1.1" 404 179
[2025-04-19 17:49:16,428] WARNING django.server "GET /static/main/webfonts/fa-solid-900.ttf HTTP/1.1" 404 179
[2025-04-19 17:49:33,075] WARNING django.server "GET /static/main/webfonts/fa-solid-900.woff2 HTTP/1.1" 404 179
[2025-04-19 17:49:33,184] WARNING django.server "GET /static/main/webfonts/fa-solid-900.ttf HTTP/1.1" 404 179
[2025-04-19 17:49:38,261] WARNING django.server "GET /static/main/webfonts/fa-solid-900.woff2 HTTP/1.1" 404 179
[2025-04-19 17:49:38,379] WARNING django.server "GET /static/main/webfonts/fa-solid-900.ttf HTTP/1.1" 404 179
[2025-04-19 22:34:46,864] WARNING django.server "GET /static/main/webfonts/fa-solid-900.woff2 HTTP/1.1" 404 179
[2025-04-19 22:34:46,954] WARNING django.server "GET /static/main/webfonts/fa-solid-900.ttf HTTP/1.1" 404 179
[2025-04-19 22:39:37,428] WARNING django.server "GET /static/main/webfonts/fa-solid-900.woff2 HTTP/1.1" 404 179
[2025-04-19 22:39:37,618] WARNING django.server "GET /static/main/webfonts/fa-solid-900.ttf HTTP/1.1" 404 179
[2025-04-19 22:39:44,106] WARNING django.server "GET /static/main/webfonts/fa-solid-900.woff2 HTTP/1.1" 404 179
[2025-04-19 22:39:44,287] WARNING django.server "GET /static/main/webfonts/fa-solid-900.ttf HTTP/1.1" 404 179
[2025-04-19 22:47:19,569] WARNING django.server "GET /static/main/webfonts/fa-solid-900.woff2 HTTP/1.1" 404 179
[2025-04-19 22:47:19,629] WARNING django.server "GET /static/main/webfonts/fa-solid-900.ttf HTTP/1.1" 404 179
[2025-04-20 07:01:37,306] WARNING django.server "GET /static/main/webfonts/fa-solid-900.woff2 HTTP/1.1" 404 179
[2025-04-20 07:01:37,491] WARNING django.server "GET /static/main/webfonts/fa-solid-900.ttf HTTP/1.1" 404 179
[2025-04-20 07:01:37,957] WARNING django.server "GET /favicon.ico HTTP/1.1" 404 179
[2025-04-20 07:16:40,460] WARNING django.server "GET /static/main/webfonts/fa-solid-900.woff2 HTTP/1.1" 404 179
[2025-04-20 07:16:40,572] WARNING django.server "GET /static/main/webfonts/fa-solid-900.ttf HTTP/1.1" 404 179
[2025-04-20 07:16:55,456] WARNING django.server "GET /static/main/webfonts/fa-solid-900.woff2 HTTP/1.1" 404 179
[2025-04-20 07:16:55,596] WARNING django.server "GET /static/main/webfonts/fa-solid-900.ttf HTTP/1.1" 404 179
[2025-04-20 07:17:03,029] WARNING django.server "GET /static/main/webfonts/fa-solid-900.woff2 HTTP/1.1" 404 179
[2025-04-20 07:17:03,181] WARNING django.server "GET /static/main/webfonts/fa-solid-900.ttf HTTP/1.1" 404 179
[2025-04-20 07:17:12,973] WARNING django.server "GET /static/main/webfonts/fa-solid-900.woff2 HTTP/1.1" 404 179
[2025-04-20 07:17:13,123] WARNING django.server "GET /static/main/webfonts/fa-solid-900.ttf HTTP/1.1" 404 179
[2025-04-20 07:19:22,285] WARNING django.server "GET /static/main/webfonts/fa-solid-900.woff2 HTTP/1.1" 404 179
[2025-04-20 07:19:22,392] WARNING django.server "GET /static/main/webfonts/fa-solid-900.ttf HTTP/1.1" 404 179
[2025-04-20 07:40:23,127] WARNING django.server "GET /static/main/webfonts/fa-solid-900.woff2 HTTP/1.1" 404 179
[2025-04-20 07:40:23,247] WARNING django.server "GET /static/main/webfonts/fa-solid-900.ttf HTTP/1.1" 404 179
[2025-04-20 07:42:10,949] WARNING django.server "GET /static/main/webfonts/fa-solid-900.woff2 HTTP/1.1" 404 179
[2025-04-20 07:42:11,058] WARNING django.server "GET /static/main/webfonts/fa-solid-900.ttf HTTP/1.1" 404 179
[2025-04-20 07:44:38,392] WARNING django.server "GET /static/main/webfonts/fa-solid-900.woff2 HTTP/1.1" 404 179
[2025-04-20 07:44:38,555] WARNING django.server "GET /static/main/webfonts/fa-solid-900.ttf HTTP/1.1" 404 179
[2025-04-20 07:45:41,816] WARNING django.server "GET /static/main/webfonts/fa-solid-900.woff2 HTTP/1.1" 404 179
[2025-04-20 07:45:41,926] WARNING django.server "GET /static/main/webfonts/fa-solid-900.ttf HTTP/1.1" 404 179
[2025-04-20 07:47:21,341] WARNING django.server "GET /static/main/webfonts/fa-solid-900.woff2 HTTP/1.1" 404 179
[2025-04-20 07:47:21,459] WARNING django.server "GET /static/main/webfonts/fa-solid-900.ttf HTTP/1.1" 404 179
[2025-04-20 07:48:39,061] WARNING django.server "GET /static/main/webfonts/fa-solid-900.woff2 HTTP/1.1" 404 179
[2025-04-20 07:48:39,222] WARNING django.server "GET /static/main/webfonts/fa-solid-900.ttf HTTP/1.1" 404 179
[2025-04-20 07:50:08,382] WARNING django.server "GET /static/main/webfonts/fa-solid-900.woff2 HTTP/1.1" 404 179
[2025-04-20 07:50:08,492] WARNING django.server "GET /static/main/webfonts/fa-solid-900.ttf HTTP/1.1" 404 179
[2025-04-20 07:51:10,308] WARNING django.server "GET /static/main/webfonts/fa-solid-900.woff2 HTTP/1.1" 404 179
[2025-04-20 07:51:10,418] WARNING django.server "GET /static/main/webfonts/fa-solid-900.ttf HTTP/1.1" 404 179
[2025-04-20 07:53:30,955] WARNING django.server "GET /static/main/webfonts/fa-solid-900.woff2 HTTP/1.1" 404 179
[2025-04-20 07:53:31,068] WARNING django.server "GET /static/main/webfonts/fa-solid-900.ttf HTTP/1.1" 404 179
[2025-04-20 07:53:32,652] WARNING django.server "GET /static/main/webfonts/fa-solid-900.woff2 HTTP/1.1" 404 179
[2025-04-20 07:53:32,791] WARNING django.server "GET /static/main/webfonts/fa-solid-900.ttf HTTP/1.1" 404 179
[2025-04-20 07:53:36,860] WARNING django.server "GET /static/main/webfonts/fa-solid-900.woff2 HTTP/1.1" 404 179
[2025-04-20 07:53:36,968] WARNING django.server "GET /static/main/webfonts/fa-solid-900.ttf HTTP/1.1" 404 179
[2025-04-20 07:53:38,170] WARNING django.server "GET /static/main/webfonts/fa-solid-900.woff2 HTTP/1.1" 404 179
[2025-04-20 07:53:38,325] WARNING django.server "GET /static/main/webfonts/fa-solid-900.ttf HTTP/1.1" 404 179
[2025-04-20 07:56:10,517] WARNING django.server "GET /static/main/webfonts/fa-solid-900.woff2 HTTP/1.1" 404 179
[2025-04-20 07:56:10,637] WARNING django.server "GET /static/main/webfonts/fa-solid-900.ttf HTTP/1.1" 404 179
[2025-04-20 07:58:57,878] WARNING django.server "GET /static/main/webfonts/fa-solid-900.woff2 HTTP/1.1" 404 179
[2025-04-20 07:58:58,004] WARNING django.server "GET /static/main/webfonts/fa-solid-900.ttf HTTP/1.1" 404 179
[2025-04-20 07:59:05,189] WARNING django.server "GET /static/main/webfonts/fa-solid-900.woff2 HTTP/1.1" 404 179
[2025-04-20 07:59:05,321] WARNING django.server "GET /static/main/webfonts/fa-solid-900.ttf HTTP/1.1" 404 179
[2025-04-20 07:59:07,200] WARNING django.server "GET /static/main/webfonts/fa-solid-900.woff2 HTTP/1.1" 404 179
[2025-04-20 07:59:07,320] WARNING django.server "GET /static/main/webfonts/fa-solid-900.ttf HTTP/1.1" 404 179
[2025-04-20 07:59:14,055] WARNING django.server "GET /static/main/webfonts/fa-solid-900.woff2 HTTP/1.1" 404 179
[2025-04-20 07:59:14,194] WARNING django.server "GET /static/main/webfonts/fa-solid-900.ttf HTTP/1.1" 404 179
[2025-04-20 07:59:15,524] WARNING django.server "GET /static/main/webfonts/fa-solid-900.woff2 HTTP/1.1" 404 179
[2025-04-20 07:59:15,684] WARNING django.server "GET /static/main/webfonts/fa-solid-900.ttf HTTP/1.1" 404 179
[2025-04-20 07:59:20,902] WARNING django.server "GET /static/main/webfonts/fa-solid-900.woff2 HTTP/1.1" 404 179
[2025-04-20 07:59:21,002] WARNING django.server "GET /static/main/webfonts/fa-solid-900.ttf HTTP/1.1" 404 179
[2025-04-20 07:59:25,437] WARNING django.server "GET /static/main/webfonts/fa-solid-900.woff2 HTTP/1.1" 404 179
[2025-04-20 07:59:25,549] WARNING django.server "GET /static/main/webfonts/fa-solid-900.ttf HTTP/1.1" 404 179
[2025-04-20 07:59:30,652] WARNING django.server "GET /static/main/webfonts/fa-solid-900.woff2 HTTP/1.1" 404 179
[2025-04-20 07:59:30,762] WARNING django.server "GET /static/main/webfonts/fa-solid-900.ttf HTTP/1.1" 404 179
[2025-04-20 07:59:51,828] WARNING django.server "GET /static/main/webfonts/fa-solid-900.woff2 HTTP/1.1" 404 179
[2025-04-20 07:59:51,938] WARNING django.server "GET /static/main/webfonts/fa-solid-900.ttf HTTP/1.1" 404 179
[2025-04-20 08:01:10,546] WARNING django.server "GET /static/main/webfonts/fa-solid-900.woff2 HTTP/1.1" 404 179
[2025-04-20 08:01:10,659] WARNING django.server "GET /static/main/webfonts/fa-solid-900.ttf HTTP/1.1" 404 179
[2025-04-20 08:02:17,877] WARNING django.server "GET /static/main/webfonts/fa-solid-900.woff2 HTTP/1.1" 404 179
[2025-04-20 08:02:17,995] WARNING django.server "GET /static/main/webfonts/fa-solid-900.ttf HTTP/1.1" 404 179
[2025-04-20 08:04:41,897] WARNING django.server "GET /static/main/webfonts/fa-solid-900.woff2 HTTP/1.1" 404 179
[2025-04-20 08:04:42,012] WARNING django.server "GET /static/main/webfonts/fa-solid-900.ttf HTTP/1.1" 404 179
[2025-04-20 08:07:43,660] WARNING django.server "GET /static/main/webfonts/fa-solid-900.woff2 HTTP/1.1" 404 179
[2025-04-20 08:07:43,773] WARNING django.server "GET /static/main/webfonts/fa-solid-900.ttf HTTP/1.1" 404 179
[2025-04-20 08:07:59,722] WARNING django.server "GET /static/main/webfonts/fa-solid-900.woff2 HTTP/1.1" 404 179
[2025-04-20 08:07:59,821] WARNING django.server "GET /static/main/webfonts/fa-solid-900.ttf HTTP/1.1" 404 179
[2025-04-20 08:08:31,699] WARNING django.server "GET /static/main/webfonts/fa-solid-900.woff2 HTTP/1.1" 404 179
[2025-04-20 08:08:31,809] WARNING django.server "GET /static/main/webfonts/fa-solid-900.ttf HTTP/1.1" 404 179
[2025-04-20 08:09:58,576] WARNING django.server "GET /static/main/webfonts/fa-solid-900.woff2 HTTP/1.1" 404 179
[2025-04-20 08:09:58,691] WARNING django.server "GET /static/main/webfonts/fa-solid-900.ttf HTTP/1.1" 404 179
[2025-04-20 08:13:20,746] WARNING django.server "GET /static/main/webfonts/fa-solid-900.woff2 HTTP/1.1" 404 179
[2025-04-20 08:13:20,859] WARNING django.server "GET /static/main/webfonts/fa-solid-900.ttf HTTP/1.1" 404 179
[2025-04-20 08:18:12,261] WARNING django.server "GET /static/main/webfonts/fa-solid-900.woff2 HTTP/1.1" 404 179
[2025-04-20 08:18:12,370] WARNING django.server "GET /static/main/webfonts/fa-solid-900.ttf HTTP/1.1" 404 179
[2025-04-20 08:18:15,327] WARNING django.server "GET /static/main/webfonts/fa-solid-900.woff2 HTTP/1.1" 404 179
[2025-04-20 08:18:15,469] WARNING django.server "GET /static/main/webfonts/fa-solid-900.ttf HTTP/1.1" 404 179
[2025-04-20 08:18:19,620] WARNING django.server "GET /static/main/webfonts/fa-solid-900.woff2 HTTP/1.1" 404 179
[2025-04-20 08:18:19,738] WARNING django.server "GET /static/main/webfonts/fa-solid-900.ttf HTTP/1.1" 404 179
[2025-04-20 08:18:21,246] WARNING django.server "GET /static/main/webfonts/fa-solid-900.woff2 HTTP/1.1" 404 179
[2025-04-20 08:18:21,392] WARNING django.server "GET /static/main/webfonts/fa-solid-900.ttf HTTP/1.1" 404 179
[2025-04-20 08:23:54,511] WARNING django.server "GET /static/main/webfonts/fa-solid-900.woff2 HTTP/1.1" 404 179
[2025-04-20 08:23:54,697] WARNING django.server "GET /static/main/webfonts/fa-solid-900.ttf HTTP/1.1" 404 179
[2025-04-20 08:24:39,238] WARNING django.server "GET /static/main/webfonts/fa-solid-900.woff2 HTTP/1.1" 404 179
[2025-04-20 08:24:39,417] WARNING django.server "GET /static/main/webfonts/fa-solid-900.ttf HTTP/1.1" 404 179
[2025-04-20 08:26:35,571] WARNING django.server "GET /static/main/webfonts/fa-solid-900.woff2 HTTP/1.1" 404 179
[2025-04-20 08:26:35,687] WARNING django.server "GET /static/main/webfonts/fa-solid-900.ttf HTTP/1.1" 404 179
[2025-04-20 08:28:17,287] WARNING django.server "GET /static/main/webfonts/fa-solid-900.woff2 HTTP/1.1" 404 179
[2025-04-20 08:28:17,394] WARNING django.server "GET /static/main/webfonts/fa-solid-900.ttf HTTP/1.1" 404 179
[2025-04-20 08:28:36,053] WARNING django.server "GET /static/main/webfonts/fa-solid-900.woff2 HTTP/1.1" 404 179
[2025-04-20 08:28:36,176] WARNING django.server "GET /static/main/webfonts/fa-solid-900.ttf HTTP/1.1" 404 179
[2025-04-20 08:30:25,015] WARNING django.server "GET /static/main/webfonts/fa-solid-900.woff2 HTTP/1.1" 404 179
[2025-04-20 08:30:25,127] WARNING django.server "GET /static/main/webfonts/fa-solid-900.ttf HTTP/1.1" 404 179
[2025-04-20 09:13:48,691] WARNING django.server "GET /favicon.ico HTTP/1.1" 404 179
[2025-04-20 09:14:42,664] WARNING django.server "GET /static/main/webfonts/fa-solid-900.woff2 HTTP/1.1" 404 179
[2025-04-20 09:14:42,814] WARNING django.server "GET /static/main/webfonts/fa-solid-900.ttf HTTP/1.1" 404 179
[2025-04-20 09:14:47,347] WARNING django.server "GET /static/main/webfonts/fa-solid-900.woff2 HTTP/1.1" 404 179
[2025-04-20 09:14:47,459] WARNING django.server "GET /static/main/webfonts/fa-solid-900.ttf HTTP/1.1" 404 179
[2025-04-20 09:14:51,820] WARNING django.server "GET /static/main/webfonts/fa-solid-900.woff2 HTTP/1.1" 404 179
[2025-04-20 09:14:51,924] WARNING django.server "GET /static/main/webfonts/fa-solid-900.ttf HTTP/1.1" 404 179
[2025-04-20 09:14:54,875] WARNING django.server "GET /static/main/webfonts/fa-solid-900.woff2 HTTP/1.1" 404 179
[2025-04-20 09:14:55,044] WARNING django.server "GET /static/main/webfonts/fa-solid-900.ttf HTTP/1.1" 404 179
[2025-04-20 09:15:48,736] WARNING django.server "GET /static/main/webfonts/fa-solid-900.woff2 HTTP/1.1" 404 179
[2025-04-20 09:15:48,835] WARNING django.server "GET /static/main/webfonts/fa-solid-900.ttf HTTP/1.1" 404 179
[2025-04-20 09:15:52,187] WARNING django.server "GET /static/main/webfonts/fa-solid-900.woff2 HTTP/1.1" 404 179
[2025-04-20 09:15:52,289] WARNING django.server "GET /static/main/webfonts/fa-solid-900.ttf HTTP/1.1" 404 179
[2025-04-20 09:15:55,090] WARNING django.server "GET /static/main/webfonts/fa-solid-900.woff2 HTTP/1.1" 404 179
[2025-04-20 09:15:55,210] WARNING django.server "GET /static/main/webfonts/fa-solid-900.ttf HTTP/1.1" 404 179
[2025-04-20 09:18:17,234] WARNING django.server "GET /static/main/webfonts/fa-solid-900.woff2 HTTP/1.1" 404 179
[2025-04-20 09:18:17,359] WARNING django.server "GET /static/main/webfonts/fa-solid-900.ttf HTTP/1.1" 404 179
[2025-04-20 10:17:17,513] WARNING django.server "GET /static/main/webfonts/fa-solid-900.woff2 HTTP/1.1" 404 179
[2025-04-20 10:17:17,620] WARNING django.server "GET /static/main/webfonts/fa-solid-900.ttf HTTP/1.1" 404 179
[2025-04-20 10:17:18,904] WARNING django.server "GET /static/main/webfonts/fa-solid-900.woff2 HTTP/1.1" 404 179
[2025-04-20 10:17:19,016] WARNING django.server "GET /static/main/webfonts/fa-solid-900.ttf HTTP/1.1" 404 179
[2025-04-20 10:18:42,796] WARNING django.server "GET /static/main/webfonts/fa-solid-900.woff2 HTTP/1.1" 404 179
[2025-04-20 10:18:42,927] WARNING django.server "GET /static/main/webfonts/fa-solid-900.ttf HTTP/1.1" 404 179
[2025-04-20 10:20:37,847] WARNING django.server "GET /static/main/webfonts/fa-solid-900.woff2 HTTP/1.1" 404 179
[2025-04-20 10:20:37,978] WARNING django.server "GET /static/main/webfonts/fa-solid-900.ttf HTTP/1.1" 404 179
[2025-04-20 10:21:52,170] WARNING django.server "GET /static/main/webfonts/fa-solid-900.woff2 HTTP/1.1" 404 179
[2025-04-20 10:21:52,274] WARNING django.server "GET /static/main/webfonts/fa-solid-900.ttf HTTP/1.1" 404 179
[2025-04-20 10:21:54,284] WARNING django.server "GET /static/main/webfonts/fa-solid-900.woff2 HTTP/1.1" 404 179
[2025-04-20 10:21:54,392] WARNING django.server "GET /static/main/webfonts/fa-solid-900.ttf HTTP/1.1" 404 179
[2025-04-20 10:21:56,986] WARNING django.server "GET /static/main/webfonts/fa-solid-900.woff2 HTTP/1.1" 404 179
[2025-04-20 10:21:57,085] WARNING django.server "GET /static/main/webfonts/fa-solid-900.ttf HTTP/1.1" 404 179
[2025-04-20 11:07:45,787] WARNING django.server "GET /static/main/webfonts/fa-solid-900.woff2 HTTP/1.1" 404 179
[2025-04-20 11:07:45,902] WARNING django.server "GET /static/main/webfonts/fa-solid-900.ttf HTTP/1.1" 404 179
[2025-04-20 11:07:55,344] WARNING django.server "GET /static/main/webfonts/fa-solid-900.woff2 HTTP/1.1" 404 179
[2025-04-20 11:07:55,448] WARNING django.server "GET /static/main/webfonts/fa-solid-900.ttf HTTP/1.1" 404 179
[2025-04-20 11:07:57,614] WARNING django.server "GET /static/main/webfonts/fa-solid-900.woff2 HTTP/1.1" 404 179
[2025-04-20 11:07:57,731] WARNING django.server "GET /static/main/webfonts/fa-solid-900.ttf HTTP/1.1" 404 179
[2025-04-20 11:57:44,588] WARNING django.server "GET /favicon.ico HTTP/1.1" 404 179
[2025-04-20 11:57:51,570] WARNING django.server "GET /static/main/webfonts/fa-solid-900.woff2 HTTP/1.1" 404 179
[2025-04-20 11:57:51,682] WARNING django.server "GET /static/main/webfonts/fa-solid-900.ttf HTTP/1.1" 404 179
[2025-04-20 12:51:52,585] WARNING django.server "GET /static/main/webfonts/fa-solid-900.woff2 HTTP/1.1" 404 179
[2025-04-20 12:51:52,700] WARNING django.server "GET /static/main/webfonts/fa-solid-900.ttf HTTP/1.1" 404 179
[2025-04-20 12:52:03,753] WARNING django.server "GET /static/main/webfonts/fa-solid-900.woff2 HTTP/1.1" 404 179
[2025-04-20 12:52:03,868] WARNING django.server "GET /static/main/webfonts/fa-solid-900.ttf HTTP/1.1" 404 179
[2025-04-20 12:52:06,031] WARNING django.server "GET /static/main/webfonts/fa-solid-900.woff2 HTTP/1.1" 404 179
[2025-04-20 12:52:06,154] WARNING django.server "GET /static/main/webfonts/fa-solid-900.ttf HTTP/1.1" 404 179
[2025-04-20 13:31:31,569] WARNING django.server "GET /static/main/webfonts/fa-solid-900.woff2 HTTP/1.1" 404 179
[2025-04-20 13:31:31,716] WARNING django.server "GET /static/main/webfonts/fa-solid-900.ttf HTTP/1.1" 404 179
[2025-04-20 13:38:43,995] WARNING django.server "GET /static/main/webfonts/fa-solid-900.woff2 HTTP/1.1" 404 179
[2025-04-20 13:38:44,102] WARNING django.server "GET /static/main/webfonts/fa-solid-900.ttf HTTP/1.1" 404 179
[2025-04-20 13:38:48,592] WARNING django.server "GET /static/main/webfonts/fa-solid-900.woff2 HTTP/1.1" 404 179
[2025-04-20 13:38:48,730] WARNING django.server "GET /static/main/webfonts/fa-solid-900.ttf HTTP/1.1" 404 179
[2025-04-20 13:39:22,191] WARNING django.server "GET /static/main/webfonts/fa-solid-900.woff2 HTTP/1.1" 404 179
[2025-04-20 13:39:22,307] WARNING django.server "GET /static/main/webfonts/fa-solid-900.ttf HTTP/1.1" 404 179
[2025-04-20 13:39:23,499] WARNING django.server "GET /static/main/webfonts/fa-solid-900.woff2 HTTP/1.1" 404 179
[2025-04-20 13:39:23,641] WARNING django.server "GET /static/main/webfonts/fa-solid-900.ttf HTTP/1.1" 404 179
[2025-04-20 13:42:44,459] WARNING django.server "GET /static/main/webfonts/fa-solid-900.woff2 HTTP/1.1" 404 179
[2025-04-20 13:42:44,569] WARNING django.server "GET /static/main/webfonts/fa-solid-900.ttf HTTP/1.1" 404 179
[2025-04-20 13:43:08,274] WARNING django.server "GET /static/main/webfonts/fa-solid-900.woff2 HTTP/1.1" 404 179
[2025-04-20 13:43:08,425] WARNING django.server "GET /static/main/webfonts/fa-solid-900.ttf HTTP/1.1" 404 179
[2025-04-20 13:44:36,666] WARNING django.server "GET /static/main/webfonts/fa-solid-900.woff2 HTTP/1.1" 404 179
[2025-04-20 13:44:36,781] WARNING django.server "GET /static/main/webfonts/fa-solid-900.ttf HTTP/1.1" 404 179
[2025-04-20 13:45:48,701] WARNING django.server "GET /static/main/webfonts/fa-solid-900.woff2 HTTP/1.1" 404 179
[2025-04-20 13:45:48,816] WARNING django.server "GET /static/main/webfonts/fa-solid-900.ttf HTTP/1.1" 404 179
[2025-04-20 13:45:55,694] WARNING django.server "GET /static/main/webfonts/fa-solid-900.woff2 HTTP/1.1" 404 179
[2025-04-20 13:45:55,836] WARNING django.server "GET /static/main/webfonts/fa-solid-900.ttf HTTP/1.1" 404 179
[2025-04-20 13:47:54,463] WARNING django.server "GET /static/main/webfonts/fa-solid-900.woff2 HTTP/1.1" 404 179
[2025-04-20 13:47:54,578] WARNING django.server "GET /static/main/webfonts/fa-solid-900.ttf HTTP/1.1" 404 179
[2025-04-20 13:53:48,665] WARNING django.server "GET /static/main/webfonts/fa-solid-900.woff2 HTTP/1.1" 404 179
[2025-04-20 13:53:48,781] WARNING django.server "GET /static/main/webfonts/fa-solid-900.ttf HTTP/1.1" 404 179
[2025-04-20 14:59:49,909] WARNING django.server "GET /favicon.ico HTTP/1.1" 404 179
[2025-04-20 15:00:24,471] WARNING django.server "GET /static/main/webfonts/fa-solid-900.woff2 HTTP/1.1" 404 179
[2025-04-20 15:00:24,650] WARNING django.server "GET /static/main/webfonts/fa-solid-900.ttf HTTP/1.1" 404 179
[2025-04-20 15:00:29,170] WARNING django.server "GET /static/main/webfonts/fa-solid-900.woff2 HTTP/1.1" 404 179
[2025-04-20 15:00:29,374] WARNING django.server "GET /static/main/webfonts/fa-solid-900.ttf HTTP/1.1" 404 179
[2025-04-20 15:39:40,188] WARNING django.server "GET /static/main/webfonts/fa-solid-900.woff2 HTTP/1.1" 404 179
[2025-04-20 15:39:40,325] WARNING django.server "GET /static/main/webfonts/fa-solid-900.ttf HTTP/1.1" 404 179
[2025-04-20 15:39:42,057] WARNING django.server "GET /static/main/webfonts/fa-solid-900.woff2 HTTP/1.1" 404 179
[2025-04-20 15:39:42,177] WARNING django.server "GET /static/main/webfonts/fa-solid-900.ttf HTTP/1.1" 404 179
[2025-04-20 15:39:46,603] WARNING django.server "GET /static/main/webfonts/fa-solid-900.woff2 HTTP/1.1" 404 179
[2025-04-20 15:39:46,728] WARNING django.server "GET /static/main/webfonts/fa-solid-900.ttf HTTP/1.1" 404 179
[2025-04-20 15:40:17,247] WARNING django.server "GET /static/main/webfonts/fa-solid-900.woff2 HTTP/1.1" 404 179
[2025-04-20 15:40:17,362] WARNING django.server "GET /static/main/webfonts/fa-solid-900.ttf HTTP/1.1" 404 179
[2025-04-20 15:41:41,576] WARNING django.server "GET /static/main/webfonts/fa-solid-900.woff2 HTTP/1.1" 404 179
[2025-04-20 15:41:41,704] WARNING django.server "GET /static/main/webfonts/fa-solid-900.ttf HTTP/1.1" 404 179
[2025-04-20 15:46:52,151] WARNING django.server "GET /static/main/webfonts/fa-solid-900.woff2 HTTP/1.1" 404 179
[2025-04-20 15:46:52,325] WARNING django.server "GET /static/main/webfonts/fa-solid-900.ttf HTTP/1.1" 404 179
[2025-04-20 16:04:14,099] WARNING django.server "GET /static/main/webfonts/fa-solid-900.woff2 HTTP/1.1" 404 179
[2025-04-20 16:04:14,210] WARNING django.server "GET /static/main/webfonts/fa-solid-900.ttf HTTP/1.1" 404 179
[2025-04-20 16:04:20,962] WARNING django.server "GET /static/main/webfonts/fa-solid-900.woff2 HTTP/1.1" 404 179
[2025-04-20 16:04:21,080] WARNING django.server "GET /static/main/webfonts/fa-solid-900.ttf HTTP/1.1" 404 179
[2025-04-20 16:04:27,148] WARNING django.server "GET /static/main/webfonts/fa-solid-900.woff2 HTTP/1.1" 404 179
[2025-04-20 16:04:27,252] WARNING django.server "GET /static/main/webfonts/fa-solid-900.ttf HTTP/1.1" 404 179
[2025-04-20 16:04:47,063] WARNING django.server "GET /static/main/webfonts/fa-solid-900.woff2 HTTP/1.1" 404 179
[2025-04-20 16:04:47,202] WARNING django.server "GET /static/main/webfonts/fa-solid-900.ttf HTTP/1.1" 404 179
[2025-04-20 16:05:57,926] WARNING django.server "GET /static/main/webfonts/fa-solid-900.woff2 HTTP/1.1" 404 179
[2025-04-20 16:05:58,040] WARNING django.server "GET /static/main/webfonts/fa-solid-900.ttf HTTP/1.1" 404 179
[2025-04-20 16:06:58,680] WARNING django.server "GET /static/main/webfonts/fa-solid-900.woff2 HTTP/1.1" 404 179
[2025-04-20 16:06:58,800] WARNING django.server "GET /static/main/webfonts/fa-solid-900.ttf HTTP/1.1" 404 179
[2025-04-20 16:07:00,314] WARNING django.server "GET /static/main/webfonts/fa-solid-900.woff2 HTTP/1.1" 404 179
[2025-04-20 16:07:00,424] WARNING django.server "GET /static/main/webfonts/fa-solid-900.ttf HTTP/1.1" 404 179
[2025-04-20 16:07:02,852] WARNING django.server "GET /static/main/webfonts/fa-solid-900.woff2 HTTP/1.1" 404 179
[2025-04-20 16:07:02,962] WARNING django.server "GET /static/main/webfonts/fa-solid-900.ttf HTTP/1.1" 404 179
[2025-04-20 16:15:13,564] WARNING django.server "GET /static/main/webfonts/fa-solid-900.woff2 HTTP/1.1" 404 179
[2025-04-20 16:15:13,683] WARNING django.server "GET /static/main/webfonts/fa-solid-900.ttf HTTP/1.1" 404 179
[2025-04-20 16:15:28,624] WARNING django.server "GET /static/main/webfonts/fa-solid-900.woff2 HTTP/1.1" 404 179
[2025-04-20 16:15:28,758] WARNING django.server "GET /static/main/webfonts/fa-solid-900.ttf HTTP/1.1" 404 179
[2025-04-20 16:15:31,393] WARNING django.server "GET /static/main/webfonts/fa-solid-900.woff2 HTTP/1.1" 404 179
[2025-04-20 16:15:31,507] WARNING django.server "GET /static/main/webfonts/fa-solid-900.ttf HTTP/1.1" 404 179
[2025-04-21 06:48:28,151] WARNING django.server "GET /static/main/webfonts/fa-solid-900.woff2 HTTP/1.1" 404 179
[2025-04-21 06:48:28,335] WARNING django.server "GET /static/main/webfonts/fa-solid-900.ttf HTTP/1.1" 404 179
[2025-04-21 06:48:28,450] WARNING django.server "GET /favicon.ico HTTP/1.1" 404 179
[2025-04-21 08:56:46,271] WARNING django.server "GET /static/main/webfonts/fa-solid-900.woff2 HTTP/1.1" 404 179
[2025-04-21 08:56:46,381] WARNING django.server "GET /static/main/webfonts/fa-solid-900.ttf HTTP/1.1" 404 179
[2025-04-21 08:56:58,872] WARNING django.server "GET /static/main/webfonts/fa-solid-900.woff2 HTTP/1.1" 404 179
[2025-04-21 08:56:59,009] WARNING django.server "GET /static/main/webfonts/fa-solid-900.ttf HTTP/1.1" 404 179
[2025-04-21 08:57:21,046] WARNING django.server "GET /static/main/webfonts/fa-solid-900.woff2 HTTP/1.1" 404 179
[2025-04-21 08:57:21,197] WARNING django.server "GET /static/main/webfonts/fa-solid-900.ttf HTTP/1.1" 404 179
[2025-04-21 08:57:22,743] WARNING django.server "GET /static/main/webfonts/fa-solid-900.woff2 HTTP/1.1" 404 179
[2025-04-21 08:57:22,893] WARNING django.server "GET /static/main/webfonts/fa-solid-900.ttf HTTP/1.1" 404 179
[2025-04-21 08:58:53,747] WARNING django.server "GET /static/main/webfonts/fa-solid-900.woff2 HTTP/1.1" 404 179
[2025-04-21 08:58:53,876] WARNING django.server "GET /static/main/webfonts/fa-solid-900.ttf HTTP/1.1" 404 179
[2025-04-21 09:00:04,097] WARNING django.server "GET /static/main/webfonts/fa-solid-900.woff2 HTTP/1.1" 404 179
[2025-04-21 09:00:04,204] WARNING django.server "GET /static/main/webfonts/fa-solid-900.ttf HTTP/1.1" 404 179
[2025-04-21 09:01:05,893] WARNING django.server "GET /static/main/webfonts/fa-solid-900.woff2 HTTP/1.1" 404 179
[2025-04-21 09:01:06,018] WARNING django.server "GET /static/main/webfonts/fa-solid-900.ttf HTTP/1.1" 404 179
[2025-04-21 09:01:23,486] WARNING django.server "GET /static/main/webfonts/fa-solid-900.woff2 HTTP/1.1" 404 179
[2025-04-21 09:01:23,622] WARNING django.server "GET /static/main/webfonts/fa-solid-900.ttf HTTP/1.1" 404 179
[2025-04-21 09:03:06,141] WARNING django.server "GET /static/main/webfonts/fa-solid-900.woff2 HTTP/1.1" 404 179
[2025-04-21 09:03:06,250] WARNING django.server "GET /static/main/webfonts/fa-solid-900.ttf HTTP/1.1" 404 179
[2025-04-21 09:04:08,754] WARNING django.server "GET /static/main/webfonts/fa-solid-900.woff2 HTTP/1.1" 404 179
[2025-04-21 09:04:08,869] WARNING django.server "GET /static/main/webfonts/fa-solid-900.ttf HTTP/1.1" 404 179
[2025-04-21 09:04:36,034] WARNING django.server "GET /static/main/webfonts/fa-solid-900.woff2 HTTP/1.1" 404 179
[2025-04-21 09:04:36,151] WARNING django.server "GET /static/main/webfonts/fa-solid-900.ttf HTTP/1.1" 404 179
[2025-04-21 09:06:59,939] WARNING django.server "GET /static/main/webfonts/fa-solid-900.woff2 HTTP/1.1" 404 179
[2025-04-21 09:07:00,046] WARNING django.server "GET /static/main/webfonts/fa-solid-900.ttf HTTP/1.1" 404 179
[2025-04-21 09:08:24,997] WARNING django.server "GET /static/main/webfonts/fa-solid-900.woff2 HTTP/1.1" 404 179
[2025-04-21 09:08:25,144] WARNING django.server "GET /static/main/webfonts/fa-solid-900.ttf HTTP/1.1" 404 179
[2025-04-21 09:09:36,439] WARNING django.server "GET /static/main/webfonts/fa-solid-900.woff2 HTTP/1.1" 404 179
[2025-04-21 09:09:36,559] WARNING django.server "GET /static/main/webfonts/fa-solid-900.ttf HTTP/1.1" 404 179
[2025-04-21 09:11:28,780] WARNING django.server "GET /static/main/webfonts/fa-solid-900.woff2 HTTP/1.1" 404 179
[2025-04-21 09:11:28,972] WARNING django.server "GET /static/main/webfonts/fa-solid-900.ttf HTTP/1.1" 404 179
[2025-04-21 09:12:19,869] WARNING django.server "GET /static/main/webfonts/fa-solid-900.woff2 HTTP/1.1" 404 179
[2025-04-21 09:12:19,974] WARNING django.server "GET /static/main/webfonts/fa-solid-900.ttf HTTP/1.1" 404 179
[2025-04-21 09:13:37,971] WARNING django.server "GET /static/main/webfonts/fa-solid-900.woff2 HTTP/1.1" 404 179
[2025-04-21 09:13:38,089] WARNING django.server "GET /static/main/webfonts/fa-solid-900.ttf HTTP/1.1" 404 179
[2025-04-21 09:33:16,313] WARNING django.server "GET /static/main/webfonts/fa-solid-900.woff2 HTTP/1.1" 404 179
[2025-04-21 09:33:16,766] WARNING django.server "GET /static/main/webfonts/fa-solid-900.ttf HTTP/1.1" 404 179
[2025-04-21 09:48:44,857] WARNING django.server "GET /static/main/webfonts/fa-solid-900.woff2 HTTP/1.1" 404 179
[2025-04-21 09:48:44,956] WARNING django.server "GET /static/main/webfonts/fa-solid-900.ttf HTTP/1.1" 404 179
[2025-04-21 09:48:57,158] WARNING django.server "GET /static/main/webfonts/fa-solid-900.woff2 HTTP/1.1" 404 179
[2025-04-21 09:48:57,289] WARNING django.server "GET /static/main/webfonts/fa-solid-900.ttf HTTP/1.1" 404 179
[2025-04-21 10:13:02,618] WARNING django.server "GET /static/main/webfonts/fa-solid-900.woff2 HTTP/1.1" 404 179
[2025-04-21 10:13:02,705] WARNING django.server "GET /static/main/webfonts/fa-solid-900.ttf HTTP/1.1" 404 179
[2025-04-21 10:13:05,034] WARNING django.server "GET /static/main/webfonts/fa-solid-900.woff2 HTTP/1.1" 404 179
[2025-04-21 10:13:05,119] WARNING django.server "GET /static/main/webfonts/fa-solid-900.ttf HTTP/1.1" 404 179
[2025-04-21 10:13:14,561] WARNING django.server "GET /static/main/webfonts/fa-solid-900.woff2 HTTP/1.1" 404 179
[2025-04-21 10:13:14,662] WARNING django.server "GET /static/main/webfonts/fa-solid-900.ttf HTTP/1.1" 404 179
[2025-04-21 10:14:32,315] WARNING django.server "GET /static/main/webfonts/fa-solid-900.woff2 HTTP/1.1" 404 179
[2025-04-21 10:14:32,329] WARNING django.server "GET /static/main/webfonts/fa-solid-900.ttf HTTP/1.1" 404 179
[2025-04-21 10:16:48,220] WARNING django.server "GET /static/main/webfonts/fa-solid-900.woff2 HTTP/1.1" 404 179
[2025-04-21 10:16:48,360] WARNING django.server "GET /static/main/webfonts/fa-solid-900.ttf HTTP/1.1" 404 179
[2025-04-21 10:16:50,230] WARNING django.server "GET /static/main/webfonts/fa-solid-900.woff2 HTTP/1.1" 404 179
[2025-04-21 10:16:50,334] WARNING django.server "GET /static/main/webfonts/fa-solid-900.ttf HTTP/1.1" 404 179
[2025-04-21 10:16:52,989] WARNING django.server "GET /static/main/webfonts/fa-solid-900.woff2 HTTP/1.1" 404 179
[2025-04-21 10:16:53,104] WARNING django.server "GET /static/main/webfonts/fa-solid-900.ttf HTTP/1.1" 404 179
[2025-04-21 10:16:58,517] WARNING django.server "GET /static/main/webfonts/fa-solid-900.woff2 HTTP/1.1" 404 179
[2025-04-21 10:16:58,621] WARNING django.server "GET /static/main/webfonts/fa-solid-900.ttf HTTP/1.1" 404 179
[2025-04-21 10:16:59,584] WARNING django.server "GET /static/main/webfonts/fa-solid-900.woff2 HTTP/1.1" 404 179
[2025-04-21 10:16:59,604] WARNING django.server "GET /static/main/webfonts/fa-solid-900.ttf HTTP/1.1" 404 179
[2025-04-21 10:17:01,950] WARNING django.server "GET /static/main/webfonts/fa-solid-900.woff2 HTTP/1.1" 404 179
[2025-04-21 10:17:02,065] WARNING django.server "GET /static/main/webfonts/fa-solid-900.ttf HTTP/1.1" 404 179
[2025-04-21 10:17:19,088] WARNING django.server "GET /static/main/webfonts/fa-solid-900.woff2 HTTP/1.1" 404 179
[2025-04-21 10:17:19,189] WARNING django.server "GET /static/main/webfonts/fa-solid-900.ttf HTTP/1.1" 404 179
[2025-04-21 10:17:26,059] WARNING django.server "GET /static/main/webfonts/fa-solid-900.woff2 HTTP/1.1" 404 179
[2025-04-21 10:17:26,177] WARNING django.server "GET /static/main/webfonts/fa-solid-900.ttf HTTP/1.1" 404 179
[2025-04-21 10:17:27,006] WARNING django.server "GET /static/main/webfonts/fa-solid-900.woff2 HTTP/1.1" 404 179
[2025-04-21 10:17:27,109] WARNING django.server "GET /static/main/webfonts/fa-solid-900.ttf HTTP/1.1" 404 179
[2025-04-21 10:17:36,135] WARNING django.server "GET /static/main/webfonts/fa-solid-900.woff2 HTTP/1.1" 404 179
[2025-04-21 10:17:36,234] WARNING django.server "GET /static/main/webfonts/fa-solid-900.ttf HTTP/1.1" 404 179
[2025-04-21 10:25:32,906] WARNING django.server "GET /static/main/webfonts/fa-solid-900.woff2 HTTP/1.1" 404 179
[2025-04-21 10:25:33,008] WARNING django.server "GET /static/main/webfonts/fa-solid-900.ttf HTTP/1.1" 404 179
[2025-04-21 10:26:24,473] WARNING django.server "GET /static/main/webfonts/fa-solid-900.woff2 HTTP/1.1" 404 179
[2025-04-21 10:26:24,605] WARNING django.server "GET /static/main/webfonts/fa-solid-900.ttf HTTP/1.1" 404 179
[2025-04-21 10:28:25,595] WARNING django.server "GET /static/main/webfonts/fa-solid-900.woff2 HTTP/1.1" 404 179
[2025-04-21 10:28:25,698] WARNING django.server "GET /static/main/webfonts/fa-solid-900.ttf HTTP/1.1" 404 179
[2025-04-21 10:29:24,326] WARNING django.server "GET /static/main/webfonts/fa-solid-900.woff2 HTTP/1.1" 404 179
[2025-04-21 10:29:24,466] WARNING django.server "GET /static/main/webfonts/fa-solid-900.ttf HTTP/1.1" 404 179
[2025-04-21 10:29:25,786] WARNING django.server "GET /static/main/webfonts/fa-solid-900.woff2 HTTP/1.1" 404 179
[2025-04-21 10:29:26,202] WARNING django.server "GET /static/main/webfonts/fa-solid-900.ttf HTTP/1.1" 404 179
[2025-04-21 10:29:28,122] WARNING django.server "GET /static/main/webfonts/fa-solid-900.woff2 HTTP/1.1" 404 179
[2025-04-21 10:29:28,246] WARNING django.server "GET /static/main/webfonts/fa-solid-900.ttf HTTP/1.1" 404 179
[2025-04-21 10:33:13,624] WARNING django.server "GET /static/main/webfonts/fa-solid-900.woff2 HTTP/1.1" 404 179
[2025-04-21 10:33:13,735] WARNING django.server "GET /static/main/webfonts/fa-solid-900.ttf HTTP/1.1" 404 179
[2025-04-21 10:49:18,160] WARNING django.server "GET /static/main/webfonts/fa-solid-900.woff2 HTTP/1.1" 404 179
[2025-04-21 10:49:18,343] WARNING django.server "GET /static/main/webfonts/fa-solid-900.ttf HTTP/1.1" 404 179
[2025-04-21 11:23:56,611] WARNING django.server "GET /static/main/webfonts/fa-solid-900.woff2 HTTP/1.1" 404 179
[2025-04-21 11:23:56,727] WARNING django.server "GET /static/main/webfonts/fa-solid-900.ttf HTTP/1.1" 404 179
[2025-04-21 11:24:06,226] WARNING django.server "GET /static/main/webfonts/fa-solid-900.woff2 HTTP/1.1" 404 179
[2025-04-21 11:24:06,330] WARNING django.server "GET /static/main/webfonts/fa-solid-900.ttf HTTP/1.1" 404 179
[2025-04-21 11:24:08,631] WARNING django.server "GET /static/main/webfonts/fa-solid-900.woff2 HTTP/1.1" 404 179
[2025-04-21 11:24:08,737] WARNING django.server "GET /static/main/webfonts/fa-solid-900.ttf HTTP/1.1" 404 179
[2025-04-21 11:52:41,287] WARNING django.server "GET /static/main/webfonts/fa-solid-900.woff2 HTTP/1.1" 404 179
[2025-04-21 11:52:41,475] WARNING django.server "GET /static/main/webfonts/fa-solid-900.ttf HTTP/1.1" 404 179
[2025-04-21 12:24:19,911] WARNING django.server "GET /static/main/webfonts/fa-solid-900.woff2 HTTP/1.1" 404 179
[2025-04-21 12:24:19,922] WARNING django.server "GET /static/main/webfonts/fa-solid-900.ttf HTTP/1.1" 404 179
[2025-04-21 12:29:23,093] WARNING django.server "GET /static/main/webfonts/fa-solid-900.woff2 HTTP/1.1" 404 179
[2025-04-21 12:29:23,132] WARNING django.server "GET /static/main/webfonts/fa-solid-900.ttf HTTP/1.1" 404 179
[2025-04-21 12:29:30,671] WARNING django.server "GET /static/main/webfonts/fa-solid-900.woff2 HTTP/1.1" 404 179
[2025-04-21 12:29:30,689] WARNING django.server "GET /static/main/webfonts/fa-solid-900.ttf HTTP/1.1" 404 179
[2025-04-21 12:53:49,925] WARNING django.server "GET /static/main/webfonts/fa-solid-900.woff2 HTTP/1.1" 404 179
[2025-04-21 12:53:50,054] WARNING django.server "GET /static/main/webfonts/fa-solid-900.ttf HTTP/1.1" 404 179
[2025-04-21 12:54:35,357] WARNING django.server "GET /static/main/webfonts/fa-solid-900.woff2 HTTP/1.1" 404 179
[2025-04-21 12:54:35,778] WARNING django.server "GET /static/main/webfonts/fa-solid-900.ttf HTTP/1.1" 404 179
[2025-04-21 12:54:37,154] WARNING django.server "GET /static/main/webfonts/fa-solid-900.woff2 HTTP/1.1" 404 179
[2025-04-21 12:54:37,335] WARNING django.server "GET /static/main/webfonts/fa-solid-900.ttf HTTP/1.1" 404 179
[2025-04-21 12:54:39,420] WARNING django.server "GET /static/main/webfonts/fa-solid-900.woff2 HTTP/1.1" 404 179
[2025-04-21 12:54:39,731] WARNING django.server "GET /static/main/webfonts/fa-solid-900.ttf HTTP/1.1" 404 179
[2025-04-21 13:58:35,359] WARNING django.server "GET /static/main/webfonts/fa-solid-900.woff2 HTTP/1.1" 404 179
[2025-04-21 13:58:35,518] WARNING django.server "GET /static/main/webfonts/fa-solid-900.ttf HTTP/1.1" 404 179
[2025-04-21 13:59:32,252] WARNING django.server "GET /static/main/webfonts/fa-solid-900.woff2 HTTP/1.1" 404 179
[2025-04-21 13:59:32,371] WARNING django.server "GET /static/main/webfonts/fa-solid-900.ttf HTTP/1.1" 404 179
[2025-04-21 13:59:36,843] WARNING django.server "GET /static/main/webfonts/fa-solid-900.woff2 HTTP/1.1" 404 179
[2025-04-21 13:59:36,962] WARNING django.server "GET /static/main/webfonts/fa-solid-900.ttf HTTP/1.1" 404 179
[2025-04-21 13:59:39,635] WARNING django.server "GET /static/main/webfonts/fa-solid-900.woff2 HTTP/1.1" 404 179
[2025-04-21 13:59:39,752] WARNING django.server "GET /static/main/webfonts/fa-solid-900.ttf HTTP/1.1" 404 179
[2025-04-21 14:37:37,436] WARNING django.server "GET /static/main/webfonts/fa-solid-900.woff2 HTTP/1.1" 404 179
[2025-04-21 14:37:37,540] WARNING django.server "GET /static/main/webfonts/fa-solid-900.ttf HTTP/1.1" 404 179
[2025-04-21 14:44:10,422] WARNING django.server "GET /static/main/webfonts/fa-solid-900.woff2 HTTP/1.1" 404 179
[2025-04-21 14:44:10,545] WARNING django.server "GET /static/main/webfonts/fa-solid-900.ttf HTTP/1.1" 404 179
[2025-04-21 14:44:29,712] WARNING django.server "GET /static/main/webfonts/fa-solid-900.woff2 HTTP/1.1" 404 179
[2025-04-21 14:44:29,808] WARNING django.server "GET /static/main/webfonts/fa-solid-900.ttf HTTP/1.1" 404 179
[2025-04-21 14:44:38,785] WARNING django.server "GET /static/main/webfonts/fa-solid-900.woff2 HTTP/1.1" 404 179
[2025-04-21 14:44:38,886] WARNING django.server "GET /static/main/webfonts/fa-solid-900.ttf HTTP/1.1" 404 179
[2025-04-21 15:16:46,412] WARNING django.server "GET /static/main/webfonts/fa-solid-900.woff2 HTTP/1.1" 404 179
[2025-04-21 15:16:46,509] WARNING django.server "GET /static/main/webfonts/fa-solid-900.ttf HTTP/1.1" 404 179
[2025-04-21 15:22:03,948] WARNING django.server "GET /static/main/webfonts/fa-solid-900.woff2 HTTP/1.1" 404 179
[2025-04-21 15:22:04,028] WARNING django.server "GET /static/main/webfonts/fa-solid-900.ttf HTTP/1.1" 404 179
[2025-04-21 15:27:38,515] WARNING django.server "GET /static/main/webfonts/fa-solid-900.woff2 HTTP/1.1" 404 179
[2025-04-21 15:27:38,610] WARNING django.server "GET /static/main/webfonts/fa-solid-900.ttf HTTP/1.1" 404 179
[2025-04-21 15:27:45,050] WARNING django.server "GET /static/main/webfonts/fa-solid-900.woff2 HTTP/1.1" 404 179
[2025-04-21 15:27:45,135] WARNING django.server "GET /static/main/webfonts/fa-solid-900.ttf HTTP/1.1" 404 179
[2025-04-21 15:27:48,409] WARNING django.server "GET /static/main/webfonts/fa-solid-900.woff2 HTTP/1.1" 404 179
[2025-04-21 15:27:48,484] WARNING django.server "GET /static/main/webfonts/fa-solid-900.ttf HTTP/1.1" 404 179
[2025-04-21 15:28:11,977] WARNING django.server "GET /static/main/webfonts/fa-solid-900.woff2 HTTP/1.1" 404 179
[2025-04-21 15:28:12,072] WARNING django.server "GET /static/main/webfonts/fa-solid-900.ttf HTTP/1.1" 404 179
[2025-04-21 15:52:05,957] WARNING django.server "GET /static/main/webfonts/fa-solid-900.woff2 HTTP/1.1" 404 179
[2025-04-21 15:52:06,103] WARNING django.server "GET /static/main/webfonts/fa-solid-900.ttf HTTP/1.1" 404 179
[2025-04-21 15:52:08,791] WARNING django.server "GET /static/main/webfonts/fa-solid-900.woff2 HTTP/1.1" 404 179
[2025-04-21 15:52:08,911] WARNING django.server "GET /static/main/webfonts/fa-solid-900.ttf HTTP/1.1" 404 179
[2025-04-21 16:54:29,150] WARNING django.server "GET /static/main/webfonts/fa-solid-900.woff2 HTTP/1.1" 404 179
[2025-04-21 16:54:29,279] WARNING django.server "GET /static/main/webfonts/fa-solid-900.ttf HTTP/1.1" 404 179
[2025-04-21 16:54:50,881] WARNING django.server "GET /static/main/webfonts/fa-solid-900.woff2 HTTP/1.1" 404 179
[2025-04-21 16:54:50,987] WARNING django.server "GET /static/main/webfonts/fa-solid-900.ttf HTTP/1.1" 404 179
[2025-04-21 16:54:58,340] WARNING django.server "GET /static/main/webfonts/fa-solid-900.woff2 HTTP/1.1" 404 179
[2025-04-21 16:54:58,447] WARNING django.server "GET /static/main/webfonts/fa-solid-900.ttf HTTP/1.1" 404 179
[2025-04-21 16:55:06,147] WARNING django.server "GET /static/main/webfonts/fa-solid-900.woff2 HTTP/1.1" 404 179
[2025-04-21 16:55:06,255] WARNING django.server "GET /static/main/webfonts/fa-solid-900.ttf HTTP/1.1" 404 179
[2025-04-21 16:55:27,503] WARNING django.server "GET /static/main/webfonts/fa-solid-900.woff2 HTTP/1.1" 404 179
[2025-04-21 16:55:27,622] WARNING django.server "GET /static/main/webfonts/fa-solid-900.ttf HTTP/1.1" 404 179
[2025-04-21 16:55:30,211] WARNING django.server "GET /static/main/webfonts/fa-solid-900.woff2 HTTP/1.1" 404 179
[2025-04-21 16:55:30,326] WARNING django.server "GET /static/main/webfonts/fa-solid-900.ttf HTTP/1.1" 404 179
[2025-04-21 17:07:17,321] WARNING django.server "GET /static/main/webfonts/fa-solid-900.woff2 HTTP/1.1" 404 179
[2025-04-21 17:07:17,449] WARNING django.server "GET /static/main/webfonts/fa-solid-900.ttf HTTP/1.1" 404 179
[2025-04-21 17:07:17,627] WARNING django.server "GET /favicon.ico HTTP/1.1" 404 179
[2025-04-21 17:27:35,501] WARNING django.server "GET /static/main/webfonts/fa-solid-900.woff2 HTTP/1.1" 404 179
[2025-04-21 17:27:35,624] WARNING django.server "GET /static/main/webfonts/fa-solid-900.ttf HTTP/1.1" 404 179
[2025-04-21 17:27:35,911] WARNING django.server "GET /favicon.ico HTTP/1.1" 404 179
[2025-04-21 17:27:48,657] WARNING django.server "GET /static/main/webfonts/fa-solid-900.woff2 HTTP/1.1" 404 179
[2025-04-21 17:27:48,791] WARNING django.server "GET /static/main/webfonts/fa-solid-900.ttf HTTP/1.1" 404 179
[2025-04-21 17:27:58,110] WARNING django.server "GET /static/main/webfonts/fa-solid-900.woff2 HTTP/1.1" 404 179
[2025-04-21 17:27:58,307] WARNING django.server "GET /static/main/webfonts/fa-solid-900.ttf HTTP/1.1" 404 179
[2025-04-21 17:28:03,072] WARNING django.server "GET /static/main/webfonts/fa-solid-900.woff2 HTTP/1.1" 404 179
[2025-04-21 17:28:03,191] WARNING django.server "GET /static/main/webfonts/fa-solid-900.ttf HTTP/1.1" 404 179
[2025-04-21 17:28:04,841] WARNING django.server "GET /static/main/webfonts/fa-solid-900.woff2 HTTP/1.1" 404 179
[2025-04-21 17:28:05,001] WARNING django.server "GET /static/main/webfonts/fa-solid-900.ttf HTTP/1.1" 404 179
[2025-04-21 17:37:40,048] WARNING django.server "GET /static/main/webfonts/fa-solid-900.woff2 HTTP/1.1" 404 179
[2025-04-21 17:37:40,159] WARNING django.server "GET /static/main/webfonts/fa-solid-900.ttf HTTP/1.1" 404 179
[2025-04-21 17:37:41,914] WARNING django.server "GET /static/main/webfonts/fa-solid-900.woff2 HTTP/1.1" 404 179
[2025-04-21 17:37:42,023] WARNING django.server "GET /static/main/webfonts/fa-solid-900.ttf HTTP/1.1" 404 179
[2025-04-21 17:37:44,412] WARNING django.server "GET /static/main/webfonts/fa-solid-900.woff2 HTTP/1.1" 404 179
[2025-04-21 17:37:44,520] WARNING django.server "GET /static/main/webfonts/fa-solid-900.ttf HTTP/1.1" 404 179
[2025-04-21 17:37:47,511] WARNING django.server "GET /static/main/webfonts/fa-solid-900.woff2 HTTP/1.1" 404 179
[2025-04-21 17:37:47,654] WARNING django.server "GET /static/main/webfonts/fa-solid-900.ttf HTTP/1.1" 404 179
[2025-04-21 17:38:14,344] WARNING django.server "GET /static/main/webfonts/fa-solid-900.woff2 HTTP/1.1" 404 179
[2025-04-21 17:38:14,499] WARNING django.server "GET /static/main/webfonts/fa-solid-900.ttf HTTP/1.1" 404 179
[2025-04-21 17:38:16,833] WARNING django.server "GET /static/main/webfonts/fa-solid-900.woff2 HTTP/1.1" 404 179
[2025-04-21 17:38:16,986] WARNING django.server "GET /static/main/webfonts/fa-solid-900.ttf HTTP/1.1" 404 179
[2025-04-21 18:00:14,614] WARNING django.server "GET /static/main/webfonts/fa-solid-900.woff2 HTTP/1.1" 404 179
[2025-04-21 18:00:14,676] WARNING django.server "GET /static/main/webfonts/fa-solid-900.ttf HTTP/1.1" 404 179
