INFO: Watching for file changes with StatReloader
INFO: L:\oneSource_Live\oneSource\CANTEEN\views.py changed, reloading.
INFO: Watching for file changes with StatReloader
INFO: L:\oneSource_Live\oneSource\CANTEEN\urls.py changed, reloading.
INFO: Watching for file changes with StatReloader
INFO: User 'ocadmin' tried to access login page but is already authenticated.
INFO: "GET / HTTP/1.1" 302 0
INFO: User 'ocadmin' accessed index page.
INFO: "GET /indexpage/ HTTP/1.1" 200 23566
INFO: "GET /static/main/css/fontawesome.css HTTP/1.1" 304 0
INFO: "GET /static/main/css/main.css HTTP/1.1" 304 0
INFO: "GET /static/main/css/navbar.css HTTP/1.1" 304 0
INFO: "GET /static/main/images/OC.png HTTP/1.1" 304 0
INFO: "GET /static/main/images/HRModule.png HTTP/1.1" 304 0
INFO: "GET /static/main/images/WarehouseModule.png HTTP/1.1" 304 0
INFO: "GET /static/main/images/QualityControlModule.png HTTP/1.1" 304 0
INFO: "GET /static/main/images/ProductionModule.png HTTP/1.1" 304 0
INFO: "GET /static/main/js/fontawesome.js HTTP/1.1" 304 0
INFO: "GET /static/main/js/navbar.js HTTP/1.1" 304 0
INFO: "GET /static/main/images/EHSModule.png HTTP/1.1" 304 0
INFO: "GET /static/main/images/ETP%20Module.png HTTP/1.1" 304 0
WARNING: "GET /static/main/webfonts/fa-solid-900.woff2 HTTP/1.1" 404 179
WARNING: "GET /static/main/webfonts/fa-solid-900.ttf HTTP/1.1" 404 179
INFO: "GET /attendance/summary/ HTTP/1.1" 200 25769
WARNING: "GET /static/main/webfonts/fa-solid-900.woff2 HTTP/1.1" 404 179
WARNING: "GET /static/main/webfonts/fa-solid-900.ttf HTTP/1.1" 404 179
INFO: "GET /canteen-dashboard/ HTTP/1.1" 200 6699
INFO: "GET /canteen-attendance-summary/ HTTP/1.1" 200 77260
WARNING: "GET /static/main/webfonts/fa-solid-900.woff2 HTTP/1.1" 404 179
WARNING: "GET /static/main/webfonts/fa-solid-900.ttf HTTP/1.1" 404 179
INFO: "GET /attendance-list/ HTTP/1.1" 200 32319
WARNING: "GET /static/main/webfonts/fa-solid-900.woff2 HTTP/1.1" 404 179
WARNING: "GET /static/main/webfonts/fa-solid-900.ttf HTTP/1.1" 404 179
INFO: "GET /attendance-list/ HTTP/1.1" 200 34010
INFO: "GET /static/main/css/main.css HTTP/1.1" 304 0
INFO: "GET /static/main/css/fontawesome.css HTTP/1.1" 304 0
INFO: "GET /static/main/css/navbar.css HTTP/1.1" 304 0
INFO: "GET /static/main/js/fontawesome.js HTTP/1.1" 304 0
INFO: "GET /static/main/images/OC.png HTTP/1.1" 304 0
INFO: "GET /static/main/js/navbar.js HTTP/1.1" 304 0
WARNING: "GET /static/main/webfonts/fa-solid-900.woff2 HTTP/1.1" 404 179
WARNING: "GET /static/main/webfonts/fa-solid-900.ttf HTTP/1.1" 404 179
INFO: "GET /attendance/summary/ HTTP/1.1" 200 25769
WARNING: "GET /static/main/webfonts/fa-solid-900.woff2 HTTP/1.1" 404 179
WARNING: "GET /static/main/webfonts/fa-solid-900.ttf HTTP/1.1" 404 179
INFO: "GET /canteen-dashboard/ HTTP/1.1" 200 6699
INFO: "GET /canteen-attendance-summary/ HTTP/1.1" 200 77260
WARNING: "GET /static/main/webfonts/fa-solid-900.woff2 HTTP/1.1" 404 179
WARNING: "GET /static/main/webfonts/fa-solid-900.ttf HTTP/1.1" 404 179
INFO: "GET /attendance-list/ HTTP/1.1" 200 34010
INFO: "GET /static/main/css/fontawesome.css HTTP/1.1" 304 0
INFO: "GET /static/main/css/navbar.css HTTP/1.1" 304 0
INFO: "GET /static/main/js/fontawesome.js HTTP/1.1" 304 0
INFO: "GET /static/main/css/main.css HTTP/1.1" 304 0
INFO: "GET /static/main/images/OC.png HTTP/1.1" 304 0
INFO: "GET /static/main/js/navbar.js HTTP/1.1" 304 0
WARNING: "GET /static/main/webfonts/fa-solid-900.woff2 HTTP/1.1" 404 179
WARNING: "GET /static/main/webfonts/fa-solid-900.ttf HTTP/1.1" 404 179
INFO: "GET /attendance-list/ HTTP/1.1" 200 34010
INFO: "GET /static/main/css/fontawesome.css HTTP/1.1" 304 0
INFO: "GET /static/main/css/main.css HTTP/1.1" 304 0
INFO: "GET /static/main/css/navbar.css HTTP/1.1" 304 0
INFO: "GET /static/main/js/fontawesome.js HTTP/1.1" 304 0
INFO: "GET /static/main/images/OC.png HTTP/1.1" 304 0
INFO: "GET /static/main/js/navbar.js HTTP/1.1" 304 0
WARNING: "GET /static/main/webfonts/fa-solid-900.woff2 HTTP/1.1" 404 179
WARNING: "GET /static/main/webfonts/fa-solid-900.ttf HTTP/1.1" 404 179
INFO: User 'ocadmin' accessed index page.
INFO: "GET /indexpage/ HTTP/1.1" 200 23566
INFO: "GET /static/main/images/HRModule.png HTTP/1.1" 304 0
INFO: "GET /static/main/images/WarehouseModule.png HTTP/1.1" 304 0
INFO: "GET /static/main/images/QualityControlModule.png HTTP/1.1" 304 0
INFO: "GET /static/main/images/ProductionModule.png HTTP/1.1" 304 0
INFO: "GET /static/main/images/EHSModule.png HTTP/1.1" 304 0
INFO: "GET /static/main/images/ETP%20Module.png HTTP/1.1" 304 0
WARNING: "GET /static/main/webfonts/fa-solid-900.woff2 HTTP/1.1" 404 179
WARNING: "GET /static/main/webfonts/fa-solid-900.ttf HTTP/1.1" 404 179
INFO: "GET / HTTP/1.1" 200 5216
INFO: "GET /static/main/images/OC_white_logo.png HTTP/1.1" 304 0
WARNING: "GET /favicon.ico HTTP/1.1" 404 179
WARNING: Invalid login form submitted.
INFO: "POST / HTTP/1.1" 200 5722
INFO: "GET /static/main/images/OC_white_logo.png HTTP/1.1" 304 0
WARNING: Invalid login form submitted.
INFO: "POST / HTTP/1.1" 200 5722
INFO: "GET /static/main/images/OC_white_logo.png HTTP/1.1" 304 0
WARNING: Invalid login form submitted.
INFO: "POST / HTTP/1.1" 200 5722
INFO: "GET /static/main/images/OC_white_logo.png HTTP/1.1" 304 0
WARNING: Invalid login form submitted.
INFO: "POST / HTTP/1.1" 200 5722
INFO: "GET /static/main/images/OC_white_logo.png HTTP/1.1" 304 0
WARNING: Invalid login form submitted.
INFO: "POST / HTTP/1.1" 200 5722
INFO: "GET /static/main/images/OC_white_logo.png HTTP/1.1" 304 0
WARNING: Invalid login form submitted.
INFO: "POST / HTTP/1.1" 200 5722
INFO: "GET /static/main/images/OC_white_logo.png HTTP/1.1" 304 0
WARNING: Invalid login form submitted.
INFO: "POST / HTTP/1.1" 200 5722
INFO: "GET /static/main/images/OC_white_logo.png HTTP/1.1" 304 0
WARNING: Invalid login form submitted.
INFO: "POST / HTTP/1.1" 200 5722
INFO: "GET /static/main/images/OC_white_logo.png HTTP/1.1" 304 0
INFO: User 'ocadmin' tried to access login page but is already authenticated.
INFO: "GET / HTTP/1.1" 302 0
INFO: User 'ocadmin' accessed index page.
INFO: "GET /indexpage/ HTTP/1.1" 200 23566
INFO: "GET /static/main/css/fontawesome.css HTTP/1.1" 304 0
INFO: "GET /static/main/css/main.css HTTP/1.1" 304 0
INFO: "GET /static/main/css/navbar.css HTTP/1.1" 304 0
INFO: "GET /static/main/images/OC.png HTTP/1.1" 304 0
INFO: "GET /static/main/images/HRModule.png HTTP/1.1" 304 0
INFO: "GET /static/main/images/WarehouseModule.png HTTP/1.1" 304 0
INFO: "GET /static/main/images/QualityControlModule.png HTTP/1.1" 304 0
INFO: "GET /static/main/images/ProductionModule.png HTTP/1.1" 304 0
INFO: "GET /static/main/js/navbar.js HTTP/1.1" 304 0
INFO: "GET /static/main/js/fontawesome.js HTTP/1.1" 304 0
INFO: "GET /static/main/images/ETP%20Module.png HTTP/1.1" 304 0
INFO: "GET /static/main/images/EHSModule.png HTTP/1.1" 304 0
WARNING: "GET /static/main/webfonts/fa-solid-900.woff2 HTTP/1.1" 404 179
WARNING: "GET /static/main/webfonts/fa-solid-900.ttf HTTP/1.1" 404 179
INFO: User 'ocadmin' logged out.
INFO: "GET /userlogout/ HTTP/1.1" 302 0
INFO: "GET / HTTP/1.1" 200 5659
INFO: "GET /static/main/images/OC_white_logo.png HTTP/1.1" 304 0
WARNING: Invalid login form submitted.
INFO: "POST / HTTP/1.1" 200 5722
INFO: "GET /static/main/images/OC_white_logo.png HTTP/1.1" 304 0
INFO: User 'vikas.k' logged in successfully.
INFO: "POST / HTTP/1.1" 302 0
INFO: User 'vikas.k' accessed index page.
INFO: "GET /indexpage/ HTTP/1.1" 200 10087
WARNING: "GET /static/main/webfonts/fa-solid-900.woff2 HTTP/1.1" 404 179
WARNING: "GET /static/main/webfonts/fa-solid-900.ttf HTTP/1.1" 404 179
WARNING: Invalid login form submitted.
INFO: "POST / HTTP/1.1" 200 5722
INFO: "GET /static/main/images/OC_white_logo.png HTTP/1.1" 304 0
INFO: User 'vikas.k' accessed index page.
INFO: "GET /indexpage/ HTTP/1.1" 200 9678
INFO: "GET /static/main/css/fontawesome.css HTTP/1.1" 304 0
INFO: "GET /static/main/images/OC.png HTTP/1.1" 304 0
INFO: "GET /static/main/images/ETP%20Module.png HTTP/1.1" 304 0
INFO: "GET /static/main/css/main.css HTTP/1.1" 304 0
INFO: "GET /static/main/css/navbar.css HTTP/1.1" 304 0
INFO: "GET /static/main/js/fontawesome.js HTTP/1.1" 304 0
INFO: "GET /static/main/js/navbar.js HTTP/1.1" 304 0
WARNING: "GET /static/main/webfonts/fa-solid-900.woff2 HTTP/1.1" 404 179
WARNING: "GET /static/main/webfonts/fa-solid-900.ttf HTTP/1.1" 404 179
INFO: "GET /view-general-effluent/ HTTP/1.1" 200 28105
WARNING: "GET /static/main/webfonts/fa-solid-900.woff2 HTTP/1.1" 404 179
WARNING: "GET /static/main/webfonts/fa-solid-900.ttf HTTP/1.1" 404 179
INFO: "GET /general-effluent/chart/ HTTP/1.1" 200 13777
WARNING: "GET /static/main/webfonts/fa-solid-900.woff2 HTTP/1.1" 404 179
WARNING: "GET /static/main/webfonts/fa-solid-900.ttf HTTP/1.1" 404 179
INFO: User 'vikas.k' logged in successfully.
INFO: "POST / HTTP/1.1" 302 0
INFO: User 'vikas.k' accessed index page.
INFO: "GET /indexpage/ HTTP/1.1" 200 10087
INFO: "GET /static/main/css/fontawesome.css HTTP/1.1" 304 0
INFO: "GET /static/main/css/main.css HTTP/1.1" 304 0
INFO: "GET /static/main/images/ETP%20Module.png HTTP/1.1" 304 0
INFO: "GET /static/main/css/navbar.css HTTP/1.1" 304 0
INFO: "GET /static/main/js/fontawesome.js HTTP/1.1" 304 0
INFO: "GET /static/main/js/navbar.js HTTP/1.1" 304 0
WARNING: "GET /static/main/webfonts/fa-solid-900.woff2 HTTP/1.1" 404 179
WARNING: "GET /static/main/webfonts/fa-solid-900.ttf HTTP/1.1" 404 179
INFO: "GET /view-general-effluent/ HTTP/1.1" 200 28105
WARNING: "GET /static/main/webfonts/fa-solid-900.woff2 HTTP/1.1" 404 179
WARNING: "GET /static/main/webfonts/fa-solid-900.ttf HTTP/1.1" 404 179
INFO: User 'vikas.k' logged out.
INFO: "GET /userlogout/ HTTP/1.1" 302 0
INFO: "GET / HTTP/1.1" 200 5659
INFO: "GET /static/main/images/OC_white_logo.png HTTP/1.1" 304 0
INFO: User 'vikas.k' logged in successfully.
INFO: "POST / HTTP/1.1" 302 0
INFO: User 'vikas.k' accessed index page.
INFO: "GET /indexpage/ HTTP/1.1" 200 10087
INFO: "GET /static/main/css/fontawesome.css HTTP/1.1" 304 0
INFO: "GET /static/main/css/navbar.css HTTP/1.1" 304 0
INFO: "GET /static/main/css/main.css HTTP/1.1" 304 0
INFO: "GET /static/main/images/ETP%20Module.png HTTP/1.1" 304 0
INFO: "GET /static/main/js/fontawesome.js HTTP/1.1" 304 0
INFO: "GET /static/main/js/navbar.js HTTP/1.1" 304 0
WARNING: "GET /static/main/webfonts/fa-solid-900.woff2 HTTP/1.1" 404 179
WARNING: "GET /static/main/webfonts/fa-solid-900.ttf HTTP/1.1" 404 179
INFO: "GET / HTTP/1.1" 200 5216
INFO: "GET /static/main/images/OC_white_logo.png HTTP/1.1" 304 0
WARNING: "GET /favicon.ico HTTP/1.1" 404 179
INFO: User 'vikas.k' logged in successfully.
INFO: "POST / HTTP/1.1" 302 0
INFO: User 'vikas.k' accessed index page.
INFO: "GET /indexpage/ HTTP/1.1" 200 10087
INFO: "GET /static/main/css/fontawesome.css HTTP/1.1" 304 0
INFO: "GET /static/main/css/main.css HTTP/1.1" 304 0
INFO: "GET /static/main/css/navbar.css HTTP/1.1" 304 0
INFO: "GET /static/main/images/ETP%20Module.png HTTP/1.1" 304 0
INFO: "GET /static/main/js/fontawesome.js HTTP/1.1" 304 0
INFO: "GET /static/main/js/navbar.js HTTP/1.1" 304 0
WARNING: "GET /static/main/webfonts/fa-solid-900.woff2 HTTP/1.1" 404 179
WARNING: "GET /static/main/webfonts/fa-solid-900.ttf HTTP/1.1" 404 179
INFO: User 'vikas.k' accessed index page.
INFO: "GET /indexpage/ HTTP/1.1" 200 9678
INFO: "GET /static/main/css/fontawesome.css HTTP/1.1" 304 0
INFO: "GET /static/main/css/navbar.css HTTP/1.1" 304 0
INFO: "GET /static/main/images/ETP%20Module.png HTTP/1.1" 304 0
INFO: "GET /static/main/css/main.css HTTP/1.1" 304 0
INFO: "GET /static/main/js/fontawesome.js HTTP/1.1" 304 0
INFO: "GET /static/main/js/navbar.js HTTP/1.1" 304 0
WARNING: "GET /static/main/webfonts/fa-solid-900.woff2 HTTP/1.1" 404 179
WARNING: "GET /static/main/webfonts/fa-solid-900.ttf HTTP/1.1" 404 179
INFO: User 'vikas.k' logged out.
INFO: "GET /userlogout/ HTTP/1.1" 302 0
INFO: "GET / HTTP/1.1" 200 5659
INFO: "GET /static/main/images/OC_white_logo.png HTTP/1.1" 304 0
INFO: User 'vikas.k' accessed index page.
INFO: "GET /indexpage/ HTTP/1.1" 200 9678
INFO: "GET /static/main/css/main.css HTTP/1.1" 304 0
INFO: "GET /static/main/css/navbar.css HTTP/1.1" 304 0
INFO: "GET /static/main/css/fontawesome.css HTTP/1.1" 304 0
INFO: "GET /static/main/images/ETP%20Module.png HTTP/1.1" 304 0
INFO: "GET /static/main/js/fontawesome.js HTTP/1.1" 304 0
INFO: "GET /static/main/js/navbar.js HTTP/1.1" 304 0
WARNING: "GET /static/main/webfonts/fa-solid-900.woff2 HTTP/1.1" 404 179
WARNING: "GET /static/main/webfonts/fa-solid-900.ttf HTTP/1.1" 404 179
INFO: "GET /add-general-effluent/ HTTP/1.1" 200 10582
INFO: "GET /static/main/css/fontawesome.css HTTP/1.1" 304 0
INFO: "GET /static/main/js/navbar.js HTTP/1.1" 304 0
INFO: "GET /static/main/css/main.css HTTP/1.1" 304 0
INFO: "GET /static/main/js/fontawesome.js HTTP/1.1" 304 0
INFO: "GET /static/main/css/navbar.css HTTP/1.1" 304 0
WARNING: "GET /static/main/webfonts/fa-solid-900.woff2 HTTP/1.1" 404 179
WARNING: "GET /static/main/webfonts/fa-solid-900.ttf HTTP/1.1" 404 179
INFO: "POST /add-general-effluent/ HTTP/1.1" 302 0
INFO: "GET /view-general-effluent/ HTTP/1.1" 200 28677
INFO: "GET /static/main/js/fontawesome.js HTTP/1.1" 304 0
INFO: "GET /static/main/js/navbar.js HTTP/1.1" 304 0
INFO: "GET /static/main/css/fontawesome.css HTTP/1.1" 304 0
INFO: "GET /static/main/css/navbar.css HTTP/1.1" 304 0
INFO: "GET /static/main/css/main.css HTTP/1.1" 304 0
WARNING: "GET /static/main/webfonts/fa-solid-900.woff2 HTTP/1.1" 404 179
WARNING: "GET /static/main/webfonts/fa-solid-900.ttf HTTP/1.1" 404 179
INFO: "GET /add-general-effluent/ HTTP/1.1" 200 10582
INFO: "GET /static/main/css/fontawesome.css HTTP/1.1" 304 0
INFO: "GET /static/main/css/main.css HTTP/1.1" 304 0
INFO: "GET /static/main/js/fontawesome.js HTTP/1.1" 304 0
INFO: "GET /static/main/js/navbar.js HTTP/1.1" 304 0
INFO: "GET /static/main/css/navbar.css HTTP/1.1" 304 0
WARNING: "GET /static/main/webfonts/fa-solid-900.woff2 HTTP/1.1" 404 179
WARNING: "GET /static/main/webfonts/fa-solid-900.ttf HTTP/1.1" 404 179
INFO: "POST /add-general-effluent/ HTTP/1.1" 302 0
INFO: "GET /view-general-effluent/ HTTP/1.1" 200 28684
INFO: "GET /static/main/css/fontawesome.css HTTP/1.1" 304 0
INFO: "GET /static/main/css/main.css HTTP/1.1" 304 0
INFO: "GET /static/main/css/navbar.css HTTP/1.1" 304 0
INFO: "GET /static/main/js/navbar.js HTTP/1.1" 304 0
INFO: "GET /static/main/js/fontawesome.js HTTP/1.1" 304 0
WARNING: "GET /static/main/webfonts/fa-solid-900.woff2 HTTP/1.1" 404 179
WARNING: "GET /static/main/webfonts/fa-solid-900.ttf HTTP/1.1" 404 179
INFO: "GET /add-general-effluent/ HTTP/1.1" 200 10582
INFO: "GET /static/main/css/fontawesome.css HTTP/1.1" 304 0
INFO: "GET /static/main/css/navbar.css HTTP/1.1" 304 0
INFO: "GET /static/main/css/main.css HTTP/1.1" 304 0
INFO: "GET /static/main/js/fontawesome.js HTTP/1.1" 304 0
INFO: "GET /static/main/js/navbar.js HTTP/1.1" 304 0
WARNING: "GET /static/main/webfonts/fa-solid-900.woff2 HTTP/1.1" 404 179
WARNING: "GET /static/main/webfonts/fa-solid-900.ttf HTTP/1.1" 404 179
INFO: "POST /add-general-effluent/ HTTP/1.1" 302 0
INFO: "GET /view-general-effluent/ HTTP/1.1" 200 28676
INFO: "GET /static/main/css/fontawesome.css HTTP/1.1" 304 0
INFO: "GET /static/main/css/navbar.css HTTP/1.1" 304 0
INFO: "GET /static/main/css/main.css HTTP/1.1" 304 0
INFO: "GET /static/main/js/navbar.js HTTP/1.1" 304 0
INFO: "GET /static/main/js/fontawesome.js HTTP/1.1" 304 0
WARNING: "GET /static/main/webfonts/fa-solid-900.woff2 HTTP/1.1" 404 179
WARNING: "GET /static/main/webfonts/fa-solid-900.ttf HTTP/1.1" 404 179
INFO: "GET /add-general-effluent/ HTTP/1.1" 200 10582
INFO: "GET /static/main/css/fontawesome.css HTTP/1.1" 304 0
INFO: "GET /static/main/css/main.css HTTP/1.1" 304 0
INFO: "GET /static/main/css/navbar.css HTTP/1.1" 304 0
INFO: "GET /static/main/js/navbar.js HTTP/1.1" 304 0
INFO: "GET /static/main/js/fontawesome.js HTTP/1.1" 304 0
WARNING: "GET /static/main/webfonts/fa-solid-900.woff2 HTTP/1.1" 404 179
WARNING: "GET /static/main/webfonts/fa-solid-900.ttf HTTP/1.1" 404 179
INFO: "POST /add-general-effluent/ HTTP/1.1" 302 0
INFO: "GET /view-general-effluent/ HTTP/1.1" 200 28690
INFO: "GET /static/main/css/fontawesome.css HTTP/1.1" 304 0
INFO: "GET /static/main/css/main.css HTTP/1.1" 304 0
INFO: "GET /static/main/css/navbar.css HTTP/1.1" 304 0
INFO: "GET /static/main/js/navbar.js HTTP/1.1" 304 0
INFO: "GET /static/main/js/fontawesome.js HTTP/1.1" 304 0
WARNING: "GET /static/main/webfonts/fa-solid-900.woff2 HTTP/1.1" 404 179
WARNING: "GET /static/main/webfonts/fa-solid-900.ttf HTTP/1.1" 404 179
INFO: User 'vikas.k' tried to access login page but is already authenticated.
INFO: "GET / HTTP/1.1" 302 0
INFO: User 'vikas.k' accessed index page.
INFO: "GET /indexpage/ HTTP/1.1" 200 9678
INFO: "GET /static/main/css/fontawesome.css HTTP/1.1" 304 0
INFO: "GET /static/main/css/main.css HTTP/1.1" 304 0
INFO: "GET /static/main/images/ETP%20Module.png HTTP/1.1" 304 0
INFO: "GET /static/main/css/navbar.css HTTP/1.1" 304 0
INFO: "GET /static/main/js/fontawesome.js HTTP/1.1" 304 0
INFO: "GET /static/main/js/navbar.js HTTP/1.1" 304 0
WARNING: "GET /static/main/webfonts/fa-solid-900.woff2 HTTP/1.1" 404 179
WARNING: "GET /static/main/webfonts/fa-solid-900.ttf HTTP/1.1" 404 179
INFO: "GET /vehicle/edit/20076/ HTTP/1.1" 200 14350
INFO: "GET /static/main/css/main.css HTTP/1.1" 304 0
INFO: "GET /static/main/css/navbar.css HTTP/1.1" 304 0
INFO: "GET /static/main/css/fontawesome.css HTTP/1.1" 304 0
INFO: "GET /static/store/css/store.css HTTP/1.1" 304 0
INFO: "GET /static/store/js/vehicle_page.js HTTP/1.1" 304 0
INFO: "GET /static/main/js/fontawesome.js HTTP/1.1" 304 0
INFO: "GET /static/main/js/navbar.js HTTP/1.1" 304 0
WARNING: "GET /static/main/webfonts/fa-solid-900.woff2 HTTP/1.1" 404 179
WARNING: "GET /static/main/webfonts/fa-solid-900.ttf HTTP/1.1" 404 179
INFO: Vehicle ID 20076 edited by sudarshan.j
INFO: "POST /vehicle/edit/20076/ HTTP/1.1" 302 0
INFO: Vehicle list viewed by sudarshan.j with filters: {'reporting_date': '', 'name_of_supplier': '', 'material': '', 'name_of_transporter': '', 'status': ''}
INFO: "GET /vehicle_list/ HTTP/1.1" 200 27068
WARNING: "GET /static/main/webfonts/fa-solid-900.woff2 HTTP/1.1" 404 179
WARNING: "GET /static/main/webfonts/fa-solid-900.ttf HTTP/1.1" 404 179
INFO: Vehicle list viewed by sudarshan.j with filters: {'reporting_date': '', 'name_of_supplier': '', 'material': '', 'name_of_transporter': '', 'status': 'Pending'}
INFO: "GET /vehicle_list/?reporting_date=&name_of_supplier=&material=&name_of_transporter=&status=Pending HTTP/1.1" 200 13053
WARNING: "GET /static/main/webfonts/fa-solid-900.woff2 HTTP/1.1" 404 179
WARNING: "GET /static/main/webfonts/fa-solid-900.ttf HTTP/1.1" 404 179
INFO: "GET /add_vehicle/ HTTP/1.1" 200 14168
INFO: "GET /static/main/css/navbar.css HTTP/1.1" 304 0
INFO: "GET /static/main/css/main.css HTTP/1.1" 304 0
INFO: "GET /static/main/css/fontawesome.css HTTP/1.1" 304 0
INFO: "GET /static/store/css/store.css HTTP/1.1" 304 0
INFO: "GET /static/store/js/vehicle_page.js HTTP/1.1" 304 0
INFO: "GET /static/main/js/fontawesome.js HTTP/1.1" 304 0
INFO: "GET /static/main/js/navbar.js HTTP/1.1" 304 0
WARNING: "GET /static/main/webfonts/fa-solid-900.woff2 HTTP/1.1" 404 179
WARNING: "GET /static/main/webfonts/fa-solid-900.ttf HTTP/1.1" 404 179
INFO: Found 1398 suppliers for search ''
INFO: "GET /search_supplier/ HTTP/1.1" 200 114040
INFO: Found 300 suppliers for search 'TR'
INFO: "GET /search_supplier/?term=TR HTTP/1.1" 200 25870
INFO: Found 45 suppliers for search 'TRAD'
INFO: "GET /search_supplier/?term=TRAD HTTP/1.1" 200 3648
INFO: Found 21 suppliers for search 'TRADE'
INFO: "GET /search_supplier/?term=TRADE HTTP/1.1" 200 1610
INFO: Found 1 suppliers for search 'TRADEX'
INFO: "GET /search_supplier/?term=TRADEX HTTP/1.1" 200 58
INFO: Found 8027 items for search ''
INFO: "GET /search_item/ HTTP/1.1" 200 897056
INFO: Found 3781 items for search 'H'
INFO: "GET /search_item/?term=H HTTP/1.1" 200 479022
INFO: Found 2 items for search 'HYDROCHLORIC '
INFO: "GET /search_item/?term=HYDROCHLORIC%20 HTTP/1.1" 200 136
INFO: Found 8 items for search 'HYDROCH'
INFO: "GET /search_item/?term=HYDROCH HTTP/1.1" 200 634
INFO: Found 8 items for search 'HYDROCHLO'
INFO: "GET /search_item/?term=HYDROCHLO HTTP/1.1" 200 634
INFO: Vehicle added by user: sudarshan.j
INFO: "POST /add_vehicle/ HTTP/1.1" 302 0
INFO: "GET /add_vehicle/ HTTP/1.1" 200 14753
WARNING: "GET /static/main/webfonts/fa-solid-900.woff2 HTTP/1.1" 404 179
WARNING: "GET /static/main/webfonts/fa-solid-900.ttf HTTP/1.1" 404 179
INFO: Vehicle list viewed by sudarshan.j with filters: {'reporting_date': '', 'name_of_supplier': '', 'material': '', 'name_of_transporter': '', 'status': ''}
INFO: "GET /vehicle_list/ HTTP/1.1" 200 26474
WARNING: "GET /static/main/webfonts/fa-solid-900.woff2 HTTP/1.1" 404 179
WARNING: "GET /static/main/webfonts/fa-solid-900.ttf HTTP/1.1" 404 179
INFO: Vehicle list viewed by sudarshan.j with filters: {'reporting_date': '', 'name_of_supplier': '', 'material': '', 'name_of_transporter': '', 'status': 'Pending'}
INFO: "GET /vehicle_list/?reporting_date=&name_of_supplier=&material=&name_of_transporter=&status=Pending HTTP/1.1" 200 14502
INFO: "GET /static/main/css/fontawesome.css HTTP/1.1" 304 0
INFO: "GET /static/main/css/main.css HTTP/1.1" 304 0
INFO: "GET /static/main/css/navbar.css HTTP/1.1" 304 0
INFO: "GET /static/main/js/fontawesome.js HTTP/1.1" 304 0
INFO: "GET /static/main/js/navbar.js HTTP/1.1" 304 0
WARNING: "GET /static/main/webfonts/fa-solid-900.woff2 HTTP/1.1" 404 179
WARNING: "GET /static/main/webfonts/fa-solid-900.ttf HTTP/1.1" 404 179
INFO: Found 75 items for search 'HYDRO'
INFO: "GET /search_item/?term=HYDRO HTTP/1.1" 200 6790
INFO: L:\oneSource_Live\oneSource\STORE\views.py changed, reloading.
INFO: Watching for file changes with StatReloader
INFO: L:\oneSource_Live\oneSource\STORE\urls.py changed, reloading.
INFO: Watching for file changes with StatReloader
INFO: "GET / HTTP/1.1" 200 5216
INFO: "GET /static/main/images/OC_white_logo.png HTTP/1.1" 304 0
INFO: User 'ocadmin' logged in successfully.
INFO: "POST / HTTP/1.1" 302 0
INFO: User 'ocadmin' accessed index page.
INFO: "GET /indexpage/ HTTP/1.1" 200 23975
INFO: "GET /static/main/css/fontawesome.css HTTP/1.1" 304 0
INFO: "GET /static/main/css/main.css HTTP/1.1" 304 0
INFO: "GET /static/main/images/OC.png HTTP/1.1" 304 0
INFO: "GET /static/main/css/navbar.css HTTP/1.1" 304 0
INFO: "GET /static/main/images/HRModule.png HTTP/1.1" 304 0
INFO: "GET /static/main/images/QualityControlModule.png HTTP/1.1" 304 0
INFO: "GET /static/main/images/WarehouseModule.png HTTP/1.1" 304 0
INFO: "GET /static/main/images/ProductionModule.png HTTP/1.1" 304 0
INFO: "GET /static/main/js/fontawesome.js HTTP/1.1" 304 0
INFO: "GET /static/main/images/EHSModule.png HTTP/1.1" 304 0
INFO: "GET /static/main/js/navbar.js HTTP/1.1" 304 0
INFO: "GET /static/main/images/ETP%20Module.png HTTP/1.1" 304 0
WARNING: "GET /static/main/webfonts/fa-solid-900.woff2 HTTP/1.1" 404 179
WARNING: "GET /static/main/webfonts/fa-solid-900.ttf HTTP/1.1" 404 179
INFO: Vehicle list viewed by ocadmin with filters: {'reporting_date': '', 'name_of_supplier': '', 'material': '', 'name_of_transporter': '', 'status': ''}
INFO: "GET /vehicle_list/ HTTP/1.1" 200 40862
WARNING: "GET /static/main/webfonts/fa-solid-900.woff2 HTTP/1.1" 404 179
WARNING: "GET /static/main/webfonts/fa-solid-900.ttf HTTP/1.1" 404 179
INFO: "GET /vehicle-chart-report/ HTTP/1.1" 200 12691
WARNING: "GET /static/main/webfonts/fa-solid-900.woff2 HTTP/1.1" 404 179
WARNING: "GET /static/main/webfonts/fa-solid-900.ttf HTTP/1.1" 404 179
INFO: "GET /vehicle-chart-report/?year=2025&month=5&period=fortnightly&material= HTTP/1.1" 200 12996
INFO: "GET /static/main/css/fontawesome.css HTTP/1.1" 304 0
INFO: "GET /static/main/images/OC.png HTTP/1.1" 304 0
INFO: "GET /static/main/css/navbar.css HTTP/1.1" 304 0
INFO: "GET /static/main/js/fontawesome.js HTTP/1.1" 304 0
INFO: "GET /static/main/css/main.css HTTP/1.1" 304 0
INFO: "GET /static/main/js/navbar.js HTTP/1.1" 304 0
WARNING: "GET /static/main/webfonts/fa-solid-900.woff2 HTTP/1.1" 404 179
WARNING: "GET /static/main/webfonts/fa-solid-900.ttf HTTP/1.1" 404 179
INFO: "GET /vehicle-chart-report/ HTTP/1.1" 200 12691
WARNING: "GET /static/main/webfonts/fa-solid-900.woff2 HTTP/1.1" 404 179
WARNING: "GET /static/main/webfonts/fa-solid-900.ttf HTTP/1.1" 404 179
INFO: "GET /vehicle-chart-report/?year=2025&month=4&period=monthly&material= HTTP/1.1" 200 16152
WARNING: "GET /static/main/webfonts/fa-solid-900.woff2 HTTP/1.1" 404 179
WARNING: "GET /static/main/webfonts/fa-solid-900.ttf HTTP/1.1" 404 179
INFO: "GET /vehicle-chart-report/?year=2025&month=4&period=monthly&material=2-CHLOROBENZYL+CHLORIDE+%28OCBC%29 HTTP/1.1" 200 14680
WARNING: "GET /static/main/webfonts/fa-solid-900.woff2 HTTP/1.1" 404 179
WARNING: "GET /static/main/webfonts/fa-solid-900.ttf HTTP/1.1" 404 179
INFO: "GET /vehicle-chart-report/ HTTP/1.1" 200 12691
WARNING: "GET /static/main/webfonts/fa-solid-900.woff2 HTTP/1.1" 404 179
WARNING: "GET /static/main/webfonts/fa-solid-900.ttf HTTP/1.1" 404 179
INFO: "GET /vehicle-chart-report/ HTTP/1.1" 200 12691
INFO: "GET /static/main/css/navbar.css HTTP/1.1" 304 0
INFO: "GET /static/main/css/fontawesome.css HTTP/1.1" 304 0
INFO: "GET /static/main/images/OC.png HTTP/1.1" 304 0
INFO: "GET /static/main/css/main.css HTTP/1.1" 304 0
INFO: "GET /static/main/js/fontawesome.js HTTP/1.1" 304 0
INFO: "GET /static/main/js/navbar.js HTTP/1.1" 304 0
WARNING: "GET /static/main/webfonts/fa-solid-900.woff2 HTTP/1.1" 404 179
WARNING: "GET /static/main/webfonts/fa-solid-900.ttf HTTP/1.1" 404 179
INFO: L:\oneSource_Live\oneSource\STORE\views.py changed, reloading.
INFO: Watching for file changes with StatReloader
INFO: "GET /vehicle-chart-report/ HTTP/1.1" 200 22943
WARNING: "GET /static/main/webfonts/fa-solid-900.woff2 HTTP/1.1" 404 179
WARNING: "GET /static/main/webfonts/fa-solid-900.ttf HTTP/1.1" 404 179
INFO: User 'ocadmin' tried to access login page but is already authenticated.
INFO: "GET / HTTP/1.1" 302 0
INFO: User 'ocadmin' accessed index page.
INFO: "GET /indexpage/ HTTP/1.1" 200 23566
INFO: "GET /static/main/css/fontawesome.css HTTP/1.1" 304 0
INFO: "GET /static/main/css/main.css HTTP/1.1" 304 0
INFO: "GET /static/main/css/navbar.css HTTP/1.1" 304 0
INFO: "GET /static/main/images/OC.png HTTP/1.1" 304 0
INFO: "GET /static/main/images/HRModule.png HTTP/1.1" 304 0
INFO: "GET /static/main/images/WarehouseModule.png HTTP/1.1" 304 0
INFO: "GET /static/main/images/QualityControlModule.png HTTP/1.1" 304 0
INFO: "GET /static/main/images/ProductionModule.png HTTP/1.1" 304 0
INFO: "GET /static/main/js/fontawesome.js HTTP/1.1" 304 0
INFO: "GET /static/main/js/navbar.js HTTP/1.1" 304 0
INFO: "GET /static/main/images/EHSModule.png HTTP/1.1" 304 0
INFO: "GET /static/main/images/ETP%20Module.png HTTP/1.1" 304 0
WARNING: "GET /static/main/webfonts/fa-solid-900.woff2 HTTP/1.1" 404 179
WARNING: "GET /static/main/webfonts/fa-solid-900.ttf HTTP/1.1" 404 179
INFO: "GET /admin/ HTTP/1.1" 200 19535
INFO: "GET /static/admin/css/base.css HTTP/1.1" 304 0
INFO: "GET /static/admin/css/nav_sidebar.css HTTP/1.1" 304 0
INFO: "GET /static/admin/css/dark_mode.css HTTP/1.1" 304 0
INFO: "GET /static/admin/css/dashboard.css HTTP/1.1" 304 0
INFO: "GET /static/admin/css/responsive.css HTTP/1.1" 304 0
INFO: "GET /static/admin/js/theme.js HTTP/1.1" 304 0
INFO: "GET /static/admin/js/nav_sidebar.js HTTP/1.1" 304 0
INFO: "GET /static/admin/img/icon-changelink.svg HTTP/1.1" 304 0
INFO: "GET /static/admin/img/icon-addlink.svg HTTP/1.1" 304 0
INFO: "GET /admin/HR/dailycheckin/ HTTP/1.1" 200 115276
INFO: "GET /static/admin/css/changelists.css HTTP/1.1" 304 0
INFO: "GET /static/admin/js/jquery.init.js HTTP/1.1" 304 0
INFO: "GET /static/admin/js/vendor/jquery/jquery.min.js HTTP/1.1" 304 0
INFO: "GET /static/admin/js/core.js HTTP/1.1" 304 0
INFO: "GET /static/admin/js/admin/RelatedObjectLookups.js HTTP/1.1" 304 0
INFO: "GET /admin/jsi18n/ HTTP/1.1" 200 3342
INFO: "GET /static/admin/js/urlify.js HTTP/1.1" 304 0
INFO: "GET /static/admin/js/actions.js HTTP/1.1" 304 0
INFO: "GET /static/admin/js/prepopulate.js HTTP/1.1" 304 0
INFO: "GET /static/admin/js/vendor/xregexp/xregexp.min.js HTTP/1.1" 304 0
INFO: "GET /static/admin/img/search.svg HTTP/1.1" 304 0
INFO: "GET /static/admin/js/filters.js HTTP/1.1" 304 0
INFO: "GET /static/admin/img/tooltag-add.svg HTTP/1.1" 304 0
INFO: "GET /admin/HR/dailycheckin/import/ HTTP/1.1" 200 15239
INFO: "GET /static/import_export/guess_format.js HTTP/1.1" 304 0
INFO: "GET /static/import_export/import.css HTTP/1.1" 304 0
INFO: "GET /static/admin/css/forms.css HTTP/1.1" 304 0
INFO: "GET /admin/jsi18n/ HTTP/1.1" 200 3342
INFO: "GET /static/admin/css/widgets.css HTTP/1.1" 304 0
INFO: "POST /admin/HR/dailycheckin/import/ HTTP/1.1" 200 498256
INFO: "GET /admin/jsi18n/ HTTP/1.1" 200 3342
INFO: "POST /admin/HR/dailycheckin/process_import/ HTTP/1.1" 302 0
INFO: "GET /admin/HR/dailycheckin/ HTTP/1.1" 200 115584
INFO: "GET /admin/jsi18n/ HTTP/1.1" 200 3342
INFO: "GET /static/admin/img/icon-yes.svg HTTP/1.1" 304 0
INFO: "GET /admin/HR/overtimereport/ HTTP/1.1" 200 101550
INFO: "GET /static/admin/css/base.css HTTP/1.1" 304 0
INFO: "GET /static/admin/css/nav_sidebar.css HTTP/1.1" 304 0
INFO: "GET /static/admin/css/dark_mode.css HTTP/1.1" 304 0
INFO: "GET /static/admin/css/changelists.css HTTP/1.1" 304 0
INFO: "GET /static/admin/css/responsive.css HTTP/1.1" 304 0
INFO: "GET /static/admin/js/admin/RelatedObjectLookups.js HTTP/1.1" 304 0
INFO: "GET /static/admin/js/actions.js HTTP/1.1" 304 0
INFO: "GET /static/admin/js/vendor/jquery/jquery.min.js HTTP/1.1" 304 0
INFO: "GET /static/admin/js/core.js HTTP/1.1" 304 0
INFO: "GET /static/admin/js/prepopulate.js HTTP/1.1" 304 0
INFO: "GET /static/admin/js/urlify.js HTTP/1.1" 304 0
INFO: "GET /static/admin/js/jquery.init.js HTTP/1.1" 304 0
INFO: "GET /static/admin/js/vendor/xregexp/xregexp.min.js HTTP/1.1" 304 0
INFO: "GET /static/admin/img/search.svg HTTP/1.1" 304 0
INFO: "GET /admin/jsi18n/ HTTP/1.1" 200 3342
INFO: "GET /static/admin/js/theme.js HTTP/1.1" 304 0
INFO: "GET /static/admin/js/nav_sidebar.js HTTP/1.1" 304 0
INFO: "GET /static/admin/js/filters.js HTTP/1.1" 304 0
INFO: "GET /static/admin/img/icon-addlink.svg HTTP/1.1" 304 0
INFO: "GET /static/admin/img/tooltag-add.svg HTTP/1.1" 304 0
INFO: "GET /static/admin/img/icon-viewlink.svg HTTP/1.1" 304 0
INFO: "GET /admin/HR/overtimereport/import/ HTTP/1.1" 200 15408
INFO: "GET /static/import_export/import.css HTTP/1.1" 304 0
INFO: "GET /static/import_export/guess_format.js HTTP/1.1" 304 0
INFO: "GET /static/admin/css/forms.css HTTP/1.1" 304 0
INFO: "GET /static/admin/css/widgets.css HTTP/1.1" 304 0
INFO: "GET /admin/jsi18n/ HTTP/1.1" 200 3342
INFO: "POST /admin/HR/overtimereport/import/ HTTP/1.1" 200 632597
INFO: "GET /admin/jsi18n/ HTTP/1.1" 200 3342
INFO: "GET /view_leading/ HTTP/1.1" 200 30911
INFO: "GET /static/main/css/fontawesome.css HTTP/1.1" 304 0
INFO: "GET /static/main/css/main.css HTTP/1.1" 304 0
INFO: "GET /static/main/css/navbar.css HTTP/1.1" 304 0
INFO: "GET /static/main/images/OC.png HTTP/1.1" 304 0
INFO: "GET /static/main/js/fontawesome.js HTTP/1.1" 304 0
INFO: "GET /static/main/js/navbar.js HTTP/1.1" 304 0
WARNING: "GET /static/main/webfonts/fa-solid-900.woff2 HTTP/1.1" 404 179
WARNING: "GET /static/main/webfonts/fa-solid-900.ttf HTTP/1.1" 404 179
INFO: L:\oneSource_Live\oneSource\STORE\views.py changed, reloading.
INFO: Watching for file changes with StatReloader
INFO: "POST /admin/HR/overtimereport/process_import/ HTTP/1.1" 302 0
INFO: "GET /admin/HR/overtimereport/ HTTP/1.1" 200 101847
INFO: "GET /static/admin/css/base.css HTTP/1.1" 304 0
INFO: "GET /static/admin/css/dark_mode.css HTTP/1.1" 304 0
INFO: "GET /static/admin/css/responsive.css HTTP/1.1" 304 0
INFO: "GET /static/admin/css/nav_sidebar.css HTTP/1.1" 304 0
INFO: "GET /static/admin/js/vendor/jquery/jquery.min.js HTTP/1.1" 304 0
INFO: "GET /static/admin/js/core.js HTTP/1.1" 304 0
INFO: "GET /static/admin/css/changelists.css HTTP/1.1" 304 0
INFO: "GET /static/admin/js/actions.js HTTP/1.1" 304 0
INFO: "GET /static/admin/js/admin/RelatedObjectLookups.js HTTP/1.1" 304 0
INFO: "GET /static/admin/js/urlify.js HTTP/1.1" 304 0
INFO: "GET /static/admin/js/vendor/xregexp/xregexp.min.js HTTP/1.1" 304 0
INFO: "GET /static/admin/js/prepopulate.js HTTP/1.1" 304 0
INFO: "GET /static/admin/js/jquery.init.js HTTP/1.1" 304 0
INFO: "GET /static/admin/img/search.svg HTTP/1.1" 304 0
INFO: "GET /static/admin/js/theme.js HTTP/1.1" 304 0
INFO: "GET /admin/jsi18n/ HTTP/1.1" 200 3342
INFO: "GET /static/admin/js/nav_sidebar.js HTTP/1.1" 304 0
INFO: "GET /static/admin/js/filters.js HTTP/1.1" 304 0
INFO: "GET /static/admin/img/icon-addlink.svg HTTP/1.1" 304 0
INFO: "GET /static/admin/img/tooltag-add.svg HTTP/1.1" 304 0
INFO: "GET /static/admin/img/icon-yes.svg HTTP/1.1" 304 0
INFO: "GET /static/admin/img/icon-viewlink.svg HTTP/1.1" 304 0
INFO: User 'ocadmin' tried to access login page but is already authenticated.
INFO: "GET / HTTP/1.1" 302 0
INFO: User 'ocadmin' accessed index page.
INFO: "GET /indexpage/ HTTP/1.1" 200 23566
INFO: "GET /static/main/css/navbar.css HTTP/1.1" 304 0
INFO: "GET /static/main/images/HRModule.png HTTP/1.1" 304 0
INFO: "GET /static/main/css/fontawesome.css HTTP/1.1" 304 0
INFO: "GET /static/main/css/main.css HTTP/1.1" 304 0
INFO: "GET /static/main/images/OC.png HTTP/1.1" 304 0
INFO: "GET /static/main/images/WarehouseModule.png HTTP/1.1" 304 0
INFO: "GET /static/main/images/ProductionModule.png HTTP/1.1" 304 0
INFO: "GET /static/main/images/QualityControlModule.png HTTP/1.1" 304 0
INFO: "GET /static/main/js/fontawesome.js HTTP/1.1" 304 0
INFO: "GET /static/main/js/navbar.js HTTP/1.1" 304 0
INFO: "GET /static/main/images/ETP%20Module.png HTTP/1.1" 304 0
INFO: "GET /static/main/images/EHSModule.png HTTP/1.1" 304 0
WARNING: "GET /static/main/webfonts/fa-solid-900.woff2 HTTP/1.1" 404 179
WARNING: "GET /static/main/webfonts/fa-solid-900.ttf HTTP/1.1" 404 179
INFO: Vehicle list viewed by ocadmin with filters: {'reporting_date': '', 'name_of_supplier': '', 'material': '', 'name_of_transporter': '', 'status': ''}
INFO: "GET /vehicle_list/ HTTP/1.1" 200 40862
WARNING: "GET /static/main/webfonts/fa-solid-900.woff2 HTTP/1.1" 404 179
WARNING: "GET /static/main/webfonts/fa-solid-900.ttf HTTP/1.1" 404 179
INFO: "GET /vehicle-chart-report/ HTTP/1.1" 200 25735
WARNING: "GET /static/main/webfonts/fa-solid-900.woff2 HTTP/1.1" 404 179
WARNING: "GET /static/main/webfonts/fa-solid-900.ttf HTTP/1.1" 404 179
INFO: "GET /admin/ HTTP/1.1" 200 19689
INFO: "GET /static/admin/css/base.css HTTP/1.1" 304 0
INFO: "GET /static/admin/js/theme.js HTTP/1.1" 304 0
INFO: "GET /static/admin/css/dark_mode.css HTTP/1.1" 304 0
INFO: "GET /static/admin/css/nav_sidebar.css HTTP/1.1" 304 0
INFO: "GET /static/admin/css/dashboard.css HTTP/1.1" 304 0
INFO: "GET /static/admin/js/nav_sidebar.js HTTP/1.1" 304 0
INFO: "GET /static/admin/css/responsive.css HTTP/1.1" 304 0
INFO: "GET /static/admin/img/icon-changelink.svg HTTP/1.1" 304 0
INFO: "GET /admin/HR/late_early_go/ HTTP/1.1" 200 108269
INFO: "GET /static/admin/js/jquery.init.js HTTP/1.1" 304 0
INFO: "GET /static/admin/js/admin/RelatedObjectLookups.js HTTP/1.1" 304 0
INFO: "GET /static/admin/js/vendor/jquery/jquery.min.js HTTP/1.1" 304 0
INFO: "GET /static/admin/js/core.js HTTP/1.1" 304 0
INFO: "GET /static/admin/js/actions.js HTTP/1.1" 304 0
INFO: "GET /static/admin/css/changelists.css HTTP/1.1" 304 0
INFO: "GET /static/admin/js/vendor/xregexp/xregexp.min.js HTTP/1.1" 304 0
INFO: "GET /static/admin/js/prepopulate.js HTTP/1.1" 304 0
INFO: "GET /static/admin/img/search.svg HTTP/1.1" 304 0
INFO: "GET /static/admin/js/urlify.js HTTP/1.1" 304 0
INFO: "GET /static/admin/js/filters.js HTTP/1.1" 304 0
INFO: "GET /admin/jsi18n/ HTTP/1.1" 200 3342
INFO: "GET /admin/HR/late_early_go/import/ HTTP/1.1" 200 15230
INFO: "GET /static/admin/css/forms.css HTTP/1.1" 304 0
INFO: "GET /static/import_export/import.css HTTP/1.1" 304 0
INFO: "GET /static/import_export/guess_format.js HTTP/1.1" 304 0
INFO: "GET /static/admin/css/widgets.css HTTP/1.1" 304 0
INFO: "GET /admin/jsi18n/ HTTP/1.1" 200 3342
INFO: "POST /admin/HR/late_early_go/import/ HTTP/1.1" 200 28946
INFO: "GET /admin/jsi18n/ HTTP/1.1" 200 3342
INFO: "POST /admin/HR/late_early_go/process_import/ HTTP/1.1" 302 0
INFO: "GET /admin/HR/late_early_go/ HTTP/1.1" 200 108531
INFO: "GET /admin/jsi18n/ HTTP/1.1" 200 3342
INFO: "GET /static/admin/img/icon-yes.svg HTTP/1.1" 304 0
INFO: "GET /admin/HR/attendanceregulation/ HTTP/1.1" 200 98278
INFO: "GET /admin/jsi18n/ HTTP/1.1" 200 3342
INFO: "GET /static/admin/img/sorting-icons.svg HTTP/1.1" 304 0
INFO: "GET /admin/HR/attendanceregulation/import/ HTTP/1.1" 200 15437
INFO: "GET /admin/jsi18n/ HTTP/1.1" 200 3342
INFO: "POST /admin/HR/attendanceregulation/import/ HTTP/1.1" 200 75239
INFO: "GET /admin/jsi18n/ HTTP/1.1" 200 3342
INFO: "POST /admin/HR/attendanceregulation/process_import/ HTTP/1.1" 302 0
INFO: "GET /admin/HR/attendanceregulation/ HTTP/1.1" 200 98374
INFO: "GET /admin/jsi18n/ HTTP/1.1" 200 3342
INFO: "GET /admin/HR/shortleave/ HTTP/1.1" 200 61578
INFO: "GET /static/admin/css/base.css HTTP/1.1" 304 0
INFO: "GET /static/admin/css/nav_sidebar.css HTTP/1.1" 304 0
INFO: "GET /static/admin/css/dark_mode.css HTTP/1.1" 304 0
INFO: "GET /static/admin/css/responsive.css HTTP/1.1" 304 0
INFO: "GET /static/admin/js/jquery.init.js HTTP/1.1" 304 0
INFO: "GET /static/admin/js/core.js HTTP/1.1" 304 0
INFO: "GET /static/admin/js/admin/RelatedObjectLookups.js HTTP/1.1" 304 0
INFO: "GET /static/admin/js/urlify.js HTTP/1.1" 304 0
INFO: "GET /static/admin/js/actions.js HTTP/1.1" 304 0
INFO: "GET /static/admin/js/prepopulate.js HTTP/1.1" 304 0
INFO: "GET /static/admin/js/vendor/xregexp/xregexp.min.js HTTP/1.1" 304 0
INFO: "GET /admin/jsi18n/ HTTP/1.1" 200 3342
INFO: "GET /static/admin/img/search.svg HTTP/1.1" 304 0
INFO: "GET /static/admin/css/changelists.css HTTP/1.1" 304 0
INFO: "GET /static/admin/js/vendor/jquery/jquery.min.js HTTP/1.1" 304 0
INFO: "GET /static/admin/js/theme.js HTTP/1.1" 304 0
INFO: "GET /static/admin/js/nav_sidebar.js HTTP/1.1" 304 0
INFO: "GET /static/admin/js/filters.js HTTP/1.1" 304 0
INFO: "GET /admin/HR/shortleave/import/ HTTP/1.1" 200 15413
INFO: "GET /static/import_export/import.css HTTP/1.1" 304 0
INFO: "GET /static/admin/css/forms.css HTTP/1.1" 304 0
INFO: "GET /static/import_export/guess_format.js HTTP/1.1" 304 0
INFO: "GET /static/admin/css/widgets.css HTTP/1.1" 304 0
INFO: "GET /admin/jsi18n/ HTTP/1.1" 200 3342
INFO: "POST /admin/HR/shortleave/import/ HTTP/1.1" 200 33273
INFO: "GET /admin/jsi18n/ HTTP/1.1" 200 3342
INFO: "POST /admin/HR/shortleave/process_import/ HTTP/1.1" 302 0
INFO: "GET /admin/HR/shortleave/ HTTP/1.1" 200 62819
INFO: "GET /admin/jsi18n/ HTTP/1.1" 200 3342
INFO: "GET /static/admin/img/icon-yes.svg HTTP/1.1" 304 0
INFO: "GET /admin/HR/dailyattendance/ HTTP/1.1" 200 68964
INFO: "GET /admin/jsi18n/ HTTP/1.1" 200 3342
INFO: "GET /admin/HR/dailyattendance/import/ HTTP/1.1" 200 15408
INFO: "GET /admin/jsi18n/ HTTP/1.1" 200 3342
INFO: "POST /admin/HR/dailyattendance/import/ HTTP/1.1" 200 669246
INFO: "GET /admin/jsi18n/ HTTP/1.1" 200 3342
INFO: "POST /admin/HR/dailyattendance/process_import/ HTTP/1.1" 302 0
INFO: "GET /admin/HR/dailyattendance/ HTTP/1.1" 200 69154
INFO: "GET /admin/jsi18n/ HTTP/1.1" 200 3342
INFO: "GET /add_vehicle/ HTTP/1.1" 200 14168
INFO: "GET /static/main/css/fontawesome.css HTTP/1.1" 304 0
INFO: "GET /static/main/css/main.css HTTP/1.1" 304 0
INFO: "GET /static/store/css/store.css HTTP/1.1" 304 0
INFO: "GET /static/main/css/navbar.css HTTP/1.1" 304 0
INFO: "GET /static/store/js/vehicle_page.js HTTP/1.1" 304 0
INFO: "GET /static/main/js/fontawesome.js HTTP/1.1" 304 0
INFO: "GET /static/main/js/navbar.js HTTP/1.1" 304 0
WARNING: "GET /static/main/webfonts/fa-solid-900.woff2 HTTP/1.1" 404 179
WARNING: "GET /static/main/webfonts/fa-solid-900.ttf HTTP/1.1" 404 179
INFO: Vehicle list viewed by sudarshan.j with filters: {'reporting_date': '', 'name_of_supplier': '', 'material': '', 'name_of_transporter': '', 'status': ''}
INFO: "GET /vehicle_list/ HTTP/1.1" 200 26724
WARNING: "GET /static/main/webfonts/fa-solid-900.woff2 HTTP/1.1" 404 179
WARNING: "GET /static/main/webfonts/fa-solid-900.ttf HTTP/1.1" 404 179
INFO: Vehicle list viewed by sudarshan.j with filters: {'reporting_date': '', 'name_of_supplier': '', 'material': '', 'name_of_transporter': '', 'status': 'Pending'}
INFO: "GET /vehicle_list/?reporting_date=&name_of_supplier=&material=&name_of_transporter=&status=Pending HTTP/1.1" 200 14752
WARNING: "GET /static/main/webfonts/fa-solid-900.woff2 HTTP/1.1" 404 179
WARNING: "GET /static/main/webfonts/fa-solid-900.ttf HTTP/1.1" 404 179
INFO: "GET /add_vehicle/ HTTP/1.1" 200 14168
WARNING: "GET /static/main/webfonts/fa-solid-900.woff2 HTTP/1.1" 404 179
WARNING: "GET /static/main/webfonts/fa-solid-900.ttf HTTP/1.1" 404 179
INFO: Found 1398 suppliers for search ''
INFO: "GET /search_supplier/ HTTP/1.1" 200 114040
INFO: Found 3 suppliers for search 'oc s'
INFO: "GET /search_supplier/?term=oc%20s HTTP/1.1" 200 294
INFO: Found 3 suppliers for search 'oc spe'
INFO: "GET /search_supplier/?term=oc%20spe HTTP/1.1" 200 294
INFO: Found 3 suppliers for search 'oc speciali'
INFO: "GET /search_supplier/?term=oc%20speciali HTTP/1.1" 200 294
INFO: Found 3 suppliers for search 'oc specialiti'
INFO: "GET /search_supplier/?term=oc%20specialiti HTTP/1.1" 200 294
INFO: Found 3 suppliers for search 'oc specialities'
INFO: "GET /search_supplier/?term=oc%20specialities HTTP/1.1" 200 294
INFO: Found 8027 items for search ''
INFO: "GET /search_item/ HTTP/1.1" 200 897056
INFO: Found 3031 items for search '2'
INFO: "GET /search_item/?term=2 HTTP/1.1" 200 416222
INFO: Found 1 items for search '2,4 DICHLORO TOLU'
INFO: "GET /search_item/?term=2%2C4%20DICHLORO%20TOLU HTTP/1.1" 200 72
INFO: Found 1 items for search '2,4 DICHLORO'
INFO: "GET /search_item/?term=2%2C4%20DICHLORO HTTP/1.1" 200 72
INFO: Found 1 items for search '2,4 DICHLORO TOLUENE'
INFO: "GET /search_item/?term=2%2C4%20DICHLORO%20TOLUENE HTTP/1.1" 200 72
INFO: Found 1 items for search '2,4 DIC'
INFO: "GET /search_item/?term=2%2C4%20DIC HTTP/1.1" 200 72
INFO: Found 1 items for search '2,4 DICH'
INFO: "GET /search_item/?term=2%2C4%20DICH HTTP/1.1" 200 72
INFO: Found 1 items for search '2,4 DICHLORO '
INFO: "GET /search_item/?term=2%2C4%20DICHLORO%20 HTTP/1.1" 200 72
INFO: Found 4 items for search '2,4 '
INFO: "GET /search_item/?term=2%2C4%20 HTTP/1.1" 200 272
INFO: Vehicle added by user: sudarshan.j
INFO: "POST /add_vehicle/ HTTP/1.1" 302 0
INFO: "GET /add_vehicle/ HTTP/1.1" 200 14753
INFO: "GET /static/main/css/fontawesome.css HTTP/1.1" 304 0
INFO: "GET /static/store/css/store.css HTTP/1.1" 304 0
INFO: "GET /static/main/css/main.css HTTP/1.1" 304 0
INFO: "GET /static/main/css/navbar.css HTTP/1.1" 304 0
WARNING: "GET /static/main/webfonts/fa-solid-900.woff2 HTTP/1.1" 404 179
WARNING: "GET /static/main/webfonts/fa-solid-900.ttf HTTP/1.1" 404 179
INFO: "GET /static/store/js/vehicle_page.js HTTP/1.1" 304 0
INFO: "GET /static/main/js/fontawesome.js HTTP/1.1" 304 0
INFO: "GET /static/main/js/navbar.js HTTP/1.1" 304 0
INFO: Vehicle list viewed by sudarshan.j with filters: {'reporting_date': '', 'name_of_supplier': '', 'material': '', 'name_of_transporter': '', 'status': ''}
INFO: "GET /vehicle_list/ HTTP/1.1" 200 26695
WARNING: "GET /static/main/webfonts/fa-solid-900.woff2 HTTP/1.1" 404 179
WARNING: "GET /static/main/webfonts/fa-solid-900.ttf HTTP/1.1" 404 179
INFO: User 'ocadmin' tried to access login page but is already authenticated.
INFO: "GET / HTTP/1.1" 302 0
INFO: User 'ocadmin' accessed index page.
INFO: "GET /indexpage/ HTTP/1.1" 200 23566
INFO: "GET /static/main/css/main.css HTTP/1.1" 304 0
INFO: "GET /static/main/css/fontawesome.css HTTP/1.1" 304 0
INFO: "GET /static/main/images/OC.png HTTP/1.1" 304 0
INFO: "GET /static/main/css/navbar.css HTTP/1.1" 304 0
INFO: "GET /static/main/images/WarehouseModule.png HTTP/1.1" 304 0
INFO: "GET /static/main/images/QualityControlModule.png HTTP/1.1" 304 0
INFO: "GET /static/main/images/HRModule.png HTTP/1.1" 304 0
INFO: "GET /static/main/images/ProductionModule.png HTTP/1.1" 304 0
INFO: "GET /static/main/js/fontawesome.js HTTP/1.1" 304 0
INFO: "GET /static/main/js/navbar.js HTTP/1.1" 304 0
INFO: "GET /static/main/images/ETP%20Module.png HTTP/1.1" 304 0
INFO: "GET /static/main/images/EHSModule.png HTTP/1.1" 304 0
WARNING: "GET /static/main/webfonts/fa-solid-900.woff2 HTTP/1.1" 404 179
WARNING: "GET /static/main/webfonts/fa-solid-900.ttf HTTP/1.1" 404 179
INFO: "GET /add_vehicle/ HTTP/1.1" 200 14168
WARNING: "GET /static/main/webfonts/fa-solid-900.woff2 HTTP/1.1" 404 179
WARNING: "GET /static/main/webfonts/fa-solid-900.ttf HTTP/1.1" 404 179
INFO: "GET /attendance/summary/ HTTP/1.1" 200 29326
WARNING: "GET /static/main/webfonts/fa-solid-900.woff2 HTTP/1.1" 404 179
WARNING: "GET /static/main/webfonts/fa-solid-900.ttf HTTP/1.1" 404 179
INFO: Found 1398 suppliers for search ''
INFO: "GET /search_supplier/ HTTP/1.1" 200 114040
INFO: Found 103 suppliers for search 'SA'
INFO: "GET /search_supplier/?term=SA HTTP/1.1" 200 8768
INFO: Found 8 suppliers for search 'SAN'
INFO: "GET /search_supplier/?term=SAN HTTP/1.1" 200 680
INFO: Found 1 suppliers for search 'SANCH'
INFO: "GET /search_supplier/?term=SANCH HTTP/1.1" 200 82
INFO: Found 8027 items for search ''
INFO: "GET /search_item/ HTTP/1.1" 200 897056
INFO: Found 6166 items for search 'S'
INFO: "GET /search_item/?term=S HTTP/1.1" 200 755316
INFO: Found 3 items for search 'SODIUM NI'
INFO: "GET /search_item/?term=SODIUM%20NI HTTP/1.1" 200 198
INFO: Found 3 items for search 'SODIUM NIT'
INFO: "GET /search_item/?term=SODIUM%20NIT HTTP/1.1" 200 198
INFO: "GET /attendance/summary/?start_date=2025-05-13&end_date=2025-05-13&company=&branch=Mumbai&department=&shift_code= HTTP/1.1" 200 27759
WARNING: "GET /static/main/webfonts/fa-solid-900.woff2 HTTP/1.1" 404 179
WARNING: "GET /static/main/webfonts/fa-solid-900.ttf HTTP/1.1" 404 179
INFO: "GET /attendance/summary/P%20%7C%20P/?start_date=2025-05-13&end_date=2025-05-13&company=&branch=Mumbai&department=&shift_code= HTTP/1.1" 200 55604
WARNING: "GET /static/main/webfonts/fa-solid-900.woff2 HTTP/1.1" 404 179
WARNING: "GET /static/main/webfonts/fa-solid-900.ttf HTTP/1.1" 404 179
INFO: "GET /attendance/summary/P%20%7C%20P/?start_date=2025-05-13&end_date=2025-05-13&company=&branch=Mumbai&department=&shift_code=&search_name=suyog HTTP/1.1" 200 30136
WARNING: "GET /static/main/webfonts/fa-solid-900.woff2 HTTP/1.1" 404 179
WARNING: "GET /static/main/webfonts/fa-solid-900.ttf HTTP/1.1" 404 179
INFO: "GET /attendance/summary/P%20%7C%20P/ HTTP/1.1" 200 12806869
WARNING: "GET /static/main/webfonts/fa-solid-900.woff2 HTTP/1.1" 404 179
WARNING: "GET /static/main/webfonts/fa-solid-900.ttf HTTP/1.1" 404 179
INFO: "GET /attendance/summary/ HTTP/1.1" 200 29326
INFO: - Broken pipe from ('192.168.1.253', 49792)
INFO: "GET /attendance/summary/ HTTP/1.1" 200 29326
INFO: "GET /attendance/summary/ HTTP/1.1" 200 29326
WARNING: "GET /static/main/webfonts/fa-solid-900.woff2 HTTP/1.1" 404 179
WARNING: "GET /static/main/webfonts/fa-solid-900.ttf HTTP/1.1" 404 179
INFO: Vehicle added by user: sudarshan.j
INFO: "POST /add_vehicle/ HTTP/1.1" 302 0
INFO: "GET /add_vehicle/ HTTP/1.1" 200 14753
INFO: "GET /static/main/css/fontawesome.css HTTP/1.1" 304 0
INFO: "GET /static/main/css/main.css HTTP/1.1" 304 0
INFO: "GET /static/main/css/navbar.css HTTP/1.1" 304 0
INFO: "GET /static/store/css/store.css HTTP/1.1" 304 0
INFO: "GET /static/store/js/vehicle_page.js HTTP/1.1" 304 0
INFO: "GET /static/main/js/fontawesome.js HTTP/1.1" 304 0
INFO: "GET /static/main/js/navbar.js HTTP/1.1" 304 0
WARNING: "GET /static/main/webfonts/fa-solid-900.woff2 HTTP/1.1" 404 179
WARNING: "GET /static/main/webfonts/fa-solid-900.ttf HTTP/1.1" 404 179
INFO: Vehicle list viewed by sudarshan.j with filters: {'reporting_date': '', 'name_of_supplier': '', 'material': '', 'name_of_transporter': '', 'status': ''}
INFO: "GET /vehicle_list/ HTTP/1.1" 200 26694
WARNING: "GET /static/main/webfonts/fa-solid-900.woff2 HTTP/1.1" 404 179
WARNING: "GET /static/main/webfonts/fa-solid-900.ttf HTTP/1.1" 404 179
INFO: "GET /vehicle-chart-report/ HTTP/1.1" 200 17146
WARNING: "GET /static/main/webfonts/fa-solid-900.woff2 HTTP/1.1" 404 179
WARNING: "GET /static/main/webfonts/fa-solid-900.ttf HTTP/1.1" 404 179
INFO: "GET /attendance/summary/?start_date=2025-05-13&end_date=2025-05-13&company=&branch=Solapur&department=&shift_code= HTTP/1.1" 200 28846
INFO: "GET /static/main/css/main.css HTTP/1.1" 304 0
INFO: "GET /static/main/css/fontawesome.css HTTP/1.1" 304 0
INFO: "GET /static/main/js/fontawesome.js HTTP/1.1" 304 0
INFO: "GET /static/main/images/OC.png HTTP/1.1" 304 0
INFO: "GET /static/main/css/navbar.css HTTP/1.1" 304 0
INFO: "GET /static/main/js/navbar.js HTTP/1.1" 304 0
WARNING: "GET /static/main/webfonts/fa-solid-900.woff2 HTTP/1.1" 404 179
WARNING: "GET /static/main/webfonts/fa-solid-900.ttf HTTP/1.1" 404 179
INFO: "GET /attendance/summary/A%20%7C%20A/?start_date=2025-05-13&end_date=2025-05-13&company=&branch=Solapur&department=&shift_code= HTTP/1.1" 200 390498
WARNING: "GET /static/main/webfonts/fa-solid-900.woff2 HTTP/1.1" 404 179
WARNING: "GET /static/main/webfonts/fa-solid-900.ttf HTTP/1.1" 404 179
INFO: Vehicle list viewed by sudarshan.j with filters: {'reporting_date': '', 'name_of_supplier': '', 'material': '', 'name_of_transporter': '', 'status': ''}
INFO: "GET /vehicle_list/ HTTP/1.1" 200 26694
WARNING: "GET /static/main/webfonts/fa-solid-900.woff2 HTTP/1.1" 404 179
WARNING: "GET /static/main/webfonts/fa-solid-900.ttf HTTP/1.1" 404 179
INFO: "GET /attendance/summary/ HTTP/1.1" 200 29326
WARNING: "GET /static/main/webfonts/fa-solid-900.woff2 HTTP/1.1" 404 179
WARNING: "GET /static/main/webfonts/fa-solid-900.ttf HTTP/1.1" 404 179
INFO: Vehicle list viewed by sudarshan.j with filters: {'reporting_date': '', 'name_of_supplier': '', 'material': '', 'name_of_transporter': '', 'status': 'Pending'}
INFO: "GET /vehicle_list/?reporting_date=&name_of_supplier=&material=&name_of_transporter=&status=Pending HTTP/1.1" 200 16214
WARNING: "GET /static/main/webfonts/fa-solid-900.woff2 HTTP/1.1" 404 179
WARNING: "GET /static/main/webfonts/fa-solid-900.ttf HTTP/1.1" 404 179
INFO: "GET /attendance/summary/A%20%7C%20A/?start_date=2025-05-13&end_date=2025-05-13&company=&branch=&department=&shift_code= HTTP/1.1" 200 553655
WARNING: "GET /static/main/webfonts/fa-solid-900.woff2 HTTP/1.1" 404 179
WARNING: "GET /static/main/webfonts/fa-solid-900.ttf HTTP/1.1" 404 179
INFO: User 'sudarshan.j' logged out.
INFO: "GET /userlogout/ HTTP/1.1" 302 0
INFO: "GET / HTTP/1.1" 200 5659
INFO: "GET /static/main/images/OC_white_logo.png HTTP/1.1" 304 0
INFO: "GET /attendance/summary/ HTTP/1.1" 200 29326
WARNING: "GET /static/main/webfonts/fa-solid-900.woff2 HTTP/1.1" 404 179
WARNING: "GET /static/main/webfonts/fa-solid-900.ttf HTTP/1.1" 404 179
INFO: User 'taufik.s' logged in successfully.
INFO: "POST / HTTP/1.1" 302 0
INFO: User 'taufik.s' accessed index page.
INFO: "GET /indexpage/ HTTP/1.1" 200 9065
INFO: "GET /static/main/images/WarehouseModule.png HTTP/1.1" 304 0
WARNING: "GET /static/main/webfonts/fa-solid-900.woff2 HTTP/1.1" 404 179
WARNING: "GET /static/main/webfonts/fa-solid-900.ttf HTTP/1.1" 404 179
INFO: Vehicle list viewed by taufik.s with filters: {'reporting_date': '', 'name_of_supplier': '', 'material': '', 'name_of_transporter': '', 'status': ''}
INFO: "GET /vehicle_list/ HTTP/1.1" 200 26691
WARNING: "GET /static/main/webfonts/fa-solid-900.woff2 HTTP/1.1" 404 179
WARNING: "GET /static/main/webfonts/fa-solid-900.ttf HTTP/1.1" 404 179
INFO: Found 528 items for search 'SO'
INFO: "GET /search_item/?term=SO HTTP/1.1" 200 64824
INFO: User 'ocadmin' tried to access login page but is already authenticated.
INFO: "GET / HTTP/1.1" 302 0
INFO: User 'ocadmin' accessed index page.
INFO: "GET /indexpage/ HTTP/1.1" 200 23566
INFO: "GET /static/main/css/main.css HTTP/1.1" 304 0
INFO: "GET /static/main/images/HRModule.png HTTP/1.1" 304 0
INFO: "GET /static/main/css/fontawesome.css HTTP/1.1" 304 0
INFO: "GET /static/main/images/WarehouseModule.png HTTP/1.1" 304 0
INFO: "GET /static/main/images/QualityControlModule.png HTTP/1.1" 304 0
INFO: "GET /static/main/images/ProductionModule.png HTTP/1.1" 304 0
INFO: "GET /static/main/js/fontawesome.js HTTP/1.1" 304 0
INFO: "GET /static/main/images/OC.png HTTP/1.1" 304 0
INFO: "GET /static/main/css/navbar.css HTTP/1.1" 304 0
INFO: "GET /static/main/js/navbar.js HTTP/1.1" 304 0
INFO: "GET /static/main/images/ETP%20Module.png HTTP/1.1" 304 0
INFO: "GET /static/main/images/EHSModule.png HTTP/1.1" 304 0
WARNING: "GET /static/main/webfonts/fa-solid-900.woff2 HTTP/1.1" 404 179
WARNING: "GET /static/main/webfonts/fa-solid-900.ttf HTTP/1.1" 404 179
INFO: Vehicle list viewed by ocadmin with filters: {'reporting_date': '', 'name_of_supplier': '', 'material': '', 'name_of_transporter': '', 'status': ''}
INFO: "GET /vehicle_list/ HTTP/1.1" 200 40832
WARNING: "GET /static/main/webfonts/fa-solid-900.woff2 HTTP/1.1" 404 179
WARNING: "GET /static/main/webfonts/fa-solid-900.ttf HTTP/1.1" 404 179
INFO: "GET /vehicle-chart-report/ HTTP/1.1" 200 25984
WARNING: "GET /static/main/webfonts/fa-solid-900.woff2 HTTP/1.1" 404 179
WARNING: "GET /static/main/webfonts/fa-solid-900.ttf HTTP/1.1" 404 179
INFO: User 'ocadmin' tried to access login page but is already authenticated.
INFO: "GET / HTTP/1.1" 302 0
INFO: User 'ocadmin' accessed index page.
INFO: "GET /indexpage/ HTTP/1.1" 200 23566
INFO: "GET /static/main/css/fontawesome.css HTTP/1.1" 304 0
INFO: "GET /static/main/images/HRModule.png HTTP/1.1" 304 0
INFO: "GET /static/main/css/main.css HTTP/1.1" 304 0
INFO: "GET /static/main/images/OC.png HTTP/1.1" 304 0
INFO: "GET /static/main/css/navbar.css HTTP/1.1" 304 0
INFO: "GET /static/main/images/WarehouseModule.png HTTP/1.1" 304 0
INFO: "GET /static/main/images/ProductionModule.png HTTP/1.1" 304 0
INFO: "GET /static/main/js/fontawesome.js HTTP/1.1" 304 0
INFO: "GET /static/main/images/QualityControlModule.png HTTP/1.1" 304 0
INFO: "GET /static/main/js/navbar.js HTTP/1.1" 304 0
INFO: "GET /static/main/images/ETP%20Module.png HTTP/1.1" 304 0
INFO: "GET /static/main/images/EHSModule.png HTTP/1.1" 304 0
WARNING: "GET /static/main/webfonts/fa-solid-900.woff2 HTTP/1.1" 404 179
WARNING: "GET /static/main/webfonts/fa-solid-900.ttf HTTP/1.1" 404 179
INFO: Vehicle list viewed by taufik.s with filters: {'reporting_date': '', 'name_of_supplier': '', 'material': '', 'name_of_transporter': '', 'status': 'Pending'}
INFO: "GET /vehicle_list/?reporting_date=&name_of_supplier=&material=&name_of_transporter=&status=Pending HTTP/1.1" 200 16211
INFO: "GET /static/main/css/main.css HTTP/1.1" 304 0
INFO: "GET /static/main/css/fontawesome.css HTTP/1.1" 304 0
INFO: "GET /static/main/js/navbar.js HTTP/1.1" 304 0
INFO: "GET /static/main/css/navbar.css HTTP/1.1" 304 0
INFO: "GET /static/main/js/fontawesome.js HTTP/1.1" 304 0
WARNING: "GET /static/main/webfonts/fa-solid-900.woff2 HTTP/1.1" 404 179
WARNING: "GET /static/main/webfonts/fa-solid-900.ttf HTTP/1.1" 404 179
INFO: User 'taufik.s' logged out.
INFO: "GET /userlogout/ HTTP/1.1" 302 0
INFO: "GET / HTTP/1.1" 200 5659
INFO: "GET /static/main/images/OC_white_logo.png HTTP/1.1" 304 0
INFO: User 'ocadmin' tried to access login page but is already authenticated.
INFO: "GET / HTTP/1.1" 302 0
INFO: User 'ocadmin' accessed index page.
INFO: "GET /indexpage/ HTTP/1.1" 200 23566
INFO: "GET /static/main/css/fontawesome.css HTTP/1.1" 304 0
INFO: "GET /static/main/css/main.css HTTP/1.1" 304 0
INFO: "GET /static/main/images/OC.png HTTP/1.1" 304 0
INFO: "GET /static/main/images/HRModule.png HTTP/1.1" 304 0
INFO: "GET /static/main/css/navbar.css HTTP/1.1" 304 0
INFO: "GET /static/main/images/WarehouseModule.png HTTP/1.1" 304 0
INFO: "GET /static/main/images/QualityControlModule.png HTTP/1.1" 304 0
INFO: "GET /static/main/images/ProductionModule.png HTTP/1.1" 304 0
INFO: "GET /static/main/js/fontawesome.js HTTP/1.1" 304 0
INFO: "GET /static/main/js/navbar.js HTTP/1.1" 304 0
INFO: "GET /static/main/images/ETP%20Module.png HTTP/1.1" 304 0
INFO: "GET /static/main/images/EHSModule.png HTTP/1.1" 304 0
WARNING: "GET /static/main/webfonts/fa-solid-900.woff2 HTTP/1.1" 404 179
WARNING: "GET /static/main/webfonts/fa-solid-900.ttf HTTP/1.1" 404 179
INFO: "GET / HTTP/1.1" 200 5216
INFO: "GET /static/main/images/OC_white_logo.png HTTP/1.1" 200 1045138
WARNING: "GET /favicon.ico HTTP/1.1" 404 179
INFO: User 'sachin.p' tried to access login page but is already authenticated.
INFO: "GET / HTTP/1.1" 302 0
INFO: User 'sachin.p' accessed index page.
INFO: "GET /indexpage/ HTTP/1.1" 200 9398
INFO: "GET /static/main/css/fontawesome.css HTTP/1.1" 304 0
INFO: "GET /static/main/css/main.css HTTP/1.1" 304 0
INFO: "GET /static/main/css/navbar.css HTTP/1.1" 304 0
INFO: "GET /static/main/images/OC.png HTTP/1.1" 304 0
INFO: "GET /static/main/images/HRModule.png HTTP/1.1" 304 0
INFO: "GET /static/main/js/fontawesome.js HTTP/1.1" 304 0
INFO: "GET /static/main/js/navbar.js HTTP/1.1" 304 0
WARNING: "GET /static/main/webfonts/fa-solid-900.woff2 HTTP/1.1" 404 179
WARNING: "GET /static/main/webfonts/fa-solid-900.ttf HTTP/1.1" 404 179
WARNING: "GET /favicon.ico HTTP/1.1" 404 179
INFO: "GET /attendance/summary/ HTTP/1.1" 200 21292
WARNING: "GET /static/main/webfonts/fa-solid-900.woff2 HTTP/1.1" 404 179
WARNING: "GET /static/main/webfonts/fa-solid-900.ttf HTTP/1.1" 404 179
INFO: User 'sachin.p' accessed index page.
INFO: "GET /indexpage/ HTTP/1.1" 200 9398
WARNING: "GET /static/main/webfonts/fa-solid-900.woff2 HTTP/1.1" 404 179
WARNING: "GET /static/main/webfonts/fa-solid-900.ttf HTTP/1.1" 404 179
INFO: "GET /admin/ HTTP/1.1" 200 10452
INFO: "GET /static/admin/css/base.css HTTP/1.1" 304 0
INFO: "GET /static/admin/css/nav_sidebar.css HTTP/1.1" 304 0
INFO: "GET /static/admin/css/dark_mode.css HTTP/1.1" 304 0
INFO: "GET /static/admin/css/dashboard.css HTTP/1.1" 304 0
INFO: "GET /static/admin/css/responsive.css HTTP/1.1" 304 0
INFO: "GET /static/admin/js/theme.js HTTP/1.1" 304 0
INFO: "GET /static/admin/js/nav_sidebar.js HTTP/1.1" 304 0
INFO: "GET /static/admin/img/icon-addlink.svg HTTP/1.1" 304 0
INFO: "GET /static/admin/img/icon-viewlink.svg HTTP/1.1" 304 0
INFO: "GET /static/admin/img/icon-changelink.svg HTTP/1.1" 304 0
INFO: "GET /admin/HR/dailyattendance/ HTTP/1.1" 200 44244
INFO: "GET /static/admin/css/changelists.css HTTP/1.1" 304 0
INFO: "GET /static/admin/js/vendor/jquery/jquery.min.js HTTP/1.1" 304 0
INFO: "GET /static/admin/js/jquery.init.js HTTP/1.1" 304 0
INFO: "GET /static/admin/js/core.js HTTP/1.1" 304 0
INFO: "GET /static/admin/js/admin/RelatedObjectLookups.js HTTP/1.1" 304 0
INFO: "GET /static/admin/js/actions.js HTTP/1.1" 304 0
INFO: "GET /static/admin/js/urlify.js HTTP/1.1" 304 0
INFO: "GET /static/admin/img/search.svg HTTP/1.1" 304 0
INFO: "GET /static/admin/js/vendor/xregexp/xregexp.min.js HTTP/1.1" 304 0
INFO: "GET /static/admin/js/prepopulate.js HTTP/1.1" 304 0
INFO: "GET /static/admin/js/filters.js HTTP/1.1" 304 0
INFO: "GET /static/admin/img/tooltag-add.svg HTTP/1.1" 200 331
INFO: "GET /static/admin/img/sorting-icons.svg HTTP/1.1" 200 1097
INFO: User 'sachin.p' tried to access login page but is already authenticated.
INFO: "GET / HTTP/1.1" 302 0
INFO: User 'sachin.p' accessed index page.
INFO: "GET /indexpage/ HTTP/1.1" 200 9398
WARNING: "GET /static/main/webfonts/fa-solid-900.woff2 HTTP/1.1" 404 179
WARNING: "GET /static/main/webfonts/fa-solid-900.ttf HTTP/1.1" 404 179
INFO: "GET /attendance/summary/ HTTP/1.1" 200 21292
WARNING: "GET /static/main/webfonts/fa-solid-900.woff2 HTTP/1.1" 404 179
WARNING: "GET /static/main/webfonts/fa-solid-900.ttf HTTP/1.1" 404 179
INFO: "GET /attendance/summary/?start_date=2025-05-12&end_date=2025-05-12&company=&branch=&department=&shift_code= HTTP/1.1" 200 20757
INFO: "GET /static/main/css/fontawesome.css HTTP/1.1" 304 0
INFO: "GET /static/main/css/main.css HTTP/1.1" 304 0
INFO: "GET /static/main/js/fontawesome.js HTTP/1.1" 304 0
INFO: "GET /static/main/images/OC.png HTTP/1.1" 304 0
INFO: "GET /static/main/css/navbar.css HTTP/1.1" 304 0
INFO: "GET /static/main/js/navbar.js HTTP/1.1" 304 0
WARNING: "GET /static/main/webfonts/fa-solid-900.woff2 HTTP/1.1" 404 179
WARNING: "GET /static/main/webfonts/fa-solid-900.ttf HTTP/1.1" 404 179
INFO: "GET /daily-check-in-summary/ HTTP/1.1" 200 9854
INFO: "GET /mis-report/ HTTP/1.1" 200 255561
INFO: "GET /attendance/summary/ HTTP/1.1" 200 21292
INFO: "GET /static/main/css/fontawesome.css HTTP/1.1" 304 0
INFO: "GET /static/main/css/main.css HTTP/1.1" 304 0
INFO: "GET /static/main/css/navbar.css HTTP/1.1" 304 0
INFO: "GET /static/main/images/OC.png HTTP/1.1" 304 0
INFO: "GET /static/main/js/fontawesome.js HTTP/1.1" 304 0
INFO: "GET /static/main/js/navbar.js HTTP/1.1" 304 0
WARNING: "GET /static/main/webfonts/fa-solid-900.woff2 HTTP/1.1" 404 179
WARNING: "GET /static/main/webfonts/fa-solid-900.ttf HTTP/1.1" 404 179
INFO: "GET /admin/ HTTP/1.1" 200 10452
INFO: "GET /static/admin/css/base.css HTTP/1.1" 304 0
INFO: "GET /static/admin/css/dark_mode.css HTTP/1.1" 304 0
INFO: "GET /static/admin/css/dashboard.css HTTP/1.1" 304 0
INFO: "GET /static/admin/css/nav_sidebar.css HTTP/1.1" 304 0
INFO: "GET /static/admin/css/responsive.css HTTP/1.1" 304 0
INFO: "GET /static/admin/js/theme.js HTTP/1.1" 304 0
INFO: "GET /static/admin/js/nav_sidebar.js HTTP/1.1" 304 0
INFO: "GET /static/admin/img/icon-addlink.svg HTTP/1.1" 304 0
INFO: "GET /static/admin/img/icon-changelink.svg HTTP/1.1" 304 0
INFO: "GET /static/admin/img/icon-viewlink.svg HTTP/1.1" 304 0
INFO: "GET /admin/HR/attendanceregulation/ HTTP/1.1" 200 72022
INFO: "GET /static/admin/css/changelists.css HTTP/1.1" 304 0
INFO: "GET /static/admin/js/admin/RelatedObjectLookups.js HTTP/1.1" 304 0
INFO: "GET /static/admin/js/core.js HTTP/1.1" 304 0
INFO: "GET /static/admin/js/vendor/jquery/jquery.min.js HTTP/1.1" 304 0
INFO: "GET /static/admin/js/jquery.init.js HTTP/1.1" 304 0
INFO: "GET /static/admin/js/actions.js HTTP/1.1" 304 0
INFO: "GET /static/admin/js/urlify.js HTTP/1.1" 304 0
INFO: "GET /static/admin/js/prepopulate.js HTTP/1.1" 304 0
INFO: "GET /static/admin/js/vendor/xregexp/xregexp.min.js HTTP/1.1" 304 0
INFO: "GET /static/admin/img/search.svg HTTP/1.1" 304 0
INFO: "GET /static/admin/js/filters.js HTTP/1.1" 304 0
INFO: "GET /static/admin/img/sorting-icons.svg HTTP/1.1" 304 0
INFO: "GET /static/admin/img/tooltag-add.svg HTTP/1.1" 304 0
INFO: "GET /admin/HR/attendanceregulation/import/ HTTP/1.1" 200 11357
INFO: "GET /static/import_export/guess_format.js HTTP/1.1" 200 711
INFO: "GET /static/import_export/import.css HTTP/1.1" 200 3342
INFO: "GET /static/admin/css/forms.css HTTP/1.1" 200 9090
INFO: "GET /admin/jsi18n/ HTTP/1.1" 200 3342
INFO: "GET /static/admin/css/widgets.css HTTP/1.1" 200 11800
INFO: "GET /admin/CANTEEN/shift/ HTTP/1.1" 200 14874
INFO: "GET /static/admin/css/base.css HTTP/1.1" 304 0
INFO: "GET /static/admin/css/dark_mode.css HTTP/1.1" 304 0
INFO: "GET /static/admin/css/nav_sidebar.css HTTP/1.1" 304 0
INFO: "GET /static/admin/css/responsive.css HTTP/1.1" 304 0
INFO: "GET /static/admin/js/theme.js HTTP/1.1" 304 0
INFO: "GET /static/admin/js/nav_sidebar.js HTTP/1.1" 304 0
INFO: "GET /static/admin/img/icon-viewlink.svg HTTP/1.1" 304 0
INFO: "GET /static/admin/img/icon-addlink.svg HTTP/1.1" 304 0
INFO: "GET /admin/ HTTP/1.1" 200 10452
INFO: "GET /static/admin/css/base.css HTTP/1.1" 304 0
INFO: "GET /static/admin/js/theme.js HTTP/1.1" 304 0
INFO: "GET /static/admin/css/responsive.css HTTP/1.1" 304 0
INFO: "GET /static/admin/css/nav_sidebar.css HTTP/1.1" 304 0
INFO: "GET /static/admin/css/dashboard.css HTTP/1.1" 304 0
INFO: "GET /static/admin/css/dark_mode.css HTTP/1.1" 304 0
INFO: "GET /static/admin/js/nav_sidebar.js HTTP/1.1" 304 0
INFO: "GET /static/admin/img/icon-changelink.svg HTTP/1.1" 304 0
INFO: "GET /static/admin/img/icon-viewlink.svg HTTP/1.1" 304 0
INFO: "GET /static/admin/img/icon-addlink.svg HTTP/1.1" 304 0
INFO: "GET /admin/ HTTP/1.1" 200 10452
INFO: User 'sachin.p' tried to access login page but is already authenticated.
INFO: "GET / HTTP/1.1" 302 0
INFO: User 'sachin.p' accessed index page.
INFO: "GET /indexpage/ HTTP/1.1" 200 9398
INFO: "GET /static/main/css/fontawesome.css HTTP/1.1" 304 0
INFO: "GET /static/main/css/main.css HTTP/1.1" 304 0
INFO: "GET /static/main/css/navbar.css HTTP/1.1" 304 0
INFO: "GET /static/main/images/OC.png HTTP/1.1" 304 0
INFO: "GET /static/main/images/HRModule.png HTTP/1.1" 304 0
INFO: "GET /static/main/js/fontawesome.js HTTP/1.1" 304 0
INFO: "GET /static/main/js/navbar.js HTTP/1.1" 304 0
WARNING: "GET /static/main/webfonts/fa-solid-900.woff2 HTTP/1.1" 404 179
WARNING: "GET /static/main/webfonts/fa-solid-900.ttf HTTP/1.1" 404 179
INFO: "GET /canteen-dashboard/ HTTP/1.1" 200 6699
INFO: "GET /canteen-dashboard/ HTTP/1.1" 200 6699
INFO: "GET /fetch-attendance/ HTTP/1.1" 200 2366
INFO: "GET /api/dashboard-data/ HTTP/1.1" 200 67
INFO: "GET /canteen-dashboard/ HTTP/1.1" 200 6699
INFO: "GET /canteen-attendance-summary/ HTTP/1.1" 200 68935
WARNING: "GET /static/main/webfonts/fa-solid-900.woff2 HTTP/1.1" 404 179
WARNING: "GET /static/main/webfonts/fa-solid-900.ttf HTTP/1.1" 404 179
INFO: "GET /attendance-list/ HTTP/1.1" 200 25685
WARNING: "GET /static/main/webfonts/fa-solid-900.woff2 HTTP/1.1" 404 179
WARNING: "GET /static/main/webfonts/fa-solid-900.ttf HTTP/1.1" 404 179
INFO: "GET /canteen-attendance-summary/ HTTP/1.1" 200 68935
INFO: "GET /static/main/css/fontawesome.css HTTP/1.1" 304 0
INFO: "GET /static/main/css/main.css HTTP/1.1" 304 0
INFO: "GET /static/main/css/navbar.css HTTP/1.1" 304 0
INFO: "GET /static/main/images/OC.png HTTP/1.1" 304 0
INFO: "GET /static/main/js/fontawesome.js HTTP/1.1" 304 0
INFO: "GET /static/main/js/navbar.js HTTP/1.1" 304 0
WARNING: "GET /static/main/webfonts/fa-solid-900.woff2 HTTP/1.1" 404 179
WARNING: "GET /static/main/webfonts/fa-solid-900.ttf HTTP/1.1" 404 179
INFO: "GET /canteen-dashboard/ HTTP/1.1" 200 6699
INFO: "GET /fetch-attendance/ HTTP/1.1" 200 2366
INFO: "GET /api/dashboard-data/ HTTP/1.1" 200 67
INFO: "GET /canteen-dashboard/ HTTP/1.1" 200 6699
INFO: "GET /fetch-attendance/ HTTP/1.1" 200 2366
INFO: "GET /api/dashboard-data/ HTTP/1.1" 200 67
INFO: "GET /canteen-dashboard/ HTTP/1.1" 200 6699
INFO: User 'sachin.p' accessed index page.
INFO: "GET /indexpage/ HTTP/1.1" 200 9398
INFO: "GET /static/main/images/HRModule.png HTTP/1.1" 304 0
WARNING: "GET /static/main/webfonts/fa-solid-900.woff2 HTTP/1.1" 404 179
WARNING: "GET /static/main/webfonts/fa-solid-900.ttf HTTP/1.1" 404 179
INFO: "GET /attendance/summary/ HTTP/1.1" 200 21292
WARNING: "GET /static/main/webfonts/fa-solid-900.woff2 HTTP/1.1" 404 179
WARNING: "GET /static/main/webfonts/fa-solid-900.ttf HTTP/1.1" 404 179
INFO: "GET /attendance/summary/?start_date=2025-05-13&end_date=2025-05-13&company=&branch=&department=&shift_code= HTTP/1.1" 200 21292
WARNING: "GET /static/main/webfonts/fa-solid-900.woff2 HTTP/1.1" 404 179
WARNING: "GET /static/main/webfonts/fa-solid-900.ttf HTTP/1.1" 404 179
INFO: "GET /attendance/summary/P%20%7C%20P/?start_date=2025-05-13&end_date=2025-05-13&company=&branch=&department=&shift_code= HTTP/1.1" 200 49092
WARNING: "GET /static/main/webfonts/fa-solid-900.woff2 HTTP/1.1" 404 179
WARNING: "GET /static/main/webfonts/fa-solid-900.ttf HTTP/1.1" 404 179
INFO: "GET /attendance/download_excel/P%20%7C%20P/?start_date=2025-05-13&end_date=2025-05-13&search_name=&company=&branch=&department=&shift_code= HTTP/1.1" 200 6829
INFO: "GET /attendance/summary/ HTTP/1.1" 200 21292
INFO: "GET /static/main/css/fontawesome.css HTTP/1.1" 304 0
INFO: "GET /static/main/css/main.css HTTP/1.1" 304 0
INFO: "GET /static/main/css/navbar.css HTTP/1.1" 304 0
INFO: "GET /static/main/js/fontawesome.js HTTP/1.1" 304 0
INFO: "GET /static/main/images/OC.png HTTP/1.1" 304 0
INFO: "GET /static/main/js/navbar.js HTTP/1.1" 304 0
WARNING: "GET /static/main/webfonts/fa-solid-900.woff2 HTTP/1.1" 404 179
WARNING: "GET /static/main/webfonts/fa-solid-900.ttf HTTP/1.1" 404 179
INFO: "GET /daily-check-in-summary/ HTTP/1.1" 200 9854
INFO: "GET /overtime-report-summary/ HTTP/1.1" 200 5043
INFO: "GET /attendance/summary/ HTTP/1.1" 200 21292
WARNING: "GET /static/main/webfonts/fa-solid-900.woff2 HTTP/1.1" 404 179
WARNING: "GET /static/main/webfonts/fa-solid-900.ttf HTTP/1.1" 404 179
INFO: "GET /daily-check-in-summary/ HTTP/1.1" 200 9854
INFO: "GET /daily-check-in-summary/?from_date=2025-05-01&to_date=2025-05-13&company=&branch=&department=&shift= HTTP/1.1" 200 10385
INFO: "GET /overtime-report-summary/ HTTP/1.1" 200 5043
INFO: "GET /overtime-report-summary/?from_date=2025-05-01&to_date=2025-05-13&company=&branch=&shift_code= HTTP/1.1" 200 6579
INFO: "GET /overtime-report-detail/Approved/?from_date=2025-05-01&to_date=2025-05-13&company=&branch=&shift_code= HTTP/1.1" 200 37017
INFO: "GET /overtime-report-summary/ HTTP/1.1" 200 5043
INFO: "GET /attendance/summary/ HTTP/1.1" 200 21292
INFO: "GET /static/main/css/fontawesome.css HTTP/1.1" 304 0
INFO: "GET /static/main/css/main.css HTTP/1.1" 304 0
INFO: "GET /static/main/css/navbar.css HTTP/1.1" 304 0
INFO: "GET /static/main/images/OC.png HTTP/1.1" 304 0
INFO: "GET /static/main/js/fontawesome.js HTTP/1.1" 304 0
INFO: "GET /static/main/js/navbar.js HTTP/1.1" 304 0
WARNING: "GET /static/main/webfonts/fa-solid-900.woff2 HTTP/1.1" 404 179
WARNING: "GET /static/main/webfonts/fa-solid-900.ttf HTTP/1.1" 404 179
INFO: "GET /attendance/summary/?start_date=2025-05-13&end_date=2025-05-13&company=&branch=Solapur&department=&shift_code= HTTP/1.1" 200 20812
WARNING: "GET /static/main/webfonts/fa-solid-900.woff2 HTTP/1.1" 404 179
WARNING: "GET /static/main/webfonts/fa-solid-900.ttf HTTP/1.1" 404 179
INFO: "GET /attendance/summary/?start_date=2025-05-12&end_date=2025-05-12&company=&branch=Solapur&department=&shift_code= HTTP/1.1" 200 20270
WARNING: "GET /static/main/webfonts/fa-solid-900.woff2 HTTP/1.1" 404 179
WARNING: "GET /static/main/webfonts/fa-solid-900.ttf HTTP/1.1" 404 179
INFO: "GET /attendance/summary/?start_date=2025-05-12&end_date=2025-05-12&company=&branch=Solapur&department=&shift_code= HTTP/1.1" 200 20270
WARNING: "GET /static/main/webfonts/fa-solid-900.woff2 HTTP/1.1" 404 179
WARNING: "GET /static/main/webfonts/fa-solid-900.ttf HTTP/1.1" 404 179
INFO: "GET /attendance/summary/?start_date=2025-05-10&end_date=2025-05-10&company=&branch=Solapur&department=&shift_code= HTTP/1.1" 200 17743
WARNING: "GET /static/main/webfonts/fa-solid-900.woff2 HTTP/1.1" 404 179
WARNING: "GET /static/main/webfonts/fa-solid-900.ttf HTTP/1.1" 404 179
INFO: "GET /attendance/summary/?start_date=2025-05-08&end_date=2025-05-08&company=&branch=Solapur&department=&shift_code= HTTP/1.1" 200 19206
WARNING: "GET /static/main/webfonts/fa-solid-900.woff2 HTTP/1.1" 404 179
WARNING: "GET /static/main/webfonts/fa-solid-900.ttf HTTP/1.1" 404 179
INFO: "GET /attendance/summary/?start_date=2025-05-01&end_date=2025-05-01&company=&branch=Solapur&department=&shift_code= HTTP/1.1" 200 17743
INFO: "GET /static/main/css/fontawesome.css HTTP/1.1" 304 0
INFO: "GET /static/main/css/main.css HTTP/1.1" 304 0
INFO: "GET /static/main/images/OC.png HTTP/1.1" 304 0
INFO: "GET /static/main/js/fontawesome.js HTTP/1.1" 304 0
INFO: "GET /static/main/css/navbar.css HTTP/1.1" 304 0
INFO: "GET /static/main/js/navbar.js HTTP/1.1" 304 0
WARNING: "GET /static/main/webfonts/fa-solid-900.woff2 HTTP/1.1" 404 179
WARNING: "GET /static/main/webfonts/fa-solid-900.ttf HTTP/1.1" 404 179
INFO: "GET /attendance/summary/?start_date=2025-05-02&end_date=2025-05-02&company=&branch=Solapur&department=&shift_code= HTTP/1.1" 200 17743
WARNING: "GET /static/main/webfonts/fa-solid-900.woff2 HTTP/1.1" 404 179
WARNING: "GET /static/main/webfonts/fa-solid-900.ttf HTTP/1.1" 404 179
INFO: "GET /attendance/summary/?start_date=2025-05-03&end_date=2025-05-03&company=&branch=Solapur&department=&shift_code= HTTP/1.1" 200 17743
WARNING: "GET /static/main/webfonts/fa-solid-900.woff2 HTTP/1.1" 404 179
WARNING: "GET /static/main/webfonts/fa-solid-900.ttf HTTP/1.1" 404 179
INFO: "GET /attendance/summary/ HTTP/1.1" 200 29326
INFO: "GET /static/main/css/fontawesome.css HTTP/1.1" 304 0
INFO: "GET /static/main/css/main.css HTTP/1.1" 304 0
INFO: "GET /static/main/css/navbar.css HTTP/1.1" 304 0
INFO: "GET /static/main/images/OC.png HTTP/1.1" 304 0
INFO: "GET /static/main/js/fontawesome.js HTTP/1.1" 304 0
INFO: "GET /static/main/js/navbar.js HTTP/1.1" 304 0
WARNING: "GET /static/main/webfonts/fa-solid-900.woff2 HTTP/1.1" 404 179
WARNING: "GET /static/main/webfonts/fa-solid-900.ttf HTTP/1.1" 404 179
INFO: User 'sachin.p' logged out.
INFO: "GET /userlogout/ HTTP/1.1" 302 0
INFO: "GET / HTTP/1.1" 200 5659
INFO: "GET /static/main/images/OC_white_logo.png HTTP/1.1" 304 0
INFO: L:\oneSource_Live\oneSource\HR\views.py changed, reloading.
INFO: Watching for file changes with StatReloader
INFO: User 'ocadmin' tried to access login page but is already authenticated.
INFO: "GET / HTTP/1.1" 302 0
INFO: User 'ocadmin' accessed index page.
INFO: "GET /indexpage/ HTTP/1.1" 200 23566
INFO: "GET /static/main/css/fontawesome.css HTTP/1.1" 304 0
INFO: "GET /static/main/css/main.css HTTP/1.1" 304 0
INFO: "GET /static/main/css/navbar.css HTTP/1.1" 304 0
INFO: "GET /static/main/images/OC.png HTTP/1.1" 304 0
INFO: "GET /static/main/images/HRModule.png HTTP/1.1" 304 0
INFO: "GET /static/main/images/WarehouseModule.png HTTP/1.1" 304 0
INFO: "GET /static/main/images/QualityControlModule.png HTTP/1.1" 304 0
INFO: "GET /static/main/js/fontawesome.js HTTP/1.1" 304 0
INFO: "GET /static/main/images/ProductionModule.png HTTP/1.1" 304 0
INFO: "GET /static/main/js/navbar.js HTTP/1.1" 304 0
INFO: "GET /static/main/images/EHSModule.png HTTP/1.1" 304 0
INFO: "GET /static/main/images/ETP%20Module.png HTTP/1.1" 304 0
WARNING: "GET /static/main/webfonts/fa-solid-900.woff2 HTTP/1.1" 404 179
WARNING: "GET /static/main/webfonts/fa-solid-900.ttf HTTP/1.1" 404 179
INFO: "GET /attendance/summary/ HTTP/1.1" 200 29544
WARNING: "GET /static/main/webfonts/fa-solid-900.woff2 HTTP/1.1" 404 179
WARNING: "GET /static/main/webfonts/fa-solid-900.ttf HTTP/1.1" 404 179
INFO: "GET /attendance/summary/all/?start_date=2025-05-13&end_date=2025-05-13&company=&branch=&department=&shift_code= HTTP/1.1" 200 663981
WARNING: "GET /static/main/webfonts/fa-solid-900.woff2 HTTP/1.1" 404 179
WARNING: "GET /static/main/webfonts/fa-solid-900.ttf HTTP/1.1" 404 179
INFO: "GET /attendance/summary/all/?start_date=2025-05-13&end_date=2025-05-13&company=&branch=&department=&shift_code=Mumbai&search_name= HTTP/1.1" 200 162020
WARNING: "GET /static/main/webfonts/fa-solid-900.woff2 HTTP/1.1" 404 179
WARNING: "GET /static/main/webfonts/fa-solid-900.ttf HTTP/1.1" 404 179
INFO: "GET /attendance/download_excel/all/?start_date=2025-05-13&end_date=2025-05-13&search_name=&company=&branch=&department=&shift_code=Mumbai HTTP/1.1" 200 10824
INFO: "GET /admin/ HTTP/1.1" 200 19686
INFO: "GET /static/admin/css/base.css HTTP/1.1" 304 0
INFO: "GET /static/admin/css/nav_sidebar.css HTTP/1.1" 304 0
INFO: "GET /static/admin/css/dark_mode.css HTTP/1.1" 304 0
INFO: "GET /static/admin/css/dashboard.css HTTP/1.1" 304 0
INFO: "GET /static/admin/js/theme.js HTTP/1.1" 304 0
INFO: "GET /static/admin/css/responsive.css HTTP/1.1" 304 0
INFO: "GET /static/admin/js/nav_sidebar.js HTTP/1.1" 304 0
INFO: "GET /static/admin/img/icon-addlink.svg HTTP/1.1" 304 0
INFO: "GET /static/admin/img/icon-changelink.svg HTTP/1.1" 304 0
INFO: "GET / HTTP/1.1" 200 5216
INFO: "GET /static/main/images/OC_white_logo.png HTTP/1.1" 304 0
WARNING: "GET /favicon.ico HTTP/1.1" 404 179
INFO: User 'taufik.s' logged in successfully.
INFO: "POST / HTTP/1.1" 302 0
INFO: User 'taufik.s' logged in successfully.
INFO: "POST / HTTP/1.1" 302 0
INFO: User 'taufik.s' accessed index page.
INFO: "GET /indexpage/ HTTP/1.1" 200 9065
INFO: "GET /static/main/css/main.css HTTP/1.1" 304 0
INFO: "GET /static/main/images/WarehouseModule.png HTTP/1.1" 304 0
INFO: "GET /static/main/css/fontawesome.css HTTP/1.1" 304 0
INFO: "GET /static/main/css/navbar.css HTTP/1.1" 304 0
INFO: "GET /static/main/js/fontawesome.js HTTP/1.1" 304 0
INFO: "GET /static/main/js/navbar.js HTTP/1.1" 304 0
WARNING: "GET /static/main/webfonts/fa-solid-900.woff2 HTTP/1.1" 404 179
WARNING: "GET /static/main/webfonts/fa-solid-900.ttf HTTP/1.1" 404 179
INFO: Vehicle list viewed by taufik.s with filters: {'reporting_date': '', 'name_of_supplier': '', 'material': '', 'name_of_transporter': '', 'status': ''}
INFO: "GET /vehicle_list/ HTTP/1.1" 200 26691
WARNING: "GET /static/main/webfonts/fa-solid-900.woff2 HTTP/1.1" 404 179
WARNING: "GET /static/main/webfonts/fa-solid-900.ttf HTTP/1.1" 404 179
INFO: Vehicle list viewed by taufik.s with filters: {'reporting_date': '', 'name_of_supplier': '', 'material': '', 'name_of_transporter': '', 'status': 'Pending'}
INFO: "GET /vehicle_list/?reporting_date=&name_of_supplier=&material=&name_of_transporter=&status=Pending HTTP/1.1" 200 16211
WARNING: "GET /static/main/webfonts/fa-solid-900.woff2 HTTP/1.1" 404 179
WARNING: "GET /static/main/webfonts/fa-solid-900.ttf HTTP/1.1" 404 179
INFO: "GET /vehicle/edit/20074/ HTTP/1.1" 200 14316
INFO: "GET /static/store/js/vehicle_page.js HTTP/1.1" 304 0
INFO: "GET /static/store/css/store.css HTTP/1.1" 304 0
WARNING: "GET /static/main/webfonts/fa-solid-900.woff2 HTTP/1.1" 404 179
WARNING: "GET /static/main/webfonts/fa-solid-900.ttf HTTP/1.1" 404 179
INFO: Vehicle ID 20074 edited by taufik.s
INFO: "POST /vehicle/edit/20074/ HTTP/1.1" 302 0
INFO: Vehicle list viewed by taufik.s with filters: {'reporting_date': '', 'name_of_supplier': '', 'material': '', 'name_of_transporter': '', 'status': ''}
INFO: "GET /vehicle_list/ HTTP/1.1" 200 27274
WARNING: "GET /static/main/webfonts/fa-solid-900.woff2 HTTP/1.1" 404 179
WARNING: "GET /static/main/webfonts/fa-solid-900.ttf HTTP/1.1" 404 179
INFO: Vehicle list viewed by taufik.s with filters: {'reporting_date': '', 'name_of_supplier': '', 'material': '', 'name_of_transporter': '', 'status': 'Pending'}
INFO: "GET /vehicle_list/?reporting_date=&name_of_supplier=&material=&name_of_transporter=&status=Pending HTTP/1.1" 200 14757
WARNING: "GET /static/main/webfonts/fa-solid-900.woff2 HTTP/1.1" 404 179
WARNING: "GET /static/main/webfonts/fa-solid-900.ttf HTTP/1.1" 404 179
INFO: "GET /vehicle/edit/20077/ HTTP/1.1" 200 14295
WARNING: "GET /static/main/webfonts/fa-solid-900.woff2 HTTP/1.1" 404 179
WARNING: "GET /static/main/webfonts/fa-solid-900.ttf HTTP/1.1" 404 179
INFO: Vehicle ID 20077 edited by taufik.s
INFO: "POST /vehicle/edit/20077/ HTTP/1.1" 302 0
INFO: Vehicle list viewed by taufik.s with filters: {'reporting_date': '', 'name_of_supplier': '', 'material': '', 'name_of_transporter': '', 'status': ''}
INFO: "GET /vehicle_list/ HTTP/1.1" 200 27285
WARNING: "GET /static/main/webfonts/fa-solid-900.woff2 HTTP/1.1" 404 179
WARNING: "GET /static/main/webfonts/fa-solid-900.ttf HTTP/1.1" 404 179
INFO: Vehicle list viewed by taufik.s with filters: {'reporting_date': '', 'name_of_supplier': '', 'material': '', 'name_of_transporter': '', 'status': 'Pending'}
INFO: "GET /vehicle_list/?reporting_date=&name_of_supplier=&material=&name_of_transporter=&status=Pending HTTP/1.1" 200 13308
WARNING: "GET /static/main/webfonts/fa-solid-900.woff2 HTTP/1.1" 404 179
WARNING: "GET /static/main/webfonts/fa-solid-900.ttf HTTP/1.1" 404 179
INFO: "GET / HTTP/1.1" 200 5216
INFO: "GET /static/main/images/OC_white_logo.png HTTP/1.1" 304 0
WARNING: "GET /favicon.ico HTTP/1.1" 404 179
INFO: User 'pravin.p' tried to access login page but is already authenticated.
INFO: "GET / HTTP/1.1" 302 0
INFO: User 'pravin.p' accessed index page.
INFO: "GET /indexpage/ HTTP/1.1" 200 15211
INFO: "GET /static/main/css/main.css HTTP/1.1" 304 0
INFO: "GET /static/main/css/fontawesome.css HTTP/1.1" 304 0
INFO: "GET /static/main/images/OC.png HTTP/1.1" 304 0
INFO: "GET /static/main/css/navbar.css HTTP/1.1" 304 0
INFO: "GET /static/main/images/ProductionModule.png HTTP/1.1" 304 0
INFO: "GET /static/main/images/EHSModule.png HTTP/1.1" 304 0
INFO: "GET /static/main/js/fontawesome.js HTTP/1.1" 304 0
INFO: "GET /static/main/images/ETP%20Module.png HTTP/1.1" 304 0
INFO: "GET /static/main/js/navbar.js HTTP/1.1" 304 0
WARNING: "GET /static/main/webfonts/fa-solid-900.woff2 HTTP/1.1" 404 179
WARNING: "GET /static/main/webfonts/fa-solid-900.ttf HTTP/1.1" 404 179
WARNING: "GET /favicon.ico HTTP/1.1" 404 179
INFO: "GET /add_leading_record/ HTTP/1.1" 200 24837
INFO: "GET /static/leading/css/leading.css HTTP/1.1" 200 0
INFO: "GET /static/leading/js/leading.js HTTP/1.1" 200 994
WARNING: "GET /static/main/webfonts/fa-solid-900.woff2 HTTP/1.1" 404 179
WARNING: "GET /static/main/webfonts/fa-solid-900.ttf HTTP/1.1" 404 179
INFO: "GET /view_leading/ HTTP/1.1" 200 31308
WARNING: "GET /static/main/webfonts/fa-solid-900.woff2 HTTP/1.1" 404 179
WARNING: "GET /static/main/webfonts/fa-solid-900.ttf HTTP/1.1" 404 179
INFO: "GET /leading/export/?date_filter=&department_filter=&status_filter=&physical_location_filter=&risk_factor_filter= HTTP/1.1" 200 295270
INFO: "GET /view_leading/ HTTP/1.1" 200 31308
INFO: "GET /static/main/css/fontawesome.css HTTP/1.1" 304 0
INFO: "GET /static/main/css/main.css HTTP/1.1" 304 0
INFO: "GET /static/main/css/navbar.css HTTP/1.1" 304 0
INFO: "GET /static/main/images/OC.png HTTP/1.1" 304 0
INFO: "GET /static/main/js/fontawesome.js HTTP/1.1" 304 0
INFO: "GET /static/main/js/navbar.js HTTP/1.1" 304 0
WARNING: "GET /static/main/webfonts/fa-solid-900.woff2 HTTP/1.1" 404 179
WARNING: "GET /static/main/webfonts/fa-solid-900.ttf HTTP/1.1" 404 179
INFO: - Broken pipe from ('192.168.0.166', 56101)
INFO: "GET /leading/export/?date_filter=&department_filter=&status_filter=&physical_location_filter=&risk_factor_filter= HTTP/1.1" 200 295270
INFO: "GET /leading/export/?date_filter=&department_filter=&status_filter=&physical_location_filter=&risk_factor_filter= HTTP/1.1" 200 295270
INFO: "GET / HTTP/1.1" 200 5216
INFO: "GET /static/main/images/OC_white_logo.png HTTP/1.1" 304 0
INFO: "GET /attendance/summary/ HTTP/1.1" 200 25987
INFO: "GET /static/main/css/fontawesome.css HTTP/1.1" 304 0
INFO: "GET /static/main/css/main.css HTTP/1.1" 304 0
INFO: "GET /static/main/js/fontawesome.js HTTP/1.1" 304 0
INFO: "GET /static/main/images/OC.png HTTP/1.1" 304 0
INFO: "GET /static/main/css/navbar.css HTTP/1.1" 304 0
INFO: "GET /static/main/js/navbar.js HTTP/1.1" 304 0
WARNING: "GET /static/main/webfonts/fa-solid-900.woff2 HTTP/1.1" 404 179
WARNING: "GET /static/main/webfonts/fa-solid-900.ttf HTTP/1.1" 404 179
INFO: Vehicle list viewed by ocadmin with filters: {'reporting_date': '', 'name_of_supplier': '', 'material': '', 'name_of_transporter': '', 'status': ''}
INFO: "GET /vehicle_list/ HTTP/1.1" 200 40854
WARNING: "GET /static/main/webfonts/fa-solid-900.woff2 HTTP/1.1" 404 179
WARNING: "GET /static/main/webfonts/fa-solid-900.ttf HTTP/1.1" 404 179
INFO: "GET /vehicle-chart-report/ HTTP/1.1" 200 25984
WARNING: "GET /static/main/webfonts/fa-solid-900.woff2 HTTP/1.1" 404 179
WARNING: "GET /static/main/webfonts/fa-solid-900.ttf HTTP/1.1" 404 179
INFO: User 'bhagavan.b' tried to access login page but is already authenticated.
INFO: "GET / HTTP/1.1" 302 0
INFO: User 'bhagavan.b' accessed index page.
INFO: "GET /indexpage/ HTTP/1.1" 200 9658
INFO: "GET /static/main/css/fontawesome.css HTTP/1.1" 304 0
INFO: "GET /static/main/css/main.css HTTP/1.1" 304 0
INFO: "GET /static/main/css/navbar.css HTTP/1.1" 304 0
INFO: "GET /static/main/images/OC.png HTTP/1.1" 304 0
INFO: "GET /static/main/images/EHSModule.png HTTP/1.1" 304 0
INFO: "GET /static/main/js/fontawesome.js HTTP/1.1" 304 0
WARNING: "GET /static/main/webfonts/fa-solid-900.woff2 HTTP/1.1" 404 179
INFO: "GET /static/main/js/navbar.js HTTP/1.1" 304 0
WARNING: "GET /static/main/webfonts/fa-solid-900.ttf HTTP/1.1" 404 179
WARNING: "GET /favicon.ico HTTP/1.1" 404 179
INFO: User 'ocadmin' tried to access login page but is already authenticated.
INFO: "GET / HTTP/1.1" 302 0
INFO: User 'ocadmin' accessed index page.
INFO: "GET /indexpage/ HTTP/1.1" 200 23566
INFO: "GET /static/main/css/fontawesome.css HTTP/1.1" 304 0
INFO: "GET /static/main/css/main.css HTTP/1.1" 304 0
INFO: "GET /static/main/css/navbar.css HTTP/1.1" 304 0
INFO: "GET /static/main/images/HRModule.png HTTP/1.1" 304 0
INFO: "GET /static/main/images/OC.png HTTP/1.1" 304 0
INFO: "GET /static/main/images/WarehouseModule.png HTTP/1.1" 304 0
INFO: "GET /static/main/images/QualityControlModule.png HTTP/1.1" 304 0
INFO: "GET /static/main/images/ProductionModule.png HTTP/1.1" 304 0
INFO: "GET /static/main/js/fontawesome.js HTTP/1.1" 304 0
INFO: "GET /static/main/js/navbar.js HTTP/1.1" 304 0
INFO: "GET /static/main/images/EHSModule.png HTTP/1.1" 304 0
INFO: "GET /static/main/images/ETP%20Module.png HTTP/1.1" 304 0
WARNING: "GET /static/main/webfonts/fa-solid-900.woff2 HTTP/1.1" 404 179
WARNING: "GET /static/main/webfonts/fa-solid-900.ttf HTTP/1.1" 404 179
INFO: "GET /attendance/summary/ HTTP/1.1" 200 25987
WARNING: "GET /static/main/webfonts/fa-solid-900.woff2 HTTP/1.1" 404 179
WARNING: "GET /static/main/webfonts/fa-solid-900.ttf HTTP/1.1" 404 179
INFO: "GET /attendance/summary/?start_date=2025-05-13&end_date=2025-05-14&company=&branch=&department=&shift_code= HTTP/1.1" 200 29544
WARNING: "GET /static/main/webfonts/fa-solid-900.woff2 HTTP/1.1" 404 179
WARNING: "GET /static/main/webfonts/fa-solid-900.ttf HTTP/1.1" 404 179
INFO: "GET /attendance/summary/all/?start_date=2025-05-13&end_date=2025-05-14&company=&branch=&department=&shift_code= HTTP/1.1" 200 663981
WARNING: "GET /static/main/webfonts/fa-solid-900.woff2 HTTP/1.1" 404 179
WARNING: "GET /static/main/webfonts/fa-solid-900.ttf HTTP/1.1" 404 179
INFO: "GET /add_vehicle/ HTTP/1.1" 200 14165
INFO: "GET /static/store/css/store.css HTTP/1.1" 304 0
INFO: "GET /static/main/css/main.css HTTP/1.1" 304 0
INFO: "GET /static/main/css/fontawesome.css HTTP/1.1" 304 0
INFO: "GET /static/main/css/navbar.css HTTP/1.1" 304 0
INFO: "GET /static/store/js/vehicle_page.js HTTP/1.1" 304 0
INFO: "GET /static/main/js/fontawesome.js HTTP/1.1" 304 0
INFO: "GET /static/main/js/navbar.js HTTP/1.1" 304 0
WARNING: "GET /static/main/webfonts/fa-solid-900.woff2 HTTP/1.1" 404 179
WARNING: "GET /static/main/webfonts/fa-solid-900.ttf HTTP/1.1" 404 179
INFO: Found 1398 suppliers for search ''
INFO: "GET /search_supplier/ HTTP/1.1" 200 114040
INFO: Found 1 suppliers for search 'TGV'
INFO: "GET /search_supplier/?term=TGV HTTP/1.1" 200 62
INFO: Found 8027 items for search ''
INFO: "GET /search_item/ HTTP/1.1" 200 897056
INFO: Found 1 items for search 'LIQUID CHLORINE'
INFO: "GET /search_item/?term=LIQUID%20CHLORINE HTTP/1.1" 200 62
INFO: Found 12 items for search 'LIQUI'
INFO: "GET /search_item/?term=LIQUI HTTP/1.1" 200 1114
INFO: Found 12 items for search 'LIQUID'
INFO: "GET /search_item/?term=LIQUID HTTP/1.1" 200 1114
INFO: Found 10 items for search 'LIQUID '
INFO: "GET /search_item/?term=LIQUID%20 HTTP/1.1" 200 974
INFO: Vehicle added by user: taufik.s
INFO: "POST /add_vehicle/ HTTP/1.1" 302 0
INFO: "GET /add_vehicle/ HTTP/1.1" 200 14750
INFO: "GET /static/main/css/fontawesome.css HTTP/1.1" 304 0
INFO: "GET /static/main/css/main.css HTTP/1.1" 304 0
INFO: "GET /static/store/js/vehicle_page.js HTTP/1.1" 304 0
INFO: "GET /static/main/css/navbar.css HTTP/1.1" 304 0
INFO: "GET /static/store/css/store.css HTTP/1.1" 304 0
INFO: "GET /static/main/js/navbar.js HTTP/1.1" 304 0
INFO: "GET /static/main/js/fontawesome.js HTTP/1.1" 304 0
WARNING: "GET /static/main/webfonts/fa-solid-900.woff2 HTTP/1.1" 404 179
WARNING: "GET /static/main/webfonts/fa-solid-900.ttf HTTP/1.1" 404 179
INFO: Found 1398 suppliers for search ''
INFO: "GET /search_supplier/ HTTP/1.1" 200 114040
INFO: Found 1398 suppliers for search ''
INFO: "GET /search_supplier/?term= HTTP/1.1" 200 114040
INFO: Found 11 suppliers for search 'SHRI '
INFO: "GET /search_supplier/?term=SHRI%20 HTTP/1.1" 200 932
INFO: Found 1 suppliers for search 'SHRI VI'
INFO: "GET /search_supplier/?term=SHRI%20VI HTTP/1.1" 200 104
INFO: Found 1 suppliers for search 'SHRI VISH'
INFO: "GET /search_supplier/?term=SHRI%20VISH HTTP/1.1" 200 104
INFO: Found 1 suppliers for search 'SHRI VISHN'
INFO: "GET /search_supplier/?term=SHRI%20VISHN HTTP/1.1" 200 104
INFO: Found 1 suppliers for search 'SHRI VISHNU'
INFO: "GET /search_supplier/?term=SHRI%20VISHNU HTTP/1.1" 200 104
INFO: Found 8027 items for search ''
INFO: "GET /search_item/ HTTP/1.1" 200 897056
INFO: Found 2 items for search 'HDPE DRUMS'
INFO: "GET /search_item/?term=HDPE%20DRUMS HTTP/1.1" 200 192
INFO: Vehicle added by user: taufik.s
INFO: "POST /add_vehicle/ HTTP/1.1" 302 0
INFO: "GET /add_vehicle/ HTTP/1.1" 200 14750
WARNING: "GET /static/main/webfonts/fa-solid-900.woff2 HTTP/1.1" 404 179
WARNING: "GET /static/main/webfonts/fa-solid-900.ttf HTTP/1.1" 404 179
INFO: Found 1398 suppliers for search ''
INFO: "GET /search_supplier/ HTTP/1.1" 200 114040
INFO: Found 847 suppliers for search 'P'
INFO: "GET /search_supplier/?term=P HTTP/1.1" 200 73200
INFO: Found 75 suppliers for search 'PA'
INFO: "GET /search_supplier/?term=PA HTTP/1.1" 200 6008
INFO: Found 5 suppliers for search 'PACK '
INFO: "GET /search_supplier/?term=PACK%20 HTTP/1.1" 200 364
INFO: Found 8027 items for search ''
INFO: "GET /search_item/ HTTP/1.1" 200 897056
INFO: Found 3 items for search 'RFI'
INFO: "GET /search_item/?term=RFI HTTP/1.1" 200 268
INFO: Found 3 items for search 'RFID'
INFO: "GET /search_item/?term=RFID HTTP/1.1" 200 268
INFO: Found 45 items for search 'HDPE '
INFO: "GET /search_item/?term=HDPE%20 HTTP/1.1" 200 4286
INFO: Found 61 items for search 'HD'
INFO: "GET /search_item/?term=HD HTTP/1.1" 200 6198
INFO: Vehicle added by user: taufik.s
INFO: "POST /add_vehicle/ HTTP/1.1" 302 0
INFO: "GET /add_vehicle/ HTTP/1.1" 200 14750
INFO: "GET /static/main/css/fontawesome.css HTTP/1.1" 304 0
INFO: "GET /static/store/css/store.css HTTP/1.1" 304 0
INFO: "GET /static/main/css/main.css HTTP/1.1" 304 0
INFO: "GET /static/store/js/vehicle_page.js HTTP/1.1" 304 0
INFO: "GET /static/main/css/navbar.css HTTP/1.1" 304 0
INFO: "GET /static/main/js/fontawesome.js HTTP/1.1" 304 0
INFO: "GET /static/main/js/navbar.js HTTP/1.1" 304 0
WARNING: "GET /static/main/webfonts/fa-solid-900.woff2 HTTP/1.1" 404 179
WARNING: "GET /static/main/webfonts/fa-solid-900.ttf HTTP/1.1" 404 179
INFO: Vehicle list viewed by taufik.s with filters: {'reporting_date': '', 'name_of_supplier': '', 'material': '', 'name_of_transporter': '', 'status': ''}
INFO: "GET /vehicle_list/ HTTP/1.1" 200 26693
WARNING: "GET /static/main/webfonts/fa-solid-900.woff2 HTTP/1.1" 404 179
WARNING: "GET /static/main/webfonts/fa-solid-900.ttf HTTP/1.1" 404 179
INFO: Vehicle list viewed by taufik.s with filters: {'reporting_date': '', 'name_of_supplier': '', 'material': '', 'name_of_transporter': '', 'status': 'Pending'}
INFO: "GET /vehicle_list/?reporting_date=&name_of_supplier=&material=&name_of_transporter=&status=Pending HTTP/1.1" 200 16219
WARNING: "GET /static/main/webfonts/fa-solid-900.woff2 HTTP/1.1" 404 179
WARNING: "GET /static/main/webfonts/fa-solid-900.ttf HTTP/1.1" 404 179
INFO: Found 1284 items for search 'LI'
INFO: "GET /search_item/?term=LI HTTP/1.1" 200 178736
INFO: L:\oneSource_Live\oneSource\HR\views.py changed, reloading.
