[2025-05-07 12:08:05,578] ERROR django.server "GET /api/dashboard-data/ HTTP/1.1" 500 145
[2025-05-07 12:08:12,819] ERROR django.server "GET /api/dashboard-data/ HTTP/1.1" 500 145
[2025-05-07 12:08:27,012] ERROR django.server "GET /api/dashboard-data/ HTTP/1.1" 500 145
[2025-05-07 12:08:35,511] WARNING django.server "GET /static/main/webfonts/fa-solid-900.woff2 HTTP/1.1" 404 179
[2025-05-07 12:08:35,584] WARNING django.server "GET /static/main/webfonts/fa-solid-900.ttf HTTP/1.1" 404 179
[2025-05-07 12:08:49,850] ERROR django.server "GET /api/dashboard-data/ HTTP/1.1" 500 145
[2025-05-07 12:09:04,202] ERROR django.server "GET /api/dashboard-data/ HTTP/1.1" 500 145
[2025-05-07 12:09:18,375] ERROR django.server "GET /api/dashboard-data/ HTTP/1.1" 500 145
[2025-05-07 12:09:29,581] WARNING django.server "GET /static/main/webfonts/fa-solid-900.woff2 HTTP/1.1" 404 179
[2025-05-07 12:09:29,655] WARNING django.server "GET /static/main/webfonts/fa-solid-900.ttf HTTP/1.1" 404 179
[2025-05-07 12:09:32,217] ERROR django.server "GET /api/dashboard-data/ HTTP/1.1" 500 145
[2025-05-07 12:09:34,059] WARNING django.server "GET /static/main/webfonts/fa-solid-900.woff2 HTTP/1.1" 404 179
[2025-05-07 12:09:34,156] WARNING django.server "GET /static/main/webfonts/fa-solid-900.ttf HTTP/1.1" 404 179
[2025-05-07 12:09:46,247] ERROR django.server "GET /api/dashboard-data/ HTTP/1.1" 500 145
[2025-05-07 12:10:00,306] ERROR django.server "GET /api/dashboard-data/ HTTP/1.1" 500 145
[2025-05-07 12:10:07,922] ERROR django.server "GET /api/dashboard-data/ HTTP/1.1" 500 145
[2025-05-07 12:10:14,091] WARNING django.server "GET /static/main/webfonts/fa-solid-900.woff2 HTTP/1.1" 404 179
[2025-05-07 12:10:14,211] WARNING django.server "GET /static/main/webfonts/fa-solid-900.ttf HTTP/1.1" 404 179
[2025-05-07 12:10:29,099] ERROR django.server "GET /api/dashboard-data/ HTTP/1.1" 500 145
[2025-05-07 12:10:50,298] ERROR django.server "GET /api/dashboard-data/ HTTP/1.1" 500 145
[2025-05-07 12:11:05,629] ERROR django.server "GET /api/dashboard-data/ HTTP/1.1" 500 145
[2025-05-07 12:11:28,586] WARNING django.server "GET /static/main/webfonts/fa-solid-900.woff2 HTTP/1.1" 404 179
[2025-05-07 12:11:28,722] WARNING django.server "GET /static/main/webfonts/fa-solid-900.ttf HTTP/1.1" 404 179
[2025-05-07 12:11:54,282] ERROR django.server "GET /api/dashboard-data/ HTTP/1.1" 500 145
[2025-05-07 12:12:11,686] ERROR django.server "GET /api/dashboard-data/ HTTP/1.1" 500 145
[2025-05-07 12:12:26,206] ERROR django.server "GET /api/dashboard-data/ HTTP/1.1" 500 145
[2025-05-07 12:12:33,007] ERROR django.server "GET /api/dashboard-data/ HTTP/1.1" 500 145
[2025-05-07 12:12:41,535] WARNING django.server "GET /static/main/webfonts/fa-solid-900.woff2 HTTP/1.1" 404 179
[2025-05-07 12:12:41,550] ERROR django.server "GET /api/dashboard-data/ HTTP/1.1" 500 145
[2025-05-07 12:12:41,660] WARNING django.server "GET /static/main/webfonts/fa-solid-900.ttf HTTP/1.1" 404 179
[2025-05-07 12:12:48,907] ERROR django.server "GET /api/dashboard-data/ HTTP/1.1" 500 145
[2025-05-07 12:12:55,340] ERROR django.server "GET /api/dashboard-data/ HTTP/1.1" 500 145
[2025-05-07 12:13:12,395] ERROR django.server "GET /api/dashboard-data/ HTTP/1.1" 500 145
[2025-05-07 12:13:19,446] ERROR django.server "GET /api/dashboard-data/ HTTP/1.1" 500 145
[2025-05-07 12:13:24,058] ERROR django.server "GET /api/dashboard-data/ HTTP/1.1" 500 145
[2025-05-07 12:13:29,383] ERROR django.server "GET /api/dashboard-data/ HTTP/1.1" 500 145
[2025-05-07 12:13:44,605] ERROR django.server "GET /api/dashboard-data/ HTTP/1.1" 500 145
[2025-05-07 12:13:53,840] WARNING django.server "GET /static/main/webfonts/fa-solid-900.woff2 HTTP/1.1" 404 179
[2025-05-07 12:13:53,922] WARNING django.server "GET /static/main/webfonts/fa-solid-900.ttf HTTP/1.1" 404 179
[2025-05-07 12:14:06,123] ERROR django.server "GET /api/dashboard-data/ HTTP/1.1" 500 145
[2025-05-07 12:14:13,005] ERROR django.server "GET /api/dashboard-data/ HTTP/1.1" 500 145
[2025-05-07 12:14:23,624] ERROR django.server "GET /api/dashboard-data/ HTTP/1.1" 500 145
[2025-05-07 12:14:30,049] ERROR django.server "GET /api/dashboard-data/ HTTP/1.1" 500 145
[2025-05-07 12:14:44,413] ERROR django.server "GET /api/dashboard-data/ HTTP/1.1" 500 145
[2025-05-07 12:14:44,739] WARNING django.server "GET /static/main/webfonts/fa-solid-900.woff2 HTTP/1.1" 404 179
[2025-05-07 12:14:44,823] WARNING django.server "GET /static/main/webfonts/fa-solid-900.ttf HTTP/1.1" 404 179
[2025-05-07 12:14:51,053] ERROR django.server "GET /api/dashboard-data/ HTTP/1.1" 500 145
[2025-05-07 12:14:59,420] ERROR django.server "GET /api/dashboard-data/ HTTP/1.1" 500 145
[2025-05-07 12:15:18,810] ERROR django.server "GET /api/dashboard-data/ HTTP/1.1" 500 145
[2025-05-07 12:15:35,575] ERROR django.server "GET /api/dashboard-data/ HTTP/1.1" 500 145
[2025-05-07 12:15:57,721] ERROR django.server "GET /api/dashboard-data/ HTTP/1.1" 500 145
[2025-05-07 12:15:58,367] WARNING django.server "GET /static/main/webfonts/fa-solid-900.woff2 HTTP/1.1" 404 179
[2025-05-07 12:15:58,470] WARNING django.server "GET /static/main/webfonts/fa-solid-900.ttf HTTP/1.1" 404 179
[2025-05-07 12:16:17,918] ERROR django.server "GET /api/dashboard-data/ HTTP/1.1" 500 145
[2025-05-07 12:16:33,719] ERROR django.server "GET /api/dashboard-data/ HTTP/1.1" 500 145
[2025-05-07 12:16:40,409] ERROR django.server "GET /api/dashboard-data/ HTTP/1.1" 500 145
[2025-05-07 12:16:58,575] ERROR django.server "GET /api/dashboard-data/ HTTP/1.1" 500 145
[2025-05-07 12:17:05,716] ERROR django.server "GET /api/dashboard-data/ HTTP/1.1" 500 145
[2025-05-07 12:17:09,403] WARNING django.server "GET /static/main/webfonts/fa-solid-900.woff2 HTTP/1.1" 404 179
[2025-05-07 12:17:09,708] WARNING django.server "GET /static/main/webfonts/fa-solid-900.ttf HTTP/1.1" 404 179
[2025-05-07 12:17:15,504] ERROR django.server "GET /api/dashboard-data/ HTTP/1.1" 500 145
[2025-05-07 12:17:22,507] ERROR django.server "GET /api/dashboard-data/ HTTP/1.1" 500 145
[2025-05-07 12:18:05,257] ERROR django.server "GET /api/dashboard-data/ HTTP/1.1" 500 145
[2025-05-07 12:18:19,008] ERROR django.server "GET /api/dashboard-data/ HTTP/1.1" 500 145
[2025-05-07 12:18:35,361] WARNING django.server "GET /static/main/webfonts/fa-solid-900.woff2 HTTP/1.1" 404 179
[2025-05-07 12:18:35,487] WARNING django.server "GET /static/main/webfonts/fa-solid-900.ttf HTTP/1.1" 404 179
[2025-05-07 12:19:20,902] ERROR django.server "GET /api/dashboard-data/ HTTP/1.1" 500 145
[2025-05-07 12:19:31,028] ERROR django.server "GET /api/dashboard-data/ HTTP/1.1" 500 145
[2025-05-07 12:20:03,032] WARNING django.server "GET /static/main/webfonts/fa-solid-900.woff2 HTTP/1.1" 404 179
[2025-05-07 12:20:03,101] ERROR django.server "GET /api/dashboard-data/ HTTP/1.1" 500 145
[2025-05-07 12:20:03,175] WARNING django.server "GET /static/main/webfonts/fa-solid-900.ttf HTTP/1.1" 404 179
[2025-05-07 12:20:40,959] ERROR django.server "GET /api/dashboard-data/ HTTP/1.1" 500 145
[2025-05-07 12:20:51,046] ERROR django.server "GET /api/dashboard-data/ HTTP/1.1" 500 145
[2025-05-07 12:21:11,353] WARNING django.server "POST /get_bom_details/ HTTP/1.1" 404 38
[2025-05-07 12:21:51,789] WARNING django.server "GET /static/main/webfonts/fa-solid-900.woff2 HTTP/1.1" 404 179
[2025-05-07 12:21:52,094] WARNING django.server "GET /static/main/webfonts/fa-solid-900.ttf HTTP/1.1" 404 179
[2025-05-07 12:22:19,955] ERROR django.server "GET /api/dashboard-data/ HTTP/1.1" 500 145
[2025-05-07 12:22:25,829] ERROR django.server "GET /api/dashboard-data/ HTTP/1.1" 500 145
[2025-05-07 12:22:59,678] ERROR django.server "GET /api/dashboard-data/ HTTP/1.1" 500 145
[2025-05-07 12:23:02,772] WARNING django.server "GET /static/main/webfonts/fa-solid-900.woff2 HTTP/1.1" 404 179
[2025-05-07 12:23:02,929] WARNING django.server "GET /static/main/webfonts/fa-solid-900.ttf HTTP/1.1" 404 179
[2025-05-07 12:23:31,948] ERROR django.server "GET /api/dashboard-data/ HTTP/1.1" 500 145
[2025-05-07 12:23:46,230] ERROR django.server "GET /api/dashboard-data/ HTTP/1.1" 500 145
[2025-05-07 12:23:53,753] WARNING django.server "GET /static/main/webfonts/fa-solid-900.woff2 HTTP/1.1" 404 179
[2025-05-07 12:23:53,894] WARNING django.server "GET /static/main/webfonts/fa-solid-900.ttf HTTP/1.1" 404 179
[2025-05-07 12:23:53,959] ERROR django.server "GET /api/dashboard-data/ HTTP/1.1" 500 145
[2025-05-07 12:24:40,344] ERROR django.server "GET /api/dashboard-data/ HTTP/1.1" 500 145
[2025-05-07 12:24:48,481] ERROR django.server "GET /api/dashboard-data/ HTTP/1.1" 500 145
[2025-05-07 12:25:17,515] ERROR django.server "GET /api/dashboard-data/ HTTP/1.1" 500 145
[2025-05-07 12:25:27,117] ERROR django.server "GET /api/dashboard-data/ HTTP/1.1" 500 145
[2025-05-07 12:25:33,779] WARNING django.server "GET /static/main/webfonts/fa-solid-900.woff2 HTTP/1.1" 404 179
[2025-05-07 12:25:33,904] WARNING django.server "GET /static/main/webfonts/fa-solid-900.ttf HTTP/1.1" 404 179
[2025-05-07 12:25:48,465] ERROR django.server "GET /api/dashboard-data/ HTTP/1.1" 500 145
[2025-05-07 12:26:09,520] ERROR django.server "GET /api/dashboard-data/ HTTP/1.1" 500 145
[2025-05-07 12:26:31,874] ERROR django.server "GET /api/dashboard-data/ HTTP/1.1" 500 145
[2025-05-07 12:26:39,764] WARNING django.server "GET /static/main/webfonts/fa-solid-900.woff2 HTTP/1.1" 404 179
[2025-05-07 12:26:40,077] WARNING django.server "GET /static/main/webfonts/fa-solid-900.ttf HTTP/1.1" 404 179
[2025-05-07 12:27:04,172] ERROR django.server "GET /api/dashboard-data/ HTTP/1.1" 500 145
[2025-05-07 12:27:18,083] ERROR django.server "GET /api/dashboard-data/ HTTP/1.1" 500 145
[2025-05-07 12:27:34,932] WARNING django.server "POST /get_bom_details/ HTTP/1.1" 404 38
[2025-05-07 12:27:42,304] ERROR django.server "GET /api/dashboard-data/ HTTP/1.1" 500 145
[2025-05-07 12:28:08,673] WARNING django.server "GET /static/main/webfonts/fa-solid-900.woff2 HTTP/1.1" 404 179
[2025-05-07 12:28:08,836] WARNING django.server "GET /static/main/webfonts/fa-solid-900.ttf HTTP/1.1" 404 179
[2025-05-07 12:28:33,221] ERROR django.server "GET /api/dashboard-data/ HTTP/1.1" 500 145
[2025-05-07 12:28:56,338] ERROR django.server "GET /api/dashboard-data/ HTTP/1.1" 500 145
[2025-05-07 12:29:20,509] ERROR django.server "GET /api/dashboard-data/ HTTP/1.1" 500 145
[2025-05-07 12:29:28,694] ERROR django.server "GET /api/dashboard-data/ HTTP/1.1" 500 145
[2025-05-07 12:29:42,903] ERROR django.server "GET /api/dashboard-data/ HTTP/1.1" 500 145
[2025-05-07 12:30:05,112] WARNING django.server "GET /static/main/webfonts/fa-solid-900.woff2 HTTP/1.1" 404 179
[2025-05-07 12:30:05,399] WARNING django.server "GET /static/main/webfonts/fa-solid-900.ttf HTTP/1.1" 404 179
[2025-05-07 12:30:05,520] WARNING django.server "GET /favicon.ico HTTP/1.1" 404 179
[2025-05-07 12:30:07,231] ERROR django.server "GET /api/dashboard-data/ HTTP/1.1" 500 145
[2025-05-07 12:30:08,433] WARNING django.server "GET /static/main/webfonts/fa-solid-900.woff2 HTTP/1.1" 404 179
[2025-05-07 12:30:08,542] WARNING django.server "GET /static/main/webfonts/fa-solid-900.ttf HTTP/1.1" 404 179
[2025-05-07 12:30:50,035] ERROR django.server "GET /api/dashboard-data/ HTTP/1.1" 500 145
[2025-05-07 12:31:08,253] ERROR django.server "GET /api/dashboard-data/ HTTP/1.1" 500 145
[2025-05-07 12:31:50,537] WARNING django.server "POST /get_bom_details/ HTTP/1.1" 404 38
[2025-05-07 12:31:53,541] ERROR django.server "GET /api/dashboard-data/ HTTP/1.1" 500 145
[2025-05-07 12:32:26,277] WARNING django.server "GET /static/main/webfonts/fa-solid-900.woff2 HTTP/1.1" 404 179
[2025-05-07 12:32:26,395] WARNING django.server "GET /static/main/webfonts/fa-solid-900.ttf HTTP/1.1" 404 179
[2025-05-07 12:33:01,449] WARNING django.server "POST /get_bom_details/ HTTP/1.1" 404 38
[2025-05-07 12:33:03,500] WARNING django.server "POST /get_bom_details/ HTTP/1.1" 404 38
[2025-05-07 12:33:15,496] ERROR django.server "GET /api/dashboard-data/ HTTP/1.1" 500 145
[2025-05-07 12:33:38,923] WARNING django.server "GET /static/main/webfonts/fa-solid-900.woff2 HTTP/1.1" 404 179
[2025-05-07 12:33:40,128] WARNING django.server "GET /static/main/webfonts/fa-solid-900.ttf HTTP/1.1" 404 179
[2025-05-07 12:34:05,072] ERROR django.server "GET /api/dashboard-data/ HTTP/1.1" 500 145
[2025-05-07 12:34:09,949] WARNING django.server "POST /get_bom_details/ HTTP/1.1" 404 38
[2025-05-07 12:34:45,393] WARNING django.server "GET /static/main/webfonts/fa-solid-900.woff2 HTTP/1.1" 404 179
[2025-05-07 12:34:45,534] WARNING django.server "GET /static/main/webfonts/fa-solid-900.ttf HTTP/1.1" 404 179
[2025-05-07 12:34:46,415] ERROR django.server "GET /api/dashboard-data/ HTTP/1.1" 500 145
[2025-05-07 12:34:53,890] ERROR django.server "GET /api/dashboard-data/ HTTP/1.1" 500 145
[2025-05-07 12:35:33,456] ERROR django.server "GET /api/dashboard-data/ HTTP/1.1" 500 145
[2025-05-07 12:36:01,253] ERROR django.server "GET /api/dashboard-data/ HTTP/1.1" 500 145
[2025-05-07 12:36:16,391] ERROR django.server "GET /api/dashboard-data/ HTTP/1.1" 500 145
[2025-05-07 12:36:25,892] ERROR django.server "GET /api/dashboard-data/ HTTP/1.1" 500 145
[2025-05-07 12:36:48,357] WARNING django.server "GET /static/main/webfonts/fa-solid-900.woff2 HTTP/1.1" 404 179
[2025-05-07 12:36:48,499] WARNING django.server "GET /static/main/webfonts/fa-solid-900.ttf HTTP/1.1" 404 179
[2025-05-07 12:37:09,136] ERROR django.server "GET /api/dashboard-data/ HTTP/1.1" 500 145
[2025-05-07 12:37:52,073] WARNING django.server "GET /static/main/webfonts/fa-solid-900.woff2 HTTP/1.1" 404 179
[2025-05-07 12:37:52,185] WARNING django.server "GET /static/main/webfonts/fa-solid-900.ttf HTTP/1.1" 404 179
[2025-05-07 12:38:05,015] WARNING django.server "GET /favicon.ico HTTP/1.1" 404 179
[2025-05-07 12:38:14,613] WARNING django.server "GET /static/main/webfonts/fa-solid-900.woff2 HTTP/1.1" 404 179
[2025-05-07 12:38:14,782] WARNING django.server "GET /static/main/webfonts/fa-solid-900.ttf HTTP/1.1" 404 179
[2025-05-07 12:38:16,887] WARNING django.server "GET /static/main/webfonts/fa-solid-900.woff2 HTTP/1.1" 404 179
[2025-05-07 12:38:17,215] WARNING django.server "GET /static/main/webfonts/fa-solid-900.ttf HTTP/1.1" 404 179
[2025-05-07 12:38:19,097] WARNING django.server "GET /static/main/webfonts/fa-solid-900.woff2 HTTP/1.1" 404 179
[2025-05-07 12:38:19,210] WARNING django.server "GET /static/main/webfonts/fa-solid-900.ttf HTTP/1.1" 404 179
[2025-05-07 12:38:22,592] WARNING django.server "GET /static/main/webfonts/fa-solid-900.woff2 HTTP/1.1" 404 179
[2025-05-07 12:38:22,919] WARNING django.server "GET /static/main/webfonts/fa-solid-900.ttf HTTP/1.1" 404 179
[2025-05-07 12:38:35,181] ERROR django.server "GET /api/dashboard-data/ HTTP/1.1" 500 145
[2025-05-07 12:38:40,857] WARNING django.server "GET /static/main/webfonts/fa-solid-900.woff2 HTTP/1.1" 404 179
[2025-05-07 12:38:40,972] WARNING django.server "GET /static/main/webfonts/fa-solid-900.ttf HTTP/1.1" 404 179
[2025-05-07 12:38:43,422] WARNING django.server "GET /static/main/webfonts/fa-solid-900.woff2 HTTP/1.1" 404 179
[2025-05-07 12:38:43,540] WARNING django.server "GET /static/main/webfonts/fa-solid-900.ttf HTTP/1.1" 404 179
[2025-05-07 12:38:50,733] WARNING django.server "GET /static/main/webfonts/fa-solid-900.woff2 HTTP/1.1" 404 179
[2025-05-07 12:38:51,125] WARNING django.server "GET /static/main/webfonts/fa-solid-900.ttf HTTP/1.1" 404 179
[2025-05-07 12:38:59,786] ERROR django.server "GET /api/dashboard-data/ HTTP/1.1" 500 145
[2025-05-07 12:39:01,277] WARNING django.server "GET /static/main/webfonts/fa-solid-900.woff2 HTTP/1.1" 404 179
[2025-05-07 12:39:01,902] WARNING django.server "GET /static/main/webfonts/fa-solid-900.ttf HTTP/1.1" 404 179
[2025-05-07 12:39:04,026] WARNING django.server "GET /static/main/webfonts/fa-solid-900.woff2 HTTP/1.1" 404 179
[2025-05-07 12:39:04,150] WARNING django.server "GET /static/main/webfonts/fa-solid-900.ttf HTTP/1.1" 404 179
[2025-05-07 12:39:06,773] WARNING django.server "GET /static/main/webfonts/fa-solid-900.woff2 HTTP/1.1" 404 179
[2025-05-07 12:39:07,076] WARNING django.server "GET /static/main/webfonts/fa-solid-900.ttf HTTP/1.1" 404 179
[2025-05-07 12:39:07,243] ERROR django.server "GET /api/dashboard-data/ HTTP/1.1" 500 145
[2025-05-07 12:39:09,689] WARNING django.server "GET /static/main/webfonts/fa-solid-900.woff2 HTTP/1.1" 404 179
[2025-05-07 12:39:09,808] WARNING django.server "GET /static/main/webfonts/fa-solid-900.ttf HTTP/1.1" 404 179
[2025-05-07 12:39:39,032] ERROR django.server "GET /api/dashboard-data/ HTTP/1.1" 500 145
[2025-05-07 12:39:46,004] WARNING django.server "POST /get_bom_details/ HTTP/1.1" 404 38
[2025-05-07 12:39:47,252] ERROR django.server "GET /api/dashboard-data/ HTTP/1.1" 500 145
[2025-05-07 12:40:09,195] ERROR django.server "GET /api/dashboard-data/ HTTP/1.1" 500 145
[2025-05-07 12:40:15,822] WARNING django.server "GET /static/main/webfonts/fa-solid-900.woff2 HTTP/1.1" 404 179
[2025-05-07 12:40:15,910] WARNING django.server "GET /static/main/webfonts/fa-solid-900.woff2 HTTP/1.1" 404 179
[2025-05-07 12:40:15,931] WARNING django.server "GET /static/main/webfonts/fa-solid-900.ttf HTTP/1.1" 404 179
[2025-05-07 12:40:16,038] WARNING django.server "GET /static/main/webfonts/fa-solid-900.ttf HTTP/1.1" 404 179
[2025-05-07 12:40:17,582] WARNING django.server "GET /static/main/webfonts/fa-solid-900.woff2 HTTP/1.1" 404 179
[2025-05-07 12:40:17,697] WARNING django.server "GET /static/main/webfonts/fa-solid-900.ttf HTTP/1.1" 404 179
[2025-05-07 12:40:19,631] WARNING django.server "GET /static/main/webfonts/fa-solid-900.woff2 HTTP/1.1" 404 179
[2025-05-07 12:40:19,941] WARNING django.server "GET /static/main/webfonts/fa-solid-900.ttf HTTP/1.1" 404 179
[2025-05-07 12:40:24,121] WARNING django.server "GET /static/main/webfonts/fa-solid-900.woff2 HTTP/1.1" 404 179
[2025-05-07 12:40:24,521] WARNING django.server "GET /static/main/webfonts/fa-solid-900.ttf HTTP/1.1" 404 179
[2025-05-07 12:40:31,316] ERROR django.server "GET /api/dashboard-data/ HTTP/1.1" 500 145
[2025-05-07 12:40:48,521] ERROR django.server "GET /api/dashboard-data/ HTTP/1.1" 500 145
[2025-05-07 12:41:17,302] ERROR django.server "GET /api/dashboard-data/ HTTP/1.1" 500 145
[2025-05-07 12:41:45,226] WARNING django.server "GET /static/main/webfonts/fa-solid-900.woff2 HTTP/1.1" 404 179
[2025-05-07 12:41:45,618] WARNING django.server "GET /static/main/webfonts/fa-solid-900.ttf HTTP/1.1" 404 179
[2025-05-07 12:42:08,437] ERROR django.server "GET /api/dashboard-data/ HTTP/1.1" 500 145
[2025-05-07 12:42:23,070] ERROR django.server "GET /api/dashboard-data/ HTTP/1.1" 500 145
[2025-05-07 12:42:47,235] ERROR django.server "GET /api/dashboard-data/ HTTP/1.1" 500 145
[2025-05-07 12:42:54,960] ERROR django.server "GET /api/dashboard-data/ HTTP/1.1" 500 145
[2025-05-07 12:43:33,288] ERROR django.server "GET /api/dashboard-data/ HTTP/1.1" 500 145
[2025-05-07 12:43:52,608] WARNING django.server "GET /static/main/webfonts/fa-solid-900.woff2 HTTP/1.1" 404 179
[2025-05-07 12:43:52,770] WARNING django.server "GET /static/main/webfonts/fa-solid-900.ttf HTTP/1.1" 404 179
[2025-05-07 12:43:56,123] ERROR django.server "GET /api/dashboard-data/ HTTP/1.1" 500 145
[2025-05-07 12:44:03,344] ERROR django.server "GET /api/dashboard-data/ HTTP/1.1" 500 145
[2025-05-07 12:44:20,364] ERROR django.server "GET /api/dashboard-data/ HTTP/1.1" 500 145
[2025-05-07 12:44:43,053] WARNING django.server "GET /static/main/webfonts/fa-solid-900.woff2 HTTP/1.1" 404 179
[2025-05-07 12:44:43,174] WARNING django.server "GET /static/main/webfonts/fa-solid-900.ttf HTTP/1.1" 404 179
[2025-05-07 12:44:45,082] WARNING django.server "GET /static/main/webfonts/fa-solid-900.woff2 HTTP/1.1" 404 179
[2025-05-07 12:44:45,412] WARNING django.server "GET /static/main/webfonts/fa-solid-900.ttf HTTP/1.1" 404 179
[2025-05-07 12:44:48,017] WARNING django.server "GET /static/main/webfonts/fa-solid-900.woff2 HTTP/1.1" 404 179
[2025-05-07 12:44:48,141] WARNING django.server "GET /static/main/webfonts/fa-solid-900.ttf HTTP/1.1" 404 179
[2025-05-07 12:45:10,188] ERROR django.server "GET /api/dashboard-data/ HTTP/1.1" 500 145
[2025-05-07 12:45:15,280] ERROR django.server "GET /api/dashboard-data/ HTTP/1.1" 500 145
[2025-05-07 12:45:40,072] ERROR django.server "GET /api/dashboard-data/ HTTP/1.1" 500 145
[2025-05-07 12:46:25,104] ERROR django.server "GET /api/dashboard-data/ HTTP/1.1" 500 145
[2025-05-07 12:46:43,041] ERROR django.server "GET /api/dashboard-data/ HTTP/1.1" 500 145
[2025-05-07 12:46:55,234] ERROR django.server "GET /api/dashboard-data/ HTTP/1.1" 500 145
[2025-05-07 12:47:05,191] ERROR django.server "GET /api/dashboard-data/ HTTP/1.1" 500 145
[2025-05-07 12:47:21,558] ERROR django.server "GET /api/dashboard-data/ HTTP/1.1" 500 145
[2025-05-07 12:47:42,181] ERROR django.server "GET /api/dashboard-data/ HTTP/1.1" 500 145
[2025-05-07 12:48:06,245] ERROR django.server "GET /api/dashboard-data/ HTTP/1.1" 500 145
[2025-05-07 12:48:20,943] ERROR django.server "GET /api/dashboard-data/ HTTP/1.1" 500 145
[2025-05-07 12:48:31,337] ERROR django.server "GET /api/dashboard-data/ HTTP/1.1" 500 145
[2025-05-07 12:49:29,446] ERROR django.server "GET /api/dashboard-data/ HTTP/1.1" 500 145
[2025-05-07 12:49:58,202] ERROR django.server "GET /api/dashboard-data/ HTTP/1.1" 500 145
[2025-05-07 12:50:11,164] ERROR django.server "GET /api/dashboard-data/ HTTP/1.1" 500 145
[2025-05-07 12:50:34,296] ERROR django.server "GET /api/dashboard-data/ HTTP/1.1" 500 145
[2025-05-07 12:50:49,982] ERROR django.server "GET /api/dashboard-data/ HTTP/1.1" 500 145
[2025-05-07 12:51:00,248] ERROR django.server "GET /api/dashboard-data/ HTTP/1.1" 500 145
[2025-05-07 12:51:13,932] ERROR django.server "GET /api/dashboard-data/ HTTP/1.1" 500 145
[2025-05-07 12:51:35,307] WARNING django.server "GET /static/main/webfonts/fa-solid-900.woff2 HTTP/1.1" 404 179
[2025-05-07 12:51:35,366] WARNING django.server "GET /static/main/webfonts/fa-solid-900.ttf HTTP/1.1" 404 179
[2025-05-07 12:51:38,277] ERROR django.server "GET /api/dashboard-data/ HTTP/1.1" 500 145
[2025-05-07 12:51:48,401] ERROR django.server "GET /api/dashboard-data/ HTTP/1.1" 500 145
[2025-05-07 12:52:24,203] ERROR django.server "GET /api/dashboard-data/ HTTP/1.1" 500 145
[2025-05-07 12:52:52,626] ERROR django.server "GET /api/dashboard-data/ HTTP/1.1" 500 145
[2025-05-07 12:52:56,462] WARNING django.server "GET /static/main/webfonts/fa-solid-900.woff2 HTTP/1.1" 404 179
[2025-05-07 12:52:56,878] WARNING django.server "GET /static/main/webfonts/fa-solid-900.ttf HTTP/1.1" 404 179
[2025-05-07 12:53:13,258] ERROR django.server "GET /api/dashboard-data/ HTTP/1.1" 500 145
[2025-05-07 12:53:50,089] ERROR django.server "GET /api/dashboard-data/ HTTP/1.1" 500 145
[2025-05-07 12:54:00,493] ERROR django.server "GET /api/dashboard-data/ HTTP/1.1" 500 145
[2025-05-07 12:54:09,445] ERROR django.server "GET /api/dashboard-data/ HTTP/1.1" 500 145
[2025-05-07 12:54:38,145] ERROR django.server "GET /api/dashboard-data/ HTTP/1.1" 500 145
[2025-05-07 12:54:45,013] ERROR django.server "GET /api/dashboard-data/ HTTP/1.1" 500 145
[2025-05-07 12:55:19,164] ERROR django.server "GET /api/dashboard-data/ HTTP/1.1" 500 145
[2025-05-07 12:55:32,863] ERROR django.server "GET /api/dashboard-data/ HTTP/1.1" 500 145
[2025-05-07 12:55:48,808] ERROR django.server "GET /api/dashboard-data/ HTTP/1.1" 500 145
[2025-05-07 12:56:25,397] ERROR django.server "GET /api/dashboard-data/ HTTP/1.1" 500 145
[2025-05-07 12:56:45,997] ERROR django.server "GET /api/dashboard-data/ HTTP/1.1" 500 145
[2025-05-07 12:56:56,262] ERROR django.server "GET /api/dashboard-data/ HTTP/1.1" 500 145
[2025-05-07 12:57:51,333] ERROR django.server "GET /api/dashboard-data/ HTTP/1.1" 500 145
[2025-05-07 12:58:07,362] WARNING django.server "GET /static/main/webfonts/fa-solid-900.woff2 HTTP/1.1" 404 179
[2025-05-07 12:58:07,441] WARNING django.server "GET /static/main/webfonts/fa-solid-900.ttf HTTP/1.1" 404 179
[2025-05-07 12:58:08,195] ERROR django.server "GET /api/dashboard-data/ HTTP/1.1" 500 145
[2025-05-07 12:58:14,981] ERROR django.server "GET /api/dashboard-data/ HTTP/1.1" 500 145
[2025-05-07 12:58:31,213] ERROR django.server "GET /api/dashboard-data/ HTTP/1.1" 500 145
[2025-05-07 12:58:38,727] ERROR django.server "GET /api/dashboard-data/ HTTP/1.1" 500 145
[2025-05-07 12:58:43,995] ERROR django.server "GET /api/dashboard-data/ HTTP/1.1" 500 145
[2025-05-07 12:58:54,668] ERROR django.server "GET /api/dashboard-data/ HTTP/1.1" 500 145
[2025-05-07 12:58:59,963] ERROR django.server "GET /api/dashboard-data/ HTTP/1.1" 500 145
[2025-05-07 12:59:21,161] WARNING django.server "GET /static/main/webfonts/fa-solid-900.woff2 HTTP/1.1" 404 179
[2025-05-07 12:59:21,491] WARNING django.server "GET /static/main/webfonts/fa-solid-900.ttf HTTP/1.1" 404 179
[2025-05-07 13:00:19,989] ERROR django.server "GET /api/dashboard-data/ HTTP/1.1" 500 145
[2025-05-07 13:00:29,715] ERROR django.server "GET /api/dashboard-data/ HTTP/1.1" 500 145
[2025-05-07 13:00:31,126] WARNING django.server "GET /static/main/webfonts/fa-solid-900.woff2 HTTP/1.1" 404 179
[2025-05-07 13:00:31,442] WARNING django.server "GET /static/main/webfonts/fa-solid-900.ttf HTTP/1.1" 404 179
[2025-05-07 13:01:05,779] ERROR django.server "GET /api/dashboard-data/ HTTP/1.1" 500 145
[2025-05-07 13:01:11,170] ERROR django.server "GET /api/dashboard-data/ HTTP/1.1" 500 145
[2025-05-07 13:01:33,265] ERROR django.server "GET /api/dashboard-data/ HTTP/1.1" 500 145
[2025-05-07 13:01:41,418] ERROR django.server "GET /api/dashboard-data/ HTTP/1.1" 500 145
[2025-05-07 13:01:54,766] ERROR django.server "GET /api/dashboard-data/ HTTP/1.1" 500 145
[2025-05-07 13:02:12,185] ERROR django.server "GET /api/dashboard-data/ HTTP/1.1" 500 145
[2025-05-07 13:03:08,445] ERROR django.server "GET /api/dashboard-data/ HTTP/1.1" 500 145
[2025-05-07 13:03:13,804] WARNING django.server "GET /static/main/webfonts/fa-solid-900.woff2 HTTP/1.1" 404 179
[2025-05-07 13:03:13,890] WARNING django.server "GET /static/main/webfonts/fa-solid-900.ttf HTTP/1.1" 404 179
[2025-05-07 13:03:17,975] ERROR django.server "GET /api/dashboard-data/ HTTP/1.1" 500 145
[2025-05-07 13:03:33,990] ERROR django.server "GET /api/dashboard-data/ HTTP/1.1" 500 145
[2025-05-07 13:03:44,128] ERROR django.server "GET /api/dashboard-data/ HTTP/1.1" 500 145
[2025-05-07 13:03:52,086] ERROR django.server "GET /api/dashboard-data/ HTTP/1.1" 500 145
[2025-05-07 13:04:07,018] ERROR django.server "GET /api/dashboard-data/ HTTP/1.1" 500 145
[2025-05-07 13:04:18,664] WARNING django.server "GET /static/main/webfonts/fa-solid-900.woff2 HTTP/1.1" 404 179
[2025-05-07 13:04:18,744] WARNING django.server "GET /static/main/webfonts/fa-solid-900.ttf HTTP/1.1" 404 179
[2025-05-07 13:04:42,746] ERROR django.server "GET /api/dashboard-data/ HTTP/1.1" 500 145
[2025-05-07 13:04:47,777] ERROR django.server "GET /api/dashboard-data/ HTTP/1.1" 500 145
[2025-05-07 13:04:58,962] ERROR django.server "GET /api/dashboard-data/ HTTP/1.1" 500 145
[2025-05-07 13:05:08,235] ERROR django.server "GET /api/dashboard-data/ HTTP/1.1" 500 145
[2025-05-07 13:05:24,818] WARNING django.server "GET /static/main/webfonts/fa-solid-900.woff2 HTTP/1.1" 404 179
[2025-05-07 13:05:24,960] WARNING django.server "GET /static/main/webfonts/fa-solid-900.ttf HTTP/1.1" 404 179
[2025-05-07 13:05:57,335] ERROR django.server "GET /api/dashboard-data/ HTTP/1.1" 500 145
[2025-05-07 13:06:16,342] WARNING django.server "GET /static/main/webfonts/fa-solid-900.woff2 HTTP/1.1" 404 179
[2025-05-07 13:06:16,431] WARNING django.server "GET /static/main/webfonts/fa-solid-900.ttf HTTP/1.1" 404 179
[2025-05-07 13:06:17,788] ERROR django.server "GET /api/dashboard-data/ HTTP/1.1" 500 145
[2025-05-07 13:06:26,759] ERROR django.server "GET /api/dashboard-data/ HTTP/1.1" 500 145
[2025-05-07 13:06:56,271] ERROR django.server "GET /api/dashboard-data/ HTTP/1.1" 500 145
[2025-05-07 13:07:04,392] ERROR django.server "GET /api/dashboard-data/ HTTP/1.1" 500 145
[2025-05-07 13:07:05,740] WARNING django.server "POST /get_bom_details/ HTTP/1.1" 404 38
[2025-05-07 13:07:24,955] ERROR django.server "GET /api/dashboard-data/ HTTP/1.1" 500 145
[2025-05-07 13:07:32,311] ERROR django.server "GET /api/dashboard-data/ HTTP/1.1" 500 145
[2025-05-07 13:07:38,796] ERROR django.server "GET /api/dashboard-data/ HTTP/1.1" 500 145
[2025-05-07 13:07:56,288] ERROR django.server "GET /api/dashboard-data/ HTTP/1.1" 500 145
[2025-05-07 13:08:05,216] ERROR django.server "GET /api/dashboard-data/ HTTP/1.1" 500 145
[2025-05-07 13:08:06,525] WARNING django.server "GET /static/main/webfonts/fa-solid-900.woff2 HTTP/1.1" 404 179
[2025-05-07 13:08:06,626] WARNING django.server "GET /static/main/webfonts/fa-solid-900.ttf HTTP/1.1" 404 179
[2025-05-07 13:08:48,082] ERROR django.server "GET /api/dashboard-data/ HTTP/1.1" 500 145
[2025-05-07 13:08:52,871] WARNING django.server "GET /static/main/webfonts/fa-solid-900.woff2 HTTP/1.1" 404 179
[2025-05-07 13:08:53,000] WARNING django.server "GET /static/main/webfonts/fa-solid-900.ttf HTTP/1.1" 404 179
[2025-05-07 13:08:57,144] ERROR django.server "GET /api/dashboard-data/ HTTP/1.1" 500 145
[2025-05-07 13:09:19,308] ERROR django.server "GET /api/dashboard-data/ HTTP/1.1" 500 145
[2025-05-07 13:09:40,213] ERROR django.server "GET /api/dashboard-data/ HTTP/1.1" 500 145
[2025-05-07 13:10:01,083] ERROR django.server "GET /api/dashboard-data/ HTTP/1.1" 500 145
[2025-05-07 13:10:08,194] ERROR django.server "GET /api/dashboard-data/ HTTP/1.1" 500 145
[2025-05-07 13:10:29,307] ERROR django.server "GET /api/dashboard-data/ HTTP/1.1" 500 145
[2025-05-07 13:10:44,127] ERROR django.server "GET /api/dashboard-data/ HTTP/1.1" 500 145
[2025-05-07 13:10:59,985] ERROR django.server "GET /api/dashboard-data/ HTTP/1.1" 500 145
[2025-05-07 13:11:50,097] ERROR django.server "GET /api/dashboard-data/ HTTP/1.1" 500 145
[2025-05-07 13:12:18,457] ERROR django.server "GET /api/dashboard-data/ HTTP/1.1" 500 145
[2025-05-07 13:12:46,986] ERROR django.server "GET /api/dashboard-data/ HTTP/1.1" 500 145
[2025-05-07 13:13:03,354] ERROR django.server "GET /api/dashboard-data/ HTTP/1.1" 500 145
[2025-05-07 13:13:46,341] ERROR django.server "GET /api/dashboard-data/ HTTP/1.1" 500 145
[2025-05-07 13:13:57,648] WARNING django.server "GET /static/main/webfonts/fa-solid-900.woff2 HTTP/1.1" 404 179
[2025-05-07 13:13:57,788] WARNING django.server "GET /static/main/webfonts/fa-solid-900.ttf HTTP/1.1" 404 179
[2025-05-07 13:14:30,952] ERROR django.server "GET /api/dashboard-data/ HTTP/1.1" 500 145
[2025-05-07 13:14:32,522] WARNING django.server "POST /get_bom_details/ HTTP/1.1" 404 38
[2025-05-07 13:14:38,063] ERROR django.server "GET /api/dashboard-data/ HTTP/1.1" 500 145
[2025-05-07 13:15:07,678] WARNING django.server "GET /static/main/webfonts/fa-solid-900.woff2 HTTP/1.1" 404 179
[2025-05-07 13:15:07,798] WARNING django.server "GET /static/main/webfonts/fa-solid-900.ttf HTTP/1.1" 404 179
[2025-05-07 13:15:38,061] ERROR django.server "GET /api/dashboard-data/ HTTP/1.1" 500 145
[2025-05-07 13:15:48,100] ERROR django.server "GET /api/dashboard-data/ HTTP/1.1" 500 145
[2025-05-07 13:15:53,732] ERROR django.server "GET /api/dashboard-data/ HTTP/1.1" 500 145
[2025-05-07 13:16:15,412] ERROR django.server "GET /api/dashboard-data/ HTTP/1.1" 500 145
[2025-05-07 13:17:11,961] WARNING django.server "POST /get_bom_details/ HTTP/1.1" 404 38
[2025-05-07 13:17:27,122] ERROR django.server "GET /api/dashboard-data/ HTTP/1.1" 500 145
[2025-05-07 13:17:45,751] WARNING django.server "GET /static/main/webfonts/fa-solid-900.woff2 HTTP/1.1" 404 179
[2025-05-07 13:17:45,883] WARNING django.server "GET /static/main/webfonts/fa-solid-900.ttf HTTP/1.1" 404 179
[2025-05-07 13:17:51,935] ERROR django.server "GET /api/dashboard-data/ HTTP/1.1" 500 145
[2025-05-07 13:18:22,519] ERROR django.server "GET /api/dashboard-data/ HTTP/1.1" 500 145
[2025-05-07 13:18:44,097] ERROR django.server "GET /api/dashboard-data/ HTTP/1.1" 500 145
[2025-05-07 13:19:38,038] ERROR django.server "GET /api/dashboard-data/ HTTP/1.1" 500 145
[2025-05-07 13:19:47,481] ERROR django.server "GET /api/dashboard-data/ HTTP/1.1" 500 145
[2025-05-07 13:20:27,551] ERROR django.server "GET /api/dashboard-data/ HTTP/1.1" 500 145
[2025-05-07 13:20:44,138] ERROR django.server "GET /api/dashboard-data/ HTTP/1.1" 500 145
[2025-05-07 13:21:50,172] ERROR django.server "GET /api/dashboard-data/ HTTP/1.1" 500 145
[2025-05-07 13:22:50,364] ERROR django.server "GET /api/dashboard-data/ HTTP/1.1" 500 145
[2025-05-07 13:23:05,377] ERROR django.server "GET /api/dashboard-data/ HTTP/1.1" 500 145
[2025-05-07 13:23:15,054] ERROR django.server "GET /api/dashboard-data/ HTTP/1.1" 500 145
[2025-05-07 13:25:05,342] ERROR django.server "GET /api/dashboard-data/ HTTP/1.1" 500 145
[2025-05-07 13:25:37,490] ERROR django.server "GET /api/dashboard-data/ HTTP/1.1" 500 145
[2025-05-07 13:26:14,062] ERROR django.server "GET /api/dashboard-data/ HTTP/1.1" 500 145
[2025-05-07 13:26:52,393] ERROR django.server "GET /api/dashboard-data/ HTTP/1.1" 500 145
[2025-05-07 13:27:05,863] ERROR django.server "GET /api/dashboard-data/ HTTP/1.1" 500 145
[2025-05-07 13:27:46,220] ERROR django.server "GET /api/dashboard-data/ HTTP/1.1" 500 145
[2025-05-07 13:28:09,170] ERROR django.server "GET /api/dashboard-data/ HTTP/1.1" 500 145
[2025-05-07 13:28:26,657] ERROR django.server "GET /api/dashboard-data/ HTTP/1.1" 500 145
[2025-05-07 13:29:20,237] ERROR django.server "GET /api/dashboard-data/ HTTP/1.1" 500 145
[2025-05-07 13:29:30,382] ERROR django.server "GET /api/dashboard-data/ HTTP/1.1" 500 145
[2025-05-07 13:29:47,102] ERROR django.server "GET /api/dashboard-data/ HTTP/1.1" 500 145
[2025-05-07 13:29:56,332] ERROR django.server "GET /api/dashboard-data/ HTTP/1.1" 500 145
[2025-05-07 13:30:04,575] ERROR django.server "GET /api/dashboard-data/ HTTP/1.1" 500 145
[2025-05-07 13:30:12,425] ERROR django.server "GET /api/dashboard-data/ HTTP/1.1" 500 145
[2025-05-07 13:30:26,382] ERROR django.server "GET /api/dashboard-data/ HTTP/1.1" 500 145
[2025-05-07 13:30:34,115] ERROR django.server "GET /api/dashboard-data/ HTTP/1.1" 500 145
[2025-05-07 13:30:44,369] ERROR django.server "GET /api/dashboard-data/ HTTP/1.1" 500 145
[2025-05-07 13:31:42,613] ERROR django.server "GET /api/dashboard-data/ HTTP/1.1" 500 145
[2025-05-07 13:31:50,126] ERROR django.server "GET /api/dashboard-data/ HTTP/1.1" 500 145
[2025-05-07 13:32:21,436] ERROR django.server "GET /api/dashboard-data/ HTTP/1.1" 500 145
[2025-05-07 13:32:44,404] ERROR django.server "GET /api/dashboard-data/ HTTP/1.1" 500 145
[2025-05-07 13:32:52,080] ERROR django.server "GET /api/dashboard-data/ HTTP/1.1" 500 145
[2025-05-07 13:33:02,230] ERROR django.server "GET /api/dashboard-data/ HTTP/1.1" 500 145
[2025-05-07 13:33:19,111] ERROR django.server "GET /api/dashboard-data/ HTTP/1.1" 500 145
[2025-05-07 13:33:58,118] ERROR django.server "GET /api/dashboard-data/ HTTP/1.1" 500 145
[2025-05-07 13:34:49,100] ERROR django.server "GET /api/dashboard-data/ HTTP/1.1" 500 145
[2025-05-07 13:35:06,542] ERROR django.server "GET /api/dashboard-data/ HTTP/1.1" 500 145
[2025-05-07 13:35:41,309] ERROR django.server "GET /api/dashboard-data/ HTTP/1.1" 500 145
[2025-05-07 13:36:12,333] ERROR django.server "GET /api/dashboard-data/ HTTP/1.1" 500 145
[2025-05-07 13:36:29,525] ERROR django.server "GET /api/dashboard-data/ HTTP/1.1" 500 145
[2025-05-07 13:37:10,775] ERROR django.server "GET /api/dashboard-data/ HTTP/1.1" 500 145
[2025-05-07 13:37:40,333] ERROR django.server "GET /api/dashboard-data/ HTTP/1.1" 500 145
[2025-05-07 13:37:54,355] ERROR django.server "GET /api/dashboard-data/ HTTP/1.1" 500 145
[2025-05-07 13:38:10,390] ERROR django.server "GET /api/dashboard-data/ HTTP/1.1" 500 145
[2025-05-07 13:39:09,207] ERROR django.server "GET /api/dashboard-data/ HTTP/1.1" 500 145
[2025-05-07 13:39:16,441] ERROR django.server "GET /api/dashboard-data/ HTTP/1.1" 500 145
[2025-05-07 13:39:52,565] ERROR django.server "GET /api/dashboard-data/ HTTP/1.1" 500 145
[2025-05-07 13:40:58,113] ERROR django.server "GET /api/dashboard-data/ HTTP/1.1" 500 145
[2025-05-07 13:41:28,101] ERROR django.server "GET /api/dashboard-data/ HTTP/1.1" 500 145
[2025-05-07 13:42:00,098] ERROR django.server "GET /api/dashboard-data/ HTTP/1.1" 500 145
[2025-05-07 13:42:24,286] ERROR django.server "GET /api/dashboard-data/ HTTP/1.1" 500 145
[2025-05-07 13:42:47,219] ERROR django.server "GET /api/dashboard-data/ HTTP/1.1" 500 145
[2025-05-07 14:32:19,262] WARNING django.server "GET /static/main/webfonts/fa-solid-900.woff2 HTTP/1.1" 404 179
[2025-05-07 14:32:19,397] WARNING django.server "GET /static/main/webfonts/fa-solid-900.ttf HTTP/1.1" 404 179
[2025-05-07 14:32:21,403] WARNING django.server "GET /static/main/webfonts/fa-solid-900.woff2 HTTP/1.1" 404 179
[2025-05-07 14:32:21,725] WARNING django.server "GET /static/main/webfonts/fa-solid-900.ttf HTTP/1.1" 404 179
[2025-05-07 14:32:31,925] WARNING django.server "GET /static/main/webfonts/fa-solid-900.woff2 HTTP/1.1" 404 179
[2025-05-07 14:32:32,043] WARNING django.server "GET /static/main/webfonts/fa-solid-900.ttf HTTP/1.1" 404 179
[2025-05-07 14:32:39,750] WARNING django.server "GET /static/main/webfonts/fa-solid-900.woff2 HTTP/1.1" 404 179
[2025-05-07 14:32:39,891] WARNING django.server "GET /static/main/webfonts/fa-solid-900.ttf HTTP/1.1" 404 179
[2025-05-07 14:34:14,470] WARNING django.server "GET /static/main/webfonts/fa-solid-900.woff2 HTTP/1.1" 404 179
[2025-05-07 14:34:14,591] WARNING django.server "GET /static/main/webfonts/fa-solid-900.ttf HTTP/1.1" 404 179
[2025-05-07 14:34:25,575] WARNING django.server "GET /static/main/webfonts/fa-solid-900.woff2 HTTP/1.1" 404 179
[2025-05-07 14:34:25,871] WARNING django.server "GET /static/main/webfonts/fa-solid-900.ttf HTTP/1.1" 404 179
[2025-05-07 14:41:11,511] WARNING django.server "GET /static/main/webfonts/fa-solid-900.woff2 HTTP/1.1" 404 179
[2025-05-07 14:41:11,630] WARNING django.server "GET /static/main/webfonts/fa-solid-900.ttf HTTP/1.1" 404 179
[2025-05-07 14:42:00,689] WARNING django.server "GET /static/main/webfonts/fa-solid-900.woff2 HTTP/1.1" 404 179
[2025-05-07 14:42:00,801] WARNING django.server "GET /static/main/webfonts/fa-solid-900.ttf HTTP/1.1" 404 179
[2025-05-07 14:42:02,430] WARNING django.server "GET /static/main/webfonts/fa-solid-900.woff2 HTTP/1.1" 404 179
[2025-05-07 14:42:02,809] WARNING django.server "GET /static/main/webfonts/fa-solid-900.ttf HTTP/1.1" 404 179
[2025-05-07 14:42:04,584] WARNING django.server "GET /static/main/webfonts/fa-solid-900.woff2 HTTP/1.1" 404 179
[2025-05-07 14:42:04,716] WARNING django.server "GET /static/main/webfonts/fa-solid-900.ttf HTTP/1.1" 404 179
[2025-05-07 15:00:54,364] WARNING django.server "GET /static/main/webfonts/fa-solid-900.woff2 HTTP/1.1" 404 179
[2025-05-07 15:00:54,466] WARNING django.server "GET /static/main/webfonts/fa-solid-900.ttf HTTP/1.1" 404 179
[2025-05-07 15:00:56,488] WARNING django.server "GET /static/main/webfonts/fa-solid-900.woff2 HTTP/1.1" 404 179
[2025-05-07 15:00:56,767] WARNING django.server "GET /static/main/webfonts/fa-solid-900.ttf HTTP/1.1" 404 179
[2025-05-07 15:02:46,973] WARNING django.server "GET /static/main/webfonts/fa-solid-900.woff2 HTTP/1.1" 404 179
[2025-05-07 15:02:47,082] WARNING django.server "GET /static/main/webfonts/fa-solid-900.ttf HTTP/1.1" 404 179
[2025-05-07 15:05:29,538] WARNING django.server "GET /static/main/webfonts/fa-solid-900.woff2 HTTP/1.1" 404 179
[2025-05-07 15:05:29,646] WARNING django.server "GET /static/main/webfonts/fa-solid-900.ttf HTTP/1.1" 404 179
[2025-05-07 15:09:40,255] WARNING django.server "GET /static/main/webfonts/fa-solid-900.woff2 HTTP/1.1" 404 179
[2025-05-07 15:09:40,378] WARNING django.server "GET /static/main/webfonts/fa-solid-900.ttf HTTP/1.1" 404 179
[2025-05-07 15:09:51,895] WARNING django.server "GET /static/main/webfonts/fa-solid-900.woff2 HTTP/1.1" 404 179
[2025-05-07 15:09:52,050] WARNING django.server "GET /static/main/webfonts/fa-solid-900.ttf HTTP/1.1" 404 179
[2025-05-07 15:12:46,675] WARNING django.server "GET /static/main/webfonts/fa-solid-900.woff2 HTTP/1.1" 404 179
[2025-05-07 15:12:46,800] WARNING django.server "GET /static/main/webfonts/fa-solid-900.ttf HTTP/1.1" 404 179
[2025-05-07 15:15:29,256] WARNING django.server "GET /static/main/webfonts/fa-solid-900.woff2 HTTP/1.1" 404 179
[2025-05-07 15:15:29,578] WARNING django.server "GET /static/main/webfonts/fa-solid-900.ttf HTTP/1.1" 404 179
[2025-05-07 15:17:44,619] WARNING django.server "GET /static/main/webfonts/fa-solid-900.woff2 HTTP/1.1" 404 179
[2025-05-07 15:17:45,123] WARNING django.server "GET /static/main/webfonts/fa-solid-900.ttf HTTP/1.1" 404 179
[2025-05-07 15:18:36,926] WARNING django.server "GET /static/main/webfonts/fa-solid-900.woff2 HTTP/1.1" 404 179
[2025-05-07 15:18:37,049] WARNING django.server "GET /static/main/webfonts/fa-solid-900.ttf HTTP/1.1" 404 179
[2025-05-07 15:19:09,408] WARNING django.server "GET /static/main/webfonts/fa-solid-900.woff2 HTTP/1.1" 404 179
[2025-05-07 15:19:09,559] WARNING django.server "GET /static/main/webfonts/fa-solid-900.ttf HTTP/1.1" 404 179
[2025-05-07 15:19:10,939] WARNING django.server "GET /static/main/webfonts/fa-solid-900.woff2 HTTP/1.1" 404 179
[2025-05-07 15:19:11,257] WARNING django.server "GET /static/main/webfonts/fa-solid-900.ttf HTTP/1.1" 404 179
[2025-05-07 15:19:12,989] WARNING django.server "GET /static/main/webfonts/fa-solid-900.woff2 HTTP/1.1" 404 179
[2025-05-07 15:19:13,112] WARNING django.server "GET /static/main/webfonts/fa-solid-900.ttf HTTP/1.1" 404 179
[2025-05-07 15:21:25,000] WARNING django.server "GET /static/main/webfonts/fa-solid-900.woff2 HTTP/1.1" 404 179
[2025-05-07 15:21:25,401] WARNING django.server "GET /static/main/webfonts/fa-solid-900.ttf HTTP/1.1" 404 179
[2025-05-07 15:24:32,184] WARNING django.server "GET /static/main/webfonts/fa-solid-900.woff2 HTTP/1.1" 404 179
[2025-05-07 15:24:32,307] WARNING django.server "GET /static/main/webfonts/fa-solid-900.ttf HTTP/1.1" 404 179
[2025-05-07 15:28:12,313] WARNING django.server "GET /static/main/webfonts/fa-solid-900.woff2 HTTP/1.1" 404 179
[2025-05-07 15:28:12,425] WARNING django.server "GET /static/main/webfonts/fa-solid-900.ttf HTTP/1.1" 404 179
[2025-05-07 15:31:33,541] WARNING django.server "GET /static/main/webfonts/fa-solid-900.woff2 HTTP/1.1" 404 179
[2025-05-07 15:31:33,673] WARNING django.server "GET /static/main/webfonts/fa-solid-900.ttf HTTP/1.1" 404 179
[2025-05-07 15:34:15,169] WARNING django.server "GET /static/main/webfonts/fa-solid-900.woff2 HTTP/1.1" 404 179
[2025-05-07 15:34:15,289] WARNING django.server "GET /static/main/webfonts/fa-solid-900.ttf HTTP/1.1" 404 179
[2025-05-07 15:40:26,062] WARNING django.server "GET /static/main/webfonts/fa-solid-900.woff2 HTTP/1.1" 404 179
[2025-05-07 15:40:26,207] WARNING django.server "GET /static/main/webfonts/fa-solid-900.ttf HTTP/1.1" 404 179
[2025-05-07 15:43:02,284] WARNING django.server "GET /static/main/webfonts/fa-solid-900.woff2 HTTP/1.1" 404 179
[2025-05-07 15:43:02,490] WARNING django.server "GET /static/main/webfonts/fa-solid-900.ttf HTTP/1.1" 404 179
[2025-05-07 15:47:24,725] WARNING django.server "GET /static/main/webfonts/fa-solid-900.woff2 HTTP/1.1" 404 179
[2025-05-07 15:47:24,802] WARNING django.server "GET /static/main/webfonts/fa-solid-900.ttf HTTP/1.1" 404 179
[2025-05-07 15:52:03,892] WARNING django.server "GET /static/main/webfonts/fa-solid-900.woff2 HTTP/1.1" 404 179
[2025-05-07 15:52:03,961] WARNING django.server "GET /static/main/webfonts/fa-solid-900.ttf HTTP/1.1" 404 179
[2025-05-07 15:56:41,698] WARNING django.server "GET /static/main/webfonts/fa-solid-900.woff2 HTTP/1.1" 404 179
[2025-05-07 15:56:42,028] WARNING django.server "GET /static/main/webfonts/fa-solid-900.ttf HTTP/1.1" 404 179
[2025-05-07 15:57:56,049] WARNING django.server "GET /static/main/webfonts/fa-solid-900.woff2 HTTP/1.1" 404 179
[2025-05-07 15:57:56,124] WARNING django.server "GET /static/main/webfonts/fa-solid-900.ttf HTTP/1.1" 404 179
[2025-05-07 15:57:58,747] WARNING django.server "GET /static/main/webfonts/fa-solid-900.woff2 HTTP/1.1" 404 179
[2025-05-07 15:57:58,822] WARNING django.server "GET /static/main/webfonts/fa-solid-900.ttf HTTP/1.1" 404 179
[2025-05-07 15:58:00,691] WARNING django.server "GET /static/main/webfonts/fa-solid-900.woff2 HTTP/1.1" 404 179
[2025-05-07 15:58:00,770] WARNING django.server "GET /static/main/webfonts/fa-solid-900.ttf HTTP/1.1" 404 179
[2025-05-07 16:01:16,518] WARNING django.server "GET /static/main/webfonts/fa-solid-900.woff2 HTTP/1.1" 404 179
[2025-05-07 16:01:16,590] WARNING django.server "GET /static/main/webfonts/fa-solid-900.ttf HTTP/1.1" 404 179
[2025-05-07 16:01:46,495] WARNING django.server "GET /static/main/webfonts/fa-solid-900.woff2 HTTP/1.1" 404 179
[2025-05-07 16:01:46,624] WARNING django.server "GET /static/main/webfonts/fa-solid-900.ttf HTTP/1.1" 404 179
[2025-05-07 16:02:11,781] WARNING django.server "GET /static/main/webfonts/fa-solid-900.woff2 HTTP/1.1" 404 179
[2025-05-07 16:02:12,042] WARNING django.server "GET /static/main/webfonts/fa-solid-900.ttf HTTP/1.1" 404 179
[2025-05-07 16:02:13,305] WARNING django.server "GET /favicon.ico HTTP/1.1" 404 179
[2025-05-07 16:02:49,126] WARNING django.server "GET /static/main/webfonts/fa-solid-900.woff2 HTTP/1.1" 404 179
[2025-05-07 16:02:49,215] WARNING django.server "GET /static/main/webfonts/fa-solid-900.ttf HTTP/1.1" 404 179
[2025-05-07 16:08:12,013] WARNING django.server "GET /static/main/webfonts/fa-solid-900.woff2 HTTP/1.1" 404 179
[2025-05-07 16:08:12,147] WARNING django.server "GET /static/main/webfonts/fa-solid-900.ttf HTTP/1.1" 404 179
[2025-05-07 16:09:25,049] WARNING django.server "GET /static/main/webfonts/fa-solid-900.woff2 HTTP/1.1" 404 179
[2025-05-07 16:09:25,160] WARNING django.server "GET /static/main/webfonts/fa-solid-900.ttf HTTP/1.1" 404 179
[2025-05-07 16:12:05,571] WARNING django.server "GET /static/main/webfonts/fa-solid-900.woff2 HTTP/1.1" 404 179
[2025-05-07 16:12:05,695] WARNING django.server "GET /static/main/webfonts/fa-solid-900.ttf HTTP/1.1" 404 179
[2025-05-07 16:12:13,097] WARNING django.server "GET /static/main/webfonts/fa-solid-900.woff2 HTTP/1.1" 404 179
[2025-05-07 16:12:13,220] WARNING django.server "GET /static/main/webfonts/fa-solid-900.ttf HTTP/1.1" 404 179
[2025-05-07 16:22:00,320] WARNING django.server "GET /static/main/webfonts/fa-solid-900.woff2 HTTP/1.1" 404 179
[2025-05-07 16:22:00,430] WARNING django.server "GET /static/main/webfonts/fa-solid-900.ttf HTTP/1.1" 404 179
[2025-05-07 16:24:54,913] WARNING django.server "GET /static/main/webfonts/fa-solid-900.woff2 HTTP/1.1" 404 179
[2025-05-07 16:24:55,071] WARNING django.server "GET /static/main/webfonts/fa-solid-900.ttf HTTP/1.1" 404 179
[2025-05-07 16:28:38,798] WARNING django.server "GET /static/main/webfonts/fa-solid-900.woff2 HTTP/1.1" 404 179
[2025-05-07 16:28:38,945] WARNING django.server "GET /static/main/webfonts/fa-solid-900.ttf HTTP/1.1" 404 179
[2025-05-07 16:30:58,394] WARNING django.server "GET /static/main/webfonts/fa-solid-900.woff2 HTTP/1.1" 404 179
[2025-05-07 16:30:58,517] WARNING django.server "GET /static/main/webfonts/fa-solid-900.ttf HTTP/1.1" 404 179
[2025-05-07 16:34:28,844] WARNING django.server "GET /static/main/webfonts/fa-solid-900.woff2 HTTP/1.1" 404 179
[2025-05-07 16:34:28,954] WARNING django.server "GET /static/main/webfonts/fa-solid-900.ttf HTTP/1.1" 404 179
[2025-05-07 16:37:01,208] WARNING django.server "GET /static/main/webfonts/fa-solid-900.woff2 HTTP/1.1" 404 179
[2025-05-07 16:37:01,576] WARNING django.server "GET /static/main/webfonts/fa-solid-900.ttf HTTP/1.1" 404 179
[2025-05-07 16:39:34,770] WARNING django.server "GET /static/main/webfonts/fa-solid-900.woff2 HTTP/1.1" 404 179
[2025-05-07 16:39:35,213] WARNING django.server "GET /static/main/webfonts/fa-solid-900.ttf HTTP/1.1" 404 179
[2025-05-07 16:42:52,775] WARNING django.server "GET /static/main/webfonts/fa-solid-900.woff2 HTTP/1.1" 404 179
[2025-05-07 16:42:52,857] WARNING django.server "GET /static/main/webfonts/fa-solid-900.ttf HTTP/1.1" 404 179
[2025-05-07 16:45:37,213] WARNING django.server "GET /static/main/webfonts/fa-solid-900.woff2 HTTP/1.1" 404 179
[2025-05-07 16:45:37,287] WARNING django.server "GET /static/main/webfonts/fa-solid-900.ttf HTTP/1.1" 404 179
[2025-05-07 16:47:05,032] WARNING django.server "GET /static/main/webfonts/fa-solid-900.woff2 HTTP/1.1" 404 179
[2025-05-07 16:47:05,140] WARNING django.server "GET /static/main/webfonts/fa-solid-900.ttf HTTP/1.1" 404 179
[2025-05-07 16:57:25,416] WARNING django.server "GET /static/main/webfonts/fa-solid-900.woff2 HTTP/1.1" 404 179
[2025-05-07 16:57:25,547] WARNING django.server "GET /static/main/webfonts/fa-solid-900.ttf HTTP/1.1" 404 179
[2025-05-07 16:57:27,384] WARNING django.server "GET /static/main/webfonts/fa-solid-900.woff2 HTTP/1.1" 404 179
[2025-05-07 16:57:27,631] WARNING django.server "GET /static/main/webfonts/fa-solid-900.ttf HTTP/1.1" 404 179
[2025-05-07 16:58:41,826] WARNING django.server "GET /static/main/webfonts/fa-solid-900.woff2 HTTP/1.1" 404 179
[2025-05-07 16:58:42,100] WARNING django.server "GET /static/main/webfonts/fa-solid-900.ttf HTTP/1.1" 404 179
[2025-05-07 16:58:42,877] WARNING django.server "GET /static/main/webfonts/fa-solid-900.woff2 HTTP/1.1" 404 179
[2025-05-07 16:58:42,995] WARNING django.server "GET /static/main/webfonts/fa-solid-900.ttf HTTP/1.1" 404 179
[2025-05-07 16:59:36,184] WARNING django.server "GET /static/main/webfonts/fa-solid-900.woff2 HTTP/1.1" 404 179
[2025-05-07 16:59:36,286] WARNING django.server "GET /static/main/webfonts/fa-solid-900.ttf HTTP/1.1" 404 179
[2025-05-07 17:04:09,635] WARNING django.server "GET /static/main/webfonts/fa-solid-900.woff2 HTTP/1.1" 404 179
[2025-05-07 17:04:09,765] WARNING django.server "GET /static/main/webfonts/fa-solid-900.ttf HTTP/1.1" 404 179
[2025-05-07 17:04:12,521] WARNING django.server "GET /static/main/webfonts/fa-solid-900.woff2 HTTP/1.1" 404 179
[2025-05-07 17:04:12,565] WARNING django.server "GET /static/main/webfonts/fa-solid-900.ttf HTTP/1.1" 404 179
[2025-05-07 17:04:14,017] WARNING django.server "GET /static/main/webfonts/fa-solid-900.woff2 HTTP/1.1" 404 179
[2025-05-07 17:04:14,114] WARNING django.server "GET /static/main/webfonts/fa-solid-900.ttf HTTP/1.1" 404 179
[2025-05-07 17:04:30,664] WARNING django.server "GET /static/main/webfonts/fa-solid-900.woff2 HTTP/1.1" 404 179
[2025-05-07 17:04:30,746] WARNING django.server "GET /static/main/webfonts/fa-solid-900.ttf HTTP/1.1" 404 179
[2025-05-07 17:04:49,227] WARNING django.server "GET /static/main/webfonts/fa-solid-900.woff2 HTTP/1.1" 404 179
[2025-05-07 17:04:49,473] WARNING django.server "GET /static/main/webfonts/fa-solid-900.ttf HTTP/1.1" 404 179
[2025-05-07 17:04:56,985] WARNING django.server "GET /static/main/webfonts/fa-solid-900.woff2 HTTP/1.1" 404 179
[2025-05-07 17:04:57,108] WARNING django.server "GET /static/main/webfonts/fa-solid-900.ttf HTTP/1.1" 404 179
[2025-05-07 17:05:02,422] WARNING django.server "GET /favicon.ico HTTP/1.1" 404 179
[2025-05-07 17:05:07,675] WARNING django.server "GET /static/main/webfonts/fa-solid-900.woff2 HTTP/1.1" 404 179
[2025-05-07 17:05:07,718] WARNING django.server "GET /static/main/webfonts/fa-solid-900.ttf HTTP/1.1" 404 179
[2025-05-07 17:05:10,228] WARNING django.server "GET /static/main/webfonts/fa-solid-900.woff2 HTTP/1.1" 404 179
[2025-05-07 17:05:10,319] WARNING django.server "GET /static/main/webfonts/fa-solid-900.ttf HTTP/1.1" 404 179
[2025-05-07 17:05:13,901] WARNING django.server "GET /static/main/webfonts/fa-solid-900.woff2 HTTP/1.1" 404 179
[2025-05-07 17:05:14,002] WARNING django.server "GET /static/main/webfonts/fa-solid-900.ttf HTTP/1.1" 404 179
[2025-05-07 17:05:21,407] WARNING django.server "GET /static/main/webfonts/fa-solid-900.woff2 HTTP/1.1" 404 179
[2025-05-07 17:05:21,635] WARNING django.server "GET /static/main/webfonts/fa-solid-900.ttf HTTP/1.1" 404 179
[2025-05-07 17:05:38,641] WARNING django.server "GET /static/main/webfonts/fa-solid-900.woff2 HTTP/1.1" 404 179
[2025-05-07 17:05:38,695] WARNING django.server "GET /static/main/webfonts/fa-solid-900.ttf HTTP/1.1" 404 179
[2025-05-07 17:05:42,908] WARNING django.server "GET /static/main/webfonts/fa-solid-900.woff2 HTTP/1.1" 404 179
[2025-05-07 17:05:43,001] WARNING django.server "GET /static/main/webfonts/fa-solid-900.ttf HTTP/1.1" 404 179
[2025-05-07 17:05:51,752] WARNING django.server "GET /static/main/webfonts/fa-solid-900.woff2 HTTP/1.1" 404 179
[2025-05-07 17:05:51,834] WARNING django.server "GET /static/main/webfonts/fa-solid-900.ttf HTTP/1.1" 404 179
[2025-05-07 17:06:10,456] WARNING django.server "GET /static/main/webfonts/fa-solid-900.woff2 HTTP/1.1" 404 179
[2025-05-07 17:06:10,532] WARNING django.server "GET /static/main/webfonts/fa-solid-900.ttf HTTP/1.1" 404 179
[2025-05-07 17:07:27,770] WARNING django.server "GET /static/main/webfonts/fa-solid-900.woff2 HTTP/1.1" 404 179
[2025-05-07 17:07:27,859] WARNING django.server "GET /static/main/webfonts/fa-solid-900.ttf HTTP/1.1" 404 179
[2025-05-07 17:07:31,960] WARNING django.server "GET /static/main/webfonts/fa-solid-900.woff2 HTTP/1.1" 404 179
[2025-05-07 17:07:31,992] WARNING django.server "GET /static/main/webfonts/fa-solid-900.ttf HTTP/1.1" 404 179
[2025-05-07 17:07:41,516] WARNING django.server "GET /static/main/webfonts/fa-solid-900.woff2 HTTP/1.1" 404 179
[2025-05-07 17:07:41,597] WARNING django.server "GET /static/main/webfonts/fa-solid-900.ttf HTTP/1.1" 404 179
[2025-05-07 17:07:52,064] WARNING django.server "GET /static/main/webfonts/fa-solid-900.woff2 HTTP/1.1" 404 179
[2025-05-07 17:07:52,100] WARNING django.server "GET /static/main/webfonts/fa-solid-900.ttf HTTP/1.1" 404 179
[2025-05-07 17:07:56,936] WARNING django.server "GET /static/main/webfonts/fa-solid-900.woff2 HTTP/1.1" 404 179
[2025-05-07 17:07:56,999] WARNING django.server "GET /static/main/webfonts/fa-solid-900.ttf HTTP/1.1" 404 179
[2025-05-07 17:08:03,492] WARNING django.server "GET /static/main/webfonts/fa-solid-900.woff2 HTTP/1.1" 404 179
[2025-05-07 17:08:03,635] WARNING django.server "GET /static/main/webfonts/fa-solid-900.ttf HTTP/1.1" 404 179
[2025-05-07 17:08:15,700] WARNING django.server "GET /static/main/webfonts/fa-solid-900.woff2 HTTP/1.1" 404 179
[2025-05-07 17:08:15,734] WARNING django.server "GET /static/main/webfonts/fa-solid-900.ttf HTTP/1.1" 404 179
[2025-05-07 17:09:19,697] WARNING django.server "GET /static/main/webfonts/fa-solid-900.woff2 HTTP/1.1" 404 179
[2025-05-07 17:09:19,731] WARNING django.server "GET /static/main/webfonts/fa-solid-900.ttf HTTP/1.1" 404 179
[2025-05-07 17:15:12,746] WARNING django.server "GET /static/main/webfonts/fa-solid-900.woff2 HTTP/1.1" 404 179
[2025-05-07 17:15:12,845] WARNING django.server "GET /static/main/webfonts/fa-solid-900.ttf HTTP/1.1" 404 179
[2025-05-07 17:15:22,666] WARNING django.server "GET /static/main/webfonts/fa-solid-900.woff2 HTTP/1.1" 404 179
[2025-05-07 17:15:22,766] WARNING django.server "GET /static/main/webfonts/fa-solid-900.ttf HTTP/1.1" 404 179
[2025-05-07 17:15:24,825] WARNING django.server "GET /static/main/webfonts/fa-solid-900.woff2 HTTP/1.1" 404 179
[2025-05-07 17:15:24,918] WARNING django.server "GET /static/main/webfonts/fa-solid-900.ttf HTTP/1.1" 404 179
[2025-05-07 17:33:50,357] WARNING django.server "GET /static/main/webfonts/fa-solid-900.woff2 HTTP/1.1" 404 179
[2025-05-07 17:33:50,734] WARNING django.server "GET /static/main/webfonts/fa-solid-900.ttf HTTP/1.1" 404 179
[2025-05-07 17:40:52,285] WARNING django.server "GET /static/main/webfonts/fa-solid-900.woff2 HTTP/1.1" 404 179
[2025-05-07 17:40:52,461] WARNING django.server "GET /static/main/webfonts/fa-solid-900.ttf HTTP/1.1" 404 179
[2025-05-07 17:40:55,013] WARNING django.server "GET /static/main/webfonts/fa-solid-900.woff2 HTTP/1.1" 404 179
[2025-05-07 17:40:55,025] WARNING django.server "GET /static/main/webfonts/fa-solid-900.ttf HTTP/1.1" 404 179
[2025-05-07 17:41:07,612] WARNING django.server "GET /static/main/webfonts/fa-solid-900.woff2 HTTP/1.1" 404 179
[2025-05-07 17:41:07,629] WARNING django.server "GET /static/main/webfonts/fa-solid-900.ttf HTTP/1.1" 404 179
[2025-05-07 17:41:22,511] WARNING django.server "GET /static/main/webfonts/fa-solid-900.woff2 HTTP/1.1" 404 179
[2025-05-07 17:41:22,544] WARNING django.server "GET /static/main/webfonts/fa-solid-900.ttf HTTP/1.1" 404 179
[2025-05-07 17:41:46,349] WARNING django.server "GET /static/main/webfonts/fa-solid-900.woff2 HTTP/1.1" 404 179
[2025-05-07 17:41:46,444] WARNING django.server "GET /static/main/webfonts/fa-solid-900.ttf HTTP/1.1" 404 179
[2025-05-07 17:41:57,724] WARNING django.server "GET /static/main/webfonts/fa-solid-900.woff2 HTTP/1.1" 404 179
[2025-05-07 17:41:57,760] WARNING django.server "GET /static/main/webfonts/fa-solid-900.ttf HTTP/1.1" 404 179
[2025-05-07 17:42:15,529] WARNING django.server "GET /static/main/webfonts/fa-solid-900.woff2 HTTP/1.1" 404 179
[2025-05-07 17:42:15,571] WARNING django.server "GET /static/main/webfonts/fa-solid-900.ttf HTTP/1.1" 404 179
[2025-05-07 17:42:28,932] WARNING django.server "GET /static/main/webfonts/fa-solid-900.woff2 HTTP/1.1" 404 179
[2025-05-07 17:42:28,955] WARNING django.server "GET /static/main/webfonts/fa-solid-900.ttf HTTP/1.1" 404 179
[2025-05-07 17:42:42,200] WARNING django.server "GET /static/main/webfonts/fa-solid-900.woff2 HTTP/1.1" 404 179
[2025-05-07 17:42:42,218] WARNING django.server "GET /static/main/webfonts/fa-solid-900.ttf HTTP/1.1" 404 179
[2025-05-07 17:42:47,037] WARNING django.server "GET /static/main/webfonts/fa-solid-900.woff2 HTTP/1.1" 404 179
[2025-05-07 17:42:47,099] WARNING django.server "GET /static/main/webfonts/fa-solid-900.ttf HTTP/1.1" 404 179
[2025-05-07 17:42:49,187] WARNING django.server "GET /static/main/webfonts/fa-solid-900.woff2 HTTP/1.1" 404 179
[2025-05-07 17:42:49,226] WARNING django.server "GET /static/main/webfonts/fa-solid-900.ttf HTTP/1.1" 404 179
[2025-05-07 17:42:50,047] WARNING django.server "GET /static/main/webfonts/fa-solid-900.woff2 HTTP/1.1" 404 179
[2025-05-07 17:42:50,086] WARNING django.server "GET /static/main/webfonts/fa-solid-900.ttf HTTP/1.1" 404 179
[2025-05-07 17:43:04,554] WARNING django.server "GET /static/main/webfonts/fa-solid-900.woff2 HTTP/1.1" 404 179
[2025-05-07 17:43:04,587] WARNING django.server "GET /static/main/webfonts/fa-solid-900.ttf HTTP/1.1" 404 179
[2025-05-07 17:44:33,566] WARNING django.server "GET /static/main/webfonts/fa-solid-900.woff2 HTTP/1.1" 404 179
[2025-05-07 17:44:33,593] WARNING django.server "GET /static/main/webfonts/fa-solid-900.ttf HTTP/1.1" 404 179
[2025-05-07 17:44:43,234] WARNING django.server "GET /static/main/webfonts/fa-solid-900.woff2 HTTP/1.1" 404 179
[2025-05-07 17:44:43,340] WARNING django.server "GET /static/main/webfonts/fa-solid-900.ttf HTTP/1.1" 404 179
[2025-05-07 17:44:47,988] WARNING django.server "GET /static/main/webfonts/fa-solid-900.woff2 HTTP/1.1" 404 179
[2025-05-07 17:44:48,047] WARNING django.server "GET /static/main/webfonts/fa-solid-900.ttf HTTP/1.1" 404 179
[2025-05-07 17:44:53,511] WARNING django.server "GET /static/main/webfonts/fa-solid-900.woff2 HTTP/1.1" 404 179
[2025-05-07 17:44:53,615] WARNING django.server "GET /static/main/webfonts/fa-solid-900.ttf HTTP/1.1" 404 179
[2025-05-07 17:45:21,258] WARNING django.server "GET /static/main/webfonts/fa-solid-900.woff2 HTTP/1.1" 404 179
[2025-05-07 17:45:21,307] WARNING django.server "GET /static/main/webfonts/fa-solid-900.ttf HTTP/1.1" 404 179
[2025-05-07 17:45:23,744] WARNING django.server "GET /static/main/webfonts/fa-solid-900.woff2 HTTP/1.1" 404 179
[2025-05-07 17:45:23,766] WARNING django.server "GET /static/main/webfonts/fa-solid-900.ttf HTTP/1.1" 404 179
[2025-05-07 17:45:37,797] WARNING django.server "GET /static/main/webfonts/fa-solid-900.woff2 HTTP/1.1" 404 179
[2025-05-07 17:45:37,849] WARNING django.server "GET /static/main/webfonts/fa-solid-900.ttf HTTP/1.1" 404 179
[2025-05-07 17:45:46,521] WARNING django.server "GET /static/main/webfonts/fa-solid-900.woff2 HTTP/1.1" 404 179
[2025-05-07 17:45:46,555] WARNING django.server "GET /static/main/webfonts/fa-solid-900.ttf HTTP/1.1" 404 179
[2025-05-07 17:46:06,468] WARNING django.server "GET /static/main/webfonts/fa-solid-900.woff2 HTTP/1.1" 404 179
[2025-05-07 17:46:06,545] WARNING django.server "GET /static/main/webfonts/fa-solid-900.ttf HTTP/1.1" 404 179
[2025-05-07 17:46:18,257] WARNING django.server "GET /static/main/webfonts/fa-solid-900.woff2 HTTP/1.1" 404 179
[2025-05-07 17:46:18,285] WARNING django.server "GET /static/main/webfonts/fa-solid-900.ttf HTTP/1.1" 404 179
[2025-05-07 17:51:50,710] WARNING django.server "GET /static/main/webfonts/fa-solid-900.woff2 HTTP/1.1" 404 179
[2025-05-07 17:51:50,834] WARNING django.server "GET /static/main/webfonts/fa-solid-900.ttf HTTP/1.1" 404 179
[2025-05-07 17:51:53,835] WARNING django.server "GET /static/main/webfonts/fa-solid-900.woff2 HTTP/1.1" 404 179
[2025-05-07 17:51:53,901] WARNING django.server "GET /static/main/webfonts/fa-solid-900.ttf HTTP/1.1" 404 179
[2025-05-07 17:51:57,224] WARNING django.server "GET /static/main/webfonts/fa-solid-900.woff2 HTTP/1.1" 404 179
[2025-05-07 17:51:57,353] WARNING django.server "GET /static/main/webfonts/fa-solid-900.ttf HTTP/1.1" 404 179
[2025-05-07 17:52:00,182] WARNING django.server "GET /static/main/webfonts/fa-solid-900.woff2 HTTP/1.1" 404 179
[2025-05-07 17:52:00,251] WARNING django.server "GET /static/main/webfonts/fa-solid-900.ttf HTTP/1.1" 404 179
[2025-05-07 17:52:05,214] WARNING django.server "GET /static/main/webfonts/fa-solid-900.woff2 HTTP/1.1" 404 179
[2025-05-07 17:52:05,236] WARNING django.server "GET /static/main/webfonts/fa-solid-900.ttf HTTP/1.1" 404 179
[2025-05-07 17:52:07,746] WARNING django.server "GET /static/main/webfonts/fa-solid-900.woff2 HTTP/1.1" 404 179
[2025-05-07 17:52:07,810] WARNING django.server "GET /static/main/webfonts/fa-solid-900.ttf HTTP/1.1" 404 179
[2025-05-07 17:52:14,516] WARNING django.server "GET /static/main/webfonts/fa-solid-900.woff2 HTTP/1.1" 404 179
[2025-05-07 17:52:14,556] WARNING django.server "GET /static/main/webfonts/fa-solid-900.ttf HTTP/1.1" 404 179
[2025-05-07 17:56:13,949] WARNING django.server "GET /static/main/webfonts/fa-solid-900.woff2 HTTP/1.1" 404 179
[2025-05-07 17:56:14,053] WARNING django.server "GET /static/main/webfonts/fa-solid-900.ttf HTTP/1.1" 404 179
[2025-05-07 17:56:27,851] WARNING django.server "GET /static/main/webfonts/fa-solid-900.woff2 HTTP/1.1" 404 179
[2025-05-07 17:56:27,977] WARNING django.server "GET /static/main/webfonts/fa-solid-900.ttf HTTP/1.1" 404 179
[2025-05-07 17:56:30,780] WARNING django.server "GET /static/main/webfonts/fa-solid-900.woff2 HTTP/1.1" 404 179
[2025-05-07 17:56:30,877] WARNING django.server "GET /static/main/webfonts/fa-solid-900.ttf HTTP/1.1" 404 179
[2025-05-07 17:56:33,061] WARNING django.server "GET /static/main/webfonts/fa-solid-900.woff2 HTTP/1.1" 404 179
[2025-05-07 17:56:33,433] WARNING django.server "GET /static/main/webfonts/fa-solid-900.ttf HTTP/1.1" 404 179
[2025-05-07 17:56:50,790] WARNING django.server "GET /static/main/webfonts/fa-solid-900.woff2 HTTP/1.1" 404 179
[2025-05-07 17:56:50,902] WARNING django.server "GET /static/main/webfonts/fa-solid-900.ttf HTTP/1.1" 404 179
[2025-05-07 17:56:53,416] WARNING django.server "GET /static/main/webfonts/fa-solid-900.woff2 HTTP/1.1" 404 179
[2025-05-07 17:56:53,509] WARNING django.server "GET /static/main/webfonts/fa-solid-900.ttf HTTP/1.1" 404 179
[2025-05-07 18:12:45,335] WARNING django.server "GET /static/main/webfonts/fa-solid-900.woff2 HTTP/1.1" 404 179
[2025-05-07 18:12:45,705] WARNING django.server "GET /static/main/webfonts/fa-solid-900.ttf HTTP/1.1" 404 179
[2025-05-07 18:12:45,808] WARNING django.server "GET /favicon.ico HTTP/1.1" 404 179
[2025-05-07 18:13:41,686] WARNING django.server "GET /static/main/webfonts/fa-solid-900.woff2 HTTP/1.1" 404 179
[2025-05-07 18:13:41,760] WARNING django.server "GET /static/main/webfonts/fa-solid-900.ttf HTTP/1.1" 404 179
[2025-05-07 18:13:43,868] WARNING django.server "GET /static/main/webfonts/fa-solid-900.woff2 HTTP/1.1" 404 179
[2025-05-07 18:13:43,947] WARNING django.server "GET /static/main/webfonts/fa-solid-900.ttf HTTP/1.1" 404 179
[2025-05-07 18:14:23,030] WARNING django.server "GET /static/main/webfonts/fa-solid-900.woff2 HTTP/1.1" 404 179
[2025-05-07 18:14:23,072] WARNING django.server "GET /static/main/webfonts/fa-solid-900.ttf HTTP/1.1" 404 179
[2025-05-07 18:14:26,548] WARNING django.server "GET /static/main/webfonts/fa-solid-900.woff2 HTTP/1.1" 404 179
[2025-05-07 18:14:26,692] WARNING django.server "GET /static/main/webfonts/fa-solid-900.ttf HTTP/1.1" 404 179
[2025-05-07 18:14:33,440] WARNING django.server "GET /static/main/webfonts/fa-solid-900.woff2 HTTP/1.1" 404 179
[2025-05-07 18:14:33,462] WARNING django.server "GET /static/main/webfonts/fa-solid-900.ttf HTTP/1.1" 404 179
[2025-05-07 18:14:37,311] WARNING django.server "GET /static/main/webfonts/fa-solid-900.woff2 HTTP/1.1" 404 179
[2025-05-07 18:14:37,332] WARNING django.server "GET /static/main/webfonts/fa-solid-900.ttf HTTP/1.1" 404 179
[2025-05-07 18:14:38,793] WARNING django.server "GET /static/main/webfonts/fa-solid-900.woff2 HTTP/1.1" 404 179
[2025-05-07 18:14:38,865] WARNING django.server "GET /static/main/webfonts/fa-solid-900.ttf HTTP/1.1" 404 179
[2025-05-07 18:14:39,902] WARNING django.server "GET /static/main/webfonts/fa-solid-900.woff2 HTTP/1.1" 404 179
[2025-05-07 18:14:39,937] WARNING django.server "GET /static/main/webfonts/fa-solid-900.ttf HTTP/1.1" 404 179
[2025-05-07 18:15:01,753] WARNING django.server "GET /static/main/webfonts/fa-solid-900.woff2 HTTP/1.1" 404 179
[2025-05-07 18:15:01,809] WARNING django.server "GET /static/main/webfonts/fa-solid-900.ttf HTTP/1.1" 404 179
[2025-05-07 22:17:24,392] WARNING django.server "GET /static/main/webfonts/fa-solid-900.woff2 HTTP/1.1" 404 179
[2025-05-07 22:17:24,504] WARNING django.server "GET /static/main/webfonts/fa-solid-900.ttf HTTP/1.1" 404 179
[2025-05-07 22:17:26,990] WARNING django.server "GET /static/main/webfonts/fa-solid-900.woff2 HTTP/1.1" 404 179
[2025-05-07 22:17:27,099] WARNING django.server "GET /static/main/webfonts/fa-solid-900.ttf HTTP/1.1" 404 179
[2025-05-07 22:18:32,997] WARNING django.server "GET /static/main/webfonts/fa-solid-900.woff2 HTTP/1.1" 404 179
[2025-05-07 22:18:33,347] WARNING django.server "GET /static/main/webfonts/fa-solid-900.ttf HTTP/1.1" 404 179
[2025-05-07 22:18:34,402] WARNING django.server "GET /static/main/webfonts/fa-solid-900.woff2 HTTP/1.1" 404 179
[2025-05-07 22:18:34,493] WARNING django.server "GET /static/main/webfonts/fa-solid-900.ttf HTTP/1.1" 404 179
[2025-05-07 22:20:02,226] WARNING django.server "GET /static/main/webfonts/fa-solid-900.woff2 HTTP/1.1" 404 179
[2025-05-07 22:20:02,303] WARNING django.server "GET /static/main/webfonts/fa-solid-900.ttf HTTP/1.1" 404 179
[2025-05-07 22:21:17,140] WARNING django.server "GET /static/main/webfonts/fa-solid-900.woff2 HTTP/1.1" 404 179
[2025-05-07 22:21:17,225] WARNING django.server "GET /static/main/webfonts/fa-solid-900.ttf HTTP/1.1" 404 179
[2025-05-07 22:23:56,920] WARNING django.server "GET /static/main/webfonts/fa-solid-900.woff2 HTTP/1.1" 404 179
[2025-05-07 22:23:57,003] WARNING django.server "GET /static/main/webfonts/fa-solid-900.ttf HTTP/1.1" 404 179
[2025-05-07 22:25:40,582] WARNING django.server "GET /static/main/webfonts/fa-solid-900.woff2 HTTP/1.1" 404 179
[2025-05-07 22:25:40,660] WARNING django.server "GET /static/main/webfonts/fa-solid-900.ttf HTTP/1.1" 404 179
[2025-05-07 22:27:28,340] WARNING django.server "GET /static/main/webfonts/fa-solid-900.woff2 HTTP/1.1" 404 179
[2025-05-07 22:27:28,472] WARNING django.server "GET /static/main/webfonts/fa-solid-900.ttf HTTP/1.1" 404 179
[2025-05-07 22:29:07,611] WARNING django.server "GET /static/main/webfonts/fa-solid-900.woff2 HTTP/1.1" 404 179
[2025-05-07 22:29:07,700] WARNING django.server "GET /static/main/webfonts/fa-solid-900.ttf HTTP/1.1" 404 179
[2025-05-07 22:30:42,072] WARNING django.server "GET /static/main/webfonts/fa-solid-900.woff2 HTTP/1.1" 404 179
[2025-05-07 22:30:42,157] WARNING django.server "GET /static/main/webfonts/fa-solid-900.ttf HTTP/1.1" 404 179
[2025-05-07 22:53:38,194] WARNING django.server "GET /static/main/webfonts/fa-solid-900.woff2 HTTP/1.1" 404 179
[2025-05-07 22:53:38,332] WARNING django.server "GET /static/main/webfonts/fa-solid-900.ttf HTTP/1.1" 404 179
[2025-05-07 22:53:38,413] WARNING django.server "GET /favicon.ico HTTP/1.1" 404 179
[2025-05-07 22:53:40,246] WARNING django.server "GET /static/main/webfonts/fa-solid-900.woff2 HTTP/1.1" 404 179
[2025-05-07 22:53:40,364] WARNING django.server "GET /static/main/webfonts/fa-solid-900.ttf HTTP/1.1" 404 179
[2025-05-07 22:53:45,025] WARNING django.server "GET /static/main/webfonts/fa-solid-900.woff2 HTTP/1.1" 404 179
[2025-05-07 22:53:45,142] WARNING django.server "GET /static/main/webfonts/fa-solid-900.ttf HTTP/1.1" 404 179
[2025-05-07 22:57:34,063] WARNING django.server "GET /static/main/webfonts/fa-solid-900.woff2 HTTP/1.1" 404 179
[2025-05-07 22:57:34,218] WARNING django.server "GET /static/main/webfonts/fa-solid-900.ttf HTTP/1.1" 404 179
[2025-05-07 22:57:34,558] WARNING django.server "GET /favicon.ico HTTP/1.1" 404 179
[2025-05-08 07:24:47,875] WARNING django.server "GET /static/main/webfonts/fa-solid-900.woff2 HTTP/1.1" 404 179
[2025-05-08 07:24:49,025] WARNING django.server "GET /static/main/webfonts/fa-solid-900.ttf HTTP/1.1" 404 179
[2025-05-08 07:24:49,360] WARNING django.server "GET /favicon.ico HTTP/1.1" 404 179
[2025-05-08 07:25:43,739] WARNING django.server "GET /static/main/webfonts/fa-solid-900.woff2 HTTP/1.1" 404 179
[2025-05-08 07:25:43,849] WARNING django.server "GET /static/main/webfonts/fa-solid-900.ttf HTTP/1.1" 404 179
[2025-05-08 07:25:48,667] WARNING django.server "GET /static/main/webfonts/fa-solid-900.woff2 HTTP/1.1" 404 179
[2025-05-08 07:25:48,766] WARNING django.server "GET /static/main/webfonts/fa-solid-900.ttf HTTP/1.1" 404 179
[2025-05-08 07:26:02,711] WARNING django.server "GET /static/main/webfonts/fa-solid-900.woff2 HTTP/1.1" 404 179
[2025-05-08 07:26:02,981] WARNING django.server "GET /static/main/webfonts/fa-solid-900.ttf HTTP/1.1" 404 179
[2025-05-08 07:26:09,780] WARNING django.server "GET /static/main/webfonts/fa-solid-900.woff2 HTTP/1.1" 404 179
[2025-05-08 07:26:09,875] WARNING django.server "GET /static/main/webfonts/fa-solid-900.ttf HTTP/1.1" 404 179
[2025-05-08 08:44:08,464] WARNING django.server "GET /static/main/webfonts/fa-solid-900.woff2 HTTP/1.1" 404 179
[2025-05-08 08:44:08,721] WARNING django.server "GET /static/main/webfonts/fa-solid-900.ttf HTTP/1.1" 404 179
[2025-05-08 08:56:32,804] WARNING django.server "GET /static/main/webfonts/fa-solid-900.woff2 HTTP/1.1" 404 179
[2025-05-08 08:56:34,111] WARNING django.server "GET /static/main/webfonts/fa-solid-900.ttf HTTP/1.1" 404 179
[2025-05-08 08:59:37,028] WARNING django.server "GET /static/main/webfonts/fa-solid-900.woff2 HTTP/1.1" 404 179
[2025-05-08 08:59:37,645] WARNING django.server "GET /static/main/webfonts/fa-solid-900.ttf HTTP/1.1" 404 179
[2025-05-08 08:59:58,194] WARNING django.server "GET /static/main/webfonts/fa-solid-900.woff2 HTTP/1.1" 404 179
[2025-05-08 08:59:58,565] WARNING django.server "GET /static/main/webfonts/fa-solid-900.ttf HTTP/1.1" 404 179
[2025-05-08 09:04:56,139] WARNING django.server "GET /static/main/webfonts/fa-solid-900.woff2 HTTP/1.1" 404 179
[2025-05-08 09:04:56,252] WARNING django.server "GET /static/main/webfonts/fa-solid-900.ttf HTTP/1.1" 404 179
[2025-05-08 09:11:59,734] WARNING django.server "GET /static/main/webfonts/fa-solid-900.woff2 HTTP/1.1" 404 179
[2025-05-08 09:12:02,119] WARNING django.server "GET /static/main/webfonts/fa-solid-900.ttf HTTP/1.1" 404 179
[2025-05-08 09:17:34,087] WARNING django.server "GET /static/main/webfonts/fa-solid-900.woff2 HTTP/1.1" 404 179
[2025-05-08 09:17:34,646] WARNING django.server "GET /static/main/webfonts/fa-solid-900.ttf HTTP/1.1" 404 179
[2025-05-08 09:17:35,933] WARNING django.server "GET /favicon.ico HTTP/1.1" 404 179
[2025-05-08 09:19:03,012] WARNING django.server "GET /static/main/webfonts/fa-solid-900.woff2 HTTP/1.1" 404 179
[2025-05-08 09:19:03,103] WARNING django.server "GET /static/main/webfonts/fa-solid-900.ttf HTTP/1.1" 404 179
[2025-05-08 09:23:20,514] WARNING django.server "GET /favicon.ico HTTP/1.1" 404 179
[2025-05-08 09:23:35,321] WARNING django.server "GET /static/main/webfonts/fa-solid-900.woff2 HTTP/1.1" 404 179
[2025-05-08 09:23:35,398] WARNING django.server "GET /static/main/webfonts/fa-solid-900.ttf HTTP/1.1" 404 179
[2025-05-08 09:23:42,286] WARNING django.server "GET /static/main/webfonts/fa-solid-900.woff2 HTTP/1.1" 404 179
[2025-05-08 09:23:42,398] WARNING django.server "GET /static/main/webfonts/fa-solid-900.ttf HTTP/1.1" 404 179
[2025-05-08 09:23:45,199] WARNING django.server "GET /static/main/webfonts/fa-solid-900.woff2 HTTP/1.1" 404 179
[2025-05-08 09:23:45,271] WARNING django.server "GET /static/main/webfonts/fa-solid-900.ttf HTTP/1.1" 404 179
[2025-05-08 09:23:57,374] WARNING django.server "GET /static/main/webfonts/fa-solid-900.woff2 HTTP/1.1" 404 179
[2025-05-08 09:23:57,448] WARNING django.server "GET /static/main/webfonts/fa-solid-900.ttf HTTP/1.1" 404 179
[2025-05-08 09:24:15,854] WARNING django.server "GET /static/main/webfonts/fa-solid-900.woff2 HTTP/1.1" 404 179
[2025-05-08 09:24:16,165] WARNING django.server "GET /static/main/webfonts/fa-solid-900.ttf HTTP/1.1" 404 179
[2025-05-08 09:24:18,398] WARNING django.server "GET /static/main/webfonts/fa-solid-900.woff2 HTTP/1.1" 404 179
[2025-05-08 09:24:18,494] WARNING django.server "GET /static/main/webfonts/fa-solid-900.ttf HTTP/1.1" 404 179
[2025-05-08 09:24:23,317] WARNING django.server "GET /static/main/webfonts/fa-solid-900.woff2 HTTP/1.1" 404 179
[2025-05-08 09:24:23,417] WARNING django.server "GET /static/main/webfonts/fa-solid-900.ttf HTTP/1.1" 404 179
[2025-05-08 09:24:35,873] WARNING django.server "GET /static/main/webfonts/fa-solid-900.woff2 HTTP/1.1" 404 179
[2025-05-08 09:24:35,942] WARNING django.server "GET /static/main/webfonts/fa-solid-900.ttf HTTP/1.1" 404 179
[2025-05-08 09:24:38,515] WARNING django.server "GET /static/main/webfonts/fa-solid-900.woff2 HTTP/1.1" 404 179
[2025-05-08 09:24:38,785] WARNING django.server "GET /static/main/webfonts/fa-solid-900.ttf HTTP/1.1" 404 179
[2025-05-08 09:24:44,152] WARNING django.server "GET /static/main/webfonts/fa-solid-900.woff2 HTTP/1.1" 404 179
[2025-05-08 09:24:44,247] WARNING django.server "GET /static/main/webfonts/fa-solid-900.ttf HTTP/1.1" 404 179
[2025-05-08 09:25:59,602] WARNING django.server "GET /static/main/webfonts/fa-solid-900.woff2 HTTP/1.1" 404 179
[2025-05-08 09:25:59,698] WARNING django.server "GET /static/main/webfonts/fa-solid-900.ttf HTTP/1.1" 404 179
[2025-05-08 09:27:09,989] WARNING django.server "GET /static/main/webfonts/fa-solid-900.woff2 HTTP/1.1" 404 179
[2025-05-08 09:27:10,078] WARNING django.server "GET /static/main/webfonts/fa-solid-900.ttf HTTP/1.1" 404 179
[2025-05-08 09:27:15,354] WARNING django.server "GET /static/main/webfonts/fa-solid-900.woff2 HTTP/1.1" 404 179
[2025-05-08 09:27:15,441] WARNING django.server "GET /static/main/webfonts/fa-solid-900.ttf HTTP/1.1" 404 179
[2025-05-08 09:27:27,199] WARNING django.server "GET /static/main/webfonts/fa-solid-900.woff2 HTTP/1.1" 404 179
[2025-05-08 09:27:27,271] WARNING django.server "GET /static/main/webfonts/fa-solid-900.ttf HTTP/1.1" 404 179
[2025-05-08 09:27:29,425] WARNING django.server "GET /static/main/webfonts/fa-solid-900.woff2 HTTP/1.1" 404 179
[2025-05-08 09:27:29,701] WARNING django.server "GET /static/main/webfonts/fa-solid-900.ttf HTTP/1.1" 404 179
[2025-05-08 10:09:20,486] WARNING django.server "GET /static/main/webfonts/fa-solid-900.woff2 HTTP/1.1" 404 179
[2025-05-08 10:09:20,548] WARNING django.server "GET /static/main/webfonts/fa-solid-900.ttf HTTP/1.1" 404 179
[2025-05-08 10:09:40,754] WARNING django.server "GET /static/main/webfonts/fa-solid-900.woff2 HTTP/1.1" 404 179
[2025-05-08 10:09:40,844] WARNING django.server "GET /static/main/webfonts/fa-solid-900.ttf HTTP/1.1" 404 179
[2025-05-08 10:09:49,738] WARNING django.server "GET /static/main/webfonts/fa-solid-900.woff2 HTTP/1.1" 404 179
[2025-05-08 10:09:49,832] WARNING django.server "GET /static/main/webfonts/fa-solid-900.ttf HTTP/1.1" 404 179
[2025-05-08 10:09:55,793] WARNING django.server "GET /static/main/webfonts/fa-solid-900.woff2 HTTP/1.1" 404 179
[2025-05-08 10:09:55,868] WARNING django.server "GET /static/main/webfonts/fa-solid-900.ttf HTTP/1.1" 404 179
[2025-05-08 10:09:59,138] WARNING django.server "GET /static/main/webfonts/fa-solid-900.woff2 HTTP/1.1" 404 179
[2025-05-08 10:09:59,186] WARNING django.server "GET /static/main/webfonts/fa-solid-900.ttf HTTP/1.1" 404 179
[2025-05-08 10:10:01,052] WARNING django.server "GET /static/main/webfonts/fa-solid-900.woff2 HTTP/1.1" 404 179
[2025-05-08 10:10:01,104] WARNING django.server "GET /static/main/webfonts/fa-solid-900.ttf HTTP/1.1" 404 179
[2025-05-08 10:18:43,342] WARNING django.server "GET /static/main/webfonts/fa-solid-900.woff2 HTTP/1.1" 404 179
[2025-05-08 10:18:43,510] WARNING django.server "GET /static/main/webfonts/fa-solid-900.ttf HTTP/1.1" 404 179
[2025-05-08 10:20:36,116] WARNING django.server "GET /favicon.ico HTTP/1.1" 404 179
[2025-05-08 10:20:42,207] WARNING django.server "GET /static/main/webfonts/fa-solid-900.woff2 HTTP/1.1" 404 179
[2025-05-08 10:20:42,319] WARNING django.server "GET /static/main/webfonts/fa-solid-900.ttf HTTP/1.1" 404 179
[2025-05-08 10:30:30,909] WARNING django.server "GET /static/main/webfonts/fa-solid-900.woff2 HTTP/1.1" 404 179
[2025-05-08 10:30:30,990] WARNING django.server "GET /static/main/webfonts/fa-solid-900.ttf HTTP/1.1" 404 179
[2025-05-08 10:30:33,286] WARNING django.server "GET /static/main/webfonts/fa-solid-900.woff2 HTTP/1.1" 404 179
[2025-05-08 10:30:33,625] WARNING django.server "GET /static/main/webfonts/fa-solid-900.ttf HTTP/1.1" 404 179
[2025-05-08 10:30:48,011] WARNING django.server "GET /static/main/webfonts/fa-solid-900.woff2 HTTP/1.1" 404 179
[2025-05-08 10:30:48,361] WARNING django.server "GET /static/main/webfonts/fa-solid-900.ttf HTTP/1.1" 404 179
[2025-05-08 10:30:59,668] WARNING django.server "GET /static/main/webfonts/fa-solid-900.woff2 HTTP/1.1" 404 179
[2025-05-08 10:30:59,763] WARNING django.server "GET /static/main/webfonts/fa-solid-900.ttf HTTP/1.1" 404 179
[2025-05-08 10:31:10,922] WARNING django.server "GET /static/main/webfonts/fa-solid-900.woff2 HTTP/1.1" 404 179
[2025-05-08 10:31:11,002] WARNING django.server "GET /static/main/webfonts/fa-solid-900.ttf HTTP/1.1" 404 179
[2025-05-08 10:31:25,100] WARNING django.server "GET /static/main/webfonts/fa-solid-900.woff2 HTTP/1.1" 404 179
[2025-05-08 10:31:25,474] WARNING django.server "GET /static/main/webfonts/fa-solid-900.ttf HTTP/1.1" 404 179
[2025-05-08 10:31:52,544] WARNING django.server "GET /static/main/webfonts/fa-solid-900.woff2 HTTP/1.1" 404 179
[2025-05-08 10:31:52,614] WARNING django.server "GET /static/main/webfonts/fa-solid-900.ttf HTTP/1.1" 404 179
[2025-05-08 10:31:55,345] WARNING django.server "GET /static/main/webfonts/fa-solid-900.woff2 HTTP/1.1" 404 179
[2025-05-08 10:31:55,493] WARNING django.server "GET /static/main/webfonts/fa-solid-900.ttf HTTP/1.1" 404 179
[2025-05-08 10:32:06,349] WARNING django.server "GET /static/main/webfonts/fa-solid-900.woff2 HTTP/1.1" 404 179
[2025-05-08 10:32:06,440] WARNING django.server "GET /static/main/webfonts/fa-solid-900.ttf HTTP/1.1" 404 179
[2025-05-08 10:32:07,723] WARNING django.server "GET /static/main/webfonts/fa-solid-900.woff2 HTTP/1.1" 404 179
[2025-05-08 10:32:07,808] WARNING django.server "GET /static/main/webfonts/fa-solid-900.ttf HTTP/1.1" 404 179
[2025-05-08 10:32:09,922] WARNING django.server "GET /static/main/webfonts/fa-solid-900.woff2 HTTP/1.1" 404 179
[2025-05-08 10:32:10,293] WARNING django.server "GET /static/main/webfonts/fa-solid-900.ttf HTTP/1.1" 404 179
[2025-05-08 10:32:19,747] WARNING django.server "GET /static/main/webfonts/fa-solid-900.woff2 HTTP/1.1" 404 179
[2025-05-08 10:32:19,783] WARNING django.server "GET /static/main/webfonts/fa-solid-900.ttf HTTP/1.1" 404 179
[2025-05-08 10:32:24,300] WARNING django.server "GET /static/main/webfonts/fa-solid-900.woff2 HTTP/1.1" 404 179
[2025-05-08 10:32:24,383] WARNING django.server "GET /static/main/webfonts/fa-solid-900.ttf HTTP/1.1" 404 179
[2025-05-08 10:32:27,871] WARNING django.server "GET /static/main/webfonts/fa-solid-900.woff2 HTTP/1.1" 404 179
[2025-05-08 10:32:28,005] WARNING django.server "GET /static/main/webfonts/fa-solid-900.ttf HTTP/1.1" 404 179
[2025-05-08 10:32:30,325] WARNING django.server "GET /static/main/webfonts/fa-solid-900.woff2 HTTP/1.1" 404 179
[2025-05-08 10:32:30,414] WARNING django.server "GET /static/main/webfonts/fa-solid-900.ttf HTTP/1.1" 404 179
[2025-05-08 10:32:30,849] WARNING django.server "GET /static/main/webfonts/fa-solid-900.woff2 HTTP/1.1" 404 179
[2025-05-08 10:32:30,978] WARNING django.server "GET /static/main/webfonts/fa-solid-900.ttf HTTP/1.1" 404 179
[2025-05-08 10:32:35,169] WARNING django.server "GET /static/main/webfonts/fa-solid-900.woff2 HTTP/1.1" 404 179
[2025-05-08 10:32:35,201] WARNING django.server "GET /static/main/webfonts/fa-solid-900.ttf HTTP/1.1" 404 179
[2025-05-08 10:32:43,685] WARNING django.server "GET /static/main/webfonts/fa-solid-900.woff2 HTTP/1.1" 404 179
[2025-05-08 10:32:43,763] WARNING django.server "GET /static/main/webfonts/fa-solid-900.ttf HTTP/1.1" 404 179
[2025-05-08 10:32:53,090] WARNING django.server "GET /static/main/webfonts/fa-solid-900.woff2 HTTP/1.1" 404 179
[2025-05-08 10:32:53,215] WARNING django.server "GET /static/main/webfonts/fa-solid-900.ttf HTTP/1.1" 404 179
[2025-05-08 10:33:13,131] ERROR django.server "GET /attendance/regulation/Approved/?month=5&year=2025&date=None&company=&branch=&department= HTTP/1.1" 500 145
[2025-05-08 10:33:16,290] ERROR django.server "GET /attendance/regulation/Approved/?month=5&year=2025&date=None&company=&branch=&department= HTTP/1.1" 500 145
[2025-05-08 10:33:22,465] ERROR django.server "GET /attendance/regulation/Pending/?month=5&year=2025&date=None&company=&branch=&department= HTTP/1.1" 500 145
[2025-05-08 10:33:43,028] ERROR django.server "GET /attendance/regulation/Approved/?month=5&year=2025&date=None&company=&branch=&department= HTTP/1.1" 500 145
