INFO: Watching for file changes with StatReloader
INFO: "GET /add_vehicle/ HTTP/1.1" 200 24216
INFO: "GET /static/main/css/fontawesome.css HTTP/1.1" 304 0
INFO: "GET /static/main/css/main.css HTTP/1.1" 304 0
INFO: "GET /static/store/css/store.css HTTP/1.1" 304 0
INFO: "GET /static/main/css/navbar.css HTTP/1.1" 304 0
INFO: "GET /static/main/images/OC.png HTTP/1.1" 304 0
INFO: "GET /static/main/js/fontawesome.js HTTP/1.1" 304 0
INFO: "GET /static/store/js/vehicle_page.js HTTP/1.1" 304 0
INFO: "GET /static/main/js/navbar.js HTTP/1.1" 304 0
WARNING: "GET /static/main/webfonts/fa-solid-900.woff2 HTTP/1.1" 404 179
WARNING: "GET /static/main/webfonts/fa-solid-900.ttf HTTP/1.1" 404 179
INFO: User 'bhagavan.b' tried to access login page but is already authenticated.
INFO: "GET / HTTP/1.1" 302 0
INFO: User 'bhagavan.b' accessed index page.
INFO: "GET /indexpage/ HTTP/1.1" 200 9672
INFO: "GET /static/main/css/fontawesome.css HTTP/1.1" 304 0
INFO: "GET /static/main/css/main.css HTTP/1.1" 304 0
INFO: "GET /static/main/images/EHSModule.png HTTP/1.1" 304 0
INFO: "GET /static/main/css/navbar.css HTTP/1.1" 304 0
INFO: "GET /static/main/js/fontawesome.js HTTP/1.1" 304 0
INFO: "GET /static/main/js/navbar.js HTTP/1.1" 304 0
WARNING: "GET /static/main/webfonts/fa-solid-900.woff2 HTTP/1.1" 404 179
WARNING: "GET /static/main/webfonts/fa-solid-900.ttf HTTP/1.1" 404 179
WARNING: "GET /favicon.ico HTTP/1.1" 404 179
INFO: "GET /view_leading/ HTTP/1.1" 200 30925
INFO: "GET /static/main/css/fontawesome.css HTTP/1.1" 304 0
INFO: "GET /static/main/css/main.css HTTP/1.1" 304 0
INFO: "GET /static/main/css/navbar.css HTTP/1.1" 304 0
INFO: "GET /static/main/js/fontawesome.js HTTP/1.1" 304 0
INFO: "GET /static/main/js/navbar.js HTTP/1.1" 304 0
WARNING: "GET /static/main/webfonts/fa-solid-900.woff2 HTTP/1.1" 404 179
WARNING: "GET /static/main/webfonts/fa-solid-900.ttf HTTP/1.1" 404 179
INFO: "GET /leading/12303/detail/ HTTP/1.1" 200 10142
INFO: "GET /leading/12303/detail/ HTTP/1.1" 200 10142
WARNING: "GET /static/main/webfonts/fa-solid-900.woff2 HTTP/1.1" 404 179
WARNING: "GET /static/main/webfonts/fa-solid-900.ttf HTTP/1.1" 404 179
INFO: "GET /leading/12302/detail/ HTTP/1.1" 200 10109
INFO: "GET /leading/12302/detail/ HTTP/1.1" 200 10109
WARNING: "GET /static/main/webfonts/fa-solid-900.woff2 HTTP/1.1" 404 179
WARNING: "GET /static/main/webfonts/fa-solid-900.ttf HTTP/1.1" 404 179
INFO: "GET /leading/12302/edit/ HTTP/1.1" 200 21878
INFO: "GET /static/leading/css/leading.css HTTP/1.1" 304 0
WARNING: "GET /static/main/webfonts/fa-solid-900.woff2 HTTP/1.1" 404 179
WARNING: "GET /static/main/webfonts/fa-solid-900.ttf HTTP/1.1" 404 179
INFO: "GET /static/leading/js/leading.js HTTP/1.1" 304 0
INFO: "POST /leading/12302/edit/ HTTP/1.1" 302 0
INFO: "GET /view_leading/ HTTP/1.1" 200 31504
INFO: "GET /static/main/css/fontawesome.css HTTP/1.1" 304 0
INFO: "GET /static/main/css/main.css HTTP/1.1" 304 0
INFO: "GET /static/main/css/navbar.css HTTP/1.1" 304 0
WARNING: "GET /static/main/webfonts/fa-solid-900.woff2 HTTP/1.1" 404 179
WARNING: "GET /static/main/webfonts/fa-solid-900.ttf HTTP/1.1" 404 179
INFO: "GET /static/main/js/fontawesome.js HTTP/1.1" 304 0
INFO: "GET /static/main/js/navbar.js HTTP/1.1" 304 0
INFO: User 'vikas' accessed index page.
INFO: "GET /indexpage/ HTTP/1.1" 200 24786
INFO: "GET /static/main/css/main.css HTTP/1.1" 304 0
INFO: "GET /static/main/css/navbar.css HTTP/1.1" 304 0
INFO: "GET /static/main/images/HRModule.png HTTP/1.1" 200 31588
INFO: "GET /static/main/images/WarehouseModule.png HTTP/1.1" 200 3306
INFO: "GET /static/main/css/fontawesome.css HTTP/1.1" 200 73890
INFO: "GET /static/main/images/QualityControlModule.png HTTP/1.1" 200 18411
INFO: "GET /static/main/images/ProductionModule.png HTTP/1.1" 200 24454
INFO: "GET /static/main/images/EHSModule.png HTTP/1.1" 200 112111
INFO: "GET /static/main/images/ETP%20Module.png HTTP/1.1" 304 0
WARNING: "GET /static/main/webfonts/fa-solid-900.woff2 HTTP/1.1" 404 179
WARNING: "GET /static/main/webfonts/fa-solid-900.ttf HTTP/1.1" 404 179
INFO: "GET /static/main/js/navbar.js HTTP/1.1" 304 0
INFO: "GET /static/main/js/fontawesome.js HTTP/1.1" 200 1530755
INFO: "GET /view_downtime/ HTTP/1.1" 200 52003
WARNING: "GET /static/main/webfonts/fa-solid-900.woff2 HTTP/1.1" 404 179
WARNING: "GET /static/main/webfonts/fa-solid-900.ttf HTTP/1.1" 404 179
INFO: User 'vikas' accessed index page.
INFO: "GET /indexpage/ HTTP/1.1" 200 24786
WARNING: "GET /static/main/webfonts/fa-solid-900.woff2 HTTP/1.1" 404 179
WARNING: "GET /static/main/webfonts/fa-solid-900.ttf HTTP/1.1" 404 179
INFO: "GET /add_leading_record/ HTTP/1.1" 200 21584
INFO: "GET /static/main/css/fontawesome.css HTTP/1.1" 304 0
INFO: "GET /static/main/css/main.css HTTP/1.1" 304 0
INFO: "GET /static/leading/css/leading.css HTTP/1.1" 304 0
INFO: "GET /static/main/css/navbar.css HTTP/1.1" 304 0
INFO: "GET /static/leading/js/leading.js HTTP/1.1" 304 0
INFO: "GET /static/main/js/fontawesome.js HTTP/1.1" 304 0
INFO: "GET /static/main/js/navbar.js HTTP/1.1" 304 0
WARNING: "GET /static/main/webfonts/fa-solid-900.woff2 HTTP/1.1" 404 179
WARNING: "GET /static/main/webfonts/fa-solid-900.ttf HTTP/1.1" 404 179
INFO: "GET / HTTP/1.1" 200 5216
INFO: "GET /static/main/images/OC_white_logo.png HTTP/1.1" 200 1045138
INFO: User 'sahil.c' logged in successfully.
INFO: "POST / HTTP/1.1" 302 0
INFO: User 'sahil.c' accessed index page.
INFO: "GET /indexpage/ HTTP/1.1" 200 25197
INFO: "GET /static/main/css/main.css HTTP/1.1" 200 0
INFO: "GET /static/main/css/navbar.css HTTP/1.1" 304 0
INFO: "GET /static/main/images/HRModule.png HTTP/1.1" 200 31588
INFO: "GET /static/main/css/fontawesome.css HTTP/1.1" 200 73890
INFO: "GET /static/main/images/WarehouseModule.png HTTP/1.1" 200 3306
INFO: "GET /static/main/images/QualityControlModule.png HTTP/1.1" 200 18411
INFO: "GET /static/main/images/ProductionModule.png HTTP/1.1" 200 24454
INFO: "GET /static/main/js/navbar.js HTTP/1.1" 304 0
INFO: "GET /static/main/images/EHSModule.png HTTP/1.1" 200 112111
INFO: "GET /static/main/images/ETP%20Module.png HTTP/1.1" 304 0
WARNING: "GET /static/main/webfonts/fa-solid-900.woff2 HTTP/1.1" 404 179
WARNING: "GET /static/main/webfonts/fa-solid-900.ttf HTTP/1.1" 404 179
INFO: "GET /static/main/js/fontawesome.js HTTP/1.1" 200 1530755
WARNING: "GET /favicon.ico HTTP/1.1" 404 179
INFO: User 'sahil.c' accessed index page.
INFO: "GET /indexpage/ HTTP/1.1" 200 24788
INFO: "GET /static/main/css/main.css HTTP/1.1" 304 0
INFO: "GET /static/main/css/fontawesome.css HTTP/1.1" 304 0
INFO: "GET /static/main/css/navbar.css HTTP/1.1" 304 0
INFO: "GET /static/main/images/HRModule.png HTTP/1.1" 304 0
INFO: "GET /static/main/images/WarehouseModule.png HTTP/1.1" 304 0
INFO: "GET /static/main/images/ProductionModule.png HTTP/1.1" 304 0
INFO: "GET /static/main/images/QualityControlModule.png HTTP/1.1" 304 0
INFO: "GET /static/main/images/EHSModule.png HTTP/1.1" 304 0
INFO: "GET /static/main/images/ETP%20Module.png HTTP/1.1" 304 0
INFO: "GET /static/main/js/navbar.js HTTP/1.1" 304 0
INFO: "GET /static/main/js/fontawesome.js HTTP/1.1" 304 0
WARNING: "GET /static/main/webfonts/fa-solid-900.woff2 HTTP/1.1" 404 179
WARNING: "GET /static/main/webfonts/fa-solid-900.ttf HTTP/1.1" 404 179
INFO: User 'sahil.c' accessed index page.
INFO: "GET /indexpage/ HTTP/1.1" 200 24788
WARNING: "GET /static/main/webfonts/fa-solid-900.woff2 HTTP/1.1" 404 179
WARNING: "GET /static/main/webfonts/fa-solid-900.ttf HTTP/1.1" 404 179
INFO: User 'sahil.c' accessed index page.
INFO: "GET /indexpage/ HTTP/1.1" 200 24788
WARNING: "GET /static/main/webfonts/fa-solid-900.woff2 HTTP/1.1" 404 179
WARNING: "GET /static/main/webfonts/fa-solid-900.ttf HTTP/1.1" 404 179
INFO: "GET /view_downtime/ HTTP/1.1" 200 52005
WARNING: "GET /static/main/webfonts/fa-solid-900.woff2 HTTP/1.1" 404 179
WARNING: "GET /static/main/webfonts/fa-solid-900.ttf HTTP/1.1" 404 179
INFO: User 'sahil.c' logged out.
INFO: "GET /userlogout/ HTTP/1.1" 302 0
INFO: "GET / HTTP/1.1" 200 5659
INFO: "GET /static/main/images/OC_white_logo.png HTTP/1.1" 304 0
INFO: User 'ocadmin' tried to access login page but is already authenticated.
INFO: "GET / HTTP/1.1" 302 0
INFO: User 'ocadmin' accessed index page.
INFO: "GET /indexpage/ HTTP/1.1" 200 24788
INFO: "GET /static/main/css/navbar.css HTTP/1.1" 304 0
INFO: "GET /static/main/css/main.css HTTP/1.1" 304 0
INFO: "GET /static/main/css/fontawesome.css HTTP/1.1" 304 0
INFO: "GET /static/main/images/HRModule.png HTTP/1.1" 304 0
INFO: "GET /static/main/images/OC.png HTTP/1.1" 304 0
INFO: "GET /static/main/images/WarehouseModule.png HTTP/1.1" 304 0
INFO: "GET /static/main/images/ProductionModule.png HTTP/1.1" 304 0
INFO: "GET /static/main/images/QualityControlModule.png HTTP/1.1" 304 0
INFO: "GET /static/main/js/fontawesome.js HTTP/1.1" 304 0
INFO: "GET /static/main/js/navbar.js HTTP/1.1" 304 0
INFO: "GET /static/main/images/EHSModule.png HTTP/1.1" 304 0
INFO: "GET /static/main/images/ETP%20Module.png HTTP/1.1" 304 0
WARNING: "GET /static/main/webfonts/fa-solid-900.woff2 HTTP/1.1" 404 179
WARNING: "GET /static/main/webfonts/fa-solid-900.ttf HTTP/1.1" 404 179
INFO: Vehicle list viewed by ocadmin with filters: {'reporting_date': '', 'name_of_supplier': '', 'material': '', 'name_of_transporter': '', 'status': ''}
INFO: "GET /vehicle_list/ HTTP/1.1" 200 41828
WARNING: "GET /static/main/webfonts/fa-solid-900.woff2 HTTP/1.1" 404 179
WARNING: "GET /static/main/webfonts/fa-solid-900.ttf HTTP/1.1" 404 179
INFO: User 'vikas.k' accessed index page.
INFO: "GET /indexpage/ HTTP/1.1" 200 9692
INFO: "GET /static/main/css/fontawesome.css HTTP/1.1" 304 0
INFO: "GET /static/main/css/main.css HTTP/1.1" 304 0
INFO: "GET /static/main/js/fontawesome.js HTTP/1.1" 304 0
INFO: "GET /static/main/css/navbar.css HTTP/1.1" 304 0
INFO: "GET /static/main/images/ETP%20Module.png HTTP/1.1" 304 0
INFO: "GET /static/main/js/navbar.js HTTP/1.1" 304 0
WARNING: "GET /static/main/webfonts/fa-solid-900.woff2 HTTP/1.1" 404 179
WARNING: "GET /static/main/webfonts/fa-solid-900.ttf HTTP/1.1" 404 179
INFO: "GET /add-general-effluent/ HTTP/1.1" 200 10596
INFO: "GET /static/main/css/fontawesome.css HTTP/1.1" 304 0
INFO: "GET /static/main/css/main.css HTTP/1.1" 304 0
INFO: "GET /static/main/css/navbar.css HTTP/1.1" 304 0
INFO: "GET /static/main/js/fontawesome.js HTTP/1.1" 304 0
INFO: "GET /static/main/js/navbar.js HTTP/1.1" 304 0
WARNING: "GET /static/main/webfonts/fa-solid-900.woff2 HTTP/1.1" 404 179
WARNING: "GET /static/main/webfonts/fa-solid-900.ttf HTTP/1.1" 404 179
INFO: "POST /add-general-effluent/ HTTP/1.1" 302 0
INFO: "GET /view-general-effluent/ HTTP/1.1" 200 26727
INFO: "GET /static/main/css/fontawesome.css HTTP/1.1" 304 0
INFO: "GET /static/main/css/navbar.css HTTP/1.1" 304 0
INFO: "GET /static/main/css/main.css HTTP/1.1" 304 0
INFO: "GET /static/main/js/navbar.js HTTP/1.1" 304 0
INFO: "GET /static/main/js/fontawesome.js HTTP/1.1" 304 0
WARNING: "GET /static/main/webfonts/fa-solid-900.woff2 HTTP/1.1" 404 179
WARNING: "GET /static/main/webfonts/fa-solid-900.ttf HTTP/1.1" 404 179
INFO: "GET /add-general-effluent/ HTTP/1.1" 200 10596
INFO: "GET /static/main/css/fontawesome.css HTTP/1.1" 304 0
INFO: "GET /static/main/css/main.css HTTP/1.1" 304 0
INFO: "GET /static/main/js/navbar.js HTTP/1.1" 304 0
INFO: "GET /static/main/css/navbar.css HTTP/1.1" 304 0
INFO: "GET /static/main/js/fontawesome.js HTTP/1.1" 304 0
WARNING: "GET /static/main/webfonts/fa-solid-900.woff2 HTTP/1.1" 404 179
WARNING: "GET /static/main/webfonts/fa-solid-900.ttf HTTP/1.1" 404 179
INFO: "POST /add-general-effluent/ HTTP/1.1" 302 0
INFO: "GET /view-general-effluent/ HTTP/1.1" 200 26732
INFO: "GET /static/main/css/fontawesome.css HTTP/1.1" 304 0
INFO: "GET /static/main/css/main.css HTTP/1.1" 304 0
INFO: "GET /static/main/css/navbar.css HTTP/1.1" 304 0
INFO: "GET /static/main/js/fontawesome.js HTTP/1.1" 304 0
INFO: "GET /static/main/js/navbar.js HTTP/1.1" 304 0
WARNING: "GET /static/main/webfonts/fa-solid-900.woff2 HTTP/1.1" 404 179
WARNING: "GET /static/main/webfonts/fa-solid-900.ttf HTTP/1.1" 404 179
INFO: "GET /add-general-effluent/ HTTP/1.1" 200 10596
INFO: "GET /static/main/css/fontawesome.css HTTP/1.1" 304 0
INFO: "GET /static/main/js/fontawesome.js HTTP/1.1" 304 0
INFO: "GET /static/main/css/main.css HTTP/1.1" 304 0
INFO: "GET /static/main/css/navbar.css HTTP/1.1" 304 0
INFO: "GET /static/main/js/navbar.js HTTP/1.1" 304 0
WARNING: "GET /static/main/webfonts/fa-solid-900.woff2 HTTP/1.1" 404 179
WARNING: "GET /static/main/webfonts/fa-solid-900.ttf HTTP/1.1" 404 179
INFO: "POST /add-general-effluent/ HTTP/1.1" 302 0
INFO: "GET /view-general-effluent/ HTTP/1.1" 200 26741
INFO: "GET /static/main/css/fontawesome.css HTTP/1.1" 304 0
INFO: "GET /static/main/css/navbar.css HTTP/1.1" 304 0
INFO: "GET /static/main/css/main.css HTTP/1.1" 304 0
INFO: "GET /static/main/js/fontawesome.js HTTP/1.1" 304 0
INFO: "GET /static/main/js/navbar.js HTTP/1.1" 304 0
WARNING: "GET /static/main/webfonts/fa-solid-900.woff2 HTTP/1.1" 404 179
WARNING: "GET /static/main/webfonts/fa-solid-900.ttf HTTP/1.1" 404 179
INFO: User 'vikas.k' logged out.
INFO: "GET /userlogout/ HTTP/1.1" 302 0
INFO: "GET / HTTP/1.1" 200 5659
INFO: "GET /static/main/images/OC_white_logo.png HTTP/1.1" 304 0
INFO: User 'ocadmin' tried to access login page but is already authenticated.
INFO: "GET / HTTP/1.1" 302 0
INFO: User 'ocadmin' accessed index page.
INFO: "GET /indexpage/ HTTP/1.1" 200 24788
INFO: "GET /static/main/css/fontawesome.css HTTP/1.1" 304 0
INFO: "GET /static/main/css/main.css HTTP/1.1" 304 0
INFO: "GET /static/main/css/navbar.css HTTP/1.1" 304 0
INFO: "GET /static/main/images/HRModule.png HTTP/1.1" 304 0
INFO: "GET /static/main/images/OC.png HTTP/1.1" 304 0
INFO: "GET /static/main/images/WarehouseModule.png HTTP/1.1" 304 0
INFO: "GET /static/main/images/QualityControlModule.png HTTP/1.1" 304 0
INFO: "GET /static/main/images/ProductionModule.png HTTP/1.1" 304 0
INFO: "GET /static/main/js/navbar.js HTTP/1.1" 304 0
INFO: "GET /static/main/images/EHSModule.png HTTP/1.1" 304 0
INFO: "GET /static/main/js/fontawesome.js HTTP/1.1" 304 0
INFO: "GET /static/main/images/ETP%20Module.png HTTP/1.1" 304 0
WARNING: "GET /static/main/webfonts/fa-solid-900.woff2 HTTP/1.1" 404 179
WARNING: "GET /static/main/webfonts/fa-solid-900.ttf HTTP/1.1" 404 179
INFO: "GET /attendance/summary/ HTTP/1.1" 200 26813
WARNING: "GET /static/main/webfonts/fa-solid-900.woff2 HTTP/1.1" 404 179
WARNING: "GET /static/main/webfonts/fa-solid-900.ttf HTTP/1.1" 404 179
INFO: "GET /daily-check-in-summary/ HTTP/1.1" 200 9520
INFO: "GET /late-early-go-summary/ HTTP/1.1" 200 7413
INFO: "GET /attendance/summary/ HTTP/1.1" 200 26813
WARNING: "GET /static/main/webfonts/fa-solid-900.woff2 HTTP/1.1" 404 179
WARNING: "GET /static/main/webfonts/fa-solid-900.ttf HTTP/1.1" 404 179
INFO: "GET /attendance/summary/?start_date=2025-04-25&end_date=2025-04-28&company=&branch=&department=&shift_code= HTTP/1.1" 200 26813
WARNING: "GET /static/main/webfonts/fa-solid-900.woff2 HTTP/1.1" 404 179
WARNING: "GET /static/main/webfonts/fa-solid-900.ttf HTTP/1.1" 404 179
INFO: "GET /attendance/summary/?start_date=2025-04-01&end_date=2025-04-28&company=&branch=&department=&shift_code= HTTP/1.1" 200 36094
WARNING: "GET /static/main/webfonts/fa-solid-900.woff2 HTTP/1.1" 404 179
WARNING: "GET /static/main/webfonts/fa-solid-900.ttf HTTP/1.1" 404 179
INFO: "GET /attendance/summary/?start_date=2025-04-01&end_date=2025-04-28&company=OC+Specialities+Pvt.Ltd&branch=Mumbai&department=&shift_code= HTTP/1.1" 200 30560
WARNING: "GET /static/main/webfonts/fa-solid-900.woff2 HTTP/1.1" 404 179
WARNING: "GET /static/main/webfonts/fa-solid-900.ttf HTTP/1.1" 404 179
INFO: "GET /attendance/summary/?start_date=2025-04-15&end_date=2025-04-28&company=OC+Specialities+Pvt.Ltd&branch=Mumbai&department=&shift_code= HTTP/1.1" 200 30002
WARNING: "GET /static/main/webfonts/fa-solid-900.woff2 HTTP/1.1" 404 179
WARNING: "GET /static/main/webfonts/fa-solid-900.ttf HTTP/1.1" 404 179
INFO: "GET /attendance/summary/?start_date=2025-04-17&end_date=2025-04-28&company=OC+Specialities+Pvt.Ltd&branch=Mumbai&department=&shift_code= HTTP/1.1" 200 30000
WARNING: "GET /static/main/webfonts/fa-solid-900.woff2 HTTP/1.1" 404 179
WARNING: "GET /static/main/webfonts/fa-solid-900.ttf HTTP/1.1" 404 179
INFO: "GET /attendance/summary/P%20%7C%20P/?start_date=2025-04-17&end_date=2025-04-28&company=OC%20Specialities%20Pvt.Ltd&branch=Mumbai&department=&shift_code= HTTP/1.1" 200 152532
WARNING: "GET /static/main/webfonts/fa-solid-900.woff2 HTTP/1.1" 404 179
WARNING: "GET /static/main/webfonts/fa-solid-900.ttf HTTP/1.1" 404 179
INFO: "GET /attendance/summary/P%20%7C%20P/?start_date=2025-04-17&end_date=2025-04-28&company=OC+Specialities+Pvt.Ltd&branch=Mumbai&department=&shift_code=&search_name=suyog HTTP/1.1" 200 34798
WARNING: "GET /static/main/webfonts/fa-solid-900.woff2 HTTP/1.1" 404 179
WARNING: "GET /static/main/webfonts/fa-solid-900.ttf HTTP/1.1" 404 179
INFO: "GET /attendance/summary/P%20%7C%20P/ HTTP/1.1" 200 9418806
INFO: "GET /static/main/css/navbar.css HTTP/1.1" 304 0
INFO: "GET /static/main/images/OC.png HTTP/1.1" 304 0
INFO: "GET /static/main/css/main.css HTTP/1.1" 304 0
INFO: "GET /static/main/css/fontawesome.css HTTP/1.1" 304 0
WARNING: "GET /static/main/webfonts/fa-solid-900.woff2 HTTP/1.1" 404 179
WARNING: "GET /static/main/webfonts/fa-solid-900.ttf HTTP/1.1" 404 179
INFO: "GET /attendance/summary/ HTTP/1.1" 200 26813
INFO: "GET /static/main/js/fontawesome.js HTTP/1.1" 304 0
INFO: "GET /static/main/js/navbar.js HTTP/1.1" 304 0
WARNING: "GET /static/main/webfonts/fa-solid-900.woff2 HTTP/1.1" 404 179
WARNING: "GET /static/main/webfonts/fa-solid-900.ttf HTTP/1.1" 404 179
INFO: "GET / HTTP/1.1" 200 5216
INFO: "GET /static/main/images/OC_white_logo.png HTTP/1.1" 304 0
INFO: User 'taufik.s' logged in successfully.
INFO: "POST / HTTP/1.1" 302 0
INFO: User 'taufik.s' logged in successfully.
INFO: "POST / HTTP/1.1" 302 0
INFO: User 'taufik.s' accessed index page.
INFO: "GET /indexpage/ HTTP/1.1" 200 9079
INFO: "GET /static/main/css/fontawesome.css HTTP/1.1" 304 0
INFO: "GET /static/main/css/main.css HTTP/1.1" 304 0
INFO: "GET /static/main/css/navbar.css HTTP/1.1" 304 0
INFO: "GET /static/main/images/WarehouseModule.png HTTP/1.1" 304 0
INFO: "GET /static/main/js/fontawesome.js HTTP/1.1" 304 0
INFO: "GET /static/main/js/navbar.js HTTP/1.1" 304 0
WARNING: "GET /static/main/webfonts/fa-solid-900.woff2 HTTP/1.1" 404 179
WARNING: "GET /static/main/webfonts/fa-solid-900.ttf HTTP/1.1" 404 179
INFO: Vehicle list viewed by taufik.s with filters: {'reporting_date': '', 'name_of_supplier': '', 'material': '', 'name_of_transporter': '', 'status': ''}
INFO: "GET /vehicle_list/ HTTP/1.1" 200 26479
WARNING: "GET /static/main/webfonts/fa-solid-900.woff2 HTTP/1.1" 404 179
WARNING: "GET /static/main/webfonts/fa-solid-900.ttf HTTP/1.1" 404 179
INFO: Vehicle list viewed by taufik.s with filters: {'reporting_date': '', 'name_of_supplier': '', 'material': '', 'name_of_transporter': '', 'status': 'Pending'}
INFO: "GET /vehicle_list/?reporting_date=&name_of_supplier=&material=&name_of_transporter=&status=Pending HTTP/1.1" 200 14500
WARNING: "GET /static/main/webfonts/fa-solid-900.woff2 HTTP/1.1" 404 179
WARNING: "GET /static/main/webfonts/fa-solid-900.ttf HTTP/1.1" 404 179
INFO: "GET /vehicle/edit/10047/ HTTP/1.1" 200 14257
INFO: "GET /static/store/css/store.css HTTP/1.1" 304 0
INFO: "GET /static/store/js/vehicle_page.js HTTP/1.1" 304 0
WARNING: "GET /static/main/webfonts/fa-solid-900.woff2 HTTP/1.1" 404 179
WARNING: "GET /static/main/webfonts/fa-solid-900.ttf HTTP/1.1" 404 179
INFO: Vehicle ID 10047 edited by taufik.s
INFO: "POST /vehicle/edit/10047/ HTTP/1.1" 302 0
INFO: Vehicle list viewed by taufik.s with filters: {'reporting_date': '', 'name_of_supplier': '', 'material': '', 'name_of_transporter': '', 'status': ''}
INFO: "GET /vehicle_list/ HTTP/1.1" 200 27062
WARNING: "GET /static/main/webfonts/fa-solid-900.woff2 HTTP/1.1" 404 179
WARNING: "GET /static/main/webfonts/fa-solid-900.ttf HTTP/1.1" 404 179
INFO: Vehicle list viewed by taufik.s with filters: {'reporting_date': '', 'name_of_supplier': '', 'material': '', 'name_of_transporter': '', 'status': 'Pending'}
INFO: "GET /vehicle_list/?reporting_date=&name_of_supplier=&material=&name_of_transporter=&status=Pending HTTP/1.1" 200 13064
WARNING: "GET /static/main/webfonts/fa-solid-900.woff2 HTTP/1.1" 404 179
WARNING: "GET /static/main/webfonts/fa-solid-900.ttf HTTP/1.1" 404 179
INFO: "GET /add_vehicle/ HTTP/1.1" 200 14167
WARNING: "GET /static/main/webfonts/fa-solid-900.woff2 HTTP/1.1" 404 179
WARNING: "GET /static/main/webfonts/fa-solid-900.ttf HTTP/1.1" 404 179
INFO: Found 1389 suppliers for search ''
INFO: "GET /search_supplier/ HTTP/1.1" 200 113228
INFO: Found 1 suppliers for search 'tgv'
INFO: "GET /search_supplier/?term=tgv HTTP/1.1" 200 62
INFO: Found 7926 items for search ''
INFO: "GET /search_item/ HTTP/1.1" 200 880576
INFO: Found 2 items for search 'HYDROCHLORIC'
INFO: "GET /search_item/?term=HYDROCHLORIC HTTP/1.1" 200 136
INFO: Found 8 items for search 'HYDROC'
INFO: "GET /search_item/?term=HYDROC HTTP/1.1" 200 634
INFO: Vehicle added by user: taufik.s
INFO: "POST /add_vehicle/ HTTP/1.1" 302 0
INFO: "GET /add_vehicle/ HTTP/1.1" 200 14752
INFO: "GET /static/main/css/fontawesome.css HTTP/1.1" 304 0
INFO: "GET /static/main/css/main.css HTTP/1.1" 304 0
INFO: "GET /static/store/css/store.css HTTP/1.1" 304 0
INFO: "GET /static/main/css/navbar.css HTTP/1.1" 304 0
INFO: "GET /static/store/js/vehicle_page.js HTTP/1.1" 304 0
INFO: "GET /static/main/js/fontawesome.js HTTP/1.1" 304 0
INFO: "GET /static/main/js/navbar.js HTTP/1.1" 304 0
WARNING: "GET /static/main/webfonts/fa-solid-900.woff2 HTTP/1.1" 404 179
WARNING: "GET /static/main/webfonts/fa-solid-900.ttf HTTP/1.1" 404 179
INFO: Vehicle list viewed by taufik.s with filters: {'reporting_date': '', 'name_of_supplier': '', 'material': '', 'name_of_transporter': '', 'status': ''}
INFO: "GET /vehicle_list/ HTTP/1.1" 200 26480
WARNING: "GET /static/main/webfonts/fa-solid-900.woff2 HTTP/1.1" 404 179
WARNING: "GET /static/main/webfonts/fa-solid-900.ttf HTTP/1.1" 404 179
INFO: Vehicle list viewed by taufik.s with filters: {'reporting_date': '', 'name_of_supplier': '', 'material': '', 'name_of_transporter': '', 'status': 'Pending'}
INFO: "GET /vehicle_list/?reporting_date=&name_of_supplier=&material=&name_of_transporter=&status=Pending HTTP/1.1" 200 14508
WARNING: "GET /static/main/webfonts/fa-solid-900.woff2 HTTP/1.1" 404 179
WARNING: "GET /static/main/webfonts/fa-solid-900.ttf HTTP/1.1" 404 179
INFO: "GET /vehicle/edit/10049/ HTTP/1.1" 200 14286
INFO: "GET /static/main/css/fontawesome.css HTTP/1.1" 304 0
INFO: "GET /static/main/css/main.css HTTP/1.1" 304 0
INFO: "GET /static/store/css/store.css HTTP/1.1" 304 0
INFO: "GET /static/main/css/navbar.css HTTP/1.1" 304 0
INFO: "GET /static/main/js/fontawesome.js HTTP/1.1" 304 0
INFO: "GET /static/store/js/vehicle_page.js HTTP/1.1" 304 0
INFO: "GET /static/main/js/navbar.js HTTP/1.1" 304 0
WARNING: "GET /static/main/webfonts/fa-solid-900.woff2 HTTP/1.1" 404 179
WARNING: "GET /static/main/webfonts/fa-solid-900.ttf HTTP/1.1" 404 179
INFO: Vehicle ID 10049 edited by taufik.s
INFO: "POST /vehicle/edit/10049/ HTTP/1.1" 302 0
INFO: Vehicle list viewed by taufik.s with filters: {'reporting_date': '', 'name_of_supplier': '', 'material': '', 'name_of_transporter': '', 'status': ''}
INFO: "GET /vehicle_list/ HTTP/1.1" 200 27063
WARNING: "GET /static/main/webfonts/fa-solid-900.woff2 HTTP/1.1" 404 179
WARNING: "GET /static/main/webfonts/fa-solid-900.ttf HTTP/1.1" 404 179
INFO: Vehicle list viewed by taufik.s with filters: {'reporting_date': '', 'name_of_supplier': '', 'material': '', 'name_of_transporter': '', 'status': 'Pending'}
INFO: "GET /vehicle_list/?reporting_date=&name_of_supplier=&material=&name_of_transporter=&status=Pending HTTP/1.1" 200 13064
WARNING: "GET /static/main/webfonts/fa-solid-900.woff2 HTTP/1.1" 404 179
WARNING: "GET /static/main/webfonts/fa-solid-900.ttf HTTP/1.1" 404 179
INFO: "GET /vehicle/edit/10048/ HTTP/1.1" 200 14320
WARNING: "GET /static/main/webfonts/fa-solid-900.woff2 HTTP/1.1" 404 179
WARNING: "GET /static/main/webfonts/fa-solid-900.ttf HTTP/1.1" 404 179
INFO: Vehicle ID 10048 edited by taufik.s
INFO: "POST /vehicle/edit/10048/ HTTP/1.1" 302 0
INFO: Vehicle list viewed by taufik.s with filters: {'reporting_date': '', 'name_of_supplier': '', 'material': '', 'name_of_transporter': '', 'status': ''}
INFO: "GET /vehicle_list/ HTTP/1.1" 200 27074
INFO: "GET /static/main/css/fontawesome.css HTTP/1.1" 304 0
INFO: "GET /static/main/css/main.css HTTP/1.1" 304 0
INFO: "GET /static/main/css/navbar.css HTTP/1.1" 304 0
WARNING: "GET /static/main/webfonts/fa-solid-900.woff2 HTTP/1.1" 404 179
WARNING: "GET /static/main/webfonts/fa-solid-900.ttf HTTP/1.1" 404 179
INFO: "GET /static/main/js/fontawesome.js HTTP/1.1" 304 0
INFO: "GET /static/main/js/navbar.js HTTP/1.1" 304 0
INFO: Vehicle list viewed by taufik.s with filters: {'reporting_date': '', 'name_of_supplier': '', 'material': '', 'name_of_transporter': '', 'status': 'Unloaded'}
INFO: "GET /vehicle_list/?reporting_date=&name_of_supplier=&material=&name_of_transporter=&status=Unloaded HTTP/1.1" 200 26518
WARNING: "GET /static/main/webfonts/fa-solid-900.woff2 HTTP/1.1" 404 179
WARNING: "GET /static/main/webfonts/fa-solid-900.ttf HTTP/1.1" 404 179
INFO: "GET /vehicle/edit/10049/ HTTP/1.1" 200 14322
INFO: "GET /static/store/css/store.css HTTP/1.1" 304 0
INFO: "GET /static/store/js/vehicle_page.js HTTP/1.1" 304 0
WARNING: "GET /static/main/webfonts/fa-solid-900.woff2 HTTP/1.1" 404 179
WARNING: "GET /static/main/webfonts/fa-solid-900.ttf HTTP/1.1" 404 179
INFO: Vehicle ID 10049 edited by taufik.s
INFO: "POST /vehicle/edit/10049/ HTTP/1.1" 302 0
INFO: Vehicle list viewed by taufik.s with filters: {'reporting_date': '', 'name_of_supplier': '', 'material': '', 'name_of_transporter': '', 'status': ''}
INFO: "GET /vehicle_list/ HTTP/1.1" 200 27074
WARNING: "GET /static/main/webfonts/fa-solid-900.woff2 HTTP/1.1" 404 179
WARNING: "GET /static/main/webfonts/fa-solid-900.ttf HTTP/1.1" 404 179
INFO: Vehicle ID 10048 viewed by taufik.s
INFO: "GET /vehicle/view/10048/ HTTP/1.1" 200 8360
WARNING: "GET /static/main/webfonts/fa-solid-900.woff2 HTTP/1.1" 404 179
WARNING: "GET /static/main/webfonts/fa-solid-900.ttf HTTP/1.1" 404 179
INFO: Vehicle list viewed by taufik.s with filters: {'reporting_date': '', 'name_of_supplier': '', 'material': '', 'name_of_transporter': '', 'status': ''}
INFO: "GET /vehicle_list/ HTTP/1.1" 200 26502
WARNING: "GET /static/main/webfonts/fa-solid-900.woff2 HTTP/1.1" 404 179
WARNING: "GET /static/main/webfonts/fa-solid-900.ttf HTTP/1.1" 404 179
INFO: User 'bhagavan.b' tried to access login page but is already authenticated.
INFO: "GET / HTTP/1.1" 302 0
INFO: User 'bhagavan.b' accessed index page.
INFO: "GET /indexpage/ HTTP/1.1" 200 9672
INFO: "GET /static/main/css/fontawesome.css HTTP/1.1" 304 0
INFO: "GET /static/main/css/main.css HTTP/1.1" 304 0
INFO: "GET /static/main/css/navbar.css HTTP/1.1" 304 0
INFO: "GET /static/main/images/EHSModule.png HTTP/1.1" 304 0
INFO: "GET /static/main/js/fontawesome.js HTTP/1.1" 304 0
INFO: "GET /static/main/js/navbar.js HTTP/1.1" 304 0
WARNING: "GET /static/main/webfonts/fa-solid-900.woff2 HTTP/1.1" 404 179
WARNING: "GET /static/main/webfonts/fa-solid-900.ttf HTTP/1.1" 404 179
INFO: Vehicle list viewed by taufik.s with filters: {'reporting_date': '', 'name_of_supplier': '', 'material': '', 'name_of_transporter': '', 'status': 'Pending'}
INFO: "GET /vehicle_list/?reporting_date=&name_of_supplier=&material=&name_of_transporter=&status=Pending HTTP/1.1" 200 11768
WARNING: "GET /static/main/webfonts/fa-solid-900.woff2 HTTP/1.1" 404 179
WARNING: "GET /static/main/webfonts/fa-solid-900.ttf HTTP/1.1" 404 179
INFO: Vehicle list viewed by taufik.s with filters: {'reporting_date': '', 'name_of_supplier': '', 'material': '', 'name_of_transporter': '', 'status': 'Unloaded'}
INFO: "GET /vehicle_list/?reporting_date=&name_of_supplier=&material=&name_of_transporter=&status=Unloaded HTTP/1.1" 200 26518
WARNING: "GET /static/main/webfonts/fa-solid-900.woff2 HTTP/1.1" 404 179
WARNING: "GET /static/main/webfonts/fa-solid-900.ttf HTTP/1.1" 404 179
INFO: "GET /add_leading_record/ HTTP/1.1" 200 21584
INFO: "GET /static/leading/css/leading.css HTTP/1.1" 304 0
INFO: "GET /static/leading/js/leading.js HTTP/1.1" 304 0
WARNING: "GET /static/main/webfonts/fa-solid-900.woff2 HTTP/1.1" 404 179
WARNING: "GET /static/main/webfonts/fa-solid-900.ttf HTTP/1.1" 404 179
INFO: Vehicle list viewed by taufik.s with filters: {'reporting_date': '', 'name_of_supplier': '', 'material': '', 'name_of_transporter': '', 'status': ''}
INFO: "GET /vehicle_list/?reporting_date=&name_of_supplier=&material=&name_of_transporter=&status= HTTP/1.1" 200 26502
INFO: "GET /static/main/css/navbar.css HTTP/1.1" 304 0
INFO: "GET /static/main/css/main.css HTTP/1.1" 304 0
INFO: "GET /static/main/css/fontawesome.css HTTP/1.1" 304 0
WARNING: "GET /static/main/webfonts/fa-solid-900.woff2 HTTP/1.1" 404 179
WARNING: "GET /static/main/webfonts/fa-solid-900.ttf HTTP/1.1" 404 179
INFO: "GET /static/main/js/navbar.js HTTP/1.1" 304 0
INFO: "GET /static/main/js/fontawesome.js HTTP/1.1" 304 0
INFO: Vehicle list viewed by taufik.s with filters: {'reporting_date': '', 'name_of_supplier': '', 'material': '', 'name_of_transporter': '', 'status': 'Unloaded'}
INFO: "GET /vehicle_list/?reporting_date=&name_of_supplier=&material=&name_of_transporter=&status=Unloaded HTTP/1.1" 200 26518
WARNING: "GET /static/main/webfonts/fa-solid-900.woff2 HTTP/1.1" 404 179
WARNING: "GET /static/main/webfonts/fa-solid-900.ttf HTTP/1.1" 404 179
INFO: "POST /add_leading_record/ HTTP/1.1" 302 0
INFO: "GET /add_leading_record/ HTTP/1.1" 200 22039
INFO: "GET /static/main/css/fontawesome.css HTTP/1.1" 304 0
INFO: "GET /static/main/css/main.css HTTP/1.1" 304 0
INFO: "GET /static/leading/css/leading.css HTTP/1.1" 304 0
INFO: "GET /static/main/css/navbar.css HTTP/1.1" 304 0
INFO: "GET /static/leading/js/leading.js HTTP/1.1" 304 0
INFO: "GET /static/main/js/fontawesome.js HTTP/1.1" 304 0
INFO: "GET /static/main/js/navbar.js HTTP/1.1" 304 0
WARNING: "GET /static/main/webfonts/fa-solid-900.woff2 HTTP/1.1" 404 179
WARNING: "GET /static/main/webfonts/fa-solid-900.ttf HTTP/1.1" 404 179
INFO: "POST /add_leading_record/ HTTP/1.1" 302 0
INFO: "GET /add_leading_record/ HTTP/1.1" 200 22039
INFO: "GET /static/main/css/fontawesome.css HTTP/1.1" 304 0
INFO: "GET /static/main/css/navbar.css HTTP/1.1" 304 0
INFO: "GET /static/main/css/main.css HTTP/1.1" 304 0
INFO: "GET /static/leading/css/leading.css HTTP/1.1" 304 0
WARNING: "GET /static/main/webfonts/fa-solid-900.woff2 HTTP/1.1" 404 179
WARNING: "GET /static/main/webfonts/fa-solid-900.ttf HTTP/1.1" 404 179
INFO: "GET /static/main/js/fontawesome.js HTTP/1.1" 304 0
INFO: "GET /static/main/js/navbar.js HTTP/1.1" 304 0
INFO: "GET /static/leading/js/leading.js HTTP/1.1" 304 0
INFO: "POST /add_leading_record/ HTTP/1.1" 302 0
INFO: "GET /add_leading_record/ HTTP/1.1" 200 22039
INFO: "GET /static/main/css/fontawesome.css HTTP/1.1" 304 0
INFO: "GET /static/main/css/main.css HTTP/1.1" 304 0
INFO: "GET /static/main/css/navbar.css HTTP/1.1" 304 0
INFO: "GET /static/leading/css/leading.css HTTP/1.1" 304 0
INFO: "GET /static/leading/js/leading.js HTTP/1.1" 304 0
INFO: "GET /static/main/js/fontawesome.js HTTP/1.1" 304 0
INFO: "GET /static/main/js/navbar.js HTTP/1.1" 304 0
WARNING: "GET /static/main/webfonts/fa-solid-900.woff2 HTTP/1.1" 404 179
WARNING: "GET /static/main/webfonts/fa-solid-900.ttf HTTP/1.1" 404 179
INFO: "POST /add_leading_record/ HTTP/1.1" 302 0
INFO: "GET /add_leading_record/ HTTP/1.1" 200 22039
INFO: "GET /static/main/css/fontawesome.css HTTP/1.1" 304 0
INFO: "GET /static/main/css/main.css HTTP/1.1" 304 0
INFO: "GET /static/main/css/navbar.css HTTP/1.1" 304 0
INFO: "GET /static/leading/css/leading.css HTTP/1.1" 304 0
INFO: "GET /static/leading/js/leading.js HTTP/1.1" 304 0
INFO: "GET /static/main/js/fontawesome.js HTTP/1.1" 304 0
INFO: "GET /static/main/js/navbar.js HTTP/1.1" 304 0
WARNING: "GET /static/main/webfonts/fa-solid-900.woff2 HTTP/1.1" 404 179
WARNING: "GET /static/main/webfonts/fa-solid-900.ttf HTTP/1.1" 404 179
INFO: "GET /add_vehicle/ HTTP/1.1" 200 14167
INFO: "GET /static/main/css/fontawesome.css HTTP/1.1" 304 0
INFO: "GET /static/main/css/navbar.css HTTP/1.1" 304 0
INFO: "GET /static/main/css/main.css HTTP/1.1" 304 0
INFO: "GET /static/store/css/store.css HTTP/1.1" 304 0
INFO: "GET /static/store/js/vehicle_page.js HTTP/1.1" 304 0
INFO: "GET /static/main/js/fontawesome.js HTTP/1.1" 304 0
INFO: "GET /static/main/js/navbar.js HTTP/1.1" 304 0
WARNING: "GET /static/main/webfonts/fa-solid-900.woff2 HTTP/1.1" 404 179
WARNING: "GET /static/main/webfonts/fa-solid-900.ttf HTTP/1.1" 404 179
INFO: Found 1390 suppliers for search ''
INFO: "GET /search_supplier/ HTTP/1.1" 200 113290
INFO: Found 1 suppliers for search 'VIJAY TR'
INFO: "GET /search_supplier/?term=VIJAY%20TR HTTP/1.1" 200 60
INFO: Found 1 suppliers for search 'VIJAY TRADERS'
INFO: "GET /search_supplier/?term=VIJAY%20TRADERS HTTP/1.1" 200 60
INFO: Found 7937 items for search ''
INFO: "GET /search_item/ HTTP/1.1" 200 881500
INFO: Found 6091 items for search 'S'
INFO: "GET /search_item/?term=S HTTP/1.1" 200 741474
INFO: Found 2 items for search 'SODIUM CHLORIDE'
INFO: "GET /search_item/?term=SODIUM%20CHLORIDE HTTP/1.1" 200 128
INFO: Vehicle added by user: taufik.s
INFO: "POST /add_vehicle/ HTTP/1.1" 302 0
INFO: "GET /add_vehicle/ HTTP/1.1" 200 14752
INFO: "GET /static/main/css/fontawesome.css HTTP/1.1" 304 0
INFO: "GET /static/main/css/main.css HTTP/1.1" 304 0
INFO: "GET /static/main/css/navbar.css HTTP/1.1" 304 0
INFO: "GET /static/store/css/store.css HTTP/1.1" 304 0
INFO: "GET /static/store/js/vehicle_page.js HTTP/1.1" 304 0
INFO: "GET /static/main/js/fontawesome.js HTTP/1.1" 304 0
INFO: "GET /static/main/js/navbar.js HTTP/1.1" 304 0
WARNING: "GET /static/main/webfonts/fa-solid-900.woff2 HTTP/1.1" 404 179
WARNING: "GET /static/main/webfonts/fa-solid-900.ttf HTTP/1.1" 404 179
INFO: Vehicle list viewed by taufik.s with filters: {'reporting_date': '', 'name_of_supplier': '', 'material': '', 'name_of_transporter': '', 'status': ''}
INFO: "GET /vehicle_list/ HTTP/1.1" 200 26493
WARNING: "GET /static/main/webfonts/fa-solid-900.woff2 HTTP/1.1" 404 179
WARNING: "GET /static/main/webfonts/fa-solid-900.ttf HTTP/1.1" 404 179
INFO: User 'ocadmin' tried to access login page but is already authenticated.
INFO: "GET / HTTP/1.1" 302 0
INFO: User 'ocadmin' accessed index page.
INFO: "GET /indexpage/ HTTP/1.1" 200 24788
INFO: "GET /static/main/css/fontawesome.css HTTP/1.1" 304 0
INFO: "GET /static/main/css/navbar.css HTTP/1.1" 304 0
INFO: "GET /static/main/css/main.css HTTP/1.1" 304 0
INFO: "GET /static/main/images/OC.png HTTP/1.1" 304 0
INFO: "GET /static/main/images/HRModule.png HTTP/1.1" 304 0
INFO: "GET /static/main/images/WarehouseModule.png HTTP/1.1" 304 0
INFO: "GET /static/main/images/QualityControlModule.png HTTP/1.1" 304 0
INFO: "GET /static/main/images/ProductionModule.png HTTP/1.1" 304 0
INFO: "GET /static/main/js/fontawesome.js HTTP/1.1" 304 0
INFO: "GET /static/main/js/navbar.js HTTP/1.1" 304 0
INFO: "GET /static/main/images/EHSModule.png HTTP/1.1" 304 0
INFO: "GET /static/main/images/ETP%20Module.png HTTP/1.1" 304 0
WARNING: "GET /static/main/webfonts/fa-solid-900.woff2 HTTP/1.1" 404 179
WARNING: "GET /static/main/webfonts/fa-solid-900.ttf HTTP/1.1" 404 179
INFO: User 'ocadmin' tried to access login page but is already authenticated.
INFO: "GET / HTTP/1.1" 302 0
INFO: User 'ocadmin' accessed index page.
INFO: "GET /indexpage/ HTTP/1.1" 200 24788
INFO: "GET /static/main/css/fontawesome.css HTTP/1.1" 304 0
INFO: "GET /static/main/css/main.css HTTP/1.1" 304 0
INFO: "GET /static/main/css/navbar.css HTTP/1.1" 304 0
INFO: "GET /static/main/images/OC.png HTTP/1.1" 304 0
INFO: "GET /static/main/images/HRModule.png HTTP/1.1" 304 0
INFO: "GET /static/main/images/WarehouseModule.png HTTP/1.1" 304 0
INFO: "GET /static/main/images/QualityControlModule.png HTTP/1.1" 304 0
INFO: "GET /static/main/images/ProductionModule.png HTTP/1.1" 304 0
INFO: "GET /static/main/js/fontawesome.js HTTP/1.1" 304 0
INFO: "GET /static/main/js/navbar.js HTTP/1.1" 304 0
INFO: "GET /static/main/images/ETP%20Module.png HTTP/1.1" 304 0
INFO: "GET /static/main/images/EHSModule.png HTTP/1.1" 304 0
WARNING: "GET /static/main/webfonts/fa-solid-900.woff2 HTTP/1.1" 404 179
WARNING: "GET /static/main/webfonts/fa-solid-900.ttf HTTP/1.1" 404 179
INFO: "GET /attendance/summary/ HTTP/1.1" 200 26813
WARNING: "GET /static/main/webfonts/fa-solid-900.woff2 HTTP/1.1" 404 179
WARNING: "GET /static/main/webfonts/fa-solid-900.ttf HTTP/1.1" 404 179
INFO: "GET /attendance/summary/?start_date=2025-04-01&end_date=2025-04-28&company=&branch=&department=&shift_code= HTTP/1.1" 200 36094
WARNING: "GET /static/main/webfonts/fa-solid-900.woff2 HTTP/1.1" 404 179
WARNING: "GET /static/main/webfonts/fa-solid-900.ttf HTTP/1.1" 404 179
INFO: "GET /daily-check-in-summary/ HTTP/1.1" 200 9520
INFO: "GET /mis-report/ HTTP/1.1" 200 254267
INFO: "GET /attendance/summary/ HTTP/1.1" 200 26813
WARNING: "GET /static/main/webfonts/fa-solid-900.woff2 HTTP/1.1" 404 179
WARNING: "GET /static/main/webfonts/fa-solid-900.ttf HTTP/1.1" 404 179
INFO: "GET /attendance/summary/?start_date=2025-04-01&end_date=2025-04-28&company=&branch=&department=&shift_code= HTTP/1.1" 200 36094
WARNING: "GET /static/main/webfonts/fa-solid-900.woff2 HTTP/1.1" 404 179
WARNING: "GET /static/main/webfonts/fa-solid-900.ttf HTTP/1.1" 404 179
INFO: User 'ocadmin' logged out.
INFO: "GET /userlogout/ HTTP/1.1" 302 0
INFO: "GET / HTTP/1.1" 200 5659
INFO: "GET /static/main/images/OC_white_logo.png HTTP/1.1" 304 0
INFO: Vehicle list viewed by taufik.s with filters: {'reporting_date': '', 'name_of_supplier': '', 'material': '', 'name_of_transporter': '', 'status': 'Pending'}
INFO: "GET /vehicle_list/?reporting_date=&name_of_supplier=&material=&name_of_transporter=&status=Pending HTTP/1.1" 200 11768
INFO: "GET /static/main/css/fontawesome.css HTTP/1.1" 304 0
INFO: "GET /static/main/css/main.css HTTP/1.1" 304 0
INFO: "GET /static/main/js/fontawesome.js HTTP/1.1" 304 0
INFO: "GET /static/main/css/navbar.css HTTP/1.1" 304 0
INFO: "GET /static/main/js/navbar.js HTTP/1.1" 304 0
WARNING: "GET /static/main/webfonts/fa-solid-900.woff2 HTTP/1.1" 404 179
WARNING: "GET /static/main/webfonts/fa-solid-900.ttf HTTP/1.1" 404 179
INFO: Vehicle list viewed by taufik.s with filters: {'reporting_date': '', 'name_of_supplier': '', 'material': '', 'name_of_transporter': '', 'status': 'Unloaded'}
INFO: "GET /vehicle_list/?reporting_date=&name_of_supplier=&material=&name_of_transporter=&status=Unloaded HTTP/1.1" 200 26509
WARNING: "GET /static/main/webfonts/fa-solid-900.woff2 HTTP/1.1" 404 179
WARNING: "GET /static/main/webfonts/fa-solid-900.ttf HTTP/1.1" 404 179
INFO: Vehicle ID 10049 viewed by taufik.s
INFO: "GET /vehicle/view/10049/ HTTP/1.1" 200 8340
INFO: "GET /static/store/css/store.css HTTP/1.1" 304 0
WARNING: "GET /static/main/webfonts/fa-solid-900.woff2 HTTP/1.1" 404 179
WARNING: "GET /static/main/webfonts/fa-solid-900.ttf HTTP/1.1" 404 179
INFO: Vehicle list viewed by taufik.s with filters: {'reporting_date': '', 'name_of_supplier': '', 'material': '', 'name_of_transporter': '', 'status': ''}
INFO: "GET /vehicle_list/ HTTP/1.1" 200 26493
WARNING: "GET /static/main/webfonts/fa-solid-900.woff2 HTTP/1.1" 404 179
WARNING: "GET /static/main/webfonts/fa-solid-900.ttf HTTP/1.1" 404 179
INFO: "GET / HTTP/1.1" 200 5216
INFO: "GET /static/main/images/OC_white_logo.png HTTP/1.1" 304 0
INFO: "GET /add_vehicle/ HTTP/1.1" 200 14167
INFO: "GET /static/main/css/fontawesome.css HTTP/1.1" 304 0
INFO: "GET /static/main/css/main.css HTTP/1.1" 304 0
INFO: "GET /static/main/css/navbar.css HTTP/1.1" 304 0
INFO: "GET /static/store/css/store.css HTTP/1.1" 304 0
INFO: "GET /static/store/js/vehicle_page.js HTTP/1.1" 304 0
INFO: "GET /static/main/js/fontawesome.js HTTP/1.1" 304 0
INFO: "GET /static/main/js/navbar.js HTTP/1.1" 304 0
WARNING: "GET /static/main/webfonts/fa-solid-900.woff2 HTTP/1.1" 404 179
WARNING: "GET /static/main/webfonts/fa-solid-900.ttf HTTP/1.1" 404 179
INFO: Found 1390 suppliers for search ''
INFO: "GET /search_supplier/ HTTP/1.1" 200 113290
INFO: Found 18 suppliers for search 'BO'
INFO: "GET /search_supplier/?term=BO HTTP/1.1" 200 1790
INFO: Found 3 suppliers for search 'BOMBAY'
INFO: "GET /search_supplier/?term=BOMBAY HTTP/1.1" 200 282
INFO: Found 7937 items for search ''
INFO: "GET /search_item/ HTTP/1.1" 200 881500
INFO: Found 1 items for search 'STRETCH '
INFO: "GET /search_item/?term=STRETCH%20 HTTP/1.1" 200 88
INFO: Found 7 items for search 'STRE'
INFO: "GET /search_item/?term=STRE HTTP/1.1" 200 712
INFO: Vehicle added by user: taufik.s
INFO: "POST /add_vehicle/ HTTP/1.1" 302 0
INFO: "GET /add_vehicle/ HTTP/1.1" 200 14752
WARNING: "GET /static/main/webfonts/fa-solid-900.woff2 HTTP/1.1" 404 179
WARNING: "GET /static/main/webfonts/fa-solid-900.ttf HTTP/1.1" 404 179
INFO: Vehicle list viewed by taufik.s with filters: {'reporting_date': '', 'name_of_supplier': '', 'material': '', 'name_of_transporter': '', 'status': ''}
INFO: "GET /vehicle_list/ HTTP/1.1" 200 26471
WARNING: "GET /static/main/webfonts/fa-solid-900.woff2 HTTP/1.1" 404 179
WARNING: "GET /static/main/webfonts/fa-solid-900.ttf HTTP/1.1" 404 179
INFO: "GET / HTTP/1.1" 200 5216
INFO: "GET /static/main/images/OC_white_logo.png HTTP/1.1" 304 0
INFO: User 'ocadmin' logged in successfully.
INFO: "POST / HTTP/1.1" 302 0
INFO: User 'ocadmin' accessed index page.
INFO: "GET /indexpage/ HTTP/1.1" 200 25197
INFO: "GET /static/main/css/main.css HTTP/1.1" 304 0
INFO: "GET /static/main/css/fontawesome.css HTTP/1.1" 304 0
INFO: "GET /static/main/images/HRModule.png HTTP/1.1" 304 0
INFO: "GET /static/main/images/OC.png HTTP/1.1" 304 0
INFO: "GET /static/main/css/navbar.css HTTP/1.1" 304 0
INFO: "GET /static/main/images/WarehouseModule.png HTTP/1.1" 304 0
INFO: "GET /static/main/images/ProductionModule.png HTTP/1.1" 304 0
INFO: "GET /static/main/images/QualityControlModule.png HTTP/1.1" 304 0
INFO: "GET /static/main/js/fontawesome.js HTTP/1.1" 304 0
INFO: "GET /static/main/images/EHSModule.png HTTP/1.1" 304 0
INFO: "GET /static/main/js/navbar.js HTTP/1.1" 304 0
INFO: "GET /static/main/images/ETP%20Module.png HTTP/1.1" 304 0
WARNING: "GET /static/main/webfonts/fa-solid-900.woff2 HTTP/1.1" 404 179
WARNING: "GET /static/main/webfonts/fa-solid-900.ttf HTTP/1.1" 404 179
INFO: Vehicle list viewed by ocadmin with filters: {'reporting_date': '', 'name_of_supplier': '', 'material': '', 'name_of_transporter': '', 'status': ''}
INFO: "GET /vehicle_list/ HTTP/1.1" 200 41820
WARNING: "GET /static/main/webfonts/fa-solid-900.woff2 HTTP/1.1" 404 179
WARNING: "GET /static/main/webfonts/fa-solid-900.ttf HTTP/1.1" 404 179
INFO: "GET /add_vehicle/ HTTP/1.1" 200 24216
INFO: "GET /static/store/css/store.css HTTP/1.1" 304 0
INFO: "GET /static/store/js/vehicle_page.js HTTP/1.1" 304 0
WARNING: "GET /static/main/webfonts/fa-solid-900.woff2 HTTP/1.1" 404 179
WARNING: "GET /static/main/webfonts/fa-solid-900.ttf HTTP/1.1" 404 179
INFO: L:\oneSource_Live\oneSource\STORE\forms.py changed, reloading.
